Building99 Building98 Building89 Building96 Building45 Building53 Building67 Building71 Building62 Building55 Building76 Building77 Building79 Building26 Building23 Building32 Building38 Building29 Building38 Building32 Building23 Building28 Building6 Building8 Building4 Building19 Building98 Building99 
18
Building89 Building97 Building94 Building91 Building93 Building88 
Building96 Building96 Building92 Building83 Building85 Building82 
Building45 Building47 Building69 Building49 
Building53 Building53 
Building67 Building67 Building61 Building52 Building43 Building50 Building51 Building63 
Building71 Building44 Building71 
Building62 Building62 
Building55 Building55 Building66 Building74 Building68 Building57 
Building76 Building76 
Building77 Building81 
Building26 Building26 
Building23 Building23 Building25 
Building29 Building41 Building42 Building39 Building33 
Building28 Building28 
Building6 Building6 
Building8 Building0 Building8 Building7 Building5 
Building4 Building9 
Building19 Building20 Building21 Building12 Building18 Building16 
