Shoreburn Mallowway Butterhill Lochmage Corbank Bluedell Greenshore Southpine Goldwyvern Verthedge Oldmoor Windbridge Westvale Flowermill Redwell Newley Esterash Butterway Seamoor Ostwynne Starryhill Springfox Violetley Brightmere Fieldedge Blackbush Clearnesse Erilyn Snowsage Greyice Mallowness Irondeer Deephedge Wildemarsh Fogland Butterbush Coldville Courtedge Newmill Rosemill Icenesse Morwall Orbarrow Rosegate Fairsage Strongfall Highmont Southwheat Bluelake Redlake Violetfay Applecastle Wolflea Eriwall Summermage Newby Freyview Wellmage Esterfall Silverlea Bushgate Westerlight Bluewyn Morwald Lightmere Goldcrest Stonefair Brightrock Buttermead Freymere Northwynne Foxhaven Valhaven Ironshore Silverwitch Mallowbridge Ironriver Bluedale Orfort Oakmere Greensummer Flowerfield Courtwall Wooddell Marbleiron Janholt Wellbank Foxvale Northriver Dellwyn Mistshore Stoneglass Snowshore Silverbarrow Courtcastle Eastcastle Woodice Westmill Shoreburn 
98
Shoreburn Shoreburn 
Mallowway Mallowway 
Butterhill Butterhill 
Lochmage Lochmage 
Corbank Corbank 
Bluedell Bluedell 
Greenshore Greenshore 
Southpine Southpine 
Goldwyvern Goldwyvern 
Verthedge Verthedge 
Oldmoor Oldmoor 
Windbridge Windbridge 
Westvale Westvale 
Flowermill Flowermill 
Redwell Redwell 
Newley Newley 
Esterash Esterash 
Butterway Butterway 
Seamoor Seamoor 
Ostwynne Ostwynne 
Starryhill Starryhill 
Springfox Springfox 
Violetley Violetley 
Brightmere Brightmere 
Fieldedge Fieldedge 
Blackbush Blackbush 
Clearnesse Clearnesse 
Erilyn Erilyn 
Snowsage Snowsage 
Greyice Greyice 
Mallowness Mallowness 
Irondeer Irondeer 
Deephedge Deephedge 
Wildemarsh Wildemarsh 
Fogland Fogland 
Butterbush Butterbush 
Coldville Coldville 
Courtedge Courtedge 
Newmill Newmill 
Rosemill Rosemill 
Icenesse Icenesse 
Morwall Morwall 
Orbarrow Orbarrow 
Rosegate Rosegate 
Fairsage Fairsage 
Strongfall Strongfall 
Highmont Highmont 
Southwheat Southwheat 
Bluelake Bluelake 
Redlake Redlake 
Violetfay Violetfay 
Applecastle Applecastle 
Wolflea Wolflea 
Eriwall Eriwall 
Summermage Summermage 
Newby Newby 
Freyview Freyview 
Wellmage Wellmage 
Esterfall Esterfall 
Silverlea Silverlea 
Bushgate Bushgate 
Westerlight Westerlight 
Bluewyn Bluewyn 
Morwald Clearland Morwald 
Lightmere Lightmere 
Goldcrest Goldcrest 
Stonefair Stonefair 
Brightrock Brightrock 
Buttermead Buttermead 
Freymere Fairice Freymere 
Northwynne Northwynne 
Foxhaven Foxhaven 
Valhaven Valhaven 
Ironshore Ironshore 
Silverwitch Silverwitch 
Mallowbridge Mallowbridge 
Ironriver Ironriver 
Bluedale Bluedale 
Orfort Orfort 
Oakmere Oakmere 
Greensummer Greensummer 
Flowerfield Flowerfield 
Courtwall Courtwall 
Wooddell Wooddell 
Marbleiron Marbleiron 
Janholt Janholt 
Wellbank Wellbank 
Foxvale Foxvale 
Northriver Northriver 
Dellwyn Dellwyn 
Mistshore Mistshore 
Stoneglass Stoneglass 
Snowshore Snowshore 
Silverbarrow Silverbarrow 
Courtcastle Courtcastle 
Eastcastle Eastcastle 
Woodice Woodice 
Westmill Westmill 
