Brightmere Westmill Butterbush Bluedell Irondeer Oakmere Southwheat Wellmage Corbank Foxvale Freyview Newley Courtwall Rosemill Buttermead Foxhaven Valhaven Lightmere Esterfall Stoneglass Eriwall Fairsage Dellwyn Clearnesse Bushgate Wolflea Violetley Shoreburn Ironshore Clearland Erilyn Newby Snowshore Woodice Morwald Oldmoor Goldwyvern Greenshore Eastcastle Morwall Esterash Stonefair Wildemarsh Marbleiron Lochmage Westvale Westerlight Greyice Ironriver Courtcastle Brightmere 
50
Brightmere Brightmere 
Westmill Westmill 
Butterbush Butterbush 
Bluedell Bluedell 
Irondeer Irondeer 
Oakmere Oakmere 
Southwheat Southwheat 
Wellmage Wellmage 
Corbank Corbank 
Foxvale Foxvale 
Freyview Freyview 
Newley Newley 
Courtwall Courtwall 
Rosemill Rosemill 
Buttermead Buttermead 
Foxhaven Foxhaven 
Valhaven Valhaven 
Lightmere Lightmere 
Esterfall Esterfall 
Stoneglass Stoneglass 
Eriwall Eriwall 
Fairsage Fairsage 
Dellwyn Dellwyn 
Clearnesse Clearnesse 
Bushgate Bushgate 
Wolflea Wolflea 
Violetley Violetley 
Shoreburn Shoreburn 
Ironshore Ironshore 
Clearland Clearland 
Erilyn Erilyn 
Newby Newby 
Snowshore Snowshore 
Woodice Woodice 
Morwald Morwald 
Oldmoor Oldmoor 
Goldwyvern Goldwyvern 
Greenshore Greenshore 
Eastcastle Eastcastle 
Morwall Morwall 
Esterash Esterash 
Stonefair Stonefair 
Wildemarsh Wildemarsh 
Marbleiron Marbleiron 
Lochmage Lochmage 
Westvale Westvale 
Westerlight Westerlight 
Greyice Greyice 
Ironriver Ironriver 
Courtcastle Courtcastle 
