Clearnesse Ironshore Ironriver Goldwyvern Esterfall Oakmere Dellwyn Butterbush Morwall Westvale Oldmoor Eriwall Violetley Courtcastle Valhaven Woodice Foxvale Newby Buttermead Courtwall Foxhaven Marbleiron Morwald Freyview Clearnesse 
24
Clearnesse Clearnesse 
Ironshore Ironshore 
Ironriver Ironriver 
Goldwyvern Goldwyvern 
Esterfall Esterfall 
Oakmere Oakmere 
Dellwyn Dellwyn 
Butterbush Butterbush 
Morwall Morwall 
Westvale Westvale 
Oldmoor Oldmoor 
Eriwall Eriwall 
Violetley Violetley 
Courtcastle Courtcastle 
Valhaven Valhaven 
Woodice Woodice Corbank 
Foxvale Foxvale 
Newby Newby 
Buttermead Buttermead 
Courtwall Courtwall 
Foxhaven Foxhaven 
Marbleiron Marbleiron 
Morwald Morwald 
Freyview Freyview 
