129 99 145 172 141 196 154 110 10 118 96 11 16 25 46 2 72 79 72 43 19 43 72 21 101 170 200 197 51 34 71 90 152 91 152 77 69 122 142 8 181 106 133 85 184 109 62 156 171 49 171 156 88 31 99 129 
36
145 145 
172 172 
196 37 196 
154 154 193 
110 4 157 
10 10 22 28 100 
118 13 76 118 124 166 
96 7 70 
11 160 
16 16 
25 25 
46 46 
2 55 
79 79 112 163 
43 43 
19 19 139 
21 67 151 190 
101 52 97 148 
170 58 73 121 136 175 
197 82 115 
51 94 
34 34 
71 64 
90 40 
91 91 
69 61 130 
142 142 
181 169 181 187 
106 106 178 
133 133 
85 85 
184 103 184 
109 109 
49 49 
88 1 88 127 
31 31 
