FacultyClub Etcheverry HearstGym BioscienceLibrary Manville Pimentel Manville Hilgard Cheit Wheeler Durham MartinezCommons SproulPlaza SutardjaDai UniversityHouse FPF EarthquakeLibrary CareerCenter Unit3 Spieker Warren Mulford Morrison BrainImagingCenter StudentUnion LawrenceofScience PacificFilmArchive OBrien Library FacultyClub 
25
FacultyClub FacultyClub 
Etcheverry Etcheverry 
HearstGym HearstGym 
BioscienceLibrary BioscienceLibrary 
Manville Manville 
Pimentel Pimentel 
Hilgard Hilgard 
Cheit Cheit 
Wheeler Wheeler 
Durham Durham 
SproulPlaza SproulPlaza 
SutardjaDai SutardjaDai 
UniversityHouse UniversityHouse 
FPF FPF 
EarthquakeLibrary EarthquakeLibrary 
CareerCenter CareerCenter 
Spieker Spieker 
Mulford Mulford 
Morrison Morrison 
BrainImagingCenter BrainImagingCenter 
StudentUnion StudentUnion 
LawrenceofScience LawrenceofScience 
PacificFilmArchive PacificFilmArchive 
OBrien OBrien 
Library Library 
