FacultyClub Durham HealthServices SproulPlaza EarthLibrary OBrien Spieker ArtHistoryLibrary Durant Etcheverry MLK CITRIS SpringerGateway Hilgard BioscienceLibrary MediaCenter BancroftDance NewspapersLibrary Mulford McCone InternationalHouse McCone EnergyBuilding BrainImagingCenter Bechtel LawrenceofScience HearstGym Unit3 Jacobs Pimentel Manville PacificFilmArchive Warren SutardjaDai StudentUnion Koshland MelvinLaboratory FPF Birge StowPlaza AnthropologyLibrary Sproul CareerCenter Morrison Stephens AndersenAuditorium OptometryLibrary Library MartinezCommons Investigative IRLE Cheit Wheeler EarthquakeLibrary FacultyClub 
48
FacultyClub FacultyClub 
Durham Durham 
SproulPlaza SproulPlaza UniversityHouse 
EarthLibrary EarthLibrary 
OBrien OBrien 
Spieker Spieker 
ArtHistoryLibrary ArtHistoryLibrary 
Etcheverry Etcheverry 
CITRIS CITRIS 
SpringerGateway SpringerGateway DonnerLaboratory 
Hilgard Hilgard 
BioscienceLibrary BioscienceLibrary 
MediaCenter MediaCenter 
BancroftDance BancroftDance 
NewspapersLibrary NewspapersLibrary 
Mulford Mulford 
InternationalHouse InternationalHouse 
EnergyBuilding EnergyBuilding 
BrainImagingCenter BrainImagingCenter 
LawrenceofScience LawrenceofScience 
HearstGym HearstGym 
Unit3 Unit3 
Jacobs Jacobs 
Pimentel Pimentel 
Manville Manville 
PacificFilmArchive PacificFilmArchive 
Warren Warren 
SutardjaDai SutardjaDai 
StudentUnion StudentUnion 
Koshland Koshland 
MelvinLaboratory MelvinLaboratory 
FPF FPF 
Birge Birge 
StowPlaza StowPlaza 
AnthropologyLibrary AnthropologyLibrary 
Sproul Sproul 
CareerCenter CareerCenter 
Morrison Morrison 
Stephens Stephens 
AndersenAuditorium AndersenAuditorium 
OptometryLibrary OptometryLibrary 
Library Library 
MartinezCommons MartinezCommons 
Investigative Investigative 
IRLE IRLE 
Cheit Cheit 
Wheeler Wheeler 
EarthquakeLibrary EarthquakeLibrary 
