FacultyClub MLK SutardjaDai BancroftLibrary Library FPF HealthServices EastAsianLibrary Evans PhysicsLibrary Pimentel NorthGate EarthLibrary Investigative MelvinLaboratory EthnicLibrary Senior StowPlaza HearstGreekTheatre MediaCenter Hilgard InternationalHouse Davis FoxCottage SimpsonCenter Latimer SummerSession MaxwellField VisualCenter AndersenAuditorium PacificFilmArchive MartinezCommons UniversityHouse Warren FoundersRock BioscienceLibrary HearstFountain VLSB StudentUnion LawrenceofScience SproulPlaza Etcheverry Underhill TAAP Manville SocialLibrary BrainImagingCenter Bechtel Bowles AquaticCenter MSRI Boalt McCone HearstFieldAnnex NewspapersLibrary OptometryLibrary Jacobs Durant Wellman SharedServices Soda CareerCenter Wheeler EnergyBuilding OBrien Stephens Birge LeConte SpringerGateway IRLE BerkeleyWayWest Unit3 HaasClubhouse Durham ArtHistoryLibrary AlumniHouse LawSchool Koshland MathLibrary CITRIS Spieker Giauque BancroftDance Mulford Sproul Morrison EarthquakeLibrary FacultyClub 
84
FacultyClub FacultyClub 
MLK MLK 
SutardjaDai SutardjaDai 
BancroftLibrary BancroftLibrary 
Library Library 
FPF FPF 
HealthServices HealthServices 
EastAsianLibrary EastAsianLibrary 
Evans Evans 
PhysicsLibrary PhysicsLibrary 
Pimentel Pimentel HearstGym 
NorthGate NorthGate 
EarthLibrary EarthLibrary 
Investigative Investigative 
MelvinLaboratory MelvinLaboratory 
EthnicLibrary EthnicLibrary 
Senior Senior 
StowPlaza StowPlaza 
HearstGreekTheatre HearstGreekTheatre 
MediaCenter MediaCenter UpperHearstParking 
Hilgard Hilgard DonnerLaboratory 
InternationalHouse InternationalHouse 
Davis Davis 
FoxCottage FoxCottage 
SimpsonCenter SimpsonCenter 
Latimer Latimer 
MaxwellField MaxwellField 
VisualCenter VisualCenter 
AndersenAuditorium AndersenAuditorium 
PacificFilmArchive PacificFilmArchive Cheit 
MartinezCommons MartinezCommons 
UniversityHouse UniversityHouse CesarChavez 
Warren Warren 
FoundersRock SEAsianLibrary EngineeringLibrary FoundersRock 
BioscienceLibrary BioscienceLibrary 
HearstFountain HearstFountain Stanley 
VLSB VLSB 
StudentUnion StudentUnion AnthropologyLibrary 
LawrenceofScience LawrenceofScience 
SproulPlaza SproulPlaza 
Etcheverry Etcheverry 
Underhill Underhill 
TAAP TAAP 
Manville Manville 
SocialLibrary SocialLibrary 
BrainImagingCenter BrainImagingCenter WooHonFai 
Bechtel Bechtel 
Bowles Bowles 
AquaticCenter AquaticCenter 
MSRI MSRI 
Boalt Boalt 
McCone McCone 
HearstFieldAnnex HearstFieldAnnex 
NewspapersLibrary NewspapersLibrary 
OptometryLibrary OptometryLibrary 
Jacobs Jacobs 
Durant Durant 
Wellman Wellman 
Soda Soda 
CareerCenter CareerCenter 
Wheeler Wheeler 
EnergyBuilding EnergyBuilding IdaHouse 
OBrien OBrien 
Stephens Stephens 
Birge Birge 
LeConte LeConte 
SpringerGateway SpringerGateway 
IRLE IRLE Campbell 
BerkeleyWayWest BerkeleyWayWest LatinAmerican 
Unit3 Unit3 
Durham Durham 
ArtHistoryLibrary ArtHistoryLibrary 
AlumniHouse AlumniHouse 
LawSchool LawSchool 
Koshland Koshland 
MathLibrary MathLibrary 
CITRIS CITRIS BerkeleyLawLibrary 
Spieker Spieker 
Giauque Giauque 
BancroftDance BancroftDance 
Mulford Mulford Hildebrand 
Sproul Sproul BanwayBuilding 
Morrison Morrison 
EarthquakeLibrary EarthquakeLibrary 
