0 169 102 65 97 199 13 197 123 154 145 51 15 55 17 120 52 172 153 35 74 6 90 25 141 178 49 93 175 58 114 149 67 71 73 71 18 139 103 46 106 96 91 92 85 38 56 135 44 80 117 134 26 133 47 3 94 173 32 181 42 105 161 188 76 191 82 75 86 158 99 87 48 77 48 174 136 83 19 88 148 60 168 155 124 69 167 162 64 195 132 143 119 177 15 131 8 33 171 180 113 0 
95
169 169 
102 102 
65 65 
97 97 
199 199 
13 13 
197 197 
123 123 
154 154 
145 145 
51 51 
15 15 
55 55 
17 17 
120 120 
52 52 
172 172 
153 153 
35 35 
74 74 
90 90 
25 25 
141 141 
178 178 
49 49 
93 93 
175 175 
58 58 
114 114 140 
149 149 
67 67 
71 71 
73 73 
18 18 
139 139 
103 103 
46 46 
106 106 
96 96 
91 91 
92 92 
85 85 
38 38 
56 56 
135 135 
44 44 
80 80 
117 117 
134 134 
26 26 
133 133 
47 47 
3 3 
94 94 
173 173 
32 32 
181 181 
42 42 
105 105 
161 161 
188 188 
76 76 
191 191 
82 82 
75 75 
158 158 
99 99 
87 87 
48 48 
77 77 
174 174 
136 136 
83 83 
19 19 
88 88 
148 148 
60 60 112 
168 168 
155 155 
124 124 
69 69 
167 167 
162 162 
64 64 
195 195 
132 132 
143 143 
119 119 
177 177 
131 131 
8 8 
33 33 170 
171 171 
180 180 
113 113 
