1 19 56 7 44 24 69 15 68 23 98 8 55 22 47 97 4 33 32 33 20 51 36 10 92 11 48 18 35 41 27 28 66 30 21 29 69 15 49 42 46 26 37 45 100 43 14 43 9 88 36 5 64 93 12 13 96 16 99 25 99 3 35 17 2 1 
44
19 19 38 
7 7 
44 44 
24 24 
15 15 31 
23 23 
8 8 
55 40 
22 22 
47 47 
4 4 50 
33 33 34 
32 32 
20 20 
51 51 
36 36 
10 10 
11 11 
48 48 
18 18 39 
35 35 
41 41 
27 27 
28 28 
30 30 
21 21 
29 29 
49 49 
42 42 
46 46 
26 26 
37 37 
45 45 
43 43 
14 14 
9 9 
5 5 6 
12 12 
13 13 
16 16 
25 25 
3 3 
17 17 
2 2 
