1 15 2 61 48 89 2 32 2 164 94 120 51 12 141 17 50 118 2 15 42 95 53 55 123 41 67 167 67 112 80 88 44 40 44 59 33 140 168 18 92 18 114 37 24 97 13 66 22 66 68 69 161 159 4 25 77 49 77 139 137 65 35 57 78 3 78 165 9 71 65 1 
53
1 7 
15 15 
2 2 
61 38 61 93 
48 48 
89 89 
32 32 87 
164 86 
94 11 52 82 94 
51 51 
12 12 
17 17 
50 50 
42 42 64 
95 95 
53 6 21 53 
55 27 55 
41 16 41 56 72 
67 67 
167 83 101 
80 20 36 70 80 
88 10 34 88 99 
44 44 
40 40 45 
59 59 
33 29 33 85 
140 98 
168 74 
18 18 96 100 
92 28 62 84 92 
114 26 
37 37 
24 24 
97 97 
13 5 8 13 23 46 
66 43 66 90 
22 22 63 
68 68 76 79 
69 30 69 
161 19 58 60 
159 14 31 47 
4 4 81 
25 25 
77 77 
49 49 
65 54 65 75 
35 35 
57 57 
78 78 
3 3 
165 73 91 
9 9 
71 39 71 
