159 77 140 149 23 181 100 33 5 102 158 92 189 107 130 64 156 56 93 153 5 177 111 177 64 156 81 138 69 171 133 173 27 166 121 63 57 79 32 189 117 7 117 48 141 142 129 15 71 157 147 101 137 127 109 180 109 159 
46
159 22 
77 77 190 
140 140 
149 76 4 
23 21 
181 181 
100 100 199 139 
33 38 
102 82 102 123 
158 185 158 74 99 
92 35 116 114 
189 178 59 
107 134 107 120 60 
130 192 
64 64 
156 52 31 156 
56 97 191 96 14 
93 93 65 2 51 26 165 154 
153 193 24 
177 174 
111 128 111 34 
81 43 28 11 6 
138 138 
69 155 
171 10 
133 17 133 
173 126 172 
27 169 145 
121 121 
63 63 106 13 
79 79 3 88 
32 32 98 
7 72 7 
48 47 48 
141 36 
142 46 37 200 
129 86 41 87 148 
15 15 167 
71 71 
157 157 
147 40 
101 101 132 45 
137 137 85 53 
127 146 61 
109 109 
180 122 180 
