33 86 64 86 33 51 37 79 36 53 71 48 71 53 36 18 65 52 38 69 88 50 19 50 35 7 82 40 82 7 35 5 43 26 43 98 91 46 75 46 91 98 13 98 11 100 95 85 17 27 23 27 66 63 12 63 14 9 10 90 68 90 10 9 14 97 8 97 14 89 32 6 81 61 81 6 32 80 20 15 20 73 42 93 22 2 22 31 16 94 47 94 25 94 16 29 16 31 60 67 57 67 54 30 54 67 69 34 69 11 86 33 
50
86 86 
64 64 
51 51 
79 79 
48 48 
65 65 
52 52 
69 69 
88 88 
50 50 
19 19 
35 35 
7 7 
82 82 
40 40 
5 5 
26 26 
75 75 
13 13 
11 11 
100 100 
95 95 
17 17 
23 23 
63 63 
12 12 
9 9 
10 10 
68 68 
97 97 
8 8 
89 89 
61 61 
80 80 
20 20 
15 15 
42 42 
22 22 
2 2 
31 31 
94 94 
47 47 
25 25 
29 29 
60 60 
67 67 
57 57 
54 54 
30 30 
34 34 
