Home46 Home49 Home9 Home6 Home9 Home49 Home83 Home63 Home83 Home49 Home46 Home48 Home82 Home17 Home13 Home30 Home55 Home51 Home78 Home11 Home78 Home71 Home41 Home39 Home35 Home23 Home20 Home15 Home8 Home38 Home31 Home32 Home88 Home85 Home88 Home33 Home88 Home49 Home46 
21
Home49 Home49 
Home9 Home9 Home28 
Home6 Home45 
Home83 Home83 
Home63 Home69 Home66 Home63 
Home48 Home48 
Home82 Home82 
Home17 Home80 
Home13 Home13 
Home30 Home30 Home5 Home40 
Home55 Home55 Home60 
Home11 Home11 
Home71 Home71 
Home41 Home41 
Home39 Home42 Home39 
Home35 Home68 Home27 
Home23 Home62 
Home15 Home57 
Home31 Home31 
Home85 Home85 Home12 
Home33 Home33 
