Home141 Home15 Home141 Home109 Home18 Home109 Home20 Home149 Home88 Home11 Home10 Home1 Home28 Home150 Home36 Home150 Home28 Home73 Home114 Home6 Home72 Home157 Home162 Home101 Home87 Home101 Home94 Home166 Home0 Home166 Home162 Home157 Home93 Home14 Home158 Home29 Home96 Home30 Home51 Home147 Home37 Home29 Home154 Home32 Home89 Home119 Home55 Home119 Home134 Home2 Home143 Home82 Home143 Home34 Home174 Home53 Home174 Home86 Home5 Home76 Home105 Home52 Home66 Home91 Home115 Home120 Home25 Home16 Home60 Home65 Home67 Home100 Home138 Home43 Home92 Home84 Home13 Home65 Home40 Home65 Home141 
48
Home15 Home15 
Home18 Home75 
Home20 Home20 Home126 Home31 
Home149 Home149 
Home88 Home88 
Home11 Home11 Home47 
Home1 Home1 
Home28 Home35 Home64 
Home36 Home7 Home36 Home103 
Home73 Home106 Home161 
Home114 Home114 
Home6 Home156 Home128 
Home157 Home157 
Home101 Home4 Home165 Home170 
Home87 Home135 Home87 
Home166 Home45 
Home14 Home50 
Home29 Home48 
Home96 Home44 Home96 
Home51 Home51 
Home147 Home147 
Home37 Home37 
Home154 Home154 
Home32 Home32 Home125 
Home89 Home3 Home89 
Home55 Home55 
Home134 Home62 Home152 Home134 Home27 Home127 
Home2 Home97 Home132 
Home143 Home122 Home143 
Home82 Home82 Home171 Home26 Home177 
Home34 Home34 Home173 Home176 Home111 
Home53 Home164 Home53 
Home86 Home86 
Home5 Home144 Home167 Home124 Home63 Home5 
Home76 Home76 
Home105 Home105 
Home66 Home66 
Home91 Home91 
Home120 Home69 Home120 
Home25 Home25 Home81 Home74 
Home16 Home131 Home112 Home16 
Home60 Home60 Home136 
Home67 Home67 
Home100 Home100 
Home43 Home43 
Home92 Home92 
Home13 Home13 
Home40 Home110 Home83 Home172 
