IIII1I1 I1I1111 IIllIl1 IIlIlI1 I1I111I lll1lII I11IIlI lll1lII lII1I11 lll1lII 1IlII1I lIIIllI IIII1ll 11IIl1I lIlllll IIIlI1l lI1l1II IIlIIII 11lI11I l1IlIl1 lII1lll lI11l1l 1lI11l1 1IIlIIl II111I1 1lIIl11 11I1lll 11I1Ill IIIllll IIII1I1 
22
IIII1I1 II1I1Il 
I1I1111 I1I1111 
IIllIl1 IIllIl1 
IIlIlI1 IIlIlI1 
I1I111I I1I111I 
I11IIlI I11IIlI 
lII1I11 lII1I11 
1IlII1I 1IlII1I 
lIIIllI lIIIllI IlllI11 
IIII1ll l1IlIII IIII1ll III1lII 
11IIl1I 11IIl1I 
lIlllll lIlllll 
lI1l1II lI1l1II 
IIlIIII IIlIIII 
11lI11I 11lI11I 
l1IlIl1 l1IlIl1 
lI11l1l lI11l1l 
1lI11l1 1lI11l1 
1IIlIIl 1IIlIIl 
II111I1 II111I1 
11I1lll 11I1lll 
11I1Ill 11I1Ill 
