lllIl1I 11IIII1 11Il1l1 l1IllI1 lll1111 11lII11 l1lll11 I1llII1 I1llll1 lI1l111 l1IIl1l lllllII 11Il1l1 lII111l 11lI11I IlI1II1 lI11III I111I1I l1l1l1l I11I11l 1III1ll I11111l 11I1llI III111I IIlI1lI II11l1l lIl111I lIllIll 111lI1I 1I1I1l1 l1I111I 1lIl11I lllIl1I 
26
11IIII1 11IIII1 
11Il1l1 1I1lllI 
l1IllI1 ll111ll l1IllI1 I1ll1II 1llI111 I11I111 IlI1Il1 1IlIl1I 
11lII11 1l1lIlI 
l1lll11 l1Ill11 l1lll11 
I1llII1 lll1I1l I1llII1 
I1llll1 Ill11II I1llll1 
lI1l111 11111lI l1lllll lI1l111 1I1l1Il 1I11Ill 
l1IIl1l l1IIl1l 
lII111l lII111l 
11lI11I 1l11lII 11lI11I 
IlI1II1 Ill1I11 IlI1II1 
lI11III lI11III Il1Il1I IIlIllI 
I111I1I I111I1I 
l1l1l1l llIIII1 
I11I11l I11I11l 
I11111l I11111l 
III111I III111I 
IIlI1lI lIIl11l II1Il1I III1llI 
II11l1l II11l1l lIIlII1 IIl1l1I 
lIl111I lIl111I 
lIllIll lIllIll 
111lI1I l1l11l1 111lI1I llI1lII 
1I1I1l1 1I1I1l1 
l1I111I l1I111I 1I1I1lI 
1lIl11I 1lIl11I 
