K AL CK BU CC EW BX AZ H BL CP CA I BI I AY W CH D BV AT BT AH BB Y P B F Q AQ EE AF J BZ CJ CD C CF AO AW K 
38
K K U CG 
AL AL AX 
CK AN CK CV 
BU O AP BU 
CC BF BS CC 
EW AJ BD 
BX AD BX 
AZ AA AZ BJ BM BQ BY 
H H T 
BL BL BR 
CP BW CP 
CA Z BC CA CE 
I I CU 
BI AC AV BE BI 
AY E AY CQ CT 
W N W 
CH CH 
D D AK 
BV A AG BV 
AT R X AT 
BT G M BT CI 
AH AH 
BB BB 
Y L Y BG BH CL 
P P AE AI 
B B AB 
F F S AS AU BP 
Q Q AR BN BO 
AQ AQ BA 
AF AF AM CR 
J J CO CS 
BZ V BZ 
CJ CJ CM 
CD BK CD 
C C 
CF CF CN 
AO AO 
AW AW CB 
