Satish 4C88SXD PUW25N ZMZIWZ LQQ5IH MXJIYJYNH4 9QJRN G90OCSZY 3J6SSA GH8C PIW6IC50D H1LQ91V 4P0LGP0 8UPUEGO 01G9IQ2 KCOFJD ARTWTP9 L2MG8NMU M71OYIS EEZS HQG39M B3R68HYWZ ZRI9UW LM7KL5G3V M35E E37ZKA8WK QW15YTSV H41HZ6 E2DHWGC HM48FZD0 26PG GILAN21GR3 YSRPP 9J84 GN4G0L2 HBQM42U VGYKKKOFLZ Q7Z37G5 FM2HEMVR1 ET82NVH9 2BLLD3SK 6PVQIBNB9 GNVXN 8TH7QVQY 3WJYJDDU CB93 7GAD3F L7QS0UEPJ ZMQ5BH M649OA 9V10EOH 9K8PLAET A8WYICH3 4RGA DYYG23O YDG8AEOM YQB2CII950 VOAV FU90E ETNCY9XH2 CV6NHW7M 7T8I47 CXQDH6YMZ8 5XYO SQLSVN DDB26ZHC 4VE7V 7T8I47 2B1K6EW9CL LBR67PCKBJ 3IXHQXHYBV P6RI91D87 79KTC8AS9 FWM5C G7PWWJ 0TRB9358 W71YV1R66L 8MDFNIK8AY MLKOJ JX6GCY YU3U1T JA1QYGQ0N9 B690 DNIV2BOR2P PMXEOGGIQ DST5W4G0 KBI1CALMNJ RP28W1 IHN21LA4 Satish 
81
4C88SXD 4C88SXD 
PUW25N PUW25N 
ZMZIWZ 4UE11 ZMZIWZ CKNDWG 
LQQ5IH LQQ5IH 
MXJIYJYNH4 MXJIYJYNH4 
9QJRN 9QJRN 
G90OCSZY G90OCSZY ZH2INF FM2G14H8I FPZT 
3J6SSA 3J6SSA 5HULMUDLAQ 
GH8C G4QE3I GH8C 
PIW6IC50D PIW6IC50D 
H1LQ91V A118 H1LQ91V 
4P0LGP0 EFIKTK4Y0Y 4P0LGP0 
8UPUEGO 8UPUEGO 
01G9IQ2 01G9IQ2 
KCOFJD KCOFJD 
ARTWTP9 ARTWTP9 
M71OYIS M71OYIS 
EEZS EEZS 
HQG39M HQG39M 
B3R68HYWZ B3R68HYWZ 
LM7KL5G3V LM7KL5G3V 
M35E M35E 
E37ZKA8WK 91ZONFE O44VZ E37ZKA8WK 
QW15YTSV QW15YTSV 
H41HZ6 H41HZ6 
E2DHWGC E2DHWGC 
HM48FZD0 HM48FZD0 
26PG 26PG 
GILAN21GR3 GILAN21GR3 
YSRPP YSRPP 
GN4G0L2 GN4G0L2 
HBQM42U HBQM42U 
VGYKKKOFLZ VGYKKKOFLZ 
Q7Z37G5 Q7Z37G5 
FM2HEMVR1 FM2HEMVR1 ZZACWP 
ET82NVH9 ET82NVH9 7622OJ 
2BLLD3SK 2BLLD3SK E5HD 
6PVQIBNB9 6PVQIBNB9 
GNVXN GNVXN 
8TH7QVQY 8TH7QVQY 
3WJYJDDU 3WJYJDDU 
CB93 CB93 
7GAD3F Q7ZEY 7GAD3F 
L7QS0UEPJ L7QS0UEPJ 
ZMQ5BH ZMQ5BH 
M649OA M649OA 
9V10EOH 9V10EOH E9DZLL 
9K8PLAET 9K8PLAET 
A8WYICH3 A8WYICH3 
DYYG23O DYYG23O 
YDG8AEOM ETB2 
YQB2CII950 YQB2CII950 
VOAV VOAV 
FU90E C8WREP 02X2C 
ETNCY9XH2 ETNCY9XH2 
CV6NHW7M CV6NHW7M 
7T8I47 7T8I47 
CXQDH6YMZ8 J2ETZ1C CXQDH6YMZ8 
5XYO 5XYO 
SQLSVN SQLSVN 
DDB26ZHC DDB26ZHC 
4VE7V 4VE7V 
2B1K6EW9CL 2B1K6EW9CL 
LBR67PCKBJ LBR67PCKBJ 
3IXHQXHYBV 3IXHQXHYBV 
P6RI91D87 P6RI91D87 
79KTC8AS9 79KTC8AS9 
FWM5C FWM5C 
0TRB9358 0TRB9358 
W71YV1R66L W71YV1R66L 
8MDFNIK8AY 8MDFNIK8AY 
MLKOJ 1UCE MLKOJ 
JX6GCY JX6GCY 
YU3U1T YU3U1T 
B690 B690 
DNIV2BOR2P DNIV2BOR2P 
PMXEOGGIQ PMXEOGGIQ 
DST5W4G0 DST5W4G0 
KBI1CALMNJ KBI1CALMNJ 
RP28W1 RP28W1 
IHN21LA4 IHN21LA4 
