Satish ENMF R6VBAVZ0B PTWCQ PZMGYZL ZY9VPYMXA OXXUCOFC3 4INC2D8SDN ER2YSPML1C Z6H98 NSBI OXWYDF PTL1QU VFRT26 399VM5PU6 BVNZ FS1RWBVR7 9XFF YXBMACC ZRYV5F WZ1MC3189 ICTGXV 1BZLEM KRM4B 92R432 PYD9SISJI Satish 
22
R6VBAVZ0B R6VBAVZ0B 
PTWCQ PTWCQ 
PZMGYZL PZMGYZL 
ZY9VPYMXA ZY9VPYMXA 
4INC2D8SDN 4INC2D8SDN 
ER2YSPML1C ER2YSPML1C 
Z6H98 Z6H98 
NSBI NSBI 
OXWYDF BBFYA9B OXWYDF 
PTL1QU PTL1QU 
VFRT26 VFRT26 
399VM5PU6 UVP4WIKK 399VM5PU6 
FS1RWBVR7 FS1RWBVR7 
9XFF 9XFF 
YXBMACC YXBMACC 
ZRYV5F ZRYV5F 
WZ1MC3189 WZ1MC3189 KSHB2KG 
ICTGXV ICTGXV 
1BZLEM 1BZLEM 
KRM4B KRM4B 
92R432 92R432 
PYD9SISJI PYD9SISJI 
