Satish CXLQGGJ746 PQ09CSX QJ0LM8 5HGKBK JOBN3N PL0UHK F1G8HC 6WSDW SKLZM AO31B76 QHH48VD7JJ 07XQDCJI 2FB0FS3KWX OJ27JN021 7CRTCJA O2N6HBZK8 QL51A0KUT EG23K SUC1CH RX6VI S657MFMG K936 IQXEPH9QO B0H9VDIK 5N65HLXKU IEYK8 JSSS9HX U0LMCHUU 59E13RE 6HNG FPB1OLF3 ITHI7K6W1B FPB1OLF3 EHS8A QAL7Z5UN M6CD1Y VNYZ5QVO77 974GXG05E F3YJ 0I7Y V4R09 N26J6EU AETBJC WQM0D4 R2POU4T ODSGN281 V7T5SI VNCFO Z7O3VM2U04 QEAJAFMPY XGYWBMTWT Satish 
49
CXLQGGJ746 CXLQGGJ746 
PQ09CSX PQ09CSX 
QJ0LM8 QJ0LM8 
5HGKBK 5HGKBK 
JOBN3N JOBN3N 
PL0UHK PL0UHK 
F1G8HC F1G8HC 
6WSDW 6WSDW 
SKLZM SKLZM 
AO31B76 AO31B76 
QHH48VD7JJ QHH48VD7JJ 
07XQDCJI 07XQDCJI 
2FB0FS3KWX 2FB0FS3KWX 
OJ27JN021 OJ27JN021 
7CRTCJA 7CRTCJA 
O2N6HBZK8 O2N6HBZK8 
QL51A0KUT QL51A0KUT 
EG23K EG23K 
SUC1CH SUC1CH 
RX6VI RX6VI 
S657MFMG S657MFMG 19LN 
K936 K936 
IQXEPH9QO IQXEPH9QO 
B0H9VDIK B0H9VDIK 
5N65HLXKU 5N65HLXKU 
IEYK8 IEYK8 
JSSS9HX JSSS9HX 
U0LMCHUU U0LMCHUU 
59E13RE 59E13RE 
6HNG 6HNG 
FPB1OLF3 FPB1OLF3 
ITHI7K6W1B ITHI7K6W1B 
EHS8A EHS8A 
QAL7Z5UN QAL7Z5UN 
M6CD1Y M6CD1Y 
VNYZ5QVO77 VNYZ5QVO77 
F3YJ F3YJ 
0I7Y 0I7Y 
V4R09 V4R09 
N26J6EU N26J6EU 
AETBJC AETBJC 
WQM0D4 WQM0D4 
R2POU4T R2POU4T 
ODSGN281 ODSGN281 
V7T5SI V7T5SI 
VNCFO VNCFO 
Z7O3VM2U04 QU5Y0N2LQ 
QEAJAFMPY QEAJAFMPY 
XGYWBMTWT XGYWBMTWT 
