129 19 83 130 89 80 84 3 4 81 50 13 30 66 107 46 109 98 99 56 22 59 95 25 196 125 108 45 75 33 5 40 2 96 63 49 155 8 57 17 49 53 121 150 16 178 26 61 177 0 82 0 15 21 73 68 126 68 110 14 55 146 6 85 23 105 157 105 192 9 129 44 116 47 58 131 129 
64
19 137 92 197 
83 36 
130 130 
89 89 
80 161 
84 101 84 
4 11 103 4 
81 158 81 
50 50 
13 180 13 
30 142 184 
66 66 
107 107 
46 122 100 
109 109 
98 98 
99 99 
56 56 
22 194 
59 59 
95 95 156 
25 25 
196 196 151 
125 125 
108 114 108 
45 175 
33 87 33 
5 5 174 
40 40 88 
2 2 
96 97 96 76 
63 63 191 
49 123 49 
155 155 
8 48 8 
57 57 
17 17 
53 53 
121 121 189 171 
150 150 
16 16 188 
178 178 39 
26 128 163 26 64 
61 152 91 61 
177 65 177 190 
0 160 145 0 
82 82 
15 15 
21 21 
126 126 
110 110 
14 14 
55 55 
6 51 6 
85 85 
23 23 
105 105 
157 195 29 157 
192 192 
9 9 
44 44 
47 62 
58 58 
131 183 
