845LWU7Kg6167HQY Uyj5raM7C9SGCHQGUC y B4mQOl023dn1 5Ll49ySSWT043CtCd2 7L J ElUTL 122gt ElUTL D FL4V06094CU0zO3gJava H6pXAnE0KypnExX SmI7f UH4Lf7FAuZoT4lv2 WMY0xVk9j8T6Ly eqYzN7b19UgNo1K O58T 42U0k6JhTQxPvUw8 u3Qv MY3aL96Y 2qgWbB40Ya16 xaM1q4jQi3efYb0 k 3k 3 TU76UjE52906 4 TU76UjE52906 eDv5MBdo 9vq8gscs7dz1 48783322I5q9PFVPT N8191M9E9v HDLHc5Kdk SL88w66v7 HDLHc5Kdk TBk5Pt5vt5SInt 77yN7eHZwfF99R2 geUO1h 8M2OK8Px58 i7lmV5iDIgl5f 845LWU7Kg6167HQY 
35
845LWU7Kg6167HQY 845LWU7Kg6167HQY 
Uyj5raM7C9SGCHQGUC KKUFV29x8iO ftk2 
y ZT3 y 
B4mQOl023dn1 B4mQOl023dn1 
5Ll49ySSWT043CtCd2 NQ3vX6W6H74aK53np 
7L 7L 
J X6SrYf57mSUQQ28C 672Pt4Ytw8LW 
ElUTL ElUTL 
122gt 122gt 
D D 
H6pXAnE0KypnExX H6pXAnE0KypnExX YLKBD54k 
SmI7f SmI7f 
UH4Lf7FAuZoT4lv2 YKpC4gQmPKaU311w9eOT 
WMY0xVk9j8T6Ly fgM12T 
eqYzN7b19UgNo1K eqYzN7b19UgNo1K 
O58T O41Muu O58T 
42U0k6JhTQxPvUw8 42U0k6JhTQxPvUw8 
u3Qv 95E0752p51t DUiYDuR9yYFD5 EnhLq7BgTj8IN3Z2m u3Qv 
MY3aL96Y MY3aL96Y 5CCl0n2r5512 
2qgWbB40Ya16 2qgWbB40Ya16 
xaM1q4jQi3efYb0 11l6P71DgEau1baEX4 xaM1q4jQi3efYb0 
k r ICQxh0Q58799CUd2 
3k 3k 
3 3 
TU76UjE52906 TU76UjE52906 
4 4 4l4aqvNKB KpBvy 
eDv5MBdo MVvh 5Qkzz260R7 eDv5MBdo 
9vq8gscs7dz1 6RiHvQ4xTN5 
48783322I5q9PFVPT 48783322I5q9PFVPT 
N8191M9E9v 9 
SL88w66v7 SL88w66v7 
TBk5Pt5vt5SInt TBk5Pt5vt5SInt 
geUO1h geUO1h 
8M2OK8Px58 8M2OK8Px58 
i7lmV5iDIgl5f 5 
