AyBBdkPvTTt19wqt b817BTo6GdPc96ig2 wUtvmN9V14Vw0fcE01F ywj3aNhyxUH wUtvmN9V14Vw0fcE01F b817BTo6GdPc96ig2 Le6BO3R lP84Whn qGr382CkPK997QVHAL lP84Whn Nstvw8dF9rhja nOMN589D7t0QjhnBj3wn 5nYY46YfUGovj q7Ehaiz 5nYY46YfUGovj nOMN589D7t0QjhnBj3wn Nstvw8dF9rhja 2P201UD8Q c3x9Cmq8W5oa57mjASv 2P201UD8Q Fe5xMwq0a8 MEv16358FQ L7Mfs3034VwaB7kd3Z MEv16358FQ yd7324WTF MEv16358FQ E76twn5gNBei01uh2PkH 2a5Zkf5zd4Va3 O73Lh6 Han188Ox EnmWLiDA9NE89oNUTbx Han188Ox O73Lh6 9o4t iT7 TMULg CDuc4XdY7zp 2l90gxx61rTb0CbF 6qc68848myvIqoZWw 2T6osNpb4 yd7324WTF aCCE QqvW51K9Cm FR3SCSFtuk055ORI T4EKg4Vc Rf0x16WtfDv 89ukpivGhdck21Krrh40 98E9ia5 2qbTYSv3J 659Cx 2qbTYSv3J 98E9ia5 gv3T5z4 98E9ia5 89ukpivGhdck21Krrh40 p772t3OLqj Ut7hqt9A 7xf20x1m1od50iPHUtr 0 WD8QxBAx49P Q P6C89a32 Q 336P8 J68F52raS3n1L6ZYK 336P8 Q 2mk9O8P6 SdP9W8WRSw kg8257p31rTQvRWjGF NU7gnWcAs4nq66FS E76twn5gNBei01uh2PkH thypPB22BchO3Od9 MjwmiyLlZn 68ZC6T1G2o9Q95CKs MjwmiyLlZn O7W5C8z8H93l Ru0A1pKIpZYWG A 1e90fR0FtB7Ev156y A 8w6aRuq AcC1Sh8w37Px0m JbMQX8p9 36Y155M7F1ZG8 7DmqFE ymzG1qC7YsJFFmeog T8C17MZ6g69gmQ FKWv88jkw79me jxDm 4932 jxDm 6c1qFsEg9xI A6gMJKsUfUSuEI76 o 7d2Q05crlPi o 5tQKcAo3 q 8tvL5MpO9J735t q 5tQKcAo3 2YlhGrefFhV6JLtw iFF184 pwvBbQ870l3Io2K IEtn6zEV03H3 e1M0JsNJ5 IEtn6zEV03H3 3z4E 3 Q2PY RYtkT5 usTG0We6G9WDs7Dk RYtkT5 8Qe2lSUyQa b19692 6nB9xzJ7b5115Qu5 b6DdFnSk8qdk45 6nB9xzJ7b5115Qu5 PELS5 6nB9xzJ7b5115Qu5 b6DdFnSk8qdk45 o88qO93T 85682ijoufq1DW o88qO93T 920ucA0jXEv 1MHxxU P GXFdnTo0Mk JBYT6heC6yE4 GXFdnTo0Mk b6DdFnSk8qdk45 I4640OD L46h8MG90TBpA8v9 I4640OD 1utCvCS3yEzt0HBbKt 360B15fOiy1XBl hG8udpL53V 360B15fOiy1XBl 1utCvCS3yEzt0HBbKt bfYVB7M6I5 M40P0vmSkH961FtFpaR 9q06155efQSN DqfU93360y3I66U0 Tk46 XMV256fk Nstvw8dF9rhja 2P201UD8Q Fe5xMwq0a8 XQxkrBxnI Ut7hqt9A EL5n1KQ3kn MJ2l1N0ojTC d Le6BO3R lP84Whn Nstvw8dF9rhja nOMN589D7t0QjhnBj3wn 5nYY46YfUGovj 0Lw86e uF131buM7L27 0Lw86e dUdv 0Lw86e I6 6v326555i1Io5Z IEtn6zEV03H3 r9qUrqog71Fz9gx d5P0NXv8 r9qUrqog71Fz9gx nw566uv 1CYyNxk8m7fToc6XLW7T mmF 1wF6 1MHxxU TByQ7zH089 1MHxxU d2A2ZPVl61Vtm2kT eZEbm QE9dXn5y6j2YYh jxDm vRH6pA1I75N1 jxDm QE9dXn5y6j2YYh v 8kQ991Y80Dy 4B5uWNh7Dl3lRP khC 2Et5UN6ZJ19iz c2m39UUoMb w22P6su70O6jf3FJ 3 9jWI53P36dh95 0b 3505 0b 9jWI53P36dh95 AyBBdkPvTTt19wqt 
98
b817BTo6GdPc96ig2 b817BTo6GdPc96ig2 
ywj3aNhyxUH ywj3aNhyxUH 
Le6BO3R Le6BO3R 
qGr382CkPK997QVHAL qGr382CkPK997QVHAL 
nOMN589D7t0QjhnBj3wn nOMN589D7t0QjhnBj3wn 
5nYY46YfUGovj 5nYY46YfUGovj 
q7Ehaiz q7Ehaiz 
2P201UD8Q 2P201UD8Q 
c3x9Cmq8W5oa57mjASv c3x9Cmq8W5oa57mjASv 
MEv16358FQ MEv16358FQ 
L7Mfs3034VwaB7kd3Z L7Mfs3034VwaB7kd3Z 
yd7324WTF yd7324WTF 
E76twn5gNBei01uh2PkH E76twn5gNBei01uh2PkH 
Han188Ox Han188Ox 
EnmWLiDA9NE89oNUTbx EnmWLiDA9NE89oNUTbx 
9o4t 9o4t 
TMULg TMULg 
2l90gxx61rTb0CbF 2l90gxx61rTb0CbF 
6qc68848myvIqoZWw 6qc68848myvIqoZWw 
2T6osNpb4 2T6osNpb4 
aCCE aCCE 
QqvW51K9Cm QqvW51K9Cm 
FR3SCSFtuk055ORI FR3SCSFtuk055ORI 
Rf0x16WtfDv Rf0x16WtfDv 
89ukpivGhdck21Krrh40 89ukpivGhdck21Krrh40 
659Cx 659Cx 
gv3T5z4 gv3T5z4 
p772t3OLqj p772t3OLqj 
Ut7hqt9A Ut7hqt9A 
Q Q 
P6C89a32 P6C89a32 
J68F52raS3n1L6ZYK J68F52raS3n1L6ZYK 
SdP9W8WRSw SdP9W8WRSw 
kg8257p31rTQvRWjGF kg8257p31rTQvRWjGF 
NU7gnWcAs4nq66FS NU7gnWcAs4nq66FS 
thypPB22BchO3Od9 thypPB22BchO3Od9 
MjwmiyLlZn MjwmiyLlZn 
68ZC6T1G2o9Q95CKs 68ZC6T1G2o9Q95CKs 
O7W5C8z8H93l O7W5C8z8H93l 
1e90fR0FtB7Ev156y 1e90fR0FtB7Ev156y 
8w6aRuq 8w6aRuq 
36Y155M7F1ZG8 36Y155M7F1ZG8 
7DmqFE 7DmqFE KIOJyBXM922ydZA5 
ymzG1qC7YsJFFmeog ymzG1qC7YsJFFmeog 
T8C17MZ6g69gmQ T8C17MZ6g69gmQ 
FKWv88jkw79me FKWv88jkw79me 
jxDm jxDm 
4932 4932 
6c1qFsEg9xI 6c1qFsEg9xI 
A6gMJKsUfUSuEI76 A6gMJKsUfUSuEI76 
7d2Q05crlPi 7d2Q05crlPi 
q q 
8tvL5MpO9J735t 8tvL5MpO9J735t 
2YlhGrefFhV6JLtw 2YlhGrefFhV6JLtw 
iFF184 iFF184 
pwvBbQ870l3Io2K pwvBbQ870l3Io2K 
IEtn6zEV03H3 IEtn6zEV03H3 
e1M0JsNJ5 e1M0JsNJ5 
3z4E 3z4E 
3 3 
Q2PY Q2PY 
RYtkT5 RYtkT5 
usTG0We6G9WDs7Dk usTG0We6G9WDs7Dk 
8Qe2lSUyQa 8Qe2lSUyQa 
b19692 b19692 
b6DdFnSk8qdk45 b6DdFnSk8qdk45 
PELS5 PELS5 
85682ijoufq1DW 85682ijoufq1DW 
920ucA0jXEv 920ucA0jXEv 
P P 
JBYT6heC6yE4 JBYT6heC6yE4 
I4640OD I4640OD 
L46h8MG90TBpA8v9 L46h8MG90TBpA8v9 
1utCvCS3yEzt0HBbKt 1utCvCS3yEzt0HBbKt 
hG8udpL53V hG8udpL53V 
9q06155efQSN 9q06155efQSN 
Tk46 Tk46 
XMV256fk XMV256fk 
XQxkrBxnI XQxkrBxnI 
MJ2l1N0ojTC MJ2l1N0ojTC 
d d 
uF131buM7L27 uF131buM7L27 
dUdv dUdv 
I6 o83v2nI1sQs I6 
6v326555i1Io5Z 6v326555i1Io5Z 
r9qUrqog71Fz9gx r9qUrqog71Fz9gx 
d5P0NXv8 d5P0NXv8 
nw566uv nw566uv 
1wF6 1wF6 
TByQ7zH089 TByQ7zH089 
eZEbm eZEbm 
vRH6pA1I75N1 vRH6pA1I75N1 
v v 
4B5uWNh7Dl3lRP 4B5uWNh7Dl3lRP 
khC khC 
2Et5UN6ZJ19iz 2Et5UN6ZJ19iz 
9jWI53P36dh95 9jWI53P36dh95 
3505 3505 
