0 140 60 198 88 182 2 101 55 63 24 54 98 54 24 84 97 84 87 85 68 58 6 51 96 73 99 32 25 32 99 147 95 145 42 48 42 18 82 18 57 1 57 16 197 23 89 26 89 73 153 66 153 12 3 65 102 118 77 125 175 91 175 125 34 76 7 105 19 105 92 17 13 5 109 31 109 22 46 41 28 72 83 72 33 74 33 17 21 122 10 42 51 30 51 47 107 81 107 9 80 9 64 9 50 112 0 137 52 137 37 137 0 123 15 123 0 140 53 20 53 57 142 199 39 199 142 136 85 75 11 121 49 40 100 134 44 134 100 35 184 69 184 40 158 2 65 61 70 61 14 29 174 93 38 93 174 56 36 2 78 2 27 2 33 7 149 8 128 45 128 8 67 71 148 94 160 138 79 4 79 90 0 86 0 59 0 62 0 43 0 
100
0 0 
60 60 
88 88 
2 2 
55 55 
63 63 
24 24 
54 54 
98 98 
84 84 
97 97 
87 87 
85 85 
68 68 
58 58 
6 6 
51 51 
96 96 
73 73 
99 99 
32 32 
25 25 
95 95 
42 42 
48 48 
18 18 
82 82 
57 57 
1 1 
16 16 
23 23 
89 89 
26 26 
66 66 
12 12 
3 3 
65 65 
77 77 
91 91 
34 34 
76 76 
7 7 
19 19 
92 92 
17 17 
13 13 
5 5 
31 31 
22 22 
46 46 
41 41 
28 28 
72 72 
83 83 
33 33 
74 74 
21 21 
10 10 
30 30 
47 47 
81 81 
9 9 
80 80 
64 64 
50 50 
52 52 
37 37 
15 15 
53 53 
20 20 
39 39 
75 75 
11 11 
49 49 
40 40 
44 44 
35 35 
69 69 
61 61 
70 70 
14 14 
29 29 
93 93 
38 38 
56 56 
36 36 
78 78 
27 27 
8 8 
45 45 
67 67 
71 71 
94 94 
79 79 
4 4 
90 90 
86 86 
59 59 
62 62 
43 43 
