0 38 0 26 0 49 22 49 0 20 0 74 36 97 24 97 54 39 86 8 96 31 96 10 63 48 69 17 69 34 47 27 47 34 14 30 71 1 41 15 41 21 77 16 23 42 51 5 7 5 3 13 45 12 28 19 2 3 89 40 4 57 35 18 33 18 78 25 6 25 78 18 9 43 9 37 98 32 98 29 37 44 11 0 
50
0 0 
38 38 
26 26 
49 49 
22 22 
20 20 
36 36 
97 46 
24 24 
39 39 
8 8 
31 31 
10 10 
48 48 
17 17 
34 34 
47 47 
27 27 
14 14 
30 30 
1 1 
41 41 
15 15 
21 21 
16 16 
23 23 
42 42 
5 5 
7 7 
3 3 
13 13 
45 45 
12 12 
28 28 
19 19 
2 2 
40 40 
4 4 
35 35 
18 18 
33 33 
25 25 
6 6 
9 9 
43 43 
37 37 
32 32 
29 29 
44 44 
11 11 
