loc0 loc58 loc158 loc69 loc158 loc49 loc46 loc42 loc138 loc32 loc116 loc36 loc188 loc36 loc76 loc62 loc157 loc198 loc77 loc96 loc122 loc53 loc78 loc66 loc168 loc93 loc11 loc67 loc65 loc145 loc113 loc20 loc165 loc164 loc165 loc1 loc39 loc2 loc41 loc117 loc85 loc141 loc150 loc109 loc177 loc108 loc83 loc79 loc118 loc138 loc25 loc0 
41
loc0 loc167 
loc58 loc185 
loc69 loc69 
loc49 loc49 loc105 
loc46 loc37 loc192 loc144 loc46 
loc42 loc42 
loc138 loc138 
loc32 loc10 loc14 loc32 
loc116 loc116 loc89 
loc36 loc36 
loc188 loc188 loc183 loc8 loc120 
loc76 loc182 loc97 
loc62 loc82 
loc157 loc112 loc157 
loc198 loc172 loc198 loc100 loc131 
loc77 loc129 loc15 loc75 loc162 
loc96 loc96 loc134 
loc122 loc122 loc196 
loc53 loc54 loc52 loc106 loc160 loc45 
loc78 loc78 
loc66 loc147 loc66 loc31 loc57 
loc168 loc168 loc27 
loc93 loc93 
loc11 loc11 
loc67 loc67 
loc65 loc187 
loc113 loc113 
loc20 loc20 
loc165 loc165 
loc164 loc164 loc184 
loc1 loc92 
loc39 loc191 loc39 loc28 
loc41 loc41 loc179 loc119 loc47 
loc85 loc85 
loc141 loc156 loc130 loc84 
loc150 loc150 loc17 loc197 
loc109 loc109 
loc177 loc177 
loc83 loc186 loc83 
loc118 loc118 
loc25 loc25 
