loc0 loc23 loc84 loc91 loc93 loc47 loc25 loc81 loc4 loc65 loc84 loc23 loc15 loc89 loc86 loc33 loc49 loc43 loc45 loc35 loc6 loc62 loc6 loc88 loc8 loc53 loc30 loc22 loc34 loc99 loc23 loc0 
23
loc23 loc23 
loc84 loc40 loc84 
loc91 loc39 loc91 loc75 loc31 
loc93 loc93 loc26 loc72 
loc47 loc7 
loc25 loc54 loc25 
loc81 loc81 
loc4 loc24 loc42 
loc65 loc65 
loc89 loc21 
loc86 loc69 loc86 loc52 
loc33 loc48 loc33 
loc49 loc49 
loc45 loc45 
loc35 loc35 
loc6 loc6 loc61 loc79 
loc62 loc20 loc16 loc62 loc90 
loc88 loc88 
loc8 loc8 
loc53 loc28 
loc30 loc51 
loc34 loc29 loc34 
loc99 loc99 
