74 123 81 123 8 42 8 146 45 146 8 141 61 116 120 198 113 28 130 151 33 76 56 76 112 107 159 50 125 103 27 103 125 73 100 63 66 63 139 161 20 161 18 34 147 95 172 170 63 57 86 57 194 136 171 165 64 48 132 173 100 73 152 37 53 131 166 14 59 65 170 175 155 190 51 199 51 193 4 168 179 54 146 8 115 148 115 8 123 74 
57
123 109 123 
81 81 167 
42 42 142 
146 146 
45 45 
141 129 163 
61 61 
116 116 138 158 
120 120 
198 47 143 198 
113 88 113 
28 23 58 
130 32 130 
151 39 135 
33 83 108 140 
76 76 89 154 
56 56 80 
112 112 114 134 
107 44 107 
50 50 
125 98 125 157 
103 103 
27 27 
73 73 
100 72 97 100 
63 63 174 
66 66 
139 139 
161 11 99 161 
20 20 96 184 
18 18 
34 52 94 
95 95 
172 5 12 
86 31 86 128 
136 136 
171 171 
165 165 
64 17 90 
132 132 
173 173 
152 16 152 
37 178 
53 53 
131 91 200 
14 14 118 
59 59 60 
155 155 
190 190 
51 51 77 
199 111 133 199 
193 127 193 
4 4 
179 179 
54 54 
115 115 
148 105 192 
