73 96 15 48 13 40 16 85 16 40 13 48 32 1 50 71 9 98 21 98 9 57 44 49 74 66 31 86 29 84 81 91 78 34 53 94 53 34 55 83 29 22 88 27 88 100 60 46 99 62 65 62 12 62 99 25 90 68 1 77 14 17 10 17 93 64 11 33 82 33 18 19 1 5 38 8 38 96 73 
48
96 96 
15 15 79 
48 48 
13 13 
85 85 
1 1 
50 50 
71 71 
9 9 
98 98 
21 21 
57 57 
44 44 
49 49 
74 74 
66 66 
86 86 
29 29 
84 84 
81 81 
91 91 
78 78 
34 34 
53 53 
94 94 
83 83 
22 22 
27 27 
100 100 
60 75 
46 46 
99 99 
65 65 
12 12 
25 25 
90 90 
68 68 
77 77 
14 14 
10 10 
93 93 
11 11 
33 33 
82 82 
18 18 76 
19 19 
5 5 
8 8 
