AA AD DN CT AM CV DR CV AM CW DP CW DQ CW AM CT DN AD AK AD AL AD AN CY DV CY DW CY AN CX DU CX DS CX DT AA AB AH BM BP CE BW AI BW CE BP BM AH BN BS FF BS BN AH AB AE AO AP AO AQ AO AE AB AF AB AG AZ BD AZ AG BA BF BA BG BA BE BA AG BB BH BB BI BB AG BC BJ BC BK FE DZ EC DX DY DX EC EE ED EP ED EE EF EH EJ EZ EJ EH FA EH EF EN EF EL EW EX EY EX EW EL EF EE EC EB EA FC EA EI FB EI EA EB EC DZ FE BK BC AG AB AA AC AJ AC AA 
45
AA AA 
AD AD 
AM AM 
DR DR 
DP DP 
DQ DQ 
AK AK 
AL AL 
AN AN 
DV DV 
DW DW 
DU DU 
DS DS 
DT DT 
AB AB 
AH AH 
AI AI 
FF FF 
AE AE 
AO AO 
AP AP 
AQ AQ 
AF AF 
AG AG 
BD BD 
BF BF 
BG BG 
BE BE 
BH BH 
BI BI 
BJ BJ 
BK BK 
DZ DZ 
DX DX 
DY DY 
EP EP 
EZ EZ 
FA FA 
EN EN EO 
EX EX 
EY EY 
FC FC 
FB FB 
AC AC 
AJ AJ 
