112 35 102 95 28 109 8 40 13 94 97 60 96 84 127 29 27 53 23 81 52 83 71 33 36 85 14 80 64 66 58 59 107 70 72 34 78 24 56 54 9 17 105 21 44 75 144 68 41 99 6 11 20 0 104 69 112 
56
112 123 
35 35 
102 102 151 
95 95 
28 117 28 
109 109 
8 73 8 
40 40 
13 13 
94 94 
97 121 129 168 172 97 
60 143 60 
96 96 118 
84 84 146 
127 126 127 
29 29 
27 27 
53 53 
23 23 
81 81 
52 52 
83 83 
71 71 
33 33 
36 36 190 
85 85 
14 14 162 
80 80 
64 64 
66 149 120 136 66 169 
58 58 130 
59 59 
107 152 174 107 49 
70 70 158 
72 171 72 
34 34 183 194 
78 78 184 181 
24 160 131 24 154 
56 42 56 
54 54 
9 170 9 
17 17 
105 157 188 105 
21 21 
44 182 124 44 
75 114 75 
144 138 144 119 165 
68 163 68 
41 41 
99 99 
6 6 187 
11 147 11 
20 20 
0 166 0 
104 104 
69 69 
