Soda loc3 loc63 loc86 loc99 loc96 loc53 loc55 loc13 loc28 loc95 loc29 loc53 loc92 loc12 loc61 loc23 loc63 loc64 loc8 loc17 loc8 loc31 loc41 loc38 loc68 loc91 loc83 loc64 loc57 loc87 loc6 loc44 loc89 loc39 loc40 loc44 loc6 loc22 loc43 loc26 loc67 loc26 loc43 loc19 loc45 loc93 loc45 loc66 loc36 loc97 loc48 loc32 loc45 loc81 loc49 loc73 loc20 loc45 loc19 loc71 loc33 loc50 loc18 Soda 
47
Soda loc79 
loc3 loc72 
loc86 loc86 loc10 
loc99 loc99 
loc96 loc96 
loc53 loc53 
loc55 loc55 
loc13 loc13 
loc28 loc28 
loc95 loc95 
loc29 loc29 
loc92 loc92 
loc12 loc12 
loc61 loc61 
loc23 loc30 loc23 
loc8 loc8 
loc17 loc17 
loc31 loc31 
loc41 loc41 
loc38 loc38 
loc68 loc68 
loc91 loc91 
loc83 loc83 
loc57 loc57 
loc44 loc44 
loc89 loc89 
loc39 loc39 
loc40 loc40 
loc43 loc43 
loc26 loc26 
loc67 loc90 loc67 
loc19 loc19 
loc45 loc45 
loc93 loc93 
loc66 loc66 
loc36 loc36 
loc97 loc97 
loc48 loc48 
loc32 loc32 
loc81 loc81 
loc49 loc49 
loc73 loc73 
loc20 loc20 
loc71 loc71 
loc33 loc33 
loc50 loc21 
loc18 loc18 
