Soda loc106 loc36 loc145 loc156 loc6 loc172 loc106 loc25 loc140 loc53 loc179 loc151 loc92 loc57 loc72 loc57 loc157 loc59 loc20 loc40 loc137 loc75 loc92 loc65 loc82 loc43 loc27 loc131 loc10 loc89 loc8 loc176 loc100 loc164 loc47 loc87 loc192 loc170 loc196 loc61 loc196 loc51 loc103 loc155 loc51 loc196 loc185 loc142 loc7 loc142 loc196 loc170 loc192 loc68 loc126 loc68 loc60 loc15 loc122 loc193 loc111 loc30 loc136 loc39 loc198 loc28 loc166 loc109 loc166 loc198 loc24 loc31 loc128 loc111 loc141 loc41 loc77 loc173 loc107 loc146 loc107 loc173 loc77 loc22 loc183 loc194 loc35 loc134 loc99 loc9 loc99 loc134 loc35 loc37 loc181 loc26 loc27 loc43 loc50 loc83 loc94 loc17 loc23 loc74 loc13 loc34 loc84 loc167 loc97 loc189 loc32 loc34 loc14 loc121 loc88 loc138 loc34 loc118 loc34 loc13 loc74 loc23 loc17 loc129 loc104 loc163 loc42 loc171 loc154 loc163 loc42 loc177 loc45 loc90 loc179 loc3 loc64 loc199 loc64 loc3 Soda 
90
Soda Soda 
loc106 loc106 
loc36 loc36 
loc145 loc145 
loc156 loc156 
loc6 loc6 
loc172 loc172 
loc25 loc25 
loc140 loc140 
loc53 loc53 loc58 
loc151 loc151 
loc57 loc57 
loc72 loc72 
loc157 loc157 
loc59 loc59 
loc20 loc20 
loc40 loc40 
loc137 loc137 
loc75 loc75 
loc65 loc65 
loc82 loc82 
loc27 loc180 
loc131 loc131 
loc10 loc10 loc147 
loc89 loc95 
loc8 loc101 loc8 
loc176 loc165 
loc100 loc100 
loc192 loc192 
loc170 loc170 
loc61 loc61 
loc51 loc51 
loc103 loc103 
loc155 loc155 
loc185 loc185 
loc142 loc142 
loc7 loc7 
loc126 loc126 
loc15 loc79 loc15 
loc122 loc122 
loc193 loc193 loc114 loc38 
loc111 loc111 
loc30 loc11 loc30 
loc136 loc136 
loc39 loc39 
loc28 loc28 
loc109 loc109 
loc24 loc24 
loc128 loc128 
loc141 loc141 
loc41 loc41 
loc77 loc77 
loc173 loc173 
loc107 loc107 
loc146 loc146 
loc22 loc22 
loc183 loc183 
loc194 loc55 loc194 
loc35 loc35 
loc9 loc9 
loc37 loc37 
loc181 loc181 
loc26 loc188 loc26 
loc50 loc50 
loc83 loc83 
loc94 loc94 
loc17 loc17 
loc23 loc23 
loc74 loc74 
loc13 loc13 
loc34 loc34 
loc84 loc84 
loc167 loc167 
loc97 loc97 
loc189 loc189 
loc32 loc32 
loc14 loc14 
loc121 loc121 
loc88 loc88 
loc138 loc138 
loc118 loc118 
loc163 loc163 
loc42 loc42 
loc171 loc171 
loc154 loc154 
loc45 loc45 
loc90 loc90 
loc3 loc3 
loc64 loc64 
loc199 loc80 loc199 
