0 71 80 31 14 121 91 67 91 24 16 157 69 157 6 25 3 90 116 117 23 117 116 90 88 57 88 63 93 16 157 144 27 44 41 19 41 80 84 169 66 5 65 123 45 123 72 177 92 60 92 177 33 177 72 48 49 46 36 58 103 100 61 100 92 76 47 37 139 86 106 50 106 13 106 86 39 29 100 73 112 81 192 95 132 43 132 53 151 55 70 111 75 111 70 82 196 18 32 77 32 18 196 148 85 9 98 8 34 97 96 64 11 64 40 94 130 52 82 22 62 12 10 12 62 83 68 79 87 24 16 113 15 113 99 113 1 95 192 7 59 51 89 167 110 26 110 17 125 28 20 133 4 74 16 113 30 176 42 78 35 38 8 131 199 53 2 0 
97
71 71 
80 80 
31 31 
14 14 
91 91 
67 67 
24 24 
16 16 
69 69 
6 6 21 
25 25 
3 3 
90 90 
23 23 
88 88 
57 57 
63 63 
93 93 
27 27 
44 44 
41 41 
19 19 
84 84 
66 66 
5 5 
65 65 
45 45 56 
72 72 
92 92 
60 60 
33 33 
48 48 
49 49 
46 46 
36 36 
58 58 
100 100 
61 61 
76 76 
47 47 
37 37 
86 86 
50 50 
13 13 
39 39 
29 29 
73 73 
81 81 
95 95 
43 43 
53 53 54 
55 55 
70 70 
75 75 
82 82 
18 18 
32 32 
77 77 
85 85 
9 9 
98 98 
8 8 
34 34 
97 97 
96 96 
64 64 
11 11 
40 40 
94 94 
52 52 
22 22 
62 62 
12 12 
10 10 
83 83 
68 68 
79 79 
87 87 
15 15 
99 99 
1 1 
7 7 
59 59 
51 51 
89 89 
26 26 
17 17 
28 28 
20 20 
4 4 
74 74 
30 30 
42 42 
78 78 
35 35 
38 38 
2 2 
