48 68 6 11 79 11 6 106 133 93 13 165 38 98 103 57 103 98 193 194 129 141 196 176 138 78 185 78 113 178 85 39 23 2 141 196 46 10 115 154 164 58 173 163 171 25 42 9 180 135 24 126 94 147 36 55 36 22 169 74 66 191 96 29 152 136 72 186 73 174 125 143 155 3 155 116 14 68 48 
62
48 48 
6 109 
11 11 
79 148 21 79 
106 64 
133 133 
93 93 
13 20 
165 175 34 165 
38 38 117 
98 16 101 98 67 
103 103 
57 151 60 
193 193 52 
194 157 194 
129 129 
141 141 
196 123 196 
176 176 40 
138 199 138 
78 78 7 
185 190 185 
113 113 69 
178 177 
85 85 
39 56 39 
23 23 
2 2 
46 46 
10 10 120 
115 115 
154 154 197 110 53 
164 19 164 
58 118 58 
173 145 88 35 
163 163 
171 171 
25 90 25 
42 42 
9 9 
180 5 180 156 
135 135 181 84 
126 126 119 
94 182 
147 147 
36 36 
55 55 
74 149 74 
66 107 66 87 
191 191 
96 158 
29 29 
152 152 
136 136 
72 108 
186 186 
73 73 
174 179 
125 125 
143 143 167 137 
155 155 
3 3 170 
