evdoyagqfp xftptyrlvl mysadifwma xftptyrlvl jqtguzxxsl optviwhmbr ivugtsvtqb guuudgvhny vugkhjygfe xywdziunpr vugkhjygfe aruwdskzta lnicnhmajr qpxtrjvxpe kwbnyneokj uhalgukdzb yriqtwavfx uhalgukdzb fczruomdab eooyfwmxln epdwcjuvdr wynbxuuxru qzdrdcxoib wynbxuuxru epdwcjuvdr eqdxeqvtsb xnppuesbrr eqdxeqvtsb lndsfxewdc vkrlpmybdj cdqkyomyxw oddoubpfzn sjtuxgdwms hsjqtjkukk bbczvyonym mdyuzxshey wtlzrefwav bimtbhwsby ijbfzrqwct bbwcqzwyoz nwlccbonas bbwcqzwyoz ijbfzrqwct bimtbhwsby yhpfnjjqmm unihwwnyqz vnzypgtlkj dnmgxnhbgi eaozvwjoso ldnozwuuuq frfueiglva ymvlfsdhbu nbjyrygtdh czvqvijjlb seeyrseflx jrmlkfexfk pymtnhypxd pwgublhwxg hofbtczdgp jwcdeoubpx zpjhxyylhb kvfpaspidv zpjhxyylhb bswhowadhl xsjzeyxnpw opmnfgpclg bpbbtoptwg rnpokwoqgt oownpsyviv oavtmpaqji qydclznxrd xwrvhrxnqy xifuopshzj afortwurqt zmfuudfatm cttlxdtaiw byyqgjwsrp euqbrkzdsw jedsthbmzo wwqchwdmtx pcilmgdrgc qepegujmaa ixyurvbpvu qepegujmaa koawdpgqdx wkwwcqjtxf bulywvvpni wkwwcqjtxf wtjzgzopuw byyqgjwsrp qxfgqgbbdn byyqgjwsrp euqbrkzdsw zivwgfcxqi phknwbtipl gkcfktyute xkasbvrrxd lcrihrmoqu tvcolajnao smwxdupkdv jqtguzxxsl xftptyrlvl evdoyagqfp 
62
evdoyagqfp evdoyagqfp 
xftptyrlvl kvxwqiryyu xawkqmfmmx fluzhooehk uooysjrxsb 
mysadifwma mysadifwma bnmegnfgii 
optviwhmbr vfdsalrajq optviwhmbr 
ivugtsvtqb ivugtsvtqb 
guuudgvhny guuudgvhny stdiixwrjc 
vugkhjygfe vugkhjygfe 
xywdziunpr oggftsricu xywdziunpr 
aruwdskzta aruwdskzta 
lnicnhmajr lnicnhmajr xychpimpzb 
qpxtrjvxpe tmatbexcil qiqnnrlapz qpxtrjvxpe 
uhalgukdzb uhalgukdzb 
yriqtwavfx qgfchcatzi gucdicwxmb rkyixxpcbx 
eooyfwmxln eooyfwmxln 
epdwcjuvdr kgktiatgjn 
wynbxuuxru tmrnpjqnxx oegfbrwyrp wynbxuuxru 
qzdrdcxoib voaumgrcuj 
eqdxeqvtsb eqdxeqvtsb 
xnppuesbrr xnppuesbrr 
lndsfxewdc kyrhqthnvz lndsfxewdc 
vkrlpmybdj jrusiskazm vkrlpmybdj 
hsjqtjkukk hsjqtjkukk 
bbczvyonym bbczvyonym 
mdyuzxshey mdyuzxshey ouxenssqdu 
wtlzrefwav wtlzrefwav afrdrejwtp 
bimtbhwsby bimtbhwsby 
bbwcqzwyoz bbwcqzwyoz 
nwlccbonas itbfnxnauh xguvjomcdt nwlccbonas 
unihwwnyqz pbefrggyje kijbyyuzhd 
vnzypgtlkj gbdejcnknd vnzypgtlkj 
ldnozwuuuq ldnozwuuuq 
ymvlfsdhbu ymvlfsdhbu aokbiptbzc 
nbjyrygtdh cpwyxulkjm nbjyrygtdh 
seeyrseflx hkempoemlv seeyrseflx 
jrmlkfexfk jrmlkfexfk scesbtewjx osdeymjeil 
hofbtczdgp hofbtczdgp 
kvfpaspidv kvfpaspidv 
bswhowadhl tgkujfknod bswhowadhl 
opmnfgpclg qxuqrfzzob 
rnpokwoqgt rnpokwoqgt 
oavtmpaqji oavtmpaqji ichabbvkhm 
xwrvhrxnqy xwrvhrxnqy 
xifuopshzj xifuopshzj 
afortwurqt afortwurqt ahqdrcepub 
zmfuudfatm zmfuudfatm 
cttlxdtaiw cttlxdtaiw 
byyqgjwsrp byyqgjwsrp 
euqbrkzdsw euqbrkzdsw 
wwqchwdmtx wwqchwdmtx 
pcilmgdrgc pcilmgdrgc ivgbjyugdu 
qepegujmaa etdxtwotzh qepegujmaa 
ixyurvbpvu yiwwdwbzth qfbvncxldf 
koawdpgqdx pdljcbluhp psiebvskfb 
wkwwcqjtxf wkwwcqjtxf lkvtxfwozs 
bulywvvpni bulywvvpni 
qxfgqgbbdn qxfgqgbbdn 
zivwgfcxqi zivwgfcxqi 
phknwbtipl fdgcygwgjf 
xkasbvrrxd xkasbvrrxd 
lcrihrmoqu lcrihrmoqu tgbmxdmvwe 
tvcolajnao tvcolajnao xqwyvbvueh 
smwxdupkdv smwxdupkdv 
