mdyuzxshey vkrlpmybdj jatkaoyfxb zumetrybth ebqxbaqnmm ljhmnbaicr owusjcmdkp oewptytlja knfzsnhzvx xftptyrlvl yiwwdwbzth wtyqwjwskq bswhowadhl zpybghfdbe cmdqzmgvfi zpybghfdbe lndsfxewdc bulywvvpni siatqqydwf ahqdrcepub siatqqydwf ixyurvbpvu uooysjrxsb seeyrseflx uooysjrxsb ixyurvbpvu optviwhmbr rkyixxpcbx gllungmori jrmlkfexfk wtlzrefwav hsjqtjkukk smwxdupkdv aokbiptbzc koawdpgqdx unihwwnyqz qepegujmaa unihwwnyqz koawdpgqdx smwxdupkdv hsjqtjkukk wtlzrefwav epdwcjuvdr wynbxuuxru hadchvmijq xplqpgpbvq lkvobxyfca fznfvsgjhc yhpfnjjqmm xkasbvrrxd pymtnhypxd qcktwemqbm tvcolajnao vkrlpmybdj mdyuzxshey 
32
mdyuzxshey mysadifwma mdyuzxshey 
vkrlpmybdj vkrlpmybdj zmfuudfatm 
jatkaoyfxb jatkaoyfxb bnmegnfgii 
zumetrybth zumetrybth 
ebqxbaqnmm kdujdjjwot ebqxbaqnmm 
ljhmnbaicr ljhmnbaicr 
owusjcmdkp owusjcmdkp lnicnhmajr 
oewptytlja oewptytlja nwlccbonas 
knfzsnhzvx knfzsnhzvx 
xftptyrlvl jedsthbmzo xftptyrlvl 
yiwwdwbzth jqtguzxxsl 
wtyqwjwskq wtyqwjwskq 
bswhowadhl tgbmxdmvwe 
zpybghfdbe psiebvskfb 
cmdqzmgvfi qydclznxrd qfbvncxldf cmdqzmgvfi 
lndsfxewdc lndsfxewdc mswyvpdrsy 
bulywvvpni zjbarjhmau bulywvvpni 
ahqdrcepub ahqdrcepub lazlsvgukx 
ixyurvbpvu gwnccktgki 
seeyrseflx vugkhjygfe seeyrseflx 
optviwhmbr optviwhmbr 
rkyixxpcbx eooyfwmxln rkyixxpcbx 
gllungmori gllungmori 
wtlzrefwav wtlzrefwav 
aokbiptbzc aokbiptbzc 
koawdpgqdx koawdpgqdx 
qepegujmaa xtvbrolacp qepegujmaa 
wynbxuuxru wynbxuuxru 
hadchvmijq hadchvmijq 
lkvobxyfca lkvobxyfca euqbrkzdsw 
fznfvsgjhc lbuiysostx fznfvsgjhc 
qcktwemqbm qcktwemqbm 
