0 11 57 9 84 78 60 128 60 108 60 47 94 126 94 83 49 25 124 25 41 112 41 122 41 46 58 100 58 54 10 26 38 87 53 31 118 31 34 120 34 44 104 44 1 21 39 106 39 69 110 69 45 90 40 134 40 18 102 18 12 138 12 5 116 5 0 
35
11 130 131 179 180 181 
57 136 137 188 189 190 
9 161 162 163 
84 132 133 143 144 145 
78 185 186 187 
128 128 129 
108 108 109 
47 152 153 154 164 165 166 
126 126 127 
83 167 168 169 
49 194 195 196 
124 124 125 
112 112 113 
122 122 123 
46 170 171 172 
100 100 101 
54 191 192 193 
10 114 115 197 198 199 
26 158 159 160 
38 146 147 148 
87 149 150 151 
53 176 177 178 
118 118 119 
120 120 121 
104 104 105 
1 155 156 157 
21 140 141 142 
106 106 107 
110 110 111 
45 173 174 175 
90 182 183 184 
134 134 135 
102 102 103 
138 138 139 
116 116 117 
