0 130 133 130 99 104 114 195 197 195 79 135 138 135 52 169 184 64 154 190 192 190 120 102 101 102 108 82 80 65 68 65 165 168 117 166 137 136 137 160 162 161 162 160 74 124 159 149 185 187 185 35 38 35 37 36 37 35 40 43 40 95 97 95 87 95 145 148 145 180 182 181 182 189 54 69 179 144 170 172 170 94 110 57 56 57 110 113 17 16 17 104 39 125 77 116 77 186 42 41 42 186 132 131 132 141 142 141 72 129 139 44 105 47 183 47 120 123 67 66 12 11 12 10 13 2 28 25 120 122 151 152 150 20 55 90 92 91 92 90 25 55 58 32 30 65 27 118 115 15 100 75 78 75 0 3 0 
98
133 133 
99 99 
104 104 
114 114 
195 195 
197 197 
79 134 79 
135 135 
138 138 
52 52 
184 184 
64 64 
154 154 
192 192 
120 120 
102 102 
101 101 
108 108 
82 82 
65 65 
68 68 
168 168 
166 166 
136 136 
160 160 
161 161 
74 74 
124 124 
159 159 
149 149 
187 187 
35 35 
38 38 
37 37 
36 36 
43 43 
95 95 
97 97 
87 87 
145 145 
148 148 
180 180 
182 182 
181 181 
189 189 
54 54 
69 69 
179 179 
144 144 
172 172 
94 94 
110 110 
57 57 
56 56 
113 113 
17 17 
16 16 
39 39 
125 128 125 
116 116 
186 186 
42 42 
41 41 
132 132 
131 131 
141 141 
142 142 
72 72 
129 129 
139 139 
44 44 
105 105 
47 47 
183 183 
123 123 
67 67 
66 66 
12 12 
11 11 
13 13 
2 2 
28 28 
25 25 
122 122 
152 152 
20 20 
55 55 
92 92 
91 91 
58 58 
32 32 
30 30 
27 27 
118 118 
15 15 
100 100 
78 78 
3 3 
