loc0 loc58 loc39 loc84 loc30 loc63 loc18 loc54 loc99 loc30 loc93 loc6 loc60 loc51 loc78 loc34 loc97 loc22 loc67 loc32 loc86 loc50 loc86 loc23 loc95 loc41 loc89 loc71 loc26 loc53 loc25 loc70 loc94 loc14 loc65 loc1 loc65 loc2 loc67 loc0 
29
loc58 loc4 loc13 loc31 loc40 loc49 
loc39 loc39 
loc84 loc48 
loc30 loc30 
loc63 loc3 loc27 loc45 
loc18 loc18 
loc54 loc9 loc36 
loc93 loc12 
loc6 loc6 
loc60 loc21 loc33 
loc51 loc15 
loc78 loc7 loc24 loc42 
loc34 loc34 
loc22 loc22 
loc32 loc32 
loc86 loc5 
loc50 loc47 loc50 
loc23 loc23 
loc41 loc41 
loc89 loc8 loc44 
loc71 loc17 
loc26 loc26 
loc53 loc16 loc35 
loc25 loc25 
loc70 loc43 
loc14 loc14 
loc65 loc11 loc20 loc29 loc38 loc46 
loc1 loc1 loc10 loc19 loc28 loc37 
loc2 loc2 
