loc0 loc193 loc13 loc166 loc85 loc157 loc21 loc129 loc75 loc138 loc66 loc174 loc84 loc102 loc48 loc189 loc57 loc189 loc39 loc180 loc54 loc135 loc18 loc135 loc36 loc135 loc27 loc117 loc63 loc108 loc9 loc162 loc81 loc153 loc45 loc153 loc90 loc172 loc100 loc172 loc55 loc172 loc82 loc172 loc91 loc163 loc1 loc163 loc10 loc109 loc73 loc181 loc37 loc136 loc28 loc199 loc73 loc137 loc128 loc74 loc110 loc47 loc110 loc11 loc110 loc74 loc128 loc173 loc113 loc77 loc155 loc56 loc131 loc83 loc185 loc14 loc176 loc68 loc158 loc62 loc188 loc86 loc158 loc59 loc158 loc23 loc125 loc80 loc161 loc44 loc179 loc17 loc107 loc8 loc143 loc26 loc169 loc7 loc124 loc61 loc187 loc88 loc151 loc79 loc151 loc34 loc115 loc25 loc115 loc43 loc196 loc16 loc178 loc97 loc133 loc52 loc133 loc78 loc150 loc42 loc150 loc69 loc105 loc195 loc15 loc177 loc24 loc159 loc87 loc123 loc93 loc123 loc33 loc123 loc30 loc183 loc3 loc183 loc6 loc183 loc4 loc157 loc49 loc157 loc22 loc120 loc12 loc157 loc67 loc193 loc58 loc184 loc94 loc184 loc50 loc140 loc76 loc148 loc31 loc148 loc40 loc148 loc0 
89
loc13 loc13 
loc85 loc85 
loc21 loc21 
loc75 loc75 
loc66 loc66 
loc84 loc84 
loc48 loc48 
loc189 loc99 
loc57 loc57 
loc39 loc39 
loc180 loc72 
loc54 loc54 
loc18 loc18 
loc36 loc36 
loc27 loc27 
loc63 loc63 
loc9 loc9 
loc81 loc81 
loc45 loc45 
loc90 loc90 
loc100 loc100 
loc55 loc55 
loc82 loc82 
loc91 loc91 
loc1 loc1 
loc10 loc10 
loc109 loc19 loc46 loc64 
loc73 loc73 
loc37 loc37 
loc28 loc28 
loc137 loc20 loc38 loc65 
loc74 loc74 
loc110 loc92 
loc47 loc47 
loc11 loc11 
loc173 loc2 
loc113 loc5 loc29 loc41 
loc77 loc77 
loc56 loc56 
loc83 loc83 
loc185 loc32 
loc14 loc14 
loc68 loc68 
loc62 loc62 
loc86 loc86 
loc59 loc59 
loc23 loc23 
loc80 loc80 
loc161 loc98 
loc44 loc44 
loc179 loc89 
loc17 loc17 
loc107 loc35 loc53 loc71 
loc8 loc8 
loc26 loc26 
loc7 loc7 
loc124 loc70 
loc61 loc61 
loc88 loc88 
loc79 loc79 
loc34 loc34 
loc25 loc25 
loc43 loc43 
loc16 loc16 
loc97 loc97 
loc52 loc52 
loc78 loc78 
loc42 loc42 
loc69 loc69 
loc195 loc51 loc60 loc96 
loc15 loc15 
loc24 loc24 
loc87 loc87 
loc93 loc93 
loc33 loc33 
loc30 loc30 
loc3 loc3 
loc6 loc6 
loc4 loc4 
loc49 loc49 
loc22 loc22 
loc12 loc12 
loc67 loc67 
loc58 loc58 
loc94 loc94 
loc50 loc50 loc95 
loc76 loc76 
loc31 loc31 
loc40 loc40 
