85 54 26 94 5 1 5 72 63 28 36 11 72 77 25 23 25 32 31 86 32 57 61 8 61 0 65 6 35 6 10 93 10 87 82 74 50 74 82 51 82 7 21 76 21 37 49 46 27 4 69 42 92 42 53 45 14 55 14 48 14 17 14 38 70 22 70 68 70 66 47 41 79 89 52 34 13 83 16 29 98 66 71 33 56 99 60 96 60 91 44 59 15 14 64 32 43 24 81 24 85 
49
54 54 
94 94 
1 1 
28 28 
11 11 
77 77 
23 23 
31 31 
86 86 
57 57 
8 8 
0 0 
35 35 
93 93 
87 87 
50 50 
51 51 
7 7 
76 76 
37 37 
46 46 
27 27 
69 69 
92 92 
53 53 
45 45 
55 55 
48 48 80 
17 17 
38 38 
22 22 
68 68 
47 47 
79 79 
52 52 
34 34 
13 13 
16 16 
98 98 
71 71 
56 56 
99 99 
96 96 
91 91 
44 44 
15 15 
64 64 
43 43 
81 81 
