99 176 102 58 22 52 167 154 122 154 149 154 199 26 199 39 199 42 74 166 84 160 120 171 120 53 162 0 162 130 104 31 82 144 169 144 55 69 173 69 163 107 94 93 69 83 69 25 69 100 81 158 81 9 81 126 49 125 49 10 49 123 49 27 116 117 187 68 182 5 138 30 113 114 113 51 113 170 138 20 182 23 165 23 180 23 78 23 37 190 16 17 16 148 121 18 133 59 113 124 113 7 111 45 41 45 185 137 150 137 97 43 66 43 56 96 132 96 157 172 157 119 196 88 54 61 54 129 28 137 186 85 127 85 174 108 106 159 131 159 95 24 95 183 95 164 168 86 181 86 2 40 2 63 2 146 71 112 71 192 71 80 62 73 62 161 76 103 52 92 52 33 139 12 1 19 184 194 47 8 176 35 14 4 118 142 156 70 156 75 79 178 79 34 32 98 152 90 110 155 110 151 110 155 36 15 175 188 176 99 
100
99 99 
102 102 
22 22 
167 167 
122 122 
149 149 
26 26 
39 39 
42 42 
166 166 
160 160 
171 171 
53 53 
0 0 
130 130 
82 82 
169 169 
55 55 
173 173 
163 163 
94 94 
83 83 
25 25 
100 100 
158 158 
9 9 
126 126 
125 125 
10 10 
123 123 
27 27 
117 117 
68 68 
5 5 
30 30 
114 114 
51 51 
170 170 
20 20 
165 165 
180 180 
78 78 
190 190 
17 17 
148 148 
18 18 
59 59 
124 124 
111 111 
41 41 
185 185 
150 150 
97 97 
66 66 
56 56 
132 132 
172 172 
119 119 
88 88 
61 61 
28 28 
186 186 
127 127 
174 174 
106 106 
131 131 
24 24 
183 183 
164 164 
168 168 
181 181 
40 40 
63 63 
146 146 
112 112 
192 192 
80 80 
73 73 
161 161 
103 103 
92 92 
33 33 
12 12 
1 1 
184 184 
47 47 
8 8 
35 35 
4 4 
142 142 
70 70 
75 75 
178 178 
34 34 
98 98 
90 90 
155 155 
151 151 
15 15 
188 188 
