loc59 loc1 loc90 loc14 loc42 loc34 loc52 loc45 loc31 loc5 loc50 loc11 loc37 loc43 loc16 loc17 loc51 loc6 loc47 loc32 loc30 loc13 loc29 loc2 loc36 loc25 loc4 loc28 loc23 loc92 loc41 loc20 loc59 
31
loc1 loc1 
loc90 loc35 loc90 loc33 
loc14 loc14 
loc42 loc62 loc42 
loc34 loc34 
loc52 loc52 
loc45 loc45 
loc31 loc31 
loc5 loc5 
loc50 loc50 
loc11 loc11 
loc37 loc70 loc37 
loc43 loc43 loc54 loc65 loc72 
loc16 loc89 loc16 
loc17 loc17 
loc51 loc51 
loc6 loc6 
loc47 loc74 loc47 
loc32 loc83 loc32 loc84 loc81 
loc30 loc71 loc30 
loc13 loc13 
loc29 loc29 loc68 
loc2 loc2 
loc36 loc36 
loc25 loc25 
loc4 loc4 
loc28 loc28 
loc23 loc97 loc46 loc23 
loc92 loc92 loc98 loc95 
loc41 loc41 loc88 
loc20 loc20 
