0 121 68 186 178 93 81 20 139 99 78 32 67 183 23 36 102 46 17 42 76 31 3 58 117 79 61 14 144 193 59 11 85 96 0 
32
0 91 
68 68 
186 49 53 57 
178 94 
93 2 10 13 21 30 37 43 47 66 71 74 75 83 93 95 
81 81 84 
20 20 35 56 
139 63 
99 18 27 86 99 
78 9 78 
32 4 32 80 
67 19 25 64 67 
183 22 50 
23 23 60 65 
36 36 41 77 
102 7 54 
46 38 46 72 87 
17 5 17 45 62 70 82 89 
42 42 92 
76 12 28 33 51 76 
31 31 44 55 97 
3 3 48 100 
58 58 
79 79 90 
61 8 61 88 98 
14 14 29 
144 52 73 
193 39 
59 24 26 40 59 69 
11 1 11 34 
85 16 85 
96 6 15 96 
