99 34 39 7 13 0 5 28 26 22 48 20 30 45 9 36 42 12 11 27 11 31 19 49 4 33 41 33 40 38 69 2 8 67 57 1 4 16 3 44 46 29 15 18 10 14 10 43 17 51 36 52 35 6 21 86 23 25 47 24 32 37 88 99 
50
34 34 
39 39 
7 7 
13 13 
0 0 
5 5 
28 28 
26 26 
22 22 
48 48 
20 20 
30 30 
45 45 
9 9 
36 36 
42 42 
12 12 
11 11 
27 27 
31 31 
19 19 
49 49 
4 4 
33 33 
41 41 
40 40 
38 38 
2 2 
8 8 
1 1 
16 16 
3 3 
44 44 
46 46 
29 29 
15 15 
18 18 
10 10 
14 14 
43 43 
17 17 
35 35 
6 6 
21 21 
23 23 
25 25 
47 47 
24 24 
32 32 
37 37 
