destitute barnacle Loomis Hindi MN Isfahan septillion Hewlett swordtail bowman Darwin bowman swordtail anvil Curtis connubial bifurcate shroud millennium Bleeker minion slowdown Elizabethan Halstead embassy Dominican bobble Dominican Injun stanza funny mediate Fisk Andersen Auberge diligent swingy namesake destitute 
33
barnacle ripe 
Loomis Loomis Rio 
Hindi Hindi 
MN MN 
Isfahan Isfahan 
septillion creekside papal septillion transpiration 
Hewlett Hewlett decor swordfish 
bowman balustrade 
Darwin Darwin 
anvil anvil 
Curtis trill 
connubial connubial 
bifurcate illusion 
shroud shroud 
millennium choice fatten 
Bleeker Bleeker 
minion minion 
slowdown amateur schedule slowdown 
Elizabethan Elizabethan 
Halstead Halstead 
embassy embassy 
Dominican Dominican 
bobble McCall bobble 
Injun Injun 
stanza stanza 
funny Gilmore funny midget 
mediate extractor mediate 
Fisk Fisk 
Andersen Andersen Vega yogurt 
Auberge Auberge Modesto 
diligent diligent tate 
swingy swingy 
namesake jewel 
