woebegone encumbrance transonic encumbrance woebegone trill fulsome embroil septillion McCall diligent numerology viscous numerology stanza administer trill fulsome shovel choice shovel wingspread funny switchmen imperishable balustrade babysat felony equipping felony tate felony Isfahan yearn Isfahan felony casserole MN exothermic MN monotonous dreadnought monotonous MN noon midstream bunch oriole Winchester bat directory Durango bifurcate update icon torus coarse torus sacrifice involuntary slowdown involuntary mitre involuntary thirteen broil barnacle archive softball car papal archive sphalerite hamper Hewlett Durango sinh encumbrance relaxation backplate involuntary lexicon Vega lexicon Modesto anvil Sunday whatsoever PDP Stephen simulate Gilmore switchmen inform millennium funky swordfish Rodney Auberge Rodney Simon Goodrich Elizabethan Darwin Simon yogurt trimester Curtis deduce trimester transfuse catenate transfuse illusion griddle illusion trimester postscript dull swingy Fisk mediate Fisk December Zorn mack Irvin cowhand explosion cowhand midget combine Wheller creekside taft Tucson extrovert Andersen cowhand woebegone 
92
transonic transonic 
fulsome fulsome 
embroil embroil 
septillion septillion 
McCall McCall 
diligent diligent 
numerology numerology 
viscous viscous 
stanza stanza 
administer administer 
shovel shovel 
choice choice 
wingspread wingspread 
funny funny 
imperishable imperishable 
babysat babysat 
felony felony thoroughfare 
equipping equipping 
tate tate 
Isfahan Isfahan 
yearn yearn 
casserole casserole renaissance 
exothermic exothermic 
monotonous monotonous 
dreadnought dreadnought 
noon noon 
midstream midstream 
bunch bunch 
oriole oriole 
Winchester Winchester connubial 
bat bat 
directory directory 
Durango Durango Reilly 
bifurcate bifurcate 
update update 
icon icon 
coarse coarse 
involuntary involuntary 
slowdown slowdown 
mitre mitre spill 
thirteen thirteen 
broil broil 
barnacle barnacle 
archive archive 
softball softball 
car car 
papal papal 
sphalerite sphalerite 
Hewlett Hewlett 
sinh sinh 
relaxation relaxation 
backplate backplate 
Vega Vega 
Modesto Modesto 
anvil anvil 
Sunday Sunday silage 
whatsoever whatsoever 
PDP PDP limitate 
Stephen Stephen 
simulate simulate 
Gilmore Gilmore 
inform inform secondary 
millennium millennium 
funky funky 
swordfish swordfish 
Rodney Rodney 
Auberge Auberge 
Simon Simon 
Goodrich Goodrich 
Darwin Darwin 
yogurt yogurt 
trimester trimester 
Curtis Curtis 
deduce deduce 
transfuse transfuse 
catenate catenate 
illusion illusion 
griddle griddle 
postscript postscript 
dull dull 
swingy swingy 
Fisk Fisk 
mediate mediate 
December December 
Zorn Zorn 
mack mack 
Irvin Irvin 
explosion explosion 
Wheller Wheller 
Tucson Tucson 
extrovert extrovert 
Andersen Andersen 
