exothermic felony Irvin shovel trill combine Iowa swordfish wafer swordfish yogurt lordosis midget coarse midget amateur Bernini Curtis Injun Bernini Tucson intangible lordosis Halstead Sicilian extrovert sacrifice McCall Andersen McCall namesake FPC yogurt Dominican felony exothermic 
24
felony felony 
Irvin Irvin decor 
shovel shovel 
trill trill 
combine combine 
Iowa Iowa 
swordfish swordfish 
wafer wafer 
yogurt yogurt 
lordosis lordosis 
midget midget 
coarse coarse 
amateur amateur 
Bernini Bernini 
Curtis Curtis 
Injun Injun 
Tucson Tucson 
Halstead Halstead 
extrovert extrovert 
sacrifice sacrifice 
McCall McCall 
Andersen Andersen 
namesake namesake 
FPC FPC 
