Loc35 Loc54 Loc95 Loc37 Loc58 Loc51 Loc34 Loc81 Loc60 Loc7 Loc77 Loc46 Loc84 Loc78 Loc4 Loc62 Loc80 Loc22 Loc24 Loc0 Loc86 Loc74 Loc0 Loc73 Loc25 Loc10 Loc56 Loc93 Loc43 Loc79 Loc90 Loc79 Loc14 Loc41 Loc64 Loc65 Loc39 Loc65 Loc48 Loc52 Loc66 Loc63 Loc20 Loc15 Loc33 Loc19 Loc28 Loc70 Loc1 Loc23 Loc97 Loc67 Loc13 Loc67 Loc31 Loc35 
45
Loc54 Loc54 
Loc95 Loc95 
Loc37 Loc37 
Loc58 Loc58 
Loc51 Loc51 
Loc34 Loc34 
Loc81 Loc81 
Loc7 Loc7 
Loc77 Loc77 
Loc46 Loc46 
Loc84 Loc84 
Loc78 Loc78 
Loc4 Loc89 Loc4 Loc92 
Loc62 Loc62 
Loc80 Loc80 
Loc22 Loc22 
Loc24 Loc24 
Loc0 Loc0 
Loc86 Loc86 
Loc74 Loc74 
Loc73 Loc73 
Loc25 Loc25 
Loc10 Loc10 
Loc93 Loc93 
Loc79 Loc79 
Loc90 Loc90 
Loc14 Loc14 
Loc41 Loc41 
Loc64 Loc64 
Loc65 Loc65 
Loc39 Loc39 
Loc48 Loc48 
Loc52 Loc71 Loc52 
Loc66 Loc66 
Loc63 Loc63 
Loc15 Loc15 Loc47 
Loc33 Loc33 
Loc28 Loc28 
Loc70 Loc70 
Loc1 Loc1 
Loc23 Loc23 Loc44 
Loc97 Loc97 
Loc67 Loc67 
Loc13 Loc13 
Loc31 Loc31 
