Loc151 Loc40 Loc41 Loc98 Loc165 Loc98 Loc101 Loc57 Loc184 Loc3 Loc170 Loc36 Loc16 Loc77 Loc134 Loc61 Loc77 Loc13 Loc6 Loc66 Loc18 Loc21 Loc102 Loc59 Loc141 Loc118 Loc147 Loc180 Loc34 Loc55 Loc24 Loc27 Loc2 Loc110 Loc28 Loc7 Loc67 Loc96 Loc54 Loc118 Loc32 Loc45 Loc52 Loc126 Loc93 Loc70 Loc26 Loc187 Loc58 Loc68 Loc62 Loc72 Loc46 Loc122 Loc94 Loc50 Loc17 Loc125 Loc111 Loc123 Loc81 Loc120 Loc43 Loc154 Loc15 Loc65 Loc138 Loc92 Loc160 Loc169 Loc33 Loc148 Loc142 Loc20 Loc0 Loc130 Loc4 Loc48 Loc151 
69
Loc151 Loc151 
Loc41 Loc177 Loc41 
Loc98 Loc98 
Loc165 Loc165 
Loc101 Loc101 
Loc57 Loc57 
Loc184 Loc184 Loc172 
Loc3 Loc3 
Loc170 Loc170 Loc115 
Loc36 Loc36 
Loc16 Loc16 Loc128 
Loc77 Loc77 
Loc134 Loc134 
Loc61 Loc61 
Loc13 Loc13 
Loc6 Loc6 Loc127 
Loc66 Loc66 
Loc21 Loc99 Loc89 Loc21 
Loc102 Loc47 Loc124 Loc102 
Loc59 Loc161 Loc59 
Loc141 Loc141 
Loc118 Loc85 Loc118 
Loc147 Loc147 
Loc180 Loc180 
Loc34 Loc34 
Loc55 Loc55 
Loc24 Loc24 
Loc27 Loc27 Loc195 
Loc2 Loc2 Loc163 
Loc110 Loc110 
Loc28 Loc28 
Loc7 Loc7 
Loc96 Loc96 
Loc54 Loc54 Loc166 
Loc32 Loc32 
Loc45 Loc117 
Loc52 Loc52 
Loc126 Loc126 
Loc93 Loc93 
Loc70 Loc70 
Loc187 Loc187 Loc173 
Loc58 Loc58 
Loc68 Loc68 
Loc62 Loc62 
Loc72 Loc72 
Loc46 Loc46 
Loc122 Loc122 
Loc94 Loc94 Loc157 
Loc50 Loc181 Loc50 Loc167 Loc183 
Loc17 Loc38 Loc17 
Loc125 Loc190 Loc125 
Loc111 Loc111 
Loc123 Loc185 Loc123 
Loc120 Loc120 
Loc43 Loc43 
Loc154 Loc109 Loc154 
Loc15 Loc194 Loc15 
Loc65 Loc65 
Loc138 Loc138 
Loc92 Loc92 
Loc160 Loc160 Loc158 
Loc33 Loc49 Loc33 
Loc148 Loc148 
Loc142 Loc142 
Loc20 Loc20 Loc182 
Loc0 Loc156 Loc104 
Loc130 Loc130 Loc171 
Loc4 Loc4 Loc131 
Loc48 Loc48 Loc135 
