1 38 90 38 31 91 31 7 44 77 44 37 27 17 96 17 36 83 36 46 82 46 33 72 33 20 64 20 15 85 15 12 52 12 11 78 11 13 58 13 25 86 25 14 89 14 23 55 23 47 93 47 21 61 21 32 80 32 39 69 39 5 42 59 42 10 65 10 24 53 24 45 75 45 35 87 35 4 2 57 2 29 73 29 34 62 34 41 94 41 3 92 3 22 81 22 16 49 16 40 71 40 9 84 9 8 66 8 1 79 1 
40
90 90 
91 91 
7 60 70 74 
77 77 
37 54 56 68 
27 50 63 95 
96 96 
83 83 
82 82 
72 72 
64 64 
85 85 
52 52 
78 78 
58 58 
86 86 
89 89 
55 55 
93 93 
61 61 
80 80 
69 69 
5 76 88 
59 59 
65 65 
53 53 
75 75 
87 87 
4 51 67 
57 57 
73 73 
62 62 
94 94 
92 92 
81 81 
49 49 
71 71 
84 84 
66 66 
79 79 
