1 9 73 9 72 9 40 15 38 31 44 7 18 69 18 63 18 36 6 30 43 27 17 66 17 60 17 19 37 28 46 33 20 12 11 13 25 14 23 47 21 32 39 52 39 57 39 5 48 68 48 58 48 42 10 35 45 24 26 4 2 29 34 41 3 22 16 8 1 
53
1 49 128 
73 73 
72 72 
40 87 117 
15 85 103 
38 61 111 
31 70 143 
44 102 114 
7 107 120 
69 69 
63 63 
36 110 130 
6 119 126 
30 95 101 
43 64 136 
27 78 140 
66 66 
60 60 
19 53 98 
37 99 125 
28 83 131 
46 54 144 
33 67 127 
20 115 124 
12 59 116 
11 65 142 
13 79 109 
25 80 86 
14 75 105 
23 55 108 
47 113 141 
21 82 138 
32 135 139 
52 52 
57 57 
5 90 93 
68 68 
58 58 
42 89 104 
10 76 132 
35 84 92 
45 74 122 
24 88 134 
26 100 121 
4 51 118 
2 62 81 
29 96 129 
34 50 77 
41 106 137 
3 97 112 
22 71 94 
16 91 133 
8 56 123 
