ctUVEJSyNR Z82QDWb0Pr U5XdtBFGOe Z82QDWb0Pr 7d3UA4fKWz 8Jejdr7ynm QwY2G6aX6c 8Jejdr7ynm sY3UqAEMG3 MzId8uwrPz TDmNOuGJBk T3o9dNVbcG RLF9v27sOQ VbPBW7rmhF BtCEVbHoQI HG8olhhcTZ sY3UqAEMG3 oPQmRUijH5 gLI8ArV2Ui osdKgXyg1e MuYreynm57 f91pUtm9EZ vzXeZbLrSW UphA2uAaYC HEqjxwCWnl zUWT7uduzq uVIshS2g8a qg08r1Pg6g uVIshS2g8a VBTKstUXwG HTp005294X IU0Ia8127Z HTp005294X Z82QDWb0Pr ctUVEJSyNR 
22
Z82QDWb0Pr Z82QDWb0Pr 
U5XdtBFGOe U5XdtBFGOe 
7d3UA4fKWz 7d3UA4fKWz 
8Jejdr7ynm 8Jejdr7ynm 
QwY2G6aX6c QwY2G6aX6c 
MzId8uwrPz MzId8uwrPz 
TDmNOuGJBk TDmNOuGJBk 
T3o9dNVbcG T3o9dNVbcG 
RLF9v27sOQ RLF9v27sOQ 
BtCEVbHoQI I4iTN5KXjB BtCEVbHoQI 
HG8olhhcTZ HG8olhhcTZ 
oPQmRUijH5 6lpxgUxCxO oPQmRUijH5 
gLI8ArV2Ui gLI8ArV2Ui 
osdKgXyg1e osdKgXyg1e 
MuYreynm57 MuYreynm57 
f91pUtm9EZ f91pUtm9EZ 
vzXeZbLrSW vzXeZbLrSW 
UphA2uAaYC UphA2uAaYC 
zUWT7uduzq zUWT7uduzq 
qg08r1Pg6g qg08r1Pg6g 
VBTKstUXwG 8UaR4YpZys VBTKstUXwG 
IU0Ia8127Z IU0Ia8127Z 
