g3ylJsdLuC idQHxtSnxr BUMLJo6sc3 TSSOUimHPg IGpxjveim7 TSSOUimHPg 97ZNlakBoq mwzQG3SxnO 97ZNlakBoq 7ZWqK2F5XG 0SQlBVJ1YY 0mnwiU4XrT 0SQlBVJ1YY Pz3egMzKU8 srT70dfQEr K05xB79KZo srT70dfQEr 1N2P3Sa7im x066w6eh4W fWIjO8yhE3 jWGPBjgoMW MXIvZpEPtW 4znnlMjVra WYEDqSuNRX oEdovEhrWM qnkfLCmfDn QTNhZIciNJ 2S929yZddP QTNhZIciNJ 9LabQjTqkn vUu8ijgxxf KUJdxKVZFO 7g0Idy1nzK BNkM7qaRNw yky49wE4YG YAqGe4tKAP FvzkpZRSj8 PcFJuErB3q CxfzSa2YOV 2q1lo9tSYb JD3uem81Lg oIVQ2qkgnR s3eMpsYH00 nKHFs5cKTX s3eMpsYH00 Pijq8aHqIR x066w6eh4W 1N2P3Sa7im 1TfvXd6dPZ dC48GQHGzO oWmQcQwHPo 2eMl9AO5o8 9LabQjTqkn vUu8ijgxxf DJYFSgxecW t25XjDwQhD 2fevl06VRg 33omYiVXOD 5SSy593K31 WvFZJEkTrw aEo62SfMqH j98kcW9qGB onlLq65Azx idQHxtSnxr g3ylJsdLuC 
47
idQHxtSnxr idQHxtSnxr 
BUMLJo6sc3 fecMfiAuGC jPXsbXPNMq BUMLJo6sc3 
TSSOUimHPg Q1N77BLmyb LCKLTNE1vp 
IGpxjveim7 x7iq98BiN3 
97ZNlakBoq 97ZNlakBoq 
mwzQG3SxnO XW1Wn7EqpN mwzQG3SxnO 
7ZWqK2F5XG 2O61j91J3T 
0SQlBVJ1YY TyL7NE2puV 
0mnwiU4XrT 0mnwiU4XrT wRn7Oi1bcW 
Pz3egMzKU8 Pz3egMzKU8 gZXiityEnU 
srT70dfQEr srT70dfQEr 
K05xB79KZo K05xB79KZo 
1N2P3Sa7im u4LnQNaaiz 
x066w6eh4W 0hs3CNDF4L 
fWIjO8yhE3 S8BtTu4yH9 qjDSEKmZMW WAi18jd2vJ uvoepIQg9n KHDeTTvJC1 8KtuAXHUy3 
MXIvZpEPtW uIf3wnJUdn g2I4si69gU IT4pKw3giW biWuM2iRnz jBYJ7v19BQ 
4znnlMjVra dj8JMfo3hX 4znnlMjVra 
WYEDqSuNRX KpxiCfRqh3 oVMPVsMWrZ 
oEdovEhrWM CUEWGmB7Gt oEdovEhrWM 
qnkfLCmfDn qnkfLCmfDn dMOAUqH7Z3 yU6iUY8YgO 
QTNhZIciNJ h5Si5BAPN0 xtp1B5q0W1 CSjLrGbUz3 QTNhZIciNJ 
2S929yZddP YpRs8m6oyX 1QXjsHNYao 2S929yZddP 
vUu8ijgxxf yvMowGbkvn vUu8ijgxxf 
KUJdxKVZFO 0wTk0mYkLH KUJdxKVZFO GQ4F0g3Mdj fXy828RCG4 
7g0Idy1nzK 03xK87sjTf 7g0Idy1nzK 
BNkM7qaRNw BNkM7qaRNw XlU2fx0ZPn 
yky49wE4YG WRd4lScvm6 yky49wE4YG Pv5LMSkQii TP2TNyk7wl 723MhcLxt0 
YAqGe4tKAP YAqGe4tKAP 
FvzkpZRSj8 Oiowits7js FvzkpZRSj8 
CxfzSa2YOV CxfzSa2YOV M2hatQPY96 
JD3uem81Lg r8njDwxc2t IA0Uf143OT JD3uem81Lg 
oIVQ2qkgnR bhojeHeddF oIVQ2qkgnR 
s3eMpsYH00 s3eMpsYH00 
nKHFs5cKTX nKHFs5cKTX 
Pijq8aHqIR lfdanPGo3c TBzLS0OAYU Pijq8aHqIR 
1TfvXd6dPZ 1TfvXd6dPZ mbSdju1TJK 2OsmeZV9xh u4FAx2sHZm 
dC48GQHGzO RN0bCAV6rQ 
oWmQcQwHPo WcyuqGYOzU oWmQcQwHPo 
2eMl9AO5o8 QrJxLpX875 Tk8ERvdKxF emYRLTiyj9 
t25XjDwQhD z9nRKYQ1ub tubjzjzUpV t25XjDwQhD 
2fevl06VRg pk0Vh75DnH 
33omYiVXOD oCk2Yieytb LeZK9UvMT9 bWDewy6WbV 
5SSy593K31 5SSy593K31 
WvFZJEkTrw 12ECENJIev WvFZJEkTrw 
aEo62SfMqH aEo62SfMqH 
j98kcW9qGB bsEkAY2K41 
onlLq65Azx onlLq65Azx 
