6Zg7j6t8kt wXTrLT9dUx 1aPtXDhYtV ESDdDChkYw 1iUrZ2N0MA s8EkvbOYAX 79JJ9GZF8c fhmE7A9rVl 0gqiqztWgj 4ViGHxfdlc MpRNDD0glq lrFRnKniRv ka4cgDWgq7 GSDEYlNcCM 4JtfcKJvHu H0NdoJawvz oQb2PqTM8x tvKOOMQ7Sv Iroa6leixY YrPP1U1r20 ckEVpwA8CD YQKcyMibnc ckEVpwA8CD YrPP1U1r20 7cteJXIZM1 YrPP1U1r20 I1RTFIGWhc NgxnYo41LY 4lUeyqYb0U NgxnYo41LY cqCbnI2bkr b3jUAAPOlA cqCbnI2bkr NgxnYo41LY UgxUR9jKcJ Ma7DUhMrCQ pm1Yq2dCLL iyQiEnpG35 pm1Yq2dCLL uXkvSfF7Kv OpwMnuSGmp dyS1o5lQHD KpPj50fAfy EZQ9HUGjRN OR78sPVsV9 4RZs4XFvF9 G05S6XZiBa 1koyFI8rlU Octagmmhko TH1GgoG5GU vCSWEyz4PC KpPj50fAfy fbxiHLAsv4 79JJ9GZF8c M9d0z6OccV gSP0irArmo N08DpqDewo gSP0irArmo YZKJeBb8Pe dojrtYXceT wXTrLT9dUx 8pgnfE3xKu oRs9wR3IGE 8pgnfE3xKu OGWcs2X8pk 8pgnfE3xKu vD4d0BZ03p zH4Z0p0Ftj VWD9Yy5Xrg MImiDijd1o 97dvK2Az7S Dkc5CxJ6RV 97dvK2Az7S GSDEYlNcCM ka4cgDWgq7 6Zg7j6t8kt 
50
wXTrLT9dUx wXTrLT9dUx 
1aPtXDhYtV 1aPtXDhYtV 
ESDdDChkYw ESDdDChkYw 
s8EkvbOYAX s8EkvbOYAX 
79JJ9GZF8c 79JJ9GZF8c 
fhmE7A9rVl fhmE7A9rVl 
0gqiqztWgj 0gqiqztWgj 
4ViGHxfdlc 4ViGHxfdlc 
MpRNDD0glq MpRNDD0glq 
lrFRnKniRv lrFRnKniRv 
ka4cgDWgq7 ka4cgDWgq7 
GSDEYlNcCM GSDEYlNcCM 
4JtfcKJvHu 4JtfcKJvHu 
H0NdoJawvz H0NdoJawvz 
tvKOOMQ7Sv tvKOOMQ7Sv 
Iroa6leixY Iroa6leixY 
YrPP1U1r20 YrPP1U1r20 
ckEVpwA8CD ckEVpwA8CD 
YQKcyMibnc YQKcyMibnc 
7cteJXIZM1 7cteJXIZM1 
I1RTFIGWhc I1RTFIGWhc 
NgxnYo41LY NgxnYo41LY 
4lUeyqYb0U 4lUeyqYb0U 
cqCbnI2bkr cqCbnI2bkr 
b3jUAAPOlA b3jUAAPOlA 
UgxUR9jKcJ UgxUR9jKcJ 
iyQiEnpG35 iyQiEnpG35 
uXkvSfF7Kv uXkvSfF7Kv 
OpwMnuSGmp OpwMnuSGmp 
KpPj50fAfy KpPj50fAfy 
EZQ9HUGjRN EZQ9HUGjRN 
4RZs4XFvF9 4RZs4XFvF9 
G05S6XZiBa G05S6XZiBa 
1koyFI8rlU 1koyFI8rlU 
Octagmmhko Octagmmhko 
TH1GgoG5GU TH1GgoG5GU 
vCSWEyz4PC vCSWEyz4PC 
fbxiHLAsv4 fbxiHLAsv4 
M9d0z6OccV M9d0z6OccV 
N08DpqDewo N08DpqDewo 
YZKJeBb8Pe YZKJeBb8Pe 
dojrtYXceT dojrtYXceT 
8pgnfE3xKu 8pgnfE3xKu 
oRs9wR3IGE oRs9wR3IGE 
OGWcs2X8pk OGWcs2X8pk 
vD4d0BZ03p vD4d0BZ03p 
zH4Z0p0Ftj zH4Z0p0Ftj 
VWD9Yy5Xrg VWD9Yy5Xrg 
97dvK2Az7S 97dvK2Az7S 
Dkc5CxJ6RV Dkc5CxJ6RV 
