5 24 55 12 82 27 14 91 99 22 85 23 47 51 4 77 34 59 60 59 64 93 64 59 39 59 60 0 60 18 60 59 53 98 62 9 11 36 37 40 15 90 95 43 45 6 45 47 42 81 92 1 38 84 74 1 76 80 20 69 20 52 44 97 46 87 30 78 13 5 
47
5 5 
24 24 
55 55 
82 82 67 
27 27 
14 14 
91 91 
99 99 
22 22 
85 85 
23 23 
47 47 
4 4 
34 34 
60 60 
64 64 
93 93 
39 39 
0 0 
18 18 
53 53 
98 98 
62 62 
11 11 
36 36 
40 75 40 
15 15 
95 95 
43 43 
45 45 
6 6 
42 42 
81 81 
92 92 
1 1 
84 84 
74 74 
76 76 
69 69 
52 52 
44 44 
97 97 
46 46 
87 87 
30 30 
78 78 
13 13 88 
