153 170 113 58 47 120 21 184 21 161 60 112 60 139 43 139 138 61 138 131 25 195 80 140 80 39 70 180 197 68 118 169 35 90 2 187 160 37 160 127 100 56 100 98 122 101 163 78 189 8 189 147 42 103 48 3 23 40 90 35 177 137 41 108 79 172 133 91 19 186 52 179 52 186 83 92 171 175 27 53 145 178 95 77 53 50 58 99 109 29 192 156 50 128 96 158 119 81 108 41 136 181 146 75 182 194 135 117 16 126 22 86 4 86 13 196 76 7 20 89 168 11 165 134 74 28 152 89 49 167 93 188 93 12 34 12 129 15 153 
94
153 153 
170 170 
113 113 
58 58 
47 47 
120 120 36 
21 21 
184 184 
161 161 
60 60 0 
112 112 
43 43 
138 138 
61 61 
131 131 
195 195 
140 140 
70 70 
180 180 
197 197 
68 68 
118 118 
169 169 
35 35 
90 90 
2 2 
187 187 
160 160 
37 37 
127 127 
56 56 
98 98 88 
122 122 
163 163 
8 8 
147 147 
42 42 
3 3 
23 23 
40 40 
177 177 
137 137 
41 41 
108 108 
79 79 
172 26 172 
19 19 
52 52 
179 179 
83 83 
171 171 
53 53 
145 145 
178 178 
95 95 
77 77 
50 50 
99 99 
29 29 
192 192 5 
156 156 
128 128 
96 96 
119 119 
81 81 
136 136 
146 146 
182 182 
194 194 
135 135 
16 16 
126 126 
86 86 
4 4 
13 13 
196 196 
76 124 
7 7 
20 20 
89 89 
168 168 150 
11 11 
134 134 
74 74 
28 28 
152 152 
49 49 
167 167 
93 93 
188 188 
12 12 
34 34 
129 129 
15 15 
