y1ueyuwp oso2xmpn1i uus7jirbe 38s4jyp4eu 2y9obuu yik8cqxn2 2y9obuu 6u33i yida2btlrgcd2it mqt67y9n xllfi9b bmicm4au my85gnmouy g7pgjjh6 j2pso94 kc3zwg52 u4xzrfm7f kc3zwg52 jjeivv4j55 rkd38ui5s4 8erlfq ywksl5wd 4cddmu86gmo 95nsenz6 jjeivv4j55 l12pu 31raz5hp9v vnsdusp svhmnjst1e umnww3 fhrrge vehkyi71w 9956fi f3vyq53xc 2bwd2j f3vyq53xc swoprer 8cfvpx26xwcwt 7og7qr4t86 q847myi 8eg2mee w4qoh15 eq5c5ygub 2y9obuu p53u2x9bku99j t9q1ztn8723 kch7lui7 ngl6ujj91 ehy39 3hlob94j5u y1ueyuwp 
41
uus7jirbe uus7jirbe 
38s4jyp4eu 38s4jyp4eu 
2y9obuu 2y9obuu 
yik8cqxn2 yik8cqxn2 
6u33i 6u33i 
yida2btlrgcd2it yida2btlrgcd2it 
mqt67y9n mqt67y9n 
xllfi9b xllfi9b 
bmicm4au bmicm4au quxig9xz2 
my85gnmouy kab7t8o7qjj my85gnmouy 
j2pso94 j2pso94 
kc3zwg52 kc3zwg52 
u4xzrfm7f u4xzrfm7f 
jjeivv4j55 jjeivv4j55 
rkd38ui5s4 rkd38ui5s4 
8erlfq 8erlfq 
ywksl5wd ywksl5wd 
4cddmu86gmo 4cddmu86gmo 
95nsenz6 95nsenz6 
l12pu l12pu 
31raz5hp9v 31raz5hp9v 
vnsdusp vnsdusp 
svhmnjst1e svhmnjst1e 
umnww3 umnww3 
fhrrge fhrrge 
vehkyi71w vehkyi71w 
9956fi 9956fi 
f3vyq53xc f3vyq53xc 
2bwd2j 2bwd2j 
swoprer swoprer 
8cfvpx26xwcwt 8cfvpx26xwcwt 
7og7qr4t86 7og7qr4t86 
q847myi q847myi 
8eg2mee 8eg2mee 
w4qoh15 w4qoh15 
eq5c5ygub eq5c5ygub 
p53u2x9bku99j p53u2x9bku99j 
t9q1ztn8723 t9q1ztn8723 
kch7lui7 kch7lui7 
ehy39 ehy39 
3hlob94j5u 3hlob94j5u 
