htb26qt 59yzvtv obabms vrem3ey3kg44 hq5mh8mi pt2n7hl e7lxs pt2n7hl euhqqqmdpe ushjdkdhm9 6u4sf1gi s9vu9xx884 y3eg7gqq6 9egqgrh7x4e kwtb3cg kxhc6t8tu 8m3pascg kxhc6t8tu 4w6uhigzl pmyqr zou7sx9w nd9xavj zou7sx9w vl6czuab 37v6d art44ncra 5stwoup zjj1dm8s 7pbkkbbpw grn3uqx9y tu8xxomxhi hc2hf5t8 mucolb1r ay5sahonq84 mucolb1r f92ere3 tjwldi ilaz9q 812l47wm 4ka6l1c8w 9oii82xaa 52a3fj2zh 87jxa zjh83ae 7hz6j8 uzsjpl5f5 5nsjpxd 3khitn6 x73l73jp dlkmpx yr44oj2 i6lsw66h aplkk57cpzm q42s9z886w5 wqkqf 1161ildqnj piawzpgtzz9 1161ildqnj ynuam4f8 8jea4n4ez fej54ps5j hyc885fvjls pt2n7hl yhvc7zg g2g6fxcwr2l gd5ct4 t4iedm itrx5fucdq ht1efrhmh ysiw8m4l yg6hizqty 5612qqmh yhp7wbv9 5612qqmh txlltgki 8gc7dka8lfy ht1efrhmh ozag34bm9 1ca2x2cnc ic2r4blmm9 1ca2x2cnc mw8g2qjo1 iffsi a5u8g4sej yx6dguko p9mtts og6n7bgq8h nm7ud 1jhmm8m85 l8yypbh 6a87gkworxixf dt4ljfgjkizpq uzsjpl5f5 6k7du hwu8dv9jgknbm pwqxinlzb3s ozag34bm9 9lvbrlgk k3qywmpr h1gz5hzz vx6dadli2g htb26qt 
84
59yzvtv 59yzvtv 
obabms obabms 
vrem3ey3kg44 vrem3ey3kg44 
hq5mh8mi hq5mh8mi 
pt2n7hl pt2n7hl 
e7lxs e7lxs 
euhqqqmdpe euhqqqmdpe 
ushjdkdhm9 ushjdkdhm9 
6u4sf1gi 6u4sf1gi 
s9vu9xx884 s9vu9xx884 
y3eg7gqq6 y3eg7gqq6 
9egqgrh7x4e 9egqgrh7x4e 
kwtb3cg kwtb3cg 
kxhc6t8tu kxhc6t8tu 
8m3pascg 8m3pascg 
4w6uhigzl 4w6uhigzl 
pmyqr pmyqr 
zou7sx9w zou7sx9w 
nd9xavj nd9xavj 
vl6czuab vl6czuab 
37v6d 37v6d 
art44ncra art44ncra 
5stwoup 5stwoup 
7pbkkbbpw 7pbkkbbpw 
grn3uqx9y grn3uqx9y 
tu8xxomxhi tu8xxomxhi 
hc2hf5t8 hc2hf5t8 
mucolb1r mucolb1r 
ay5sahonq84 ay5sahonq84 
f92ere3 f92ere3 
tjwldi tjwldi 
ilaz9q ilaz9q 
812l47wm 812l47wm 
4ka6l1c8w 4ka6l1c8w 
9oii82xaa 9oii82xaa 
52a3fj2zh 52a3fj2zh 
87jxa 87jxa 
zjh83ae zjh83ae 
7hz6j8 7hz6j8 
uzsjpl5f5 uzsjpl5f5 
3khitn6 3khitn6 
x73l73jp x73l73jp 
dlkmpx dlkmpx 
yr44oj2 yr44oj2 
i6lsw66h i6lsw66h 
aplkk57cpzm aplkk57cpzm 
q42s9z886w5 q42s9z886w5 
wqkqf wqkqf 
1161ildqnj 1161ildqnj 
piawzpgtzz9 piawzpgtzz9 
ynuam4f8 ynuam4f8 
8jea4n4ez 8jea4n4ez 
fej54ps5j fej54ps5j 
hyc885fvjls hyc885fvjls 
yhvc7zg yhvc7zg 
g2g6fxcwr2l g2g6fxcwr2l 
gd5ct4 gd5ct4 
t4iedm t4iedm 
itrx5fucdq itrx5fucdq 
ht1efrhmh ht1efrhmh 
ysiw8m4l ysiw8m4l 
yg6hizqty yg6hizqty 
yhp7wbv9 yhp7wbv9 
txlltgki txlltgki 
8gc7dka8lfy 8gc7dka8lfy 
ozag34bm9 ozag34bm9 
1ca2x2cnc 1ca2x2cnc 
ic2r4blmm9 ic2r4blmm9 
mw8g2qjo1 mw8g2qjo1 
iffsi iffsi 
a5u8g4sej a5u8g4sej 
yx6dguko yx6dguko 
p9mtts p9mtts 
og6n7bgq8h og6n7bgq8h 
nm7ud nm7ud 
1jhmm8m85 1jhmm8m85 
l8yypbh l8yypbh 
dt4ljfgjkizpq dt4ljfgjkizpq 
6k7du 6k7du 
hwu8dv9jgknbm hwu8dv9jgknbm 
pwqxinlzb3s pwqxinlzb3s 
9lvbrlgk 9lvbrlgk 
k3qywmpr k3qywmpr 
h1gz5hzz h1gz5hzz 
