index97 index50 index51 index63 index19 index49 index36 index15 index27 index32 index83 index2 index44 index68 index73 index33 index11 index28 index76 index6 index43 index29 index70 index59 index16 index42 index52 index41 index14 index72 index58 index71 index10 index56 index22 index56 index24 index56 index8 index5 index78 index48 index31 index30 index26 index57 index97 
37
index97 index1 index97 
index51 index39 index51 
index63 index63 
index49 index49 index79 
index36 index23 
index15 index3 index15 
index27 index27 
index32 index32 index35 
index83 index38 
index2 index2 
index44 index44 
index68 index68 
index73 index73 
index33 index7 index33 
index11 index11 
index76 index25 index76 index94 
index6 index6 index85 
index43 index43 
index29 index29 
index70 index70 
index59 index59 
index42 index42 
index52 index52 
index41 index41 
index14 index0 index13 index14 
index72 index72 
index58 index58 
index10 index10 
index22 index22 index91 
index24 index24 
index8 index8 
index5 index9 
index78 index78 
index48 index48 
index31 index31 
index26 index26 
index57 index57 index60 
