index155 index193 index44 index98 index124 index142 index14 index67 index17 index61 index150 index4 index87 index141 index27 index97 index125 index192 index3 index110 index45 index30 index62 index69 index37 index25 index81 index137 index143 index76 index38 index107 index133 index22 index52 index136 index66 index181 index199 index111 index5 index108 index102 index63 index6 index21 index109 index167 index158 index92 index58 index118 index60 index140 index130 index118 index90 index9 index131 index20 index145 index106 index56 index156 index129 index185 index100 index116 index120 index15 index57 index121 index114 index152 index89 index117 index31 index10 index95 index186 index134 index75 index40 index42 index169 index19 index180 index144 index180 index155 
74
index155 index155 
index44 index44 
index124 index124 index198 
index142 index142 
index14 index14 
index67 index67 index164 
index17 index17 
index150 index150 
index4 index4 index126 
index87 index87 
index141 index128 index141 
index27 index27 
index97 index97 
index125 index125 
index3 index3 
index110 index110 
index30 index30 
index62 index47 index62 
index69 index24 index69 index165 
index37 index37 index174 index196 
index25 index25 
index81 index81 index170 
index137 index137 
index143 index143 
index76 index113 
index107 index107 
index133 index39 index133 
index22 index22 index86 
index52 index52 
index66 index66 
index199 index32 index112 index199 
index5 index5 
index108 index108 
index102 index172 
index63 index63 
index6 index6 
index21 index21 index157 
index109 index23 index109 
index167 index49 index167 
index158 index158 index159 
index92 index92 
index58 index58 
index118 index118 
index60 index60 
index140 index115 
index130 index26 index96 index130 
index90 index11 index90 
index9 index9 
index131 index99 index131 
index20 index20 
index106 index106 
index56 index55 index56 
index156 index156 
index129 index129 
index100 index100 
index116 index116 
index120 index190 
index15 index15 
index57 index57 
index121 index18 index121 
index114 index114 
index152 index88 index152 
index89 index89 
index31 index31 
index10 index10 
index95 index95 
index186 index186 
index134 index134 
index75 index50 
index40 index40 index83 
index42 index42 
index169 index169 
index19 index19 
index144 index144 
