index26 index35 index5 index41 index10 index37 index7 index25 index2 index39 index24 index20 index13 index27 index42 index1 index18 index15 index48 index4 index26 
18
index26 index26 
index35 index33 index35 
index5 index5 
index41 index16 index41 
index10 index10 
index7 index7 
index25 index25 
index2 index2 index31 index44 
index39 index39 
index24 index24 
index20 index32 
index13 index13 index38 
index27 index19 index27 
index42 index40 
index1 index1 
index15 index9 index15 
index48 index48 
index4 index43 
