M2S9flVUcYP2sJdh8LXf H59EihDjhfpS7ToXFM3L X9TJsvmT50zYeG0q6XSG Bc6dudheE3WGLxP0iDdK X9TJsvmT50zYeG0q6XSG 93aDiM8K0XhtiVcCVKi2 tuE7UekaxGUib4idWtYa PZrpdQAa8H8tkrajh08J m1IYiQsUBuvvpTv7yWXO Dt5YfbjQq6VoKnyw6Zav Dc1wEVV3kuOZotG6pNlL LNMZej67uy0Whvqp5OR1 Dc1wEVV3kuOZotG6pNlL k7k4sHxeh1pR4sOjcVuj Eu0wGcDBBrgvePzHfqrS ECCnzlgsMEvTYjNwAlfM uy6RcQAYd3ATM1Icq3my LxEzX08MG9T8knIYbul0 dOKaHsIcDX32wPXAX2Gt zdtRVpQ9lVyEhNj9Evpp gZVNRDm5p6aX5QEEX8UG vxiwkV1b5fV2sGCBFsRQ 5gumrx48u1yPpF6ivPOI yHMPX8vHctuUweyLluyz dOKaHsIcDX32wPXAX2Gt JajH9BPb1gw5kQ2oTRnP Dt5YfbjQq6VoKnyw6Zav pNXWB5geApaSjbsCCT4J MtQDjkLToWj4d53MMhKG nbZglhhmYQAPQz4eETaj Pqf0Sn4UvsBLaxz7WO4n 0uvEfLgT4s8ImTk9VWBt dKH5OdpmJKCU83bbXVxZ Kfu1pc3YPMGebW7Iu8ex dKH5OdpmJKCU83bbXVxZ S8uMGvUglWyhnfV5Wzdp 48nWZMVqWDxfH9uMf2U3 zD7ErBenXxsG4D9b5TEV lxlEsWbbqG2dcyvjsLTA 8KfYYXeMqM0D4nShLOzi 4bQwji0D4wyEDLd54MWv 9GrchmlNCDIapQ9OnEYh oWxP87H6AXwFzF0dpB9d jgcWqrcniA4q9WNs9xkc cdaizmjQrCe5Vnwy3JQF tVhIJJgs0kEFaQx1hdWm wpBgd82GxlO3hr1i0lHL Z0DuoZMcx6oyDPWFznMK 5jhNGHh0Et1Lidy4vCpq yZPIHwySFuIdRJCMzjnz L8bxdxuDa5issn2PiN3u Jjat3uJ5XboI9kZe0522 W4IxjYZtRN88GGSV9Uoc PbYOO88SokShsv7XrgBm Z8MZ2JfftjeVVnGFSOQe fmFrd4vggNac5TkiFJAd XmlH4l2BXG35TF70bZqZ yCGd2pn2AE5LZ3OxzJbL M2S9flVUcYP2sJdh8LXf 
44
M2S9flVUcYP2sJdh8LXf M2S9flVUcYP2sJdh8LXf 
H59EihDjhfpS7ToXFM3L H59EihDjhfpS7ToXFM3L 
Bc6dudheE3WGLxP0iDdK Bc6dudheE3WGLxP0iDdK 
93aDiM8K0XhtiVcCVKi2 93aDiM8K0XhtiVcCVKi2 
tuE7UekaxGUib4idWtYa sH3pvLOfMUrEGUrmsHCu 
PZrpdQAa8H8tkrajh08J PZrpdQAa8H8tkrajh08J 
m1IYiQsUBuvvpTv7yWXO m1IYiQsUBuvvpTv7yWXO 
Dt5YfbjQq6VoKnyw6Zav Dt5YfbjQq6VoKnyw6Zav 
LNMZej67uy0Whvqp5OR1 LNMZej67uy0Whvqp5OR1 
k7k4sHxeh1pR4sOjcVuj k7k4sHxeh1pR4sOjcVuj 
Eu0wGcDBBrgvePzHfqrS Eu0wGcDBBrgvePzHfqrS 
ECCnzlgsMEvTYjNwAlfM ECCnzlgsMEvTYjNwAlfM 
uy6RcQAYd3ATM1Icq3my uy6RcQAYd3ATM1Icq3my 
LxEzX08MG9T8knIYbul0 LxEzX08MG9T8knIYbul0 
dOKaHsIcDX32wPXAX2Gt dOKaHsIcDX32wPXAX2Gt 
zdtRVpQ9lVyEhNj9Evpp zdtRVpQ9lVyEhNj9Evpp 
gZVNRDm5p6aX5QEEX8UG gZVNRDm5p6aX5QEEX8UG 
vxiwkV1b5fV2sGCBFsRQ vxiwkV1b5fV2sGCBFsRQ 
5gumrx48u1yPpF6ivPOI 5gumrx48u1yPpF6ivPOI 
yHMPX8vHctuUweyLluyz yHMPX8vHctuUweyLluyz 
pNXWB5geApaSjbsCCT4J pNXWB5geApaSjbsCCT4J 
nbZglhhmYQAPQz4eETaj nbZglhhmYQAPQz4eETaj 
Pqf0Sn4UvsBLaxz7WO4n Pqf0Sn4UvsBLaxz7WO4n EtrZREkmL456viQQJ9Rb 
0uvEfLgT4s8ImTk9VWBt 0uvEfLgT4s8ImTk9VWBt 
dKH5OdpmJKCU83bbXVxZ dKH5OdpmJKCU83bbXVxZ 
Kfu1pc3YPMGebW7Iu8ex Kfu1pc3YPMGebW7Iu8ex 
S8uMGvUglWyhnfV5Wzdp S8uMGvUglWyhnfV5Wzdp 
48nWZMVqWDxfH9uMf2U3 48nWZMVqWDxfH9uMf2U3 
zD7ErBenXxsG4D9b5TEV zD7ErBenXxsG4D9b5TEV 
8KfYYXeMqM0D4nShLOzi tUowOUG1V7iCXBCMR0AT v0QJIKD4q7sFXrzFSb6J 8KfYYXeMqM0D4nShLOzi 
4bQwji0D4wyEDLd54MWv 4bQwji0D4wyEDLd54MWv 
9GrchmlNCDIapQ9OnEYh 9Jr76N4fnNot7SNYqBKG 9GrchmlNCDIapQ9OnEYh 
oWxP87H6AXwFzF0dpB9d oWxP87H6AXwFzF0dpB9d 
jgcWqrcniA4q9WNs9xkc jgcWqrcniA4q9WNs9xkc 
cdaizmjQrCe5Vnwy3JQF cdaizmjQrCe5Vnwy3JQF vodEvdIApqt0N3TZsbxN 
tVhIJJgs0kEFaQx1hdWm tVhIJJgs0kEFaQx1hdWm 
Z0DuoZMcx6oyDPWFznMK Z0DuoZMcx6oyDPWFznMK 
yZPIHwySFuIdRJCMzjnz yZPIHwySFuIdRJCMzjnz 
L8bxdxuDa5issn2PiN3u L8bxdxuDa5issn2PiN3u 
Jjat3uJ5XboI9kZe0522 Jjat3uJ5XboI9kZe0522 
W4IxjYZtRN88GGSV9Uoc W4IxjYZtRN88GGSV9Uoc 
Z8MZ2JfftjeVVnGFSOQe Z8MZ2JfftjeVVnGFSOQe 
fmFrd4vggNac5TkiFJAd fmFrd4vggNac5TkiFJAd 
XmlH4l2BXG35TF70bZqZ NMTjl1jsvrb7y2ggdCSc XmlH4l2BXG35TF70bZqZ 
