hC71hIuyRaST3AiaSZqg cXmjc3Wu4kjM1IHGgfA5 hC71hIuyRaST3AiaSZqg lrXvsaItMucJuqzZylSg btiXecpJBKmrIHtQ7jPA 4wWd3kvalFkda9M583i7 7hwqk4bfHzoBgB4yaE5p YygsiZkXDS9oQ07w4psX CIdYfkuOMaRk394L6cKF ivvO5yUvAxjOjLiwMPV4 xTqag3TRSmD8TI7ozU6T nOsoIFzZBhdd6bjP45Ba xTqag3TRSmD8TI7ozU6T yMXdJdorJpzOHHt9uIfg gZiMcGUkLd8qaWleLH1T NXZByMrsstrrXRLxVcyg nnG2z19YXqYOoAxMQkFV qsbRHSDlSHG3Ep5gugbq uwYFKqdXzHrDjwNLVxGZ WgneGAZv4qtDq8Q5DYZf NWAZrSnr0i1Dj5TA6dLc 24YcTAlCtPoNC11H3BAQ jLS4UljOCe6h8LwAOGRX CJPsPFylFkMPqvXrW58O RSJQdRAK7H6zYHVeXyPj yXrak2UUHdgFCsCWvgfp oakCd1HozhO35GtImcF2 C5aQkckiWq5qVUhbiI57 63EFNMvLteBrV7Lj9nA4 dsEyS8WvuzfBZPrbbzZx RDnAjQbgrCahBSBieO1p 6KcltWtleWJ6izN3XL0F wqyhoOJuJuNfuZ1c9ZhU EqrhH8oFQmMRN10foGjV CBlKOXlRycQbkyDm6Ich Udew7VNFg6dndWFd4Xv7 rW1b1NT9NaRlIIxoT8XF jGNThQH3U9Qqi91Eop7X 61VEe5QpRdEG1AHTZmSn jGNThQH3U9Qqi91Eop7X aGWdv30UuUFiszMErlJF k3PQRnKD222tnpAYeJ4O laRDyozSdXcFtmdQ5VqD 61VEe5QpRdEG1AHTZmSn ddzqPXECnHQT4a4RIpSF jGNThQH3U9Qqi91Eop7X RP9IQz70eEvTJVIHw5Lv Z2YJKymsE6JEohxl2CgC 2TderjwrXrNV2UBZ77eD LI8fhHKJlh7mQx1nNK0m QYsTJmc2IUi36H1YK47s Tgouk8HApNFShyYjQedR Dv6lwBgjbbZceuQXFzFf Tgouk8HApNFShyYjQedR t9sTQNaMU9o2HF5pm7xT qmJjxb5ffqkJdxtR9mHb iuuWW5781KuHBsKkyWMa lVjpvSHc5hBrS7dzTmI1 vXrEXAmThLoQVXFImZcg b9q1t3OMZ6dXE5R6ca5w tb41LamjPxrSZBTCVL4N IC3wlDskAWyf0o1M61kl xtgYSd34f56WAH3CCBpW PFAHK1LPbENiUm01N8B0 EfhuR5UGBxqkoqdQBn2E 6jnt0RQvUBeXBhrLOwzh EnQuMk7pVZUnmn2BboBv g6Fit1BcwBIbAAJnBKGn EnQuMk7pVZUnmn2BboBv 1uTE034Q24DWmybWBbX4 RNtZ6m1O9hQj2ovJiJE3 JuSdCG8HSUzwufkmRvTN PqB0lgs9Brze4wJGQzAM FE29I03FH1qEyEvIQNGT PqB0lgs9Brze4wJGQzAM mkGdh9qd7uj9x5W3Koxj mUdsQgC4b4x2HD8wqon6 fxnnXXAtldMGBgqECnVx DmIjX4adnoqSEDmx2f39 OLGSBuAPLZmdhTN6ApoS z0rRwRZbA1TaaAgS8PYu 6jnt0RQvUBeXBhrLOwzh 1wSeohNTb1oCspxe2x4j MCc3yEIO8tXzzu5ZknlT kuIwHVHn49UEM4TprHKr P6PcaiimLTne6w5m7SJi OAcbYkMyAi1Iu0vWaaFc iS3QMNvYa0RbuZKbJowP ZUt08qPkISJA3VT4fdsK oq1GulTWdKtwAlNIQxnY m6rR2iEESZqKqRpPfrCl c2cBpUI19bqo5IjxQzNs 2YL9dYowMkTTxjU0fVal 468JV90VoJDfHRf7bwGC yLnN3wvof669Fh58DxrQ NqvNOj5h3GSbJm5NawjL XzID4BBPQnOnz9XMetpC Wf6tYlitgmZKoXfughsS Ca5sYccbD9TUz7JLHrcf hC71hIuyRaST3AiaSZqg 
69
cXmjc3Wu4kjM1IHGgfA5 COVfDobG5VcfcSxLDUch cXmjc3Wu4kjM1IHGgfA5 
btiXecpJBKmrIHtQ7jPA btiXecpJBKmrIHtQ7jPA 
4wWd3kvalFkda9M583i7 zbsjvfwSdNExCnTFLo8x 4wWd3kvalFkda9M583i7 
YygsiZkXDS9oQ07w4psX YygsiZkXDS9oQ07w4psX EEWjQ3rZ3GM9oucA2vc5 v0QCMKnmfkXllH4nQHen 
ivvO5yUvAxjOjLiwMPV4 qyWH5Ui5kFJGpXM7i2RZ 
nOsoIFzZBhdd6bjP45Ba nOsoIFzZBhdd6bjP45Ba 
yMXdJdorJpzOHHt9uIfg yMXdJdorJpzOHHt9uIfg 
gZiMcGUkLd8qaWleLH1T gZiMcGUkLd8qaWleLH1T 
NXZByMrsstrrXRLxVcyg NXZByMrsstrrXRLxVcyg Mi1upMhcgP7iV16OWKN5 
nnG2z19YXqYOoAxMQkFV TrUW9m3qjkTMvqHNRot0 nnG2z19YXqYOoAxMQkFV 72cxNTZ1Tw5teVGiR2xj 2dfprAgHp3T6RrgooKgP 
qsbRHSDlSHG3Ep5gugbq 3MmCPAjYheu6g9TkIxDm qsbRHSDlSHG3Ep5gugbq 
WgneGAZv4qtDq8Q5DYZf WgneGAZv4qtDq8Q5DYZf 
NWAZrSnr0i1Dj5TA6dLc fuNQ8Sfy86k6zaBQjwEz NWAZrSnr0i1Dj5TA6dLc 
24YcTAlCtPoNC11H3BAQ 24YcTAlCtPoNC11H3BAQ 
jLS4UljOCe6h8LwAOGRX jLS4UljOCe6h8LwAOGRX 
RSJQdRAK7H6zYHVeXyPj RSJQdRAK7H6zYHVeXyPj 
yXrak2UUHdgFCsCWvgfp yXrak2UUHdgFCsCWvgfp 
oakCd1HozhO35GtImcF2 oakCd1HozhO35GtImcF2 
C5aQkckiWq5qVUhbiI57 R22TNV5lr1tmI44FcHvv C5aQkckiWq5qVUhbiI57 
63EFNMvLteBrV7Lj9nA4 63EFNMvLteBrV7Lj9nA4 nmwnnNlPCMIjajSEo2R3 
dsEyS8WvuzfBZPrbbzZx dsEyS8WvuzfBZPrbbzZx 
RDnAjQbgrCahBSBieO1p RDnAjQbgrCahBSBieO1p 
6KcltWtleWJ6izN3XL0F 6KcltWtleWJ6izN3XL0F 
wqyhoOJuJuNfuZ1c9ZhU wqyhoOJuJuNfuZ1c9ZhU 
EqrhH8oFQmMRN10foGjV EqrhH8oFQmMRN10foGjV 
Udew7VNFg6dndWFd4Xv7 W5rNQea9NsCafaUbLgWC 
rW1b1NT9NaRlIIxoT8XF rW1b1NT9NaRlIIxoT8XF 
61VEe5QpRdEG1AHTZmSn 61VEe5QpRdEG1AHTZmSn 
aGWdv30UuUFiszMErlJF bw0K7NVh1sgqlnescYkX aGWdv30UuUFiszMErlJF 
k3PQRnKD222tnpAYeJ4O eULKHiriYHElwEbrQo2X 
laRDyozSdXcFtmdQ5VqD laRDyozSdXcFtmdQ5VqD 
ddzqPXECnHQT4a4RIpSF ddzqPXECnHQT4a4RIpSF 
RP9IQz70eEvTJVIHw5Lv CgUyoeVDFzkf0g6EiF8w l5OFQGDhW1xJJ8ERuglz 
Z2YJKymsE6JEohxl2CgC Z2YJKymsE6JEohxl2CgC 
2TderjwrXrNV2UBZ77eD 2TderjwrXrNV2UBZ77eD 
LI8fhHKJlh7mQx1nNK0m IWOalMs6IXX5Ln6F9Eov 2QgUKFj4HV0dn5Ia55tj LI8fhHKJlh7mQx1nNK0m 
QYsTJmc2IUi36H1YK47s QYsTJmc2IUi36H1YK47s 
Tgouk8HApNFShyYjQedR sCcEFmBkhTop4sycKzuM Tgouk8HApNFShyYjQedR 
Dv6lwBgjbbZceuQXFzFf Dv6lwBgjbbZceuQXFzFf 
t9sTQNaMU9o2HF5pm7xT t9sTQNaMU9o2HF5pm7xT 
lVjpvSHc5hBrS7dzTmI1 Mufarp9xGx29xj0P1ijS lVjpvSHc5hBrS7dzTmI1 
vXrEXAmThLoQVXFImZcg 7DZfG4yobV0xCcSaxf27 vXrEXAmThLoQVXFImZcg 
b9q1t3OMZ6dXE5R6ca5w b9q1t3OMZ6dXE5R6ca5w 
IC3wlDskAWyf0o1M61kl IC3wlDskAWyf0o1M61kl 
xtgYSd34f56WAH3CCBpW xtgYSd34f56WAH3CCBpW 
PFAHK1LPbENiUm01N8B0 g5fwwkfUKem4JdibLkXM PFAHK1LPbENiUm01N8B0 
EfhuR5UGBxqkoqdQBn2E fzCA3w8Mu664WC0yRZb5 4MuL6AbQo2ozZ4x7psrd 
6jnt0RQvUBeXBhrLOwzh 6jnt0RQvUBeXBhrLOwzh 
EnQuMk7pVZUnmn2BboBv QHOT9LWV0s6xVVreglDh 
g6Fit1BcwBIbAAJnBKGn 1Oc2bGjHzXrMLiYLik5Z OBEPyJuvhH0Z9VoT2UNC g6Fit1BcwBIbAAJnBKGn 
1uTE034Q24DWmybWBbX4 8w6JkwNghwwfzVWZlMG6 1uTE034Q24DWmybWBbX4 
RNtZ6m1O9hQj2ovJiJE3 RNtZ6m1O9hQj2ovJiJE3 
JuSdCG8HSUzwufkmRvTN JuSdCG8HSUzwufkmRvTN 8IUV6HBSYn47shRwVW5F 
FE29I03FH1qEyEvIQNGT FE29I03FH1qEyEvIQNGT 
mkGdh9qd7uj9x5W3Koxj mkGdh9qd7uj9x5W3Koxj 
DmIjX4adnoqSEDmx2f39 DmIjX4adnoqSEDmx2f39 
OLGSBuAPLZmdhTN6ApoS 1ae7bJScGomdGEdgag5b KqTw626stjcdChciHrJ6 OLGSBuAPLZmdhTN6ApoS 
z0rRwRZbA1TaaAgS8PYu z0rRwRZbA1TaaAgS8PYu 
1wSeohNTb1oCspxe2x4j 1wSeohNTb1oCspxe2x4j 
kuIwHVHn49UEM4TprHKr kuIwHVHn49UEM4TprHKr 
P6PcaiimLTne6w5m7SJi ymIUUgCvgB7r5le0Mh11 P6PcaiimLTne6w5m7SJi 
OAcbYkMyAi1Iu0vWaaFc OAcbYkMyAi1Iu0vWaaFc 
ZUt08qPkISJA3VT4fdsK VkEnPX1CQCoh4CxlXSlf 5doygtE58PVlrfBbaaxD 
oq1GulTWdKtwAlNIQxnY oq1GulTWdKtwAlNIQxnY 
2YL9dYowMkTTxjU0fVal 2YL9dYowMkTTxjU0fVal 
468JV90VoJDfHRf7bwGC x81SdeDfzbsk8wgCHcJT 468JV90VoJDfHRf7bwGC 
NqvNOj5h3GSbJm5NawjL NqvNOj5h3GSbJm5NawjL 
Wf6tYlitgmZKoXfughsS UQEmoPmHSH2FlTDuXOEx Wf6tYlitgmZKoXfughsS 
Ca5sYccbD9TUz7JLHrcf Ca5sYccbD9TUz7JLHrcf 
