SaintPaul SanJose SanDiego ChulaVista Baltimore Albuquerque FortWayne OklahomaCity Cincinnati StPetersburg Austin LosAngeles Plano Fresno KansasCity Miami KansasCity Norfolk Denver Detroit Tucson Philadelphia SanFrancisco Stockton Louisville Durham Toledo Atlanta Toledo JerseyCity ChulaVista Honolulu ChulaVista Baltimore Mesa Indianapolis SaintPaul 
26
SanJose SanJose 
SanDiego SanDiego Dallas 
ChulaVista Charlotte 
Baltimore Baltimore LongBeach 
Albuquerque FortWorth 
FortWayne FortWayne Anchorage 
OklahomaCity Glendale Hialeah Columbus Bakersfield OklahomaCity 
Cincinnati Cincinnati 
StPetersburg Henderson Milwaukee StPetersburg Lubbock 
Austin SanAntonio Austin 
LosAngeles ElPaso 
Plano Plano Chandler 
Fresno Lexington Spokane Chesapeake 
KansasCity NewOrleans 
Miami Aurora 
Denver Denver 
Tucson Tucson Raleigh 
Philadelphia Pittsburgh 
Stockton Houston Stockton 
Louisville Memphis Madison 
Durham Durham WinstonSalem SantaAna Phoenix 
Toledo Tampa 
Atlanta Atlanta 
JerseyCity Lincoln Laredo JerseyCity 
Honolulu Newark Scottsdale Honolulu 
Indianapolis Indianapolis 
