Jacksonville Atlanta Fresno Atlanta SanFrancisco Atlanta Louisville Arlington Portland Seattle LasVegas LongBeach Oakland Philadelphia Houston ColoradoSprings VirginiaBeach Nashville ElPaso Nashville Milwaukee Tucson Columbus Detroit Tulsa Minneapolis Tulsa Albuquerque Oakland Phoenix OklahomaCity FortWorth SanJose Boston SanJose Indianapolis LosAngeles Raleigh Memphis Raleigh Austin Milwaukee Jacksonville 
25
Jacksonville Jacksonville 
Atlanta Atlanta 
Fresno Fresno 
SanFrancisco SanFrancisco 
Louisville Louisville 
Portland Portland 
Seattle Seattle 
LasVegas LasVegas 
LongBeach LongBeach 
Philadelphia Philadelphia 
VirginiaBeach VirginiaBeach 
ElPaso ElPaso 
Tucson Tucson 
Columbus Columbus 
Tulsa Tulsa 
Minneapolis Minneapolis 
Albuquerque Albuquerque 
Phoenix Phoenix 
FortWorth FortWorth 
SanJose SanJose 
Boston Boston 
Indianapolis Indianapolis 
LosAngeles LosAngeles 
Memphis Memphis 
Austin Austin 
