Chattanooga ElPaso Dayton Plano ElkGrove McAllen ElkGrove SanFrancisco Honolulu Fremont Huntsville Tacoma Oxnard Spokane Springfield Berkeley Knoxville WinstonSalem Cincinnati Paterson Cincinnati LongBeach GrandPrairie Hollywood Louisville Lubbock Corona Olathe Mobile Midland Anchorage Surprise OverlandPark Scottsdale Tempe Scottsdale Austin DesMoines NewportNews Alexandria NewportNews Minneapolis HuntingtonBeach Jackson Brownsville Boston Salem Ontario GardenGrove Salinas Murfreesboro Charlotte Murfreesboro Salinas Bakersfield BatonRouge Bakersfield Oceanside Fontana Tucson SanBernardino Boise Sunnyvale SanDiego FortLauderdale Indianapolis Fayetteville Richmond Fayetteville Aurora Lexington Baltimore Aurora Orange Frisco KansasCity Frisco Orange Henderson MorenoValley Durham Yonkers Plano Fresno GrandRapids Fresno Worcester Fresno GrandRapids Buffalo Pomona Albuquerque Waco Albuquerque LosAngeles Albuquerque Orlando Naperville Chicago Atlanta Toledo Henderson MorenoValley Anaheim ChulaVista Akron RanchoCucamonga Newark RanchoCucamonga Akron Hayward SantaClarita NewYork Anaheim MorenoValley Tallahassee Gilbert Denton Madison Lincoln OklahomaCity SantaAna OklahomaCity Irvine Syracuse Irvine Norfolk Raleigh Norfolk SaintPaul Washington SaintPaul Norfolk Mesa Jacksonville SanJose Montgomery Macon LittleRock CapeCoral LittleRock Shreveport LittleRock Phoenix Indianapolis Riverside Scottsdale OverlandPark BatonRouge Detroit Vancouver PortStLucie Miramar Honolulu Peoria Corona FortWorth VirginiaBeach Glendale Memphis Wichita Memphis SanAntonio Cleveland Chattanooga 
98
ElPaso ElPaso 
Plano Plano 
McAllen McAllen 
SanFrancisco SanFrancisco 
Honolulu Honolulu 
Fremont Fremont 
Tacoma Tacoma 
Oxnard Oxnard 
Spokane Spokane 
Springfield Springfield 
Berkeley Berkeley 
Knoxville Knoxville 
Cincinnati Cincinnati 
Paterson Paterson 
GrandPrairie GrandPrairie 
Louisville Louisville 
Lubbock Lubbock 
Corona Corona 
Olathe Olathe 
Midland Midland 
Anchorage Anchorage 
Surprise Surprise 
Scottsdale Scottsdale 
Tempe Tempe 
Austin Austin 
DesMoines DesMoines 
NewportNews NewportNews 
Alexandria Alexandria 
Jackson Jackson 
Brownsville Brownsville 
Boston Boston 
Salem Salem 
Ontario Ontario 
GardenGrove GardenGrove 
Murfreesboro Murfreesboro 
Charlotte Charlotte 
Bakersfield Bakersfield 
BatonRouge BatonRouge 
Oceanside Oceanside 
Fontana Fontana 
SanBernardino SanBernardino 
Boise Boise 
SanDiego SanDiego 
FortLauderdale FortLauderdale Savannah 
Indianapolis Indianapolis 
Fayetteville Fayetteville 
Richmond Richmond 
Aurora Aurora 
Lexington Lexington 
Baltimore Baltimore 
Orange Orange 
Frisco Frisco 
KansasCity KansasCity 
Henderson Henderson 
Durham Durham 
Yonkers Yonkers 
GrandRapids GrandRapids 
Worcester Worcester 
Buffalo Buffalo 
Pomona Pomona 
Waco Waco 
LosAngeles LosAngeles 
Orlando Orlando 
Naperville Naperville 
Chicago Chicago 
Toledo Toledo 
Anaheim Anaheim 
ChulaVista ChulaVista 
Akron Akron 
Newark Newark 
Hayward Hayward 
SantaClarita SantaClarita 
NewYork NewYork 
Tallahassee Tallahassee 
Denton Denton 
Madison Joliet Madison 
Lincoln Lincoln 
SantaAna SantaAna 
Irvine Irvine 
Syracuse Syracuse 
Raleigh Raleigh 
SaintPaul SaintPaul 
Washington Washington 
Jacksonville Jacksonville 
SanJose SanJose 
LittleRock LittleRock 
CapeCoral CapeCoral 
Shreveport Shreveport 
Phoenix Phoenix 
Riverside Riverside 
Vancouver Vancouver 
PortStLucie PortStLucie 
FortWorth FortWorth 
Glendale Glendale 
Memphis Memphis 
Wichita Wichita 
SanAntonio SanAntonio 
Cleveland Cleveland 
