Porterton Dianashire Ashleyborough Clarkberg Reevestown Judithview Michaelview Judithview Reevestown Clarkberg Burtonview Murphyside Bakertown Murphyside Burtonview Clarkberg Ashleyborough Dianashire Burgessview Billton Banksburgh Yvonneborough Parkermouth Yvonneborough Banksburgh Simmonsburgh Michaelville Simmonsburgh Banksburgh Billton Burgessview Marcusburgh Fletcherland Kingview Williamschester Kingview Fletcherland Marcusburgh Burgessview Williamfort Thomasville Lopezburgh Byrdfurt Lopezburgh Thomasville Williamfort Williamport Ashleystad Codyton Ashleystad Holthaven Ashleystad Williamport Williamfort Burgessview Marcusburgh Matthewburgh Bondfort Shawnmouth Bondfort Adamview Bondfort Matthewburgh Virginiastad Robinsonmouth Virginiastad Matthewburgh Marcusburgh Tylerbury Marcusburgh Burgessview Williamfort Moodyburgh Gregoryberg Smithfort Gregoryberg Moodyburgh Heatherberg Thomasborough Heatherberg Moodyburgh Williamfort Burgessview Dianashire Ashleyborough Osborneville Christophermouth Shawnhaven Christophermouth Osborneville Payneview Teresafort Smithtown Teresafort Payneview Jacksonville Jennifertown Jacksonville Payneview Barnesmouth Harrisport Barnesmouth Payneview Osborneville Ashleyborough Paulburgh Walltown Scotttown Jacksonview Scotttown Walltown Callahantown Maryport Callahantown Walltown Johnberg Williamshire Johnberg Walltown Paulburgh Robertsstad Toddtown Swansonshire Toddtown Robertsstad Paulburgh Ashleyborough Dianashire Porterton Wallton Davisstad Jacksonton Singletonton Clarkbury Singletonton Jacksonton Davisstad Wallton Danielleport Melissaview Cheyennefurt Watsonville Cheyennefurt Melissaview Campbellhaven Annberg Campbellhaven Melissaview Danielleport Wallton Derekmouth Jeffreyfort Garytown Audreyfort Garytown Jeffreyfort Johnsonchester Jeffreyfort Derekmouth Charlesberg Weberbury Charlesberg Sethland Charlesberg Kevinberg Patriciabury Kevinberg Adamside Kevinberg Charlesberg Derekmouth Geraldside Joseport Gabrielburgh Joseport Hallborough Joseport Geraldside Michellehaven Ramosborough Michellehaven Cranemouth Michellehaven Geraldside Derekmouth Wallton Davisstad Newmanburgh Gallowaymouth Rioshaven Gallowaymouth Newmanburgh Davisstad Leechester Pettyton Bondmouth Pettyton Leechester Davisstad Wallton Danielleport Scottburgh Laurenbury Haleview Laurenbury Scottburgh Danielleport Cooperton Lopezborough Waltersmouth Lopezborough Cooperton Danielleport Wallton Porterton 
48
Michaelview Michaelview Clarenceview 
Bakertown Derekville Jameston Bakertown 
Parkermouth Parkermouth Shawnfort 
Michaelville Williamland Michaelville 
Fletcherland Ortizberg 
Williamschester Mirandaview Williamschester 
Lopezburgh Leahmouth 
Byrdfurt Byrdfurt Garciamouth Loweryborough 
Codyton Ryanside Codyton Mindyview 
Holthaven Holthaven Vickiville 
Shawnmouth Buckleyside Shawnmouth Priceville 
Adamview Adamview Harrisborough 
Virginiastad Johnsonberg 
Robinsonmouth Robinsonmouth Horneside 
Tylerbury Wilsonstad Hansonbury 
Smithfort Millerborough Smithfort 
Thomasborough Ortegaberg Masseyside Thomasborough 
Shawnhaven Dannyside Candaceborough 
Teresafort Calvinton 
Smithtown Jacksonland Smithtown Abigailville 
Jacksonville Christopherhaven 
Jennifertown Feliciaville Jennifertown 
Barnesmouth Clarkborough 
Harrisport Brendaview Harrisport 
Jacksonview Danielville Jacksonview 
Maryport Combsville Reynoldsview Maryport 
Williamshire Williamshire 
Swansonshire Swansonshire Abigailhaven 
Clarkbury Jermaineton Clarkbury 
Cheyennefurt Thompsonshire 
Watsonville Christyland Robertomouth Watsonville 
Annberg Houstonchester Dyerport Annberg 
Audreyfort Audreyfort Patriciaside 
Johnsonchester Susanfort Nealfurt 
Weberbury Kimberlyburgh Candiceland Clarkport 
Sethland Ellisstad Tannerhaven Osbornemouth 
Patriciabury Troyfort Patriciabury Thomasmouth 
Adamside Andrewschester Adamside Bradberg 
Gabrielburgh Hodgesstad Gabrielburgh 
Hallborough Kylieview Hallborough 
Ramosborough Fordhaven Ramosborough 
Cranemouth Cranemouth Joneschester 
Rioshaven Rioshaven Josephstad 
Leechester Suttonville 
Pettyton Jonesfurt 
Bondmouth Mercedesmouth Taylorton Bondmouth 
Haleview Haleview Hallstad 
Waltersmouth Adamport Adkinsberg 
