Hernandezville Joelview Mitchellchester Sheabury Mitchellchester Joelview Farmerside Ryanton Williamsmouth Mcdonaldmouth Williamsmouth Ryanton Farmerside Gabriellabury Courtneyfurt Gabriellabury Murphyberg Hendersonchester Murphyberg Gabriellabury Farmerside Joelview Downsville Richardhaven Tammychester Richardhaven Downsville Joelview Mitchellchester Lopezmouth Dixonton Keithton Dixonton Francesmouth Dixonton Lopezmouth Heathermouth Lopezview Heathermouth Lopezmouth Mitchellchester Joelview Farmerside Ralphtown Stricklandbury Tylermouth Stricklandbury Ralphtown Garciaport Charlesburgh Garciaport Ralphtown Farmerside Joelview Hernandezville Beckyshire Derekton Wallaceville Morenoside Wallaceville Derekton Beckyshire Ponceville Mcculloughchester Crystalchester Smithmouth Crystalchester Mcculloughchester Jonestown Barbarachester Jonestown Kellyfort Jonestown Mcculloughchester Ponceville Bridgesville Riveramouth Bradshawside Riveramouth Martinton Riveramouth Bridgesville Dennisstad Wilsonburgh Dennisstad Bridgesville Esparzaberg Thomasburgh Esparzaberg Kristinbury Esparzaberg Bridgesville Ponceville Garymouth Camposstad Donaldstad Camposstad Garymouth Christophertown Crystaltown Christophertown Garymouth Ponceville Beckyshire Hernandezville 
26
Sheabury Huynhton 
Williamsmouth Johnstonmouth 
Mcdonaldmouth Mcdonaldmouth Adkinsfurt 
Courtneyfurt Contrerasland Morrisbury 
Hendersonchester Hendersonchester 
Downsville Haasville 
Tammychester Rebeccaton Tammychester 
Keithton Keithton Andrewland Aprilstad 
Francesmouth Francesmouth Richardville 
Heathermouth Emilymouth 
Lopezview Robertsfort Lopezview 
Tylermouth Tylermouth Deanstad 
Charlesburgh Angelaview Charlesburgh 
Derekton Belindamouth 
Morenoside Johnport Amberfurt 
Smithmouth Smithmouth Robertborough 
Barbarachester Barbarachester Jonesberg 
Kellyfort Pittsland Tinatown Kellyfort 
Bradshawside Wandaside Bradshawside 
Martinton Deborahfort Martinton Brianland 
Wilsonburgh Wilsonburgh Harristown Josephton 
Thomasburgh Johnsonmouth Thomasburgh Sanchezland 
Kristinbury Allenberg Kristinbury 
Camposstad Williamsville 
Donaldstad Donaldstad Thomastown 
Crystaltown Crystaltown Johnsontown 
