0 73 91 65 98 77 68 81 20 53 12 41 5 59 32 97 31 66 86 2 38 28 61 194 72 33 89 29 82 40 9 6 46 63 139 48 50 7 30 8 18 87 17 79 26 11 47 22 51 13 51 16 70 25 70 10 71 94 36 78 14 78 34 55 90 84 85 44 37 19 128 35 42 45 75 74 21 93 80 3 43 69 1 58 56 67 39 96 27 99 92 54 49 60 4 88 0 
90
0 0 23 
73 73 
91 91 
65 65 
98 98 
77 77 
68 68 
81 81 
20 20 
53 53 
12 12 62 
41 41 
5 5 
59 59 
32 32 
97 97 
31 31 
66 66 
86 86 
2 2 
38 38 
28 28 
61 61 
72 72 
33 15 33 76 
89 89 
29 29 
82 82 
40 40 83 
9 9 52 
6 6 24 
46 46 
63 63 
48 48 
50 50 64 
7 7 
30 30 
8 8 
18 18 
87 87 95 
17 17 
79 79 
26 26 
11 11 
47 47 
22 22 
51 51 
13 13 
16 16 
70 70 
25 25 
10 10 
71 71 
94 94 
36 36 
78 78 
14 14 
34 34 
55 55 
90 90 
84 84 
85 85 
44 44 
37 37 
19 19 
35 35 
42 42 
45 45 
75 75 
74 74 
21 21 
93 93 
80 80 
3 3 
43 43 
69 69 
1 1 
58 58 
56 56 
67 67 
39 39 
96 96 
27 27 
99 99 
92 92 
54 54 
49 49 
60 60 
4 4 57 
88 88 
