K BH FS BH K CF AM EN CA EJ BX DP BF DV AH EU EO DE EV CY FN EG AG GG EI AF ED AE X CV CW BB L BQ CK FH BR FT GK FR AU CQ FG BI DB DX EM EA BP FJ BO AP FV FE EC P FJ GI CT GF EQ CE FP CL AS R O GR CM DN EH FU FX DR C EZ AB DZ FM BG Z GO FI V BY BE G BA CB FO EK GE EK T FZ AK AX I EQ Y DS DH AN EB DC U AJ DK DI DM DG EL GN M BL BJ CA GD CA B K 
94
FS FS 
CF CF 
AM AM 
EN EN FD 
EJ EJ 
BX BX 
DP DP 
BF BF GL 
DV DV 
AH AH AW 
EU EU 
EO EO 
EV EV 
CY CY 
EG EG 
AG AG 
GG GG 
AF AF 
ED ED GC 
X X 
CW CW 
BB BB 
L L 
BQ BQ 
CK CK 
FH FH 
BR BR CJ 
GK GK 
FR FR 
CQ CQ 
FG FG 
BI BI 
DB DB 
DX DX 
EM EM 
EA EA 
BP BP 
FJ FJ 
BO BO 
FV FV 
FE FE 
EC EC 
P P GJ 
GI GI 
CT CT 
GF GF 
EQ EQ 
CE CE 
FP FP 
AS AS 
R R 
GR GR 
CM CM 
EH EH 
FU FU 
FX FX 
DR DR 
EZ EZ 
AB AB 
DZ DZ 
FM FM 
BG BG 
Z Z 
GO GO 
FI FI 
V V 
BY BY 
BE BE 
G G 
BA BA 
CB CB 
FO FO 
EK EK 
GE GE 
T T 
FZ FZ 
AX AX 
I I 
Y Y 
DS DS 
DH DH 
AN AN 
DC DC 
U U 
AJ AJ 
DK DK 
DI DI 
DG DG 
EL EL 
M M 
BL BL 
BJ BJ 
GD GD 
B B 
