AY BX CA BI CA AU AE AS CK Q P CF AK AQ AK BF AK AH CL T CM CI BE CB BP AW BU I AV AX O CU BO CU AM CR S H CQ U F CC F AA AI BA BL CV AO CS AB AT CE CP CE CD V CD BG B AG W BR BZ AY 
49
AY AY 
BX BX 
CA CA 
BI BI 
AU AU 
AE AE 
AS AS 
CK CK 
Q Q 
P P 
CF CF 
AK AK 
AQ AQ 
BF BF 
AH AH 
CL CL 
T T 
CM CM 
BE BE 
BP BP 
AW AW 
BU BU 
I I 
AV AV 
AX AX 
O O 
CU CU 
BO BO 
AM AM 
CR CR 
H H 
CQ CQ 
U U BJ 
F F 
CC CC 
AA AA 
AI AI 
BA BA 
CV CV 
AO AO 
AB AB 
CE CE 
CP CP 
CD CD 
V V 
BG BG 
B B 
W W 
BZ BZ 
