55 92 28 25 62 29 16 39 93 39 17 18 23 67 86 97 83 61 19 36 15 91 49 64 53 77 7 88 70 10 9 53 96 41 11 13 5 99 32 3 31 0 57 1 51 87 54 10 27 63 95 14 12 20 50 55 
50
92 92 
28 28 
25 25 
62 62 
29 29 
16 16 
39 39 
93 93 
17 17 
18 18 
23 23 
67 67 
86 86 
97 97 
83 83 
61 61 
19 19 
36 36 
15 15 
91 91 
49 49 
64 64 
53 53 
77 77 
7 7 
88 88 
70 70 
10 10 
9 9 
96 96 
41 41 
11 11 
13 13 
5 5 
99 99 
32 32 
3 3 
31 31 
0 0 
57 57 
1 1 
51 51 
87 87 
54 54 
27 27 
63 63 
95 95 
14 14 
12 12 
20 20 
