89 68 12 127 49 62 87 179 39 41 94 86 173 36 29 85 132 28 25 118 47 70 64 31 100 113 8 102 148 58 133 83 172 59 168 99 79 103 95 82 34 182 48 27 24 23 156 89 
45
68 69 
12 12 187 
127 127 88 4 80 
49 128 111 140 49 
62 160 144 
87 189 61 
179 179 
39 149 39 
41 96 81 41 38 
94 94 151 
86 86 21 56 
173 173 130 
36 36 
29 29 
85 146 85 
132 132 195 
28 32 
25 33 25 121 
118 118 1 
47 190 16 
70 3 135 136 192 70 
64 18 64 
31 107 155 6 31 
100 100 
113 199 112 
8 125 114 
102 178 122 102 
148 148 13 
58 58 
133 194 133 141 
83 11 83 
172 172 5 188 
59 124 59 75 
168 37 
99 99 44 
79 79 
103 193 73 
95 97 
82 147 82 
34 191 65 
182 197 98 
48 183 109 48 9 
27 101 169 78 27 
23 23 
156 51 156 
