fmdhlepsteinstdnkill epsteindlsfdntmkillh dnkillepsteinlshdtfm ddlmnftepsteinhskill killdmnsfhldepsteint hkilldfepsteinmdlnts fdshnmkillepsteinltd fddsepsteinhnlkilltm ddtmkillepsteinflsnh hepsteinsddnfkillmlt epsteinkillmsftnddlh fkillepsteindlhdnsmt lsdepsteinfmkillndth tlmsdhdnkillfepstein fmsepsteindntldhkill epsteindfhlmdnskillt hnfdtmlepsteinkillds nhslfmepsteindtkilld epsteindlsfdntmkillh fmdhlepsteinstdnkill 
18
fmdhlepsteinstdnkill nhmkilllsftepsteindd 
epsteindlsfdntmkillh epsteindlsfdntmkillh 
dnkillepsteinlshdtfm dnkillepsteinlshdtfm killepsteinlhtfdsmdn dhkilllsepsteinmntdf mftkillepsteinndlhsd lmhdtfdepsteinnkills lhepsteinkilldtnmfsd 
ddlmnftepsteinhskill tlsfdmdepsteinnhkill ntlepsteindmfdshkill depsteinnlsfmhtkilld dhepsteindsnlkillfmt fepsteinhsntddkilllm fhndskillepsteintldm killmlepsteindthnfsd ddlmnftepsteinhskill hnsdkilllftdmepstein 
killdmnsfhldepsteint killdmnsfhldepsteint epsteintdkilllnfdhms flepsteindndhmtkills ndkillftdsmepsteinlh epsteinlshkilldnfdmt 
hkilldfepsteinmdlnts nfdhkilllsmtepsteind lndsdkilltmepsteinhf dfkilllmtepsteinhdsn 
fdshnmkillepsteinltd fdshnmkillepsteinltd killnsfmhdepsteindtl 
fddsepsteinhnlkilltm msfltdkillnepsteinhd 
ddtmkillepsteinflsnh ddtmkillepsteinflsnh 
hepsteinsddnfkillmlt nkilltdhlmdepsteinsf hepsteinsddnfkillmlt 
epsteinkillmsftnddlh epsteinkillmsftnddlh dmepsteinfnhltkillsd epsteinskilldlndhmtf 
fkillepsteindlhdnsmt nltdmsfepsteinkilldh stepsteinhkillfmnldd 
lsdepsteinfmkillndth lsdepsteinfmkillndth 
tlmsdhdnkillfepstein tmlepsteinsdnfkillhd hsndepsteindlmtkillf tlmsdhdnkillfepstein epsteinmhndfkilltdls 
fmsepsteindntldhkill fmsepsteindntldhkill fshtdepsteinmldnkill nepsteinlmdkilldhfts 
epsteindfhlmdnskillt lnsmkilltfdepsteindh epsteindfhlmdnskillt dlnsthfmepsteinkilld 
hnfdtmlepsteinkillds hdepsteinskillldtnfm hnfdtmlepsteinkillds 
nhslfmepsteindtkilld hsdfepsteintlnkilldm 
