dldkilltnmhfepsteins msddkilllthepsteinfn tldkillhsfnmepsteind depsteinlfnmkilldsht tsmdepsteinkillhfdln depsteinlfnmkilldsht tldkillhsfnmepsteind depsteinftndhmkillsl fhnmkillepsteinsdltd smkillnepsteinfldthd hkilllepsteinnstfddm lsmftnepsteinkillhdd hkilllepsteinnstfddm killmfndshdtepsteinl epsteinfsltkillnhddm dhkillldsepsteintnmf dkillnmhldstfepstein epsteinshlkilldmnfdt dfdepsteintlnskillhm ldepsteindhkilltsmfn dfdepsteintlnskillhm epsteinshlkilldmnfdt dkillnmhldstfepstein fsepsteindkillhmtdln skillthlfndepsteindm fsepsteindkillhmtdln dhkillldsepsteintnmf epsteinfsltkillnhddm killmdshdtnflepstein sdndhepsteinltkillfm lmkillepsteintsndfhd dmtlsfhnkilldepstein dnldkillhmfstepstein epsteinhdkillltsmfdn mdkillntepsteindfhsl tndskilldfepsteinmhl mdkillntepsteindfhsl sdndhepsteinltkillfm tdkillepsteinsmhdfnl shepsteinnkillftlddm tepsteinhsdkillmldfn sldhnfmtdkillepstein fhdmnepsteindkillslt hndsmfkilltldepstein hsepsteinfkillnmddtl fmtnkilldepsteindhsl killtdslhfdepsteinnm mhdskillldftnepstein lntkillepsteinfsddhm fdmtdepsteinkilllsnh killhdfnsepsteinmltd mdkilllfdnstepsteinh epsteinfthkilldnslmd ntmdhepsteinsdkillfl epsteinfthkilldnslmd killdldepsteinmfsthn nepsteinfthdldmkills fkillepsteinndmdlhts dtsmdnlhfepsteinkill epsteinsnmflhtdkilld killdepsteinmfltdshn tsdnhkilllmepsteindf killdepsteinmfltdshn dflstmkillepsteindhn killfsdhmndepsteintl dftkillhmldnepsteins hmndfkillslepsteintd hdepsteinkillnfdlmts dhmkillfdltnsepstein hnsepsteinmkillfddtl hnskillepsteintfdmld nsepsteinfmdkillhldt killshdlmftnepsteind depsteinslkillhdftmn nftmskilldldepsteinh mdkillnlsdtepsteinhf nftmskilldldepsteinh fthlkillnepsteindsdm killhtdmdlnsfepstein ltfnsdhepsteinkilldm tepsteinmdfldhnskill ltfnsdhepsteinkilldm dkillfepsteinnhdmtls depsteinlfnmkilldsht tldkillhsfnmepsteind msddkilllthepsteinfn dldkilltnmhfepsteins 
56
msddkilllthepsteinfn msddkilllthepsteinfn 
tldkillhsfnmepsteind tldkillhsfnmepsteind 
depsteinlfnmkilldsht depsteinlfnmkilldsht lhepsteintndkilldsmf 
tsmdepsteinkillhfdln tsmdepsteinkillhfdln lkilldtnmsepsteindfh killfthnmsdlepsteind 
depsteinftndhmkillsl hepsteinnfdmlsdtkill depsteinftndhmkillsl epsteindkilltlmnhsfd 
fhnmkillepsteinsdltd fhnmkillepsteinsdltd 
lsmftnepsteinkillhdd lsmftnepsteinkillhdd 
killmfndshdtepsteinl killmfndshdtepsteinl 
epsteinfsltkillnhddm fmltddhnepsteinskill 
dhkillldsepsteintnmf killtdmsdfhnepsteinl 
dkillnmhldstfepstein dkillnmhldstfepstein mhkillepsteinddlfsnt skillmfepsteinthddnl 
dfdepsteintlnskillhm dfdepsteintlnskillhm 
ldepsteindhkilltsmfn ldepsteindhkilltsmfn 
fsepsteindkillhmtdln fsepsteindkillhmtdln epsteinlmkillfshnddt 
skillthlfndepsteindm skillthlfndepsteindm 
killmdshdtnflepstein dlfdkilltepsteinhnms fdskillndtmepsteinlh 
sdndhepsteinltkillfm sdndhepsteinltkillfm dfkilllepsteinsnmhtd 
lmkillepsteintsndfhd lmkillepsteintsndfhd lhsntdepsteindkillmf hepsteinntdkillsdmfl depsteintkilllnmsfdh ndshkilldmlepsteinft 
dmtlsfhnkilldepstein lepsteinkilldhfmstnd dmtlsfhnkilldepstein killtepsteinddhlmnsf thdlskillnfdmepstein 
dnldkillhmfstepstein dnldkillhmfstepstein 
epsteinhdkillltsmfdn dhsepsteintlkillmfnd epsteinhdkillltsmfdn mkilldlshdtfepsteinn 
mdkillntepsteindfhsl mdkillntepsteindfhsl dmldfhskillntepstein 
tndskilldfepsteinmhl tndskilldfepsteinmhl dkillnmsfhtlepsteind 
tdkillepsteinsmhdfnl epsteintfhndkilllmsd tdkillepsteinsmhdfnl 
tepsteinhsdkillmldfn tepsteinhsdkillmldfn 
sldhnfmtdkillepstein msepsteintlhnfkilldd sldhnfmtdkillepstein 
fhdmnepsteindkillslt fhdmnepsteindkillslt 
hsepsteinfkillnmddtl hsepsteinfkillnmddtl nmdhepsteinkilltfsld ldfsmnepsteinkilltdh epsteindmshtfldnkill 
fmtnkilldepsteindhsl mkillldnhepsteinstfd fmtnkilldepsteindhsl 
killtdslhfdepsteinnm slepsteinkillfmddhtn shfnmltepsteindkilld killtdslhfdepsteinnm 
mhdskillldftnepstein mhdskillldftnepstein 
fdmtdepsteinkilllsnh fdmtdepsteinkilllsnh sdlhfnmdepsteintkill epsteinldtnfmshdkill 
killhdfnsepsteinmltd killhdfnsepsteinmltd 
mdkilllfdnstepsteinh mdkilllfdnstepsteinh lkillepsteintdshmfnd 
epsteinfthkilldnslmd epsteinfthkilldnslmd 
ntmdhepsteinsdkillfl fddsmepsteintnkillhl ntmdhepsteinsdkillfl 
killdldepsteinmfsthn killdldepsteinmfsthn 
fkillepsteinndmdlhts mkillthfdlnepsteinds 
dtsmdnlhfepsteinkill dtsmdnlhfepsteinkill 
epsteinsnmflhtdkilld epsteinsnmflhtdkilld 
killdepsteinmfltdshn killdepsteinmfltdshn 
tsdnhkilllmepsteindf tsdnhkilllmepsteindf tdfkillslepsteinhdmn 
dflstmkillepsteindhn dflstmkillepsteindhn 
dftkillhmldnepsteins ndkillthdepsteinlsmf dtnkillsepsteinmdfhl mndtkillepsteindlfhs 
hmndfkillslepsteintd hmndfkillslepsteintd 
hdepsteinkillnfdlmts dlshdtepsteinnkillfm 
dhmkillfdltnsepstein dhmkillfdltnsepstein 
hnsepsteinmkillfddtl hnsepsteinmkillfddtl dhtepsteinkillsdflmn 
hnskillepsteintfdmld hnskillepsteintfdmld 
depsteinslkillhdftmn killthsepsteindmlfdn depsteinslkillhdftmn nepsteindhkillltmsfd 
nftmskilldldepsteinh nftmskilldldepsteinh 
mdkillnlsdtepsteinhf mdkillnlsdtepsteinhf 
fthlkillnepsteindsdm lepsteindnhstfdmkill epsteinhnkillsldfdmt thnkillmddsepsteinfl 
killhtdmdlnsfepstein killhtdmdlnsfepstein hmdkilllnepsteinfsdt nfltdmkillsdepsteinh sndldftmkillepsteinh 
ltfnsdhepsteinkilldm ltfnsdhepsteinkilldm 
tepsteinmdfldhnskill tepsteinmdfldhnskill 
