tepsteinfdkilldlmhns hdepsteinsmdtnflkill fnlskillhtepsteindmd thsfnmkilldlepsteind killepsteintdldshfnm dtepsteindnhmskillfl fnmhskilldepsteinltd msnepsteinfkillhtdld snldmtkillfepsteindh epsteinthsdmndkillfl nkillsdtdhfmlepstein nfdhepsteinltsdmkill lepsteinfdkillsdnmht dhlepsteindkillsmtnf mfskillnhlddtepstein thmepsteinlkillfsndd nmhdkilltslepsteinfd ldnmepsteinhfstdkill hepsteinnfstkilllmdd ndlmhepsteintdskillf nlhtdsdepsteinfmkill tepsteinfdkilldlmhns 
19
hdepsteinsmdtnflkill hdepsteinsmdtnflkill 
fnlskillhtepsteindmd fnlskillhtepsteindmd 
thsfnmkilldlepsteind tskillepsteinhfmddnl 
killepsteintdldshfnm killepsteintdldshfnm 
fnmhskilldepsteinltd fnmhskilldepsteinltd 
msnepsteinfkillhtdld hkillmepsteinstdfdnl epsteinsdfmhltkillnd msnepsteinfkillhtdld 
snldmtkillfepsteindh snldmtkillfepsteindh 
epsteinthsdmndkillfl epsteinthsdmndkillfl 
nkillsdtdhfmlepstein nkillsdtdhfmlepstein 
nfdhepsteinltsdmkill nfdhepsteinltsdmkill 
lepsteinfdkillsdnmht lepsteinfdkillsdnmht 
dhlepsteindkillsmtnf dhlepsteindkillsmtnf 
mfskillnhlddtepstein epsteindsmnlfdtkillh 
thmepsteinlkillfsndd thmepsteinlkillfsndd 
nmhdkilltslepsteinfd hldmepsteindsnkilltf 
ldnmepsteinhfstdkill skilldnmlhdftepstein killnfhdsdltepsteinm ndlepsteinhdtskillfm 
hepsteinnfstkilllmdd hepsteinnfstkilllmdd 
ndlmhepsteintdskillf htskillepsteindnlfdm ndlmhepsteintdskillf tmhsnfepsteinldkilld 
nlhtdsdepsteinfmkill nlhtdsdepsteinfmkill 
