149 100 105 109 111 109 105 103 104 102 101 100 149 060 062 070 067 069 070 071 068 071 070 062 054 063 064 063 065 063 090 091 092 097 096 099 090 063 079 078 083 078 077 076 081 076 080 076 075 074 085 074 086 087 089 087 088 084 072 063 054 059 054 053 056 053 050 053 054 062 060 149 100 107 116 115 117 126 122 123 125 140 142 140 125 121 116 107 100 149 000 001 002 013 024 015 006 015 024 031 044 036 037 038 048 038 028 027 026 025 024 013 002 001 000 149 
35
111 111 
103 103 
104 104 
060 060 
067 067 
069 069 
068 068 
054 054 
064 064 
065 065 
091 091 
097 097 
096 096 
079 079 
078 078 
083 083 
081 081 
080 080 
085 085 
086 086 
089 089 
088 088 
059 059 
053 053 
056 056 066 
050 050 
115 115 
126 126 
123 123 
142 142 
006 006 
031 031 
037 037 
048 048 
026 026 
