start loc50 start loc1 home51 loc1 home52 loc1 home53 loc1 home54 loc1 home55 loc1 home56 loc1 home57 loc1 home58 loc1 loc3 loc4 loc5 loc6 home59 loc6 home60 loc6 home61 loc6 home62 loc6 home63 loc6 home64 loc6 home65 loc6 home66 loc6 home67 loc6 home68 loc6 home69 loc6 loc7 loc8 loc9 loc10 loc11 loc12 loc13 loc14 loc15 loc16 loc17 loc106 home70 loc106 home71 loc106 home72 loc106 home73 loc106 home74 loc106 home75 loc106 home76 loc106 home77 loc106 home78 loc106 home79 loc106 loc19 loc20 loc21 loc22 loc23 loc24 loc25 loc24 loc23 loc22 loc21 loc20 loc19 loc106 loc17 loc16 loc15 loc14 loc13 loc12 loc11 loc10 loc9 loc8 loc7 loc6 loc5 loc4 loc3 loc1 start 
31
loc50 home90 home91 home92 home93 home94 home95 home96 home97 home98 home99 home100 
home51 home51 
home52 home52 
home53 home53 
home54 home54 
home55 home55 
home56 home56 
home57 home57 
home58 home58 
home59 home59 
home60 home60 
home61 home61 
home62 home62 
home63 home63 
home64 home64 
home65 home65 
home66 home66 
home67 home67 
home68 home68 
home69 home69 
home70 home70 
home71 home71 
home72 home72 
home73 home73 
home74 home74 
home75 home75 
home76 home76 
home77 home77 
home78 home78 
home79 home79 
loc25 home80 home81 home82 home83 home84 home85 home86 home87 home88 home89 
