BatonRouge Birmingham Beaumont Albuquerque Boston Boulder AtlanticCity Buffalo Anchorage Bellevue Bradenton Cambridge Abilene Bremerton Arvada Atlanta Baltimore Barnstable Bethlehem Albany Augusta BonitaSprings Amarillo Aberdeen Aurora BatonRouge 
21
BatonRouge BatonRouge 
Birmingham AnnArbor Birmingham Bryan 
Beaumont Beaumont 
Albuquerque Albuquerque 
Boston Boston 
Boulder Boulder 
AtlanticCity AtlanticCity 
Buffalo Buffalo 
Anchorage Anchorage 
Bellevue Burbank 
Bradenton Bradenton 
Cambridge Cambridge 
Abilene Abilene 
Arvada Arvada 
Atlanta Atlanta Berkeley 
Barnstable Barnstable 
Bethlehem Bethlehem 
Albany Albany 
Amarillo Amarillo 
Aberdeen Aberdeen BoiseCity 
Aurora Aurora 
