CorpusChristi CapeCoral Billings Danbury AppleValley Burbank BonitaSprings Alexandria Downey ElPaso Akron ElPaso Cincinnati Amarillo Birmingham Anchorage Buffalo Canton Clearwater Bryan Abilene Chattanooga Escondido Austin Asheville Detroit Columbus Anaheim CathedralCity Denton Appleton CorpusChristi 
29
CorpusChristi CorpusChristi 
CapeCoral CapeCoral 
Billings BoiseCity 
Danbury ColoradoSprings Dallas Danbury 
AppleValley AppleValley 
Burbank Denver ElMonte 
BonitaSprings BonitaSprings 
Alexandria Alexandria 
Downey Downey 
ElPaso ElPaso 
Akron Akron DalyCity 
Cincinnati Cincinnati 
Amarillo Amarillo 
Birmingham Chandler 
Anchorage BelAir Deltona Elkhart 
Buffalo Arvada Bloomington Carrollton Champaign Davenport Elizabeth 
Canton Brownsville Canton Charleston Columbia 
Clearwater Boulder Clearwater 
Bryan Bryan 
Chattanooga Chattanooga 
Escondido Augusta Durham Escondido 
Austin Austin 
Asheville Asheville 
Detroit Beaumont 
Columbus Albuquerque Columbus 
Anaheim Anaheim 
CathedralCity CathedralCity 
Denton Bremerton Bridgeport Chicago Denton 
Appleton Appleton 
