FortCollins Independence Bellevue Lakeland LasVegas Austin Cleveland LasVegas Lorain CedarRapids Dallas Bradenton Bridgeport McAllen Chicago Clearwater Evansville Danbury Fairfield Joliet LasCruces Killeen GrandRapids Garland Indianapolis Burbank Jefferson Augusta Gilbert Jacksonville Charlotte Kalamazoo Fresno Houston DalyCity Appleton Fayetteville Brownsville Barnstable Columbia Beaumont Bethlehem Eugene BoiseCity Henderson Bremerton Grayslake Allentown Detroit Lacey Irving Cary Fremont Brighton Elkhart AppleValley Alexandria Amarillo FortWaltonBeach Arvada Erie Hollywood Harlingen Hemet Knoxville Harlingen Anaheim Kennewick Layton Denver DesMoines Chandler ColoradoSprings Lancaster Anchorage Louisville Lubbock Inglewood Hickory Arvada Fargo BonitaSprings Baltimore AnnArbor Bakersfield Cincinnati Champaign Harrisburg Fontana Harrisburg Irvine DavidsonCounty Berkeley CapeCoral KansasCity ElMonte Carrollton Lakewood Lafayette Hampton Frederick CollegeStation ElPaso Boise CollegeStation Aberdeen Abilene Greensboro LittleRock Atlanta Manchester Leominster Albuquerque Davenport Akron Elizabeth FortCollins 
100
FortCollins FortCollins 
Independence Independence 
Bellevue Bellevue 
Lakeland Lakeland 
Austin Austin 
Cleveland Cleveland 
Lorain Lorain 
CedarRapids CedarRapids 
Dallas Dallas 
Bradenton Bradenton 
Chicago Chicago 
Evansville Evansville 
Danbury Danbury 
Fairfield Fairfield 
Joliet Joliet 
LasCruces LasCruces 
GrandRapids GrandRapids 
Garland Garland 
Indianapolis Indianapolis 
Burbank Burbank 
Jefferson Jefferson 
Augusta Augusta 
Gilbert Gilbert 
Jacksonville Jacksonville 
Kalamazoo Kalamazoo 
Fresno Fresno 
Houston Houston 
DalyCity DalyCity 
Appleton Appleton 
Fayetteville Fayetteville 
Brownsville Brownsville 
Barnstable Barnstable 
Beaumont Beaumont 
Bethlehem Bethlehem 
Eugene Eugene 
BoiseCity BoiseCity 
Henderson Henderson 
Bremerton Bremerton 
Grayslake Grayslake 
Allentown Allentown 
Detroit Detroit 
Lacey Lacey 
Irving Irving 
Cary Cary 
Fremont Fremont 
Brighton Brighton 
Elkhart Elkhart 
AppleValley AppleValley 
Alexandria Alexandria 
Amarillo Amarillo 
FortWaltonBeach FortWaltonBeach 
Arvada Arvada 
Erie Erie 
Hollywood Hollywood 
Harlingen Harlingen 
Hemet Hemet 
Knoxville Knoxville 
Anaheim Anaheim 
Kennewick Kennewick 
Layton Layton 
Denver Denver 
DesMoines DesMoines 
Chandler Chandler 
ColoradoSprings ColoradoSprings 
Lancaster Lancaster 
Anchorage Anchorage 
Louisville Louisville 
Lubbock Lubbock 
Inglewood Inglewood 
Hickory Hickory 
Fargo Fargo 
BonitaSprings BonitaSprings 
Baltimore Baltimore 
AnnArbor AnnArbor 
Bakersfield Bakersfield 
Champaign Champaign 
Harrisburg Harrisburg 
Fontana Fontana 
Irvine Irvine 
DavidsonCounty DavidsonCounty 
Berkeley Berkeley 
CapeCoral CapeCoral 
ElMonte ElMonte 
Carrollton Carrollton 
Lakewood Lakewood 
Lafayette Lafayette 
Hampton Hampton 
Frederick Frederick 
CollegeStation CollegeStation 
ElPaso ElPaso 
Boise Boise 
Aberdeen Aberdeen 
Abilene Abilene 
LittleRock LittleRock 
Atlanta Atlanta 
Manchester Manchester 
Leominster Leominster 
Albuquerque Albuquerque 
Akron Akron 
Elizabeth Elizabeth 
