152 27 97 68 66 68 87 142 65 144 65 139 101 37 126 41 73 21 92 79 45 160 175 160 157 160 85 96 7 184 7 8 136 108 89 60 145 62 0 62 121 104 12 186 80 1 58 155 0 95 35 166 81 9 183 50 185 111 168 111 31 112 22 129 170 123 78 123 54 115 59 53 102 181 125 5 113 4 161 56 84 147 116 165 116 90 133 149 150 91 163 24 143 151 94 105 140 169 134 169 142 28 42 13 38 13 130 180 51 172 51 2 154 62 75 152 
71
27 27 
97 97 
68 171 
66 66 
87 87 
142 142 
65 65 
144 144 
139 139 
101 101 
37 37 
126 126 
41 41 
73 73 
92 92 
79 79 
45 45 
175 175 
157 157 
85 85 
96 96 
184 184 
8 8 
136 136 
89 89 
60 60 
145 145 
0 0 
121 121 
12 12 
58 58 
95 95 
35 35 
166 166 
81 81 
9 9 
183 183 
50 50 153 
111 111 
168 168 
31 31 
112 112 
170 170 
78 78 
54 54 
53 53 
181 181 
5 5 182 
113 113 
56 56 
116 116 
165 165 
90 90 
149 149 
163 163 
143 143 
151 151 
94 94 
105 105 
169 169 
134 134 
28 28 
42 42 
13 13 
38 38 
130 130 
180 180 
51 51 
172 172 
2 2 
75 75 
