location12 location84 location22 location15 location25 location54 location42 location36 location53 location67 location26 location1 location60 location74 location65 location72 location32 location86 location32 location72 location36 location53 location89 location63 location29 location5 location82 location85 location31 location91 location57 location8 location19 location23 location17 location79 location39 location22 location84 location12 
23
location12 location12 
location15 location35 
location54 location14 location54 
location42 location71 
location36 location36 
location67 location51 location67 location77 
location26 location26 
location1 location1 
location60 location60 
location74 location74 
location65 location28 
location72 location72 location0 location94 
location86 location86 location87 
location89 location89 
location63 location63 location27 
location5 location5 
location31 location31 
location91 location13 location49 
location57 location57 
location8 location24 
location19 location19 
location17 location11 
location79 location79 location16 
