location34 location59 location77 location142 location180 location79 location64 location108 location60 location44 location19 location83 location199 location134 location63 location11 location83 location151 location71 location165 location176 location83 location189 location155 location128 location188 location12 location37 location12 location97 location99 location123 location15 location192 location163 location174 location137 location153 location2 location177 location28 location177 location72 location138 location85 location0 location79 location38 location59 location32 location3 location32 location104 location76 location10 location17 location4 location23 location61 location149 location159 location33 location186 location46 location39 location34 
51
location34 location34 
location59 location89 location167 location59 
location77 location161 location103 location86 
location142 location158 location142 location120 
location180 location164 location180 
location79 location9 location96 location6 location119 location79 
location64 location64 location122 
location108 location143 
location60 location60 location114 
location19 location197 location98 
location83 location55 
location199 location199 
location134 location134 location92 
location63 location172 location54 
location11 location11 
location151 location181 location151 
location71 location132 location71 
location165 location107 
location176 location176 location21 
location189 location189 
location155 location155 location162 location125 
location128 location105 
location188 location24 location188 
location12 location12 
location37 location37 location47 
location97 location194 location157 
location99 location99 location175 
location123 location131 location140 location115 location121 
location15 location15 location88 
location192 location192 
location163 location163 
location174 location174 
location137 location52 location137 
location153 location139 
location2 location90 location2 
location177 location177 location68 location187 
location28 location45 location28 
location72 location72 location136 
location0 location0 
location38 location38 
location32 location109 location144 
location3 location170 location3 
location104 location130 
location76 location111 location76 
location17 location17 
location23 location23 location27 
location61 location117 
location149 location149 location91 
location159 location159 location135 
location46 location46 
location39 location39 
