4HOMU DL8LT ZRPB5 O9J47 45JXE 61QWU ZRPB5 FRZVP DL8LT CFGE5 PXCIN WBT4L 7GA8O FMCVK L2PQE BELQC TORQI L2GJ5 FCYPJ 9WSXC 53Y1R 5ZO5F LKP22 HWKGJ T9O11 PYPSO DCHO3 945CN Q02X6 0D2BR ZZH8Z XEEQB SYV5N 2C63O B3Y9E 0VPRW Q5DAA WP2MA BVMDZ 0D2BR KC9RF EDK36 RU85S 2P5XR W2M5C 52MNN 4YS4G ZN2EP Y61KP TBPBM M1HJR ZHSBU 8CLEZ SA6G0 VHCFR AT3CI SHOOM IF7TL BJ8X0 P419D WI88U CFGE5 JXLE1 4HOMU C7WKJ OHJD0 4HOMU 
57
DL8LT DDXG0 X180A 
ZRPB5 ZRPB5 YJ67U 
O9J47 PMFJ2 
45JXE 45JXE DOLRQ PTADN 
61QWU TY0L7 61QWU 
FRZVP FRZVP 69BJO 
CFGE5 CFGE5 6OA3K 
PXCIN PXCIN 
WBT4L 2BUI5 6WOBI A1QRL 
7GA8O 7GA8O 
FMCVK V8GEC 
L2PQE L2PQE LEBVZ TCC7B 
BELQC C8O6I 
TORQI 1F0YL DTPF4 TORQI 
L2GJ5 L2GJ5 
FCYPJ RAAD4 FCYPJ 
9WSXC 9WSXC 
53Y1R 7U3JG 53Y1R K50JQ 
5ZO5F 50J5H CM5WA 
LKP22 MC71K LLTLN LKP22 
HWKGJ HWKGJ H1LTE OLLV9 
T9O11 T9O11 
PYPSO 8EXDQ PYPSO 
DCHO3 DCHO3 
945CN 945CN 1RS2N 
0D2BR 0D2BR 
ZZH8Z ZZH8Z 
XEEQB XEEQB 
SYV5N SYV5N 
2C63O 2C63O 
B3Y9E UW44H ELH5L 
0VPRW 0VPRW 
Q5DAA 3AIXW WZB33 Q5DAA SKPO7 
WP2MA WP2MA 
BVMDZ C45HH BVMDZ 
KC9RF KC9RF 
EDK36 V22SY 
RU85S RU85S HZHRA 
2P5XR BE5V8 TI35I 0U9HU 4WDJE 
W2M5C Q7FCL W2M5C 
52MNN 52MNN 
ZN2EP ZN2EP IZESQ 
Y61KP Y61KP WXZHF 
TBPBM TBPBM 
M1HJR M1HJR NPDI9 
ZHSBU ZHSBU 
8CLEZ KOYRV 8CLEZ 
SA6G0 SA6G0 
VHCFR W2H22 VHCFR 
AT3CI 768ZF AT3CI 
SHOOM SHOOM 
IF7TL 6ACGE IF7TL 
BJ8X0 FC0PR 
P419D P419D 
WI88U WI88U EDSMH 
JXLE1 LIRLU JXLE1 
C7WKJ C7WKJ OIPRN 
