WNYCV 1UWW5 QSI1X F07YB 2KYXC 5I6U4 V11OW 1BUOS ZA57Z BMC9X CUG55 H8ZPW ULCTZ YMTTJ KB443 BC3W4 KRLTG 77EY5 QTZLJ 42QVU KR27P B8UZ8 1ACIU XD7IR XPFOM WH9QK HHCET 65TK9 18R1B K1ZSD WNYCV 9HVLF GAXPM 2PD2W XDKMD 1NBGE 1XUNX BO3AW XTUSM UGOIO HZ80H XBRKQ H212X URMBF 2FT0Z EYREL TG5ZG 91RFG F5YBY RFDQ4 GXYLV HR8IA OE5TB EQWAL XRQ65 WNYCV 
48
WNYCV UUOP5 
1UWW5 1UWW5 
QSI1X QSI1X 
F07YB F07YB 
2KYXC 2KYXC 
5I6U4 5I6U4 
V11OW V11OW 
1BUOS 1BUOS 
ZA57Z ZA57Z 
BMC9X BMC9X 
CUG55 CUG55 
H8ZPW H8ZPW 
ULCTZ ULCTZ 7CXN0 
YMTTJ YMTTJ 
KB443 KB443 X2AM4 
KRLTG KRLTG 
77EY5 77EY5 
QTZLJ QTZLJ 
42QVU 42QVU 
B8UZ8 B8UZ8 
1ACIU 1ACIU 
XD7IR XD7IR 
XPFOM XPFOM 
HHCET HHCET 
65TK9 65TK9 
18R1B 18R1B 
K1ZSD K1ZSD 
9HVLF 9HVLF 
GAXPM GAXPM 
XDKMD XDKMD 
1NBGE 1NBGE 
BO3AW BO3AW 
XTUSM XTUSM 
UGOIO UGOIO 
HZ80H HZ80H 
XBRKQ XBRKQ 
H212X H212X 
URMBF URMBF 
2FT0Z 2FT0Z 
EYREL EYREL 
TG5ZG TG5ZG 
91RFG 91RFG 
F5YBY F5YBY 
GXYLV GXYLV 
HR8IA HR8IA 
OE5TB OE5TB 
EQWAL EQWAL 
XRQ65 XRQ65 
