fab8g 8tK4L g1WJz 9u8oD VUKiE adW6k KzS0e cQMFl BWyM2 8xyrX f5Qx2 5Ix1v 4Dy05 lcarA TQZik pnHil Nbb6U LBzlR rzyrR 1SvIs c17Qf zgyDJ tEdSo wKKkJ f5Qx2 G944F 015ql H6HgM 1pNjr H6HgM HKgVO RhMSo Q0oXi CT8M8 H6HgM L54Jg wiGnS zgyDJ 8PY0r 3XMfZ 4ORRk o4F0A f5Qx2 nRTkO lJfgZ KB016 PpZP8 H6HgM fr0Bd gwQSf n9AEE KWmhW AGorf sF84c pnHil 0YoJb yM9nQ f5Qx2 2Z0oU uQK8T TtUXd Bw1D7 1xx4U kCdcu H6HgM obqW1 ZlgGe f5Qx2 iy8Ty bD2TR rzyrR VIl39 qchZ3 H6HgM XDGuI BJ1iC x8KLa 4GEPG f5Qx2 4b2sA cDkiZ aiycm F7m3U VUKiE GHmnJ 3FUsL wPPZK B3NSd P5ucv tQXF5 Vjk2Z H6HgM BybTG zgyDJ fhc2k RnwlC eDWES ciJ7c H6HgM 7J90B mgHYN rzyrR b4E7v 9ZatH l0HDP G91ym H6HgM DHhK9 bepE0 H6HgM lJJK2 FW6DI 4cLlE nScgp 1OpM2 Gt2w1 O1QPI cm8oa Lqz0g pesnn dAx9s Flgse cDkiZ guI5B RgC1Q 77EXR HaHFT fab8g 
100
fab8g fab8g 
8tK4L 8tK4L 
g1WJz g1WJz 
9u8oD 9u8oD 
VUKiE VUKiE 
adW6k adW6k 
KzS0e KzS0e 
cQMFl cQMFl 
BWyM2 BWyM2 
8xyrX 8xyrX 
f5Qx2 f5Qx2 
5Ix1v 5Ix1v 
lcarA lcarA 
TQZik TQZik 
Nbb6U Nbb6U 
LBzlR LBzlR 
rzyrR rzyrR 
1SvIs 1SvIs 
c17Qf c17Qf 
tEdSo tEdSo 
wKKkJ wKKkJ 
G944F G944F 
015ql 015ql 
H6HgM H6HgM 
1pNjr 1pNjr 
HKgVO HKgVO 
RhMSo RhMSo 
Q0oXi Q0oXi 
CT8M8 CT8M8 
L54Jg L54Jg 
wiGnS wiGnS 
8PY0r 8PY0r 
3XMfZ 3XMfZ 
4ORRk 4ORRk 
o4F0A o4F0A 
nRTkO nRTkO 
lJfgZ lJfgZ 
KB016 KB016 
PpZP8 PpZP8 
fr0Bd fr0Bd 
gwQSf gwQSf 
n9AEE n9AEE 
KWmhW KWmhW 
AGorf AGorf 
sF84c sF84c 
0YoJb 0YoJb 
yM9nQ yM9nQ 
2Z0oU 2Z0oU 
uQK8T uQK8T 
TtUXd TtUXd 
Bw1D7 Bw1D7 
1xx4U 1xx4U 
kCdcu kCdcu 
obqW1 obqW1 
ZlgGe ZlgGe 
iy8Ty iy8Ty 
bD2TR bD2TR 
VIl39 VIl39 
qchZ3 qchZ3 
XDGuI XDGuI 
BJ1iC BJ1iC 
x8KLa x8KLa 
4GEPG 4GEPG 
4b2sA 4b2sA 
cDkiZ cDkiZ 
aiycm aiycm 
F7m3U F7m3U 
GHmnJ GHmnJ 
3FUsL 3FUsL 
B3NSd B3NSd 
P5ucv P5ucv 
tQXF5 tQXF5 
Vjk2Z Vjk2Z 
BybTG BybTG 
fhc2k fhc2k 
RnwlC RnwlC 
eDWES eDWES 
ciJ7c ciJ7c 
7J90B 7J90B 
mgHYN mgHYN 
b4E7v b4E7v 
9ZatH 9ZatH 
l0HDP l0HDP 
G91ym G91ym 
DHhK9 DHhK9 
bepE0 bepE0 
lJJK2 lJJK2 
FW6DI FW6DI 
nScgp nScgp 
1OpM2 1OpM2 
Gt2w1 Gt2w1 
O1QPI O1QPI 
cm8oa cm8oa 
Lqz0g Lqz0g 
pesnn pesnn 
dAx9s dAx9s 
Flgse Flgse 
guI5B guI5B 
RgC1Q RgC1Q 
HaHFT HaHFT 
