E5QfM KtuGJ beqJL lPMDV 4HmGm kK9KO sBCEV 8TDB7 nRWIs 4HmGm i0LV1 lGTR3 Ln4EG 3rGcS 76Tmp GLYoA jGP1H 4HmGm UAJ0O hWCGd bgK6r PqcOh wJ1Uh f1Y6z uUlBE 05SJr eo9RR VzbsN xipXr E5QfM 
25
KtuGJ KtuGJ 
beqJL beqJL 
lPMDV lPMDV 
4HmGm 4HmGm 
kK9KO kK9KO 
sBCEV sBCEV 
8TDB7 8TDB7 
nRWIs nRWIs 
i0LV1 i0LV1 
lGTR3 lGTR3 
Ln4EG Ln4EG 
3rGcS 3rGcS 
76Tmp 76Tmp 
GLYoA GLYoA 
jGP1H jGP1H 
UAJ0O UAJ0O 
hWCGd hWCGd 
bgK6r bgK6r 
PqcOh PqcOh 
wJ1Uh wJ1Uh 
f1Y6z f1Y6z 
uUlBE uUlBE 
05SJr 05SJr 
eo9RR eo9RR 
VzbsN VzbsN 
