cy4fm w4BF1 wdXpe BoNoJ di7h7 5rdYI LNh60 C565q uWr4y Cfmbw yMPWG kbRYl 1H2uK P3lE7 yFKGt 3iQ53 C0eRL rUUVt Iks3D IjjWK OFvld C565q Vjg5l lA2MC 6ceXl uT5W0 qt5AA tao9t hOy4D zQjQm 19YKC P8Fbf DCl5F FnVf8 KYsbm Ib5xu GHZOS G6G4p tao9t vSPJ5 EWhpw 8RNd8 cy4fm 
39
cy4fm 7l0Vw 
w4BF1 w4BF1 nogr2 OoKEI 
wdXpe wdXpe F2nEN NvAYI 
BoNoJ BoNoJ Xhpv3 8aYYW 7XIxZ 
di7h7 di7h7 
5rdYI 5rdYI 
LNh60 LNh60 gk2cW dU1Ub 
C565q C565q 
uWr4y X6hJp uWr4y 
Cfmbw Cfmbw 
yMPWG yMPWG 
kbRYl kbRYl 
1H2uK 1H2uK jse5F 
P3lE7 P3lE7 
yFKGt yFKGt 
3iQ53 3iQ53 
C0eRL C0eRL 
rUUVt rUUVt 
Iks3D Iks3D 
IjjWK IjjWK 
OFvld OFvld 
Vjg5l Vjg5l 
lA2MC lA2MC 
6ceXl 6ceXl 
uT5W0 uT5W0 
qt5AA qt5AA 
tao9t tao9t 
hOy4D hOy4D 
zQjQm zQjQm 
19YKC 19YKC 
P8Fbf P8Fbf 
DCl5F DCl5F 
FnVf8 FnVf8 
KYsbm KYsbm 
GHZOS GHZOS 
G6G4p G6G4p 
vSPJ5 vSPJ5 
EWhpw EWhpw 
8RNd8 8RNd8 
