0 92 93 23 118 23 109 21 115 25 116 25 115 30 104 103 104 30 189 139 96 140 96 60 142 60 64 35 64 85 136 85 67 12 43 101 164 2 176 119 176 2 88 2 123 94 50 119 33 185 133 91 78 31 107 168 38 183 130 95 131 184 131 95 56 97 125 97 77 127 181 127 45 197 151 51 7 146 80 147 18 161 0 
55
0 162 
92 157 158 159 
93 154 155 156 
23 196 
118 118 175 
109 109 110 111 169 170 
115 115 173 
25 117 
116 116 174 
30 166 
104 104 
103 103 105 165 
189 189 
139 139 
96 141 
140 140 190 
60 143 144 
142 142 191 192 
35 112 113 114 171 172 
85 137 138 
136 136 187 188 
12 178 
43 100 102 
101 101 
164 163 164 
176 176 
119 119 
88 148 149 150 195 
123 123 
94 121 122 177 
50 120 
33 179 186 
185 185 
133 133 
91 134 135 
31 106 108 
107 107 
168 167 168 
183 183 
130 130 
95 132 
131 131 
184 184 
97 124 126 
125 125 180 
77 128 129 
127 127 
181 181 182 
197 197 198 
151 151 
51 152 153 
146 146 193 194 
80 145 
147 147 
161 160 161 
