0 2 5 12 25 52 25 12 26 53 26 54 26 12 25 51 103 51 25 12 5 11 23 47 96 47 95 192 95 191 95 47 23 11 24 50 102 50 101 50 24 11 23 48 98 198 98 48 97 195 97 48 23 11 24 49 24 11 5 2 6 14 29 60 29 59 119 59 29 14 30 61 124 61 123 61 30 62 125 62 126 62 30 14 6 13 27 55 27 56 27 13 28 57 116 57 115 57 28 58 117 58 118 58 28 13 6 2 0 1 4 10 21 43 88 43 87 176 87 175 87 43 21 44 89 44 90 181 90 182 90 44 21 10 4 1 3 7 15 31 15 7 3 1 4 10 22 45 91 184 91 45 92 186 92 185 92 45 22 46 93 188 93 46 94 190 94 189 94 46 22 10 4 9 20 42 86 42 20 41 83 41 84 170 84 41 20 42 85 42 20 9 19 39 79 159 79 160 79 39 80 39 19 40 81 164 81 40 82 40 81 163 81 40 19 9 4 1 3 8 18 37 75 37 76 154 76 153 76 37 18 38 78 157 78 158 78 38 77 156 77 155 77 38 18 8 17 36 73 36 17 35 72 146 72 35 71 143 71 35 17 8 3 7 16 34 69 140 69 139 69 34 70 142 70 141 70 34 16 33 67 33 68 138 68 137 68 33 16 7 15 32 66 133 66 134 66 32 65 132 65 32 15 7 3 1 0 
78
52 105 106 
53 107 108 
54 109 110 
51 104 
103 103 
96 193 194 
192 192 
191 191 
102 102 
101 101 
98 197 
198 198 
97 196 
195 195 
49 100 199 
60 121 122 
59 120 
119 119 
124 124 
123 123 
125 125 
126 126 
55 111 112 
56 113 114 
116 116 
115 115 
117 117 
118 118 
88 177 178 
176 176 
175 175 
89 179 180 
181 181 
182 182 
31 127 128 129 130 
91 183 
184 184 
186 186 
185 185 
93 187 
188 188 
190 190 
189 189 
86 173 174 
83 167 168 
84 169 
170 170 
85 171 172 
159 159 
160 160 
80 161 162 
164 164 
82 165 166 
163 163 
75 151 152 
154 154 
153 153 
157 157 
158 158 
156 156 
155 155 
36 149 150 
73 147 148 
72 145 
146 146 
71 144 
143 143 
140 140 
139 139 
142 142 
141 141 
67 135 136 
138 138 
137 137 
133 133 
134 134 
65 131 
132 132 
