0 1 3 8 17 35 17 36 17 8 18 37 18 38 18 8 3 7 16 33 67 33 16 34 16 33 68 33 16 7 15 32 15 31 15 7 3 1 0 2 5 12 25 12 5 2 6 13 28 58 28 57 28 13 6 14 30 14 29 59 29 60 29 14 6 13 27 13 6 2 5 11 23 48 23 47 23 11 24 11 5 2 0 1 4 10 21 43 21 44 89 44 90 44 21 10 4 9 19 40 19 39 19 9 20 41 20 42 86 42 20 9 4 10 22 45 22 46 22 10 4 1 0 
30
35 71 72 
36 73 74 
37 75 76 
38 77 78 
67 67 
34 69 70 
68 68 
32 65 66 
31 63 64 
12 53 54 
25 51 52 
58 58 
57 57 
30 61 62 
59 59 
60 60 
27 55 56 
48 97 98 
47 95 96 
24 50 99 
43 87 88 
89 89 
90 90 
40 81 82 
39 79 80 
41 83 84 
42 85 
86 86 
45 91 92 
46 93 94 
