55 70 2 79 34 4 48 67 3 98 92 12 61 62 3 57 54 9 32 81 7 46 72 65 49 63 60 96 25 69 58 73 52 71 51 2 83 45 77 42 0 99 16 89 36 87 39 85 29 2 90 35 7 104 15 80 37 3 75 44 11 20 108 41 6 103 13 20 106 21 93 27 100 23 2 102 2 18 94 31 55 
71
55 55 
70 70 112 
2 2 
79 79 
34 34 
4 4 107 
48 48 110 
67 67 
3 3 
98 98 
92 92 
12 12 
61 61 
62 62 
57 57 
54 54 
9 9 
32 32 
81 81 
7 7 
46 46 
72 72 
65 65 
49 49 
63 63 
60 60 
96 96 
25 25 
69 69 
58 58 
73 73 
52 52 
71 71 
51 51 
83 83 
45 45 
77 77 
42 42 
99 99 
16 16 
89 89 
36 36 
87 87 
39 39 
85 85 
29 29 
90 90 
35 35 
104 104 
15 15 
80 80 
37 37 
75 75 
44 44 
11 11 
20 20 
108 108 
41 41 
6 6 
103 103 
13 13 
106 106 
21 21 
93 93 
27 27 
100 100 
23 23 
102 102 
18 18 
94 94 
31 31 
