5 4 5 94 109 58 109 94 20 35 22 175 22 35 188 48 199 166 32 179 109 192 100 78 100 192 119 67 119 192 18 85 86 44 42 165 42 165 7 2 158 120 133 34 76 81 19 81 76 34 138 69 183 69 186 189 77 143 79 105 17 53 0 27 174 101 1 117 83 104 171 112 180 74 191 64 130 150 89 154 165 162 84 109 94 5 
57
4 33 
94 39 92 
109 75 
58 152 58 
20 20 11 
35 135 26 110 
22 22 
175 96 
188 25 188 
48 48 
199 199 
166 122 
32 32 
179 179 
192 192 
100 100 
78 164 78 
119 178 43 71 
67 67 41 
18 16 18 
85 85 184 
44 44 
42 137 42 
165 193 63 173 
2 2 149 
158 14 102 158 80 
133 133 68 56 
34 9 34 157 123 
76 76 156 
81 47 81 
19 151 
138 138 50 116 61 55 
69 69 153 
183 51 183 
186 140 
189 103 189 
77 196 77 
143 143 159 
105 105 
17 17 
53 53 
174 174 
101 101 
1 1 99 
117 170 
83 83 
104 104 
171 171 
112 10 146 
180 28 180 
74 31 
191 194 
64 37 177 64 
150 91 
154 187 46 154 
162 162 52 
84 168 
