2 95 58 47 19 94 19 12 86 14 29 11 29 10 93 99 7 6 98 72 62 90 59 68 23 18 20 34 61 69 42 28 70 17 70 50 77 13 83 22 88 56 74 87 41 65 41 87 81 3 81 79 78 63 43 38 43 24 89 30 89 96 84 7 72 5 72 78 79 16 79 78 1 78 2 
41
2 67 
58 58 
47 66 47 
94 94 
86 86 
14 14 
29 29 
11 11 
10 10 
7 7 
6 25 35 
98 98 
72 72 
62 62 
59 59 
23 23 
18 71 
34 34 
61 61 
69 69 0 60 
42 42 
28 28 
70 70 
17 17 
50 50 
13 13 
83 83 
88 4 88 
74 74 
41 41 
65 65 
81 81 
3 3 
63 63 
38 44 38 
24 31 24 
30 30 
96 96 
5 5 
16 16 40 76 
1 1 
