A42 A100 A183 A93 A91 A29 A174 A186 A67 A13 A197 A98 A63 A30 A189 A2 A39 A190 A73 A53 A176 A57 A157 A133 A67 A116 A105 A9 A167 A77 A82 A165 A72 A125 A72 A162 A122 A11 A158 A153 A71 A42 
32
A42 A42 
A100 A78 A100 A184 
A183 A84 A183 A43 
A93 A93 
A91 A118 A124 A145 
A174 A20 A54 A193 
A186 A94 A111 A177 A143 A107 A34 A64 
A67 A67 A136 
A13 A75 A70 A95 A13 A113 A88 A96 
A197 A142 A198 
A98 A148 A139 A106 A117 A132 A144 A192 A0 A103 A98 
A63 A120 A21 A7 
A30 A196 A90 A127 A30 A46 A191 
A189 A3 A189 
A2 A159 A130 A5 A2 A154 A35 A135 
A39 A39 A32 A76 A33 A128 
A73 A40 A172 A123 
A176 A58 A176 
A57 A23 A57 A38 
A133 A51 
A105 A105 A137 A16 
A9 A9 
A167 A167 A187 
A77 A179 A4 A45 A126 A77 
A82 A65 A82 A194 A28 
A165 A92 
A72 A72 A37 A114 
A125 A102 A181 A182 
A122 A122 
A158 A17 
A153 A185 
A71 A71 
