A29 A5 A55 A16 A12 A85 A54 A65 A0 A1 A0 A58 A0 A71 A10 A71 A45 A28 A81 A72 A19 A73 A41 A5 A57 A47 A18 A82 A35 A6 A30 A49 A31 A4 A39 A21 A11 A38 A11 A21 A75 A62 A67 A29 
28
A29 A29 
A5 A27 
A55 A55 
A16 A16 
A12 A59 A53 A99 A12 A90 
A85 A13 A89 A85 
A54 A3 A54 
A65 A65 A2 A32 A77 A79 A68 
A1 A60 
A58 A92 A14 
A10 A10 
A45 A91 
A28 A28 
A81 A34 
A72 A72 
A19 A95 
A73 A73 A69 
A47 A66 A47 
A18 A18 A97 
A82 A82 
A35 A35 A96 
A6 A88 A15 A6 
A30 A26 A30 
A31 A31 A51 
A39 A39 
A38 A38 
A75 A36 
A67 A67 A52 
