COM NER MTQ NER MYT ARM ARE POL PNG POL MEX HTI CAN HTI GUM HKG KAZ HKG IDN KOR LCA HRV HMD MMR NPL SGP RUS SGP QAT ALB QAT SGP RUS BLZ BEN BLM BHR BOL BMU BOL BHR BDI AZE BIH BHS BIH PRY MOZ PRY MDA MLT PSE NRU PRT ATG AUS NIC ITA NIC IRL NIC ABW NIC LUX LAO KNA CRI MLT PSE MLT CRI CAF CIV BVT LKA KWT LTU LIE CPV MHL MAC MHL CPV COK HND MAR HND GRC GMB NGA NFK ALA NFK JEY PAN PCN GMB NGA FSM FIN GAB GEO GBR FRA ESH ECU ESH FRA GIN FSM ESP GIB GHA GIB EGY MYS DZA MYS IRN IOT IRN NIU CZE CYP DEU CXR MWI COM SGS MUS DJI DMA RWA CPV MLI MEX SDN REU AFG REU COM COL IDN KHM SGS NZL SGS LBR GNQ PAK HUN JPN LBN JPN CHL COD COG CHN SHN SGS COM 
100
NER NER 
MTQ MTQ 
MYT MYT 
ARM ARM 
ARE ARE 
POL POL 
PNG PNG 
MEX MEX 
HTI HTI 
CAN CAN 
GUM GUM 
HKG HKG 
KAZ KAZ 
IDN IDN 
KOR KOR 
HRV HRV 
HMD HMD 
MMR MMR 
NPL NPL 
RUS RUS 
ALB ALB 
BEN BEN 
BLM BLM 
BHR BHR 
BMU BMU 
BDI BDI 
AZE AZE 
BHS BHS 
PRY PRY 
MOZ MOZ 
MDA MDA 
PSE PSE 
NRU NRU 
ATG ATG 
AUS AUS 
NIC NIC 
ITA ITA 
IRL IRL 
ABW ABW 
LUX LUX 
LAO LAO 
KNA KNA 
CAF CAF 
CIV CIV 
LKA LKA 
KWT KWT 
LTU LTU 
LIE LIE 
CPV CPV 
MAC MAC 
COK COK 
HND HND 
MAR MAR 
GRC GRC 
GMB GMB 
NFK NFK 
ALA ALA 
JEY JEY 
PAN PAN 
FSM FSM 
FIN FIN 
GAB GAB 
GEO GEO 
GBR GBR 
FRA FRA 
ESH ESH 
ECU ECU 
GIN GIN 
ESP ESP 
GIB GIB 
GHA GHA 
EGY EGY 
DZA DZA 
IRN IRN 
IOT IOT 
NIU NIU 
CYP CYP 
DEU DEU 
CXR CXR 
SGS SGS 
DJI DJI 
DMA DMA 
RWA RWA 
MLI MLI 
SDN SDN 
REU REU 
AFG AFG 
COL COL 
KHM KHM 
NZL NZL 
LBR LBR 
GNQ GNQ 
PAK PAK 
HUN HUN 
JPN JPN 
LBN LBN 
COD COD 
COG COG 
CHN CHN 
SHN SHN 
