9c2647cde6e44cc385c8 910d00572d9d42cebb4a 211ddbbf614a47428f13 5dc9f852f2454533879f 82654fedf62042cb92dc 849492e2a4f04946a2c6 babcd00b2c484c36bc48 1c62a698c79e460eb5ff 5cbb478f9b6b40daa8e9 1a4c9d2bea59474aa118 845bea1cad81493ea425 ddf764e162654211a02e fab56f22f8684dd18893 a2e35f0c3c9143c68a9e 42e3ccb6ddd54a0aa3cb 0a53d934f24848f9bda3 42e3ccb6ddd54a0aa3cb e6237b02869349c2bcc8 26a1d084007f489fba55 d484483c58914446843f 519c6812f5c84e2da127 b42e69fcc93540ff9100 ec162ad32a614344923a 42f0effdbad6403aad72 884e85a591684c7ebc61 fa1e4bc6ddcc462f984f cfa4f7b46ab548c1a67a df9c93ed7a63447389dd e05275dbed2540ddb1d0 404713e80e9740c9b7cd a93ad0e2cf094eb9b1f3 9b93a8a7d0b543339985 06cc6d7a46324506b937 f8959f42ae8745fe99d6 b927c43e198546078ea6 e87b98454fe24297b210 c947a496d2b34bb89bb9 2bcf7711ba8b49129f0c c947a496d2b34bb89bb9 09b94d1b44c348ceadb9 df9fcc997b4f4a18b94a 19f204e30ad4442cb966 9f09c91be53540919ab1 f74897e94729433fa22f 33edfebd58804049be59 76432c67ac2d44b384c1 f2ab71e12a0b4ca8a555 63ad956164364dd4aa85 44c8674ccef1477b965f 1be51209c79e402f9fee dee15252c0e54b84beaf 1e0fece7be3f41c786cb 00dd89601f03490d8809 a0f6a505c8184e86afc9 5215b0f0bd724c5cb095 d4f8d48cee014966a5b7 d5bccd7804014eca8c6c 2783e022fae94929bf16 9a6fd45cb4d44509bce9 a581f1b5cd374bd0ba96 c15cfb41ef824fd2a1c0 f47cbc59a0584307a0f1 d4f8d48cee014966a5b7 8ae0afe573b34065b929 4c8b2bb0f24f4375a715 af0a537d56ff42a99a0a 934f0cae8959401e9aa3 06d5c776fda04040b880 9c2647cde6e44cc385c8 
59
910d00572d9d42cebb4a 910d00572d9d42cebb4a 
211ddbbf614a47428f13 7e0770b0df094f329117 211ddbbf614a47428f13 eff3a759e4134e70a252 
5dc9f852f2454533879f 5dc9f852f2454533879f 
82654fedf62042cb92dc 82654fedf62042cb92dc 
849492e2a4f04946a2c6 849492e2a4f04946a2c6 cd51464f29fe4984870b b3a599b5126842e1bf24 
babcd00b2c484c36bc48 babcd00b2c484c36bc48 
1c62a698c79e460eb5ff 1c62a698c79e460eb5ff 
1a4c9d2bea59474aa118 1a4c9d2bea59474aa118 
845bea1cad81493ea425 e5d122afc38c45dea5ae 
ddf764e162654211a02e 54de46f8d4f647d1baa7 
fab56f22f8684dd18893 8fb88a81c320403c8940 fab56f22f8684dd18893 
a2e35f0c3c9143c68a9e a2e35f0c3c9143c68a9e 
42e3ccb6ddd54a0aa3cb 42e3ccb6ddd54a0aa3cb 
0a53d934f24848f9bda3 bbd144150de64860b03c 0a53d934f24848f9bda3 
e6237b02869349c2bcc8 e6237b02869349c2bcc8 
26a1d084007f489fba55 7a1df78f40b245bfbb97 26a1d084007f489fba55 06635824d9b841f7b41e 
d484483c58914446843f d484483c58914446843f 
b42e69fcc93540ff9100 b42e69fcc93540ff9100 
ec162ad32a614344923a 74bfaa171ba342fc9e58 ec162ad32a614344923a 
42f0effdbad6403aad72 ca0b4771edab4289a9de 42f0effdbad6403aad72 d8316f23d67e43ccb5e7 
884e85a591684c7ebc61 884e85a591684c7ebc61 
fa1e4bc6ddcc462f984f fa1e4bc6ddcc462f984f 5fd6476364e640bea476 
cfa4f7b46ab548c1a67a cfa4f7b46ab548c1a67a 5b7e4d089e434c6a9293 53afa325a7d34c438292 205f1eddbda0478aada6 
df9c93ed7a63447389dd df9c93ed7a63447389dd 529d899e8f2545bfbc5a 87788962cd304b248baf 
e05275dbed2540ddb1d0 e74a97c92dba4d8ea2d5 0753fe21061c4e058dad e05275dbed2540ddb1d0 
404713e80e9740c9b7cd 404713e80e9740c9b7cd 
a93ad0e2cf094eb9b1f3 b96177c96ab740b3965b 
9b93a8a7d0b543339985 9b93a8a7d0b543339985 
b927c43e198546078ea6 b927c43e198546078ea6 
e87b98454fe24297b210 e87b98454fe24297b210 
c947a496d2b34bb89bb9 c947a496d2b34bb89bb9 
2bcf7711ba8b49129f0c e5a9ca3b130945588284 2bcf7711ba8b49129f0c dbfc82377b8f4429bc5e 
09b94d1b44c348ceadb9 242983dadb1f4402a4a9 09b94d1b44c348ceadb9 
df9fcc997b4f4a18b94a ef84408a20334d7d9940 df9fcc997b4f4a18b94a 
19f204e30ad4442cb966 19f204e30ad4442cb966 c7ef0821b71641f390ee 
9f09c91be53540919ab1 5b3dce289f444b0aa162 bd01ba7047cb4d04a847 2b0e5d986b0a4f1cb926 8e02573f1324425c9311 
f74897e94729433fa22f f74897e94729433fa22f 
33edfebd58804049be59 e3726a85ffc34b1282cf 33edfebd58804049be59 
76432c67ac2d44b384c1 76432c67ac2d44b384c1 
f2ab71e12a0b4ca8a555 c69875060dcb453ead1a 
44c8674ccef1477b965f 44c8674ccef1477b965f 
1be51209c79e402f9fee 12a170c171ef44d4b662 b47b7b94e7d74f398b8f 
dee15252c0e54b84beaf dee15252c0e54b84beaf 
1e0fece7be3f41c786cb ce2f0e6b8eb94a748c7d 
00dd89601f03490d8809 664988394a5f48d79e79 00dd89601f03490d8809 
a0f6a505c8184e86afc9 a0f6a505c8184e86afc9 
5215b0f0bd724c5cb095 b3931f6d1087486cb913 5215b0f0bd724c5cb095 
d4f8d48cee014966a5b7 bb5eae787bbc407b98a6 d4f8d48cee014966a5b7 
d5bccd7804014eca8c6c d5bccd7804014eca8c6c 
2783e022fae94929bf16 2783e022fae94929bf16 
9a6fd45cb4d44509bce9 8a66a2d4fdf74f2e9b0e 9a6fd45cb4d44509bce9 
a581f1b5cd374bd0ba96 a581f1b5cd374bd0ba96 
c15cfb41ef824fd2a1c0 c15cfb41ef824fd2a1c0 
f47cbc59a0584307a0f1 3574209d67b74478ae2e fc38d8b64f88401c97fd f47cbc59a0584307a0f1 884523a7277b40f4972f 85ec82d3a96e4436a5a2 
8ae0afe573b34065b929 a22afbff48914ac888a0 d8780223b4744b5b91e5 
4c8b2bb0f24f4375a715 4c8b2bb0f24f4375a715 5a3b69fa8cfb4982a27c 
af0a537d56ff42a99a0a af0a537d56ff42a99a0a 
934f0cae8959401e9aa3 934f0cae8959401e9aa3 9b9da0cbe5514fabb1ae e0d1e21ff6cc4d64aff7 
06d5c776fda04040b880 0f214fa889a6406e8826 
