Soda 167 108 198 142 172 178 172 134 156 128 112 190 122 114 130 151 141 110 141 139 176 104 182 195 149 159 150 123 117 115 120 142 194 171 131 135 132 102 107 133 147 166 136 177 165 174 189 125 153 162 168 185 191 101 145 82 186 100 111 146 154 183 164 179 193 158 119 188 180 184 138 129 155 99 163 137 103 175 121 169 192 160 113 143 157 152 126 109 118 173 148 170 144 187 127 86 181 124 161 116 174 106 140 105 Soda 
98
167 167 
108 108 
198 198 
142 142 
172 172 
178 178 
134 134 
156 156 
128 128 
112 112 
190 190 
122 122 
114 114 
130 130 
151 151 
141 141 
110 110 
139 139 
176 176 
104 104 
182 182 
195 195 
149 149 
159 159 
150 150 
123 123 
117 117 
115 115 
120 120 
194 194 
171 171 
131 131 
135 135 
132 132 
102 102 
107 107 
133 133 
147 147 
166 166 
136 136 196 
177 177 
165 165 
174 174 
189 189 
125 125 
153 153 
162 162 
168 168 
185 185 
191 191 
101 101 
145 145 
186 186 
100 100 
111 111 
146 146 
154 154 
183 183 
164 164 
179 179 
193 193 197 
158 158 
119 119 
188 188 
180 180 
184 184 
138 138 
129 129 
155 155 
99 99 
163 163 
137 137 
103 103 
175 175 
121 121 
169 169 
192 192 
160 160 
113 113 
143 143 
157 157 
152 152 
126 126 
109 109 
118 118 
173 173 
148 148 
170 170 
144 144 
187 187 
127 127 
181 181 
124 124 
161 161 
116 116 
106 106 
140 140 
105 105 
