Soda a a1 a a0 a b b1 b b0 b c c1 c c0 c d d0 d e e1 e e0 e f f1 f g g1 g h h0 h h1 h g g0 g h i i1 i i0 i j k l l0 l l1 l k k1 k k0 k j j0 j j1 j i h g f f0 f e d d1 d c b a Soda 50 54 50 55 56 55 50 51 57 51 52 60 52 61 62 61 52 53 63 53 64 65 64 53 52 51 58 51 50 Soda 66 67 68 69 68 95 96 97 98 99 98 97 96 95 68 90 91 92 93 94 93 92 91 90 68 67 80 81 82 83 84 83 82 81 80 67 85 86 87 88 89 88 87 86 85 67 66 75 76 77 78 79 78 77 76 75 66 70 71 72 73 74 73 72 71 70 66 Soda o p r s u w y w u s r p o Soda 
49
a1 a1 
a0 a0 
b1 b1 
b0 b0 
c1 c1 
c0 c0 
d0 d0 
e1 e1 
e0 e0 
f1 f1 
g1 g1 
h0 h0 
h1 h1 
g0 g0 
i1 i1 
i0 i0 
l0 l0 
l1 l1 
k1 k1 
k0 k0 
j0 j0 
j1 j1 
f0 f0 
d1 d1 
54 54 
55 55 
56 56 
57 57 
60 60 
61 61 
62 62 
63 63 
64 64 
65 65 
58 58 59 
69 69 
97 97 
99 99 
92 92 
94 94 
82 82 
84 84 
87 87 
89 89 
77 77 
79 79 
72 72 
74 74 
y y 
