Soda 3 4 13 15 46 56 35 88 83 54 89 66 55 74 18 92 40 51 78 80 24 7 33 99 82 70 32 97 34 45 63 47 84 85 59 69 5 57 16 26 20 14 68 58 87 29 75 52 41 17 27 98 100 22 48 91 62 76 73 81 72 77 49 96 13 39 8 99 37 38 95 79 65 79 21 60 43 50 9 28 90 101 94 12 19 61 31 30 53 123 23 36 2 67 194 44 71 93 71 64 86 25 10 11 6 42 Soda 
100
3 3 
4 4 
13 13 
15 15 
46 46 
56 56 
35 35 
88 88 
83 83 
54 54 
89 89 
66 66 
55 55 
74 74 
18 18 
92 92 
40 40 
51 51 
78 78 
80 80 
24 24 
7 7 
33 33 
99 99 
82 82 
70 70 
32 32 
97 97 
34 34 
45 45 
63 63 
47 47 
84 84 
85 85 
59 59 
69 69 
5 5 
57 57 
16 16 
26 26 
20 20 
14 14 
68 68 
58 58 
87 87 
29 29 
75 75 
52 52 
41 41 
17 17 
27 27 
98 98 
100 100 
22 22 
48 48 
91 91 
62 62 
76 76 
73 73 
81 81 
72 72 
77 77 
49 49 
96 96 
39 39 
8 8 
37 37 
38 38 
95 95 
79 79 
65 65 
21 21 
60 60 
43 43 
50 50 
9 9 
28 28 
90 90 
101 101 
94 94 
12 12 
19 19 
61 61 
31 31 
30 30 
53 53 
23 23 
36 36 
2 2 
67 67 
44 44 
71 71 
93 93 
64 64 
86 86 
25 25 
10 10 
11 11 
6 6 
42 42 
