Wurster Moses Kleeberger Goldman Alabama Stanley Simpson Vermont Montgomery Parking Silver Gilman Florida Sutardja Cory Frank Hazardous Class Optometry Massachusetts Sather Honolulu Pennsylvania Indianapolis McLaughlin Pitzer Nevada North Chan Tennessee Maxwell Observatory Barrows Spieker Boston Hilgard Juneau Idaho Raleigh Oregon Anthony Blackwell Brain Moffitt Hesse California Salem Recreational Simon Visitor Wurster 
50
Wurster Wurster 
Moses Moses 
Kleeberger Kleeberger 
Goldman Goldman 
Alabama Alabama 
Stanley Stanley 
Simpson Simpson 
Vermont Vermont 
Montgomery Montgomery 
Parking Parking 
Silver Silver 
Gilman Gilman 
Florida Florida 
Sutardja Sutardja 
Cory Cory 
Frank Frank 
Hazardous Hazardous 
Class Class 
Optometry Optometry 
Massachusetts Massachusetts 
Sather Sather 
Honolulu Honolulu 
Pennsylvania Pennsylvania 
Indianapolis Indianapolis 
McLaughlin McLaughlin 
Pitzer Pitzer 
Nevada Nevada 
North North 
Chan Chan 
Tennessee Tennessee 
Maxwell Maxwell 
Observatory Observatory 
Barrows Barrows 
Spieker Spieker 
Boston Boston 
Hilgard Hilgard 
Juneau Juneau 
Idaho Idaho 
Raleigh Raleigh 
Oregon Oregon 
Anthony Anthony 
Blackwell Blackwell 
Brain Brain 
Moffitt Moffitt 
Hesse Hesse 
California California 
Salem Salem 
Recreational Recreational 
Simon Simon 
Visitor Visitor 
