Rhode Hargrove Moses BART Tang Jefferson Warren Class Tennessee Richmond Clark Haste Utah Wisconsin Jacobs Moffitt Kentucky Blackwell Rhode 
18
Rhode Rhode 
Hargrove Campanile Birge Baton Olympia Nevada Hargrove 
Moses Cory Moses Berkeley Simpson 
BART Krutch Florida CNMAT Chou Montana Lansing BART Columbia Austin Santa 
Tang Bowles Chvez Tang Columbus Madison 
Jefferson LeConte Jefferson Sproul 
Warren Hawaii Pennsylvania Oregon Etcheverry Mulford Warren Cleary 
Class Bancroft Edwards Illinois Little Class International Simon Montgomery Springer Trenton Maxwell 
Tennessee McLaughlin Nashville Hartford West Tennessee Durant Police Boalt Barrows 
Richmond Energy Hearst Providence Salt Richmond Minnesota 
Clark Clark Harrisburg Hertz Heating Lower Mississippi 
Haste Haste Concord Morrison 
Utah Utah 
Wisconsin Observatory Wisconsin Jones Durham Maryland Mathematical 
Jacobs Jacobs Insectary Topeka Foothill 
Moffitt Moffitt Stadium 
Kentucky Annapolis Silver East Donner Hellman Michigan McEnerney Kentucky Life Martin University Valley Cheyenne Grinnell 
Blackwell Blackwell Brain 
