Donner Santa Helena McCone North Cyclotron Providence Haas Phoenix Life Tallahassee Ishi Minnesota Old Foothill Gayley Iowa Topeka Illinois Gilman Recreational Haste Wurster Juneau Optometry Donner 
25
Donner Donner 
Santa Santa 
Helena Helena 
McCone McCone 
North North 
Cyclotron Cyclotron 
Providence Providence 
Haas Haas 
Phoenix Phoenix 
Life Life 
Tallahassee Tallahassee 
Ishi Ishi 
Minnesota Minnesota 
Old Old 
Foothill Foothill 
Gayley Gayley 
Iowa Iowa 
Topeka Topeka 
Illinois Illinois 
Gilman Gilman 
Recreational Recreational 
Haste Haste 
Wurster Wurster 
Juneau Juneau 
Optometry Optometry 
