YuhuaEast Sennett TelokBlangahDrive CityHall PasirRis Mandai ClementiCentral Serangoon Brickworks DhobyGhaut BukitBatokWest PengSiang Tampines KebunBahru TuasBay PunggolField TuasBay TiongBahru TuasPromenade Tanglin JooSengPayaLebar JurongPort TampinesNorth Boulevard RochorCanal InstitutionHill LoyangEast Kembangan UpperThomson HongKah OneTreeHill ClementiNorth EvertonPark ReservoirView PulauPunggolTimor Khatib SimpangNorth AlexandraNorth SimpangNorth Paterson ChoaChuKang JurongRiver Saujana HougangCentral DefuIndustrialPark HougangCentral Saujana BoatQuay Aljunied YioChuKang Museum PayaLebarEast TohGuan PasirRisDrive TuasNorthPioneer WestCoast SouthernIslands HongKahNorth SouthernIslands WestCoast TuasNorthPioneer Chatsworth Commonwealth KentRidge Commonwealth SungeiRoad WaterwayEast SungeiRoad Kranji PangSua Kranji MandaiWest NatureReserve ChangiWest DairyFarm PeiChun Northland Mountbatten Northland WoodlandsWest BukitBatokSouth PasirPanjang2 SerangoonCentral YioChuKangEast UluPandan Dunearn SembawangHills Dunearn KeatHong Trafalgar PasirRisPark Shipyard SembawangStraits OneTreeHill JurongWestCentral Cairnhill ChangiPoint AngMoKioTownCentre BukitTimah Port BukitTimah OneNorth BoonLayPlace LowerSeletar PearlsHill MandaiEast MountEmily GeylangEast Moulmein BenoiSector Punggol Matilda Geylang BedokSouth ClarkeQuay Shipyard OrangeGrove PeoplesPark BayfrontSubzone SungeiKadut TelokBlangahRise KallangWay IstanaNegara BedokNorth SerangoonNorth TagoreSindo Sembawang EastCoast Sentosa ChinaSquare Sennett SerangoonGarden Sennett YuhuaEast 
99
Sennett Sennett 
CityHall CityHall 
PasirRis PasirRis 
Mandai Mandai 
Serangoon Serangoon 
Brickworks Brickworks 
DhobyGhaut DhobyGhaut 
BukitBatokWest BukitBatokWest 
Tampines Tampines 
KebunBahru KebunBahru 
TuasBay TuasBay 
PunggolField PunggolField 
TiongBahru TiongBahru 
TuasPromenade TuasPromenade 
Tanglin Tanglin 
JooSengPayaLebar JooSengPayaLebar 
JurongPort JurongPort 
TampinesNorth TampinesNorth 
RochorCanal RochorCanal 
InstitutionHill InstitutionHill 
Kembangan Kembangan 
UpperThomson UpperThomson 
HongKah HongKah 
OneTreeHill OneTreeHill 
ClementiNorth ClementiNorth 
EvertonPark EvertonPark 
ReservoirView ReservoirView 
PulauPunggolTimor PulauPunggolTimor 
Khatib Khatib 
SimpangNorth SimpangNorth 
AlexandraNorth AlexandraNorth 
Paterson Paterson 
ChoaChuKang ChoaChuKang 
Saujana Saujana 
HougangCentral HougangCentral 
DefuIndustrialPark DefuIndustrialPark 
BoatQuay BoatQuay 
Aljunied Aljunied 
YioChuKang YioChuKang 
Museum Museum 
PayaLebarEast PayaLebarEast 
TohGuan TohGuan 
PasirRisDrive PasirRisDrive 
TuasNorthPioneer TuasNorthPioneer 
SouthernIslands SouthernIslands 
HongKahNorth HongKahNorth 
Chatsworth Chatsworth 
Commonwealth Commonwealth 
KentRidge KentRidge 
SungeiRoad SungeiRoad 
WaterwayEast WaterwayEast 
PangSua PangSua 
ChangiWest ChangiWest 
DairyFarm DairyFarm 
PeiChun PeiChun 
Northland Northland 
Mountbatten Mountbatten 
WoodlandsWest WoodlandsWest 
BukitBatokSouth BukitBatokSouth 
SerangoonCentral SerangoonCentral 
YioChuKangEast YioChuKangEast 
UluPandan UluPandan 
SembawangHills SembawangHills 
KeatHong KeatHong 
Trafalgar Trafalgar 
PasirRisPark PasirRisPark 
Shipyard Shipyard 
SembawangStraits SembawangStraits 
JurongWestCentral JurongWestCentral 
Cairnhill Cairnhill 
ChangiPoint ChangiPoint 
AngMoKioTownCentre AngMoKioTownCentre 
Port Port 
OneNorth OneNorth 
BoonLayPlace BoonLayPlace 
LowerSeletar LowerSeletar 
PearlsHill PearlsHill 
MandaiEast MandaiEast 
GeylangEast GeylangEast 
Moulmein Moulmein 
BenoiSector BenoiSector 
Punggol Punggol 
Matilda Matilda 
Geylang Geylang 
BedokSouth BedokSouth 
OrangeGrove OrangeGrove 
PeoplesPark PeoplesPark 
BayfrontSubzone BayfrontSubzone 
SungeiKadut SungeiKadut 
TelokBlangahRise TelokBlangahRise 
IstanaNegara IstanaNegara 
BedokNorth BedokNorth 
SerangoonNorth SerangoonNorth 
TagoreSindo TagoreSindo 
Sembawang Sembawang 
EastCoast EastCoast 
Sentosa Sentosa 
ChinaSquare ChinaSquare 
SerangoonGarden SerangoonGarden SingaporeRiver 
