BukitBatokEast RiverValley Hillcrest TanjongPagar SimpangNorth Bendemeer NeeSoon ChoaChuKang AirportRoad Tyersall JooKoon Sembawang SwissClub Frankel Tengeh GhimMoh Safti GaliBatuMandai LowerSeletar DowntownCore Gombak Redhill PearlsHill TiongBahruStation BukitBatokEast LeonieHill Gombak CityHall Sudong SungeiRoad Simei BukitBatokEast 
25
RiverValley RiverValley 
Hillcrest Hillcrest 
TanjongPagar TanjongPagar 
SimpangNorth SimpangNorth 
NeeSoon NeeSoon 
ChoaChuKang ChoaChuKang 
Tyersall Tyersall 
JooKoon JooKoon 
Sembawang Sembawang 
SwissClub SwissClub 
Frankel Frankel 
Tengeh Tengeh 
GhimMoh GhimMoh 
Safti Safti 
GaliBatuMandai GaliBatuMandai 
LowerSeletar LowerSeletar 
DowntownCore DowntownCore 
Redhill Redhill 
PearlsHill PearlsHill 
TiongBahruStation TiongBahruStation 
LeonieHill LeonieHill 
CityHall CityHall 
Sudong Sudong 
SungeiRoad SungeiRoad 
Simei Simei 
