LeonieHill TanglinHalt TuasBay SingaporePolytechnic Novena TampinesWest YuhuaWestBoonLay LoyangEast ChoaChuKangCentral Townsville Trafalgar GreenwoodPark Guilin Sentosa PasirRisPark SembawangSprings SungeiRoad ClarkeQuay KampongGlam ClarkeQuay SungeiRoad KallangWay AnchorvaleBuangkok YioChuKang MandaiWest BukitBatokCentral Boulevard YioChuKang MandaiWest NorthCoast FarrerPark Frankel Semakau SungeiRoad Woodgrove PunggolTownCentre YishunCentral ClementiCentral ChangiWest AirportRoad GeylangBahru TanjongRhu PasirPanjang2 Springleaf PasirPanjang2 Victoria SerangoonGarden Phillip Yishun BishanEast Ridout Changi CompassvaleTrafalgar ConeyIsland Gombak WoodlandsSouth KampongUbi Shipyard NeeSoon OrangeGrove DefuIndustrialPark Tyersall NeeSoon JurongWestCentral Kranji MonksHill Outram Sennett SungeiKadut ChangiPoint LeonieHill 
50
TanglinHalt TanglinHalt 
TuasBay TuasBay 
SingaporePolytechnic SingaporePolytechnic 
Novena Novena 
TampinesWest TampinesWest 
YuhuaWestBoonLay YuhuaWestBoonLay 
LoyangEast LoyangEast 
ChoaChuKangCentral ChoaChuKangCentral 
Townsville Townsville 
Trafalgar Trafalgar 
GreenwoodPark GreenwoodPark 
Guilin Guilin 
Sentosa Sentosa 
SembawangSprings SembawangSprings 
SungeiRoad SungeiRoad 
KampongGlam KampongGlam 
KallangWay KallangWay 
AnchorvaleBuangkok AnchorvaleBuangkok 
YioChuKang YioChuKang 
MandaiWest MandaiWest 
BukitBatokCentral BukitBatokCentral 
Boulevard Boulevard 
NorthCoast NorthCoast 
FarrerPark FarrerPark 
Semakau Semakau 
Woodgrove Woodgrove 
PunggolTownCentre PunggolTownCentre 
ClementiCentral ClementiCentral 
ChangiWest ChangiWest 
AirportRoad AirportRoad 
PasirPanjang2 PasirPanjang2 
Springleaf Springleaf 
Victoria Victoria 
SerangoonGarden SerangoonGarden 
Phillip Phillip 
Yishun Yishun 
BishanEast BishanEast 
Ridout Ridout 
ConeyIsland ConeyIsland 
Shipyard Shipyard 
NeeSoon NeeSoon 
OrangeGrove OrangeGrove 
DefuIndustrialPark DefuIndustrialPark 
Tyersall Tyersall 
JurongWestCentral JurongWestCentral 
Kranji Kranji 
MonksHill MonksHill 
Outram Outram 
Sennett Sennett 
SungeiKadut SungeiKadut 
