139 18 134 186 16 108 187 30 144 37 130 123 77 138 82 5 95 109 188 27 125 22 41 44 41 112 153 2 147 3 81 65 94 145 96 27 14 23 146 119 142 15 81 122 85 16 26 198 26 48 173 39 57 18 11 127 105 176 47 191 141 25 111 114 79 21 113 189 84 9 78 9 184 64 43 13 30 156 98 2 38 101 25 31 131 155 128 67 33 104 75 104 35 5 158 36 17 118 69 72 2 157 8 178 1 106 60 182 7 74 7 60 150 165 148 32 152 32 74 58 139 
95
18 18 
134 134 
186 186 172 
16 16 
108 108 
187 187 
30 30 
144 144 
37 37 
130 161 130 
123 123 
77 77 
138 138 89 
82 82 
5 5 
95 95 
109 109 
188 188 
27 27 
125 125 
22 22 
41 41 
44 44 
112 91 112 
153 71 153 
2 2 
147 147 
81 81 
65 65 
145 145 
96 96 
14 14 
23 23 
146 146 
119 119 
142 142 
15 15 
122 122 
85 85 
26 26 
198 198 
48 48 
173 173 
39 39 
57 57 
11 11 
127 127 
105 105 
176 176 
47 47 
191 191 
141 141 
25 25 
111 111 
114 114 
79 79 
21 21 
113 113 
189 189 
84 84 
9 9 
78 78 
184 184 
64 64 
43 43 
13 13 
156 156 
98 98 
101 101 
31 31 
131 131 
128 128 
67 67 
33 33 
104 104 
75 75 
35 35 
158 158 
118 118 
69 69 
72 72 
157 157 
8 8 
178 178 
1 1 
106 106 
60 60 
182 182 
7 7 
74 74 
165 165 
148 148 
32 32 
152 152 
58 58 
