J6 I7 F3 F9 J5 B5 J9 B3 D0 G0 E0 A0 G6 H2 F8 C9 E2 J4 B6 H2 H3 G8 C5 H0 A7 B7 C4 C2 G9 H7 H8 C6 C3 F5 E4 B0 D6 F7 A8 A9 E1 H3 J8 B9 H4 H5 C9 I3 D8 A2 C1 A2 A5 F9 J6 
48
J6 J6 
I7 I7 
F3 F3 
F9 F9 
J5 J5 
B5 B5 
J9 J9 
B3 B3 
D0 D0 
G0 G0 
E0 E0 
A0 A0 
G6 G6 
H2 H2 
F8 F8 
C9 C9 
E2 E2 
J4 J4 
B6 B6 
H3 H3 
G8 G8 
H0 H0 
A7 A7 
B7 B7 
C4 C4 
C2 J7 C2 
G9 G9 
H7 H7 
H8 H8 
C6 C6 
C3 C3 
F5 F5 
E4 E4 
B0 B0 
D6 F0 D6 
F7 F7 
A8 A8 
A9 A9 
E1 E1 
J8 J8 
B9 B9 
H4 H4 
H5 H5 
I3 I3 
D8 D8 
A2 A2 
C1 C1 
A5 A5 
