F8 M5 F8 B8 R4 E7 K9 L9 C2 D3 K1 L2 A9 C8 L6 N8 G4 E5 S2 I5 R9 D9 N6 B4 N6 N7 S3 G0 A8 G2 O0 S0 N4 H2 A2 I2 F6 I2 P2 N0 H0 I8 F1 B0 Q5 P7 J2 D7 R0 S8 H4 H1 P1 F8 
47
F8 O3 
M5 M5 K6 C0 
B8 M0 T5 
R4 R4 
E7 E8 A3 E7 
K9 K5 C1 J0 
L9 R8 L9 
C2 C2 
D3 D3 
K1 G1 K1 
A9 T0 A9 
C8 C8 C3 M6 
L6 H5 I4 L6 
N8 N8 
G4 G4 
E5 E5 A1 G6 
S2 A0 P5 P6 S2 
R9 R9 
D9 E4 D9 
N6 N6 
B4 B4 I6 D5 
N7 D4 N2 N7 
G0 E2 G0 
A8 N1 Q8 A8 
G2 E3 F9 O2 
O0 B3 
S0 D8 O1 S0 
N4 N4 
H2 H2 
A2 A2 
I2 I2 T9 
F6 Q7 F6 
P2 P2 
N0 N0 G9 
H0 T8 H0 F2 
I8 I8 S5 
F1 P9 Q0 F1 
B0 B0 C4 
Q5 Q5 
P7 Q3 S7 P7 T1 R6 
J2 J2 O5 I0 
D7 D7 
R0 I3 R0 J1 
S8 H3 S8 
H4 H4 B2 K3 S9 
H1 H1 
P1 H6 I9 
