Latias Wurmple Bounsweet Staryu Luvdisc Scolipede Noivern Talonflame Palkia Reshiram Jigglypuff Magearna Raticate Primeape Vibrava Relicanth Golisopod Charmeleon Elgyem Toxicroak Keldeo Dartrix Shelgon Latias 
22
Wurmple Wurmple 
Bounsweet Bounsweet 
Staryu Staryu 
Luvdisc Petilil Luvdisc 
Scolipede Infernape Scolipede 
Noivern Noivern 
Talonflame Talonflame 
Palkia Palkia 
Reshiram Reshiram 
Jigglypuff Jigglypuff 
Magearna Magearna 
Raticate Raticate 
Primeape Primeape 
Vibrava Vibrava 
Relicanth Exeggutor Relicanth 
Golisopod Golisopod 
Charmeleon Charmeleon 
Elgyem Elgyem 
Toxicroak Toxicroak 
Keldeo Keldeo 
Dartrix Dartrix 
Shelgon Shelgon 
