Qwilfish Tropius Skorupi Magnemite Comfey Nincada Seaking Nincada Noibat Honedge Kakuna Honedge Weepinbell Zekrom Conkeldurr Stufful Amoonguss Lotad Drapion Vullaby Porygon2 Meloetta Scatterbug Taillow Drapion Vullaby Shellos Magmar Volcarona Steenee Volcarona Vullaby Sandile Metapod Weezing Plusle Weezing Escavalier Woobat Crawdaunt Metang Slurpuff Inkay Vespiquen Shellder Bastiodon Whismur Bounsweet Froakie Drampa Gengar Tauros Swadloon Munna Skorupi Skiddo Noibat Simisear Sandile Drampa Qwilfish 
48
Qwilfish Qwilfish 
Skorupi Skorupi 
Magnemite Magnemite 
Comfey Comfey 
Nincada Nincada 
Seaking Seaking Treecko 
Noibat Noibat 
Honedge Honedge 
Kakuna Kakuna 
Weepinbell Weepinbell 
Zekrom Wailord 
Conkeldurr Conkeldurr 
Stufful Stufful Jumpluff 
Amoonguss Amoonguss 
Lotad Lotad 
Drapion Drapion 
Vullaby Vullaby 
Porygon2 Porygon2 
Meloetta Meloetta 
Scatterbug Scatterbug 
Taillow Taillow 
Shellos Shellos 
Magmar Magmar 
Volcarona Volcarona 
Steenee Steenee 
Sandile Sandile 
Metapod Metapod 
Weezing Weezing 
Plusle Plusle 
Escavalier Escavalier 
Woobat Woobat 
Crawdaunt Crawdaunt 
Metang Metang 
Slurpuff Slurpuff 
Inkay Inkay 
Vespiquen Vespiquen 
Shellder Shellder 
Bastiodon Bastiodon 
Whismur Whismur 
Bounsweet Bounsweet 
Froakie Froakie 
Drampa Drampa 
Gengar Gengar 
Tauros Tauros 
Swadloon Swadloon 
Munna Munna 
Skiddo Skiddo 
Simisear Simisear 
