Qwilfish Drampa Froakie Dewpider Amoonguss Vullaby Volcarona Magmar Inkay Meloetta Porygon2 Meloetta Scatterbug Taillow Wartortle Steenee Jumpluff Plusle Jumpluff Metapod Whismur Tsareena Weepinbell Honedge Noibat Simisear Sandile Simisear Slowbro Tropius Shellos Tropius Skorupi Munna Gengar Tornadus Gengar Drampa Qwilfish 
32
Qwilfish Qwilfish 
Drampa Phanpy Drampa 
Froakie Froakie Magnemite Comfey Bounsweet Yungoos 
Dewpider Politoed Dewpider Kakuna Treecko 
Amoonguss Lotad Crawdaunt Amoonguss Zekrom Tauros Stufful Conkeldurr 
Vullaby Drapion Vullaby Paras 
Volcarona Volcarona 
Magmar Magmar 
Inkay Slurpuff Inkay Vespiquen 
Meloetta Meloetta 
Porygon2 Porygon2 
Scatterbug Terrakion Scatterbug 
Taillow Taillow 
Wartortle Wartortle Xerneas 
Steenee Metang Steenee 
Jumpluff Jumpluff 
Plusle Weezing Plusle Wailord 
Metapod Metapod 
Whismur Nincada Whismur Lumineon Bastiodon 
Tsareena Tsareena Woobat Shellder 
Weepinbell Weepinbell Escavalier 
Honedge Honedge Seaking 
Noibat Skiddo Noibat 
Simisear Simisear 
Sandile Sandile 
Slowbro Slowbro 
Tropius Tropius 
Shellos Shellos 
Skorupi Skorupi 
Munna Munna Swadloon 
Gengar Gengar 
Tornadus Tornadus 
