Burlington Killeen Prairie Greenville Amarillo Hayward Buffalo Louisville Chicago McAllen Hampton Myrtle Columbus Cedar Clarke Miramar Bridgeport Naperville Independence Cambridge Barnstable Rapids Denver Merced Chattanooga Plen Davenport Honolulu Burlington 
25
Killeen Killeen 
Prairie Prairie 
Greenville Greenville 
Amarillo Amarillo 
Hayward Hayward 
Buffalo Buffalo 
Louisville Louisville 
Chicago Chicago 
McAllen McAllen 
Hampton Hampton 
Myrtle Myrtle 
Columbus Columbus 
Cedar Cedar 
Clarke Clarke 
Miramar Miramar 
Bridgeport Bridgeport 
Naperville Naperville 
Independence Independence 
Cambridge Cambridge 
Rapids Rapids 
Denver Denver 
Merced Merced 
Chattanooga Chattanooga 
Davenport Davenport 
Honolulu Honolulu 
