Monroe Lewisville Allentown Miami Corpus Greensboro Vista Gainesville Dallas Three Kailua Bridgeport Bethlehem Gilbert Modesto Hampton Prairie Muskegon Albany Cambridge Lowell Aberdeen Havre Lancaster Elkhart Huntington Hickory Lafayette Hartford Glendale Brownsville Glendale Killeen Baltimore Kenosha Denton Hayward Lakeland Burlington Dayton Burlington Daytona Anchorage Apple Clarke Hesperia Viejo Naples Bedford Julian Cleveland Erie Mobile Leominster Canton Kissimmee Seven Laredo Akron Bradenton Denver Monterey Kennewick Ten Lakeland Baton Irving Elizabeth Lacey Anaheim Jacksonville Layton Canton Four Boulder Johnson Rapids Davidson Rapids Arlington Abilene Mesquite Amarillo Austin Hagerstown Antioch Athens Cary Manchester Chesapeake Asheville Fairfield Asheville Carrollton Mesa Hialeah Birmingham Boise Merced Montgomery Detroit Melbourne Birmingham Eleven Huntsville Clarksville Monroe 
98
Monroe Monroe 
Lewisville Lewisville 
Allentown Allentown 
Miami Miami 
Corpus Corpus 
Greensboro Greensboro 
Vista Vista 
Gainesville Gainesville 
Dallas Dallas 
Three Three 
Kailua Kailua 
Bridgeport Bridgeport 
Bethlehem Bethlehem 
Gilbert Gilbert 
Modesto Modesto 
Hampton Hampton 
Prairie Prairie 
Muskegon Muskegon 
Albany Albany 
Cambridge Cambridge 
Lowell Lowell 
Aberdeen Aberdeen 
Havre Havre 
Lancaster Lancaster 
Elkhart Elkhart 
Huntington Huntington 
Hickory Hickory 
Lafayette Lafayette 
Hartford Hartford 
Glendale Glendale 
Brownsville Brownsville 
Killeen Killeen 
Baltimore Baltimore 
Kenosha Kenosha 
Denton Denton 
Hayward Hayward 
Lakeland Lakeland 
Burlington Burlington 
Dayton Dayton 
Daytona Daytona 
Anchorage Anchorage 
Apple Apple Fayetteville 
Clarke Clarke 
Hesperia Hesperia 
Viejo Viejo 
Naples Naples 
Bedford Bedford 
Julian Julian 
Cleveland Cleveland 
Erie Erie 
Mobile Mobile 
Leominster Leominster 
Canton Canton 
Kissimmee Kissimmee 
Seven Seven 
Laredo Laredo 
Akron Akron 
Bradenton Bradenton 
Denver Denver 
Monterey Monterey 
Kennewick Kennewick 
Ten Ten 
Baton Baton 
Irving Irving 
Elizabeth Elizabeth 
Lacey Lacey 
Anaheim Anaheim 
Jacksonville Jacksonville 
Layton Layton 
Four Four 
Boulder Boulder 
Johnson Johnson Charleston 
Rapids Rapids 
Davidson Davidson 
Arlington Arlington 
Abilene Abilene 
Mesquite Mesquite 
Amarillo Amarillo 
Austin Austin 
Hagerstown Hagerstown 
Antioch Antioch 
Athens Athens 
Cary Cary 
Manchester Manchester 
Chesapeake Chesapeake 
Asheville Asheville 
Fairfield Fairfield 
Carrollton Carrollton 
Mesa Mesa 
Hialeah Hialeah 
Birmingham Birmingham 
Boise Boise 
Merced Merced 
Montgomery Montgomery 
Detroit Detroit 
Melbourne Melbourne 
Huntsville Huntsville 
Clarksville Clarksville 
