Myrtle Montgomery Hollywood Chandler Baltimore Moreno Garland Huntington Leominster Houma Canton Grays Erie Minneapolis Albuquerque Kissimmee Chicago Brownsville Bradenton Corpus GreenBay Medford Joliet Abilene Champaign Barnstable Myrtle 
23
Montgomery Montgomery Cathedral 
Hollywood Hollywood Cedar Davidson 
Chandler Dallas Chandler 
Baltimore Baltimore 
Moreno Merced Nashua Moreno 
Huntington Muskegon Huntington 
Leominster Leominster Appleton 
Houma Houma 
Grays Grays 
Erie Erie Plen Huntsville 
Minneapolis Minneapolis Lexington Alexandria 
Albuquerque Cary Albuquerque Albany 
Kissimmee Harlingen Miramar Kissimmee 
Chicago Chicago Lansing 
Brownsville Brownsville Lorain Mobile 
Bradenton Hemet Bradenton 
Corpus Corpus 
GreenBay Bridgeport GreenBay 
Medford Bloomington Medford 
Joliet Joliet Kansas Deltona 
Abilene Hartford Aribel Abilene 
Champaign Champaign 
Barnstable Barnstable Macon 
