DK CP FG BL CG HJ CE BP HB DN HB AB EW BV EA AU AN AO AG FD FN DF BC CR DD HC AA EQ ED EN CX EF ET DS AY DK 
34
DK AZ 
CP CP BM 
FG FG 
BL BL 
CG DZ AK CG 
HJ HJ DL FW HD 
CE BE CE 
BP DP CK DT BP 
HB FZ HB 
DN DN ES BZ 
AB AB GG 
EW EW 
BV DM BV EP BF 
EA EA FH GY 
AU BH AU DO DB BR 
AN AN GZ AV 
AO EY AO FT 
AG AG 
FD GB DU FP GR FD 
FN FA EO FN AT HI 
DF DF DX CY CI 
BC BC EL 
CR CR HF GT 
DD DD 
HC CA DI CW HC EB BI EM 
AA FB AA CU 
EQ EQ AM 
ED ED BW 
EN EN HE 
CX CX 
EF GV EF 
ET CS CT ET DE GN 
DS GX CM 
AY CD CC AY 
