Soda DurantHall Campanile BerkeleyArtMuseum ClarkKerrCampus ChouHall DonnerLab ChanShunAuditorium EtcheverryHall CNMAT EdwardsStadium CaliforniaHall BrainImagingCenter CheitHall BlumHall BlackwellHall EshlemanHall BarrowsHall Cory AlumniHouse CareerCenter VLSB Dwinelle EastAsianLibrary CampbellHall BarkerHall DoeMemorialLibrary BotanicalGarden CyclotronRd BoaltHall EastGate Soda 
30
DurantHall DurantHall 
Campanile AnthonyHall Campanile 
BerkeleyArtMuseum BerkeleyArtMuseum CalvinLaboratory DavisHall EvansDiamond 
ClarkKerrCampus ClarkKerrCampus 
ChouHall ChouHall 
DonnerLab DonnerLab 
ChanShunAuditorium ChanShunAuditorium 
EtcheverryHall EtcheverryHall 
CNMAT CNMAT 
EdwardsStadium BanwayBldg EdwardsStadium 
CaliforniaHall CaliforniaHall 
BrainImagingCenter BerkeleyWayWest BrainImagingCenter 
CheitHall CheitHall 
BlumHall BirgeHall BlumHall 
BlackwellHall BlackwellHall 
EshlemanHall EshlemanHall 
BarrowsHall BarrowLane BarrowsHall BARTStation 
Cory Cory 
AlumniHouse AlumniHouse 
CareerCenter CareerCenter 
VLSB VLSB 
Dwinelle Dwinelle 
EastAsianLibrary EastAsianLibrary 
CampbellHall CampbellHall 
BarkerHall BarkerHall 
DoeMemorialLibrary DoeMemorialLibrary 
BotanicalGarden BotanicalGarden 
CyclotronRd CyclotronRd 
BoaltHall BancroftLibrary BoaltHall 
EastGate EastGate 
