Soda EtcheverryHall WicksonNaturalArea ZellerbachHall MulfordHall ZellerbachPlayhouse Benicia SanPablo IshiCourt Pacifica LowerSproulPlaza Hillsborough SanRamon EvansHall FoundersRock Piedmont SternHall WellmanHall Orinda KleebergerFieldHouse StHelena MinorHallAddition BancroftLibrary Unit1 Healdsburg WomenFacultyClub BarkerHall FrankSchlessingerWay AnthonyHall SproulPlaza Emeryville HertzHall EastGate ChouHall StadiumRimWay Belmont BlumHall Saratoga Cory WestCircle KroeberHall WheelerHall SanRafael Fairfield WursterHall SatherTower Pittsburg Insectary Campanile GiauqueHall Alameda Oakley WestGate LewisHall DonnerLab NorthGateHall HargroveMusicLibrary PimentelHall CalvinLaboratory HearstGreekTheatre GilmanHall GoldmanField ClarkKerrCampus Albany Unit3 HearstMiningCircle Hayward MartinezCommons Pinole ClearyHall Brisbane Soda 
70
EtcheverryHall EtcheverryHall 
WicksonNaturalArea WicksonNaturalArea 
ZellerbachHall ZellerbachHall 
MulfordHall MulfordHall 
ZellerbachPlayhouse ZellerbachPlayhouse 
Benicia Benicia 
SanPablo SanPablo 
IshiCourt IshiCourt 
Pacifica Pacifica 
LowerSproulPlaza LowerSproulPlaza 
Hillsborough Hillsborough 
SanRamon SanRamon 
EvansHall EvansHall 
FoundersRock FoundersRock 
Piedmont Piedmont 
SternHall SternHall 
WellmanHall WellmanHall 
Orinda Orinda 
KleebergerFieldHouse KleebergerFieldHouse 
StHelena StHelena 
MinorHallAddition MinorHallAddition 
BancroftLibrary BancroftLibrary 
Unit1 Unit1 
Healdsburg Healdsburg 
WomenFacultyClub WomenFacultyClub 
BarkerHall BarkerHall 
FrankSchlessingerWay FrankSchlessingerWay 
AnthonyHall AnthonyHall 
SproulPlaza SproulPlaza 
Emeryville Emeryville 
HertzHall HertzHall 
EastGate EastGate 
ChouHall ChouHall 
StadiumRimWay StadiumRimWay 
Belmont Belmont 
BlumHall BlumHall 
Saratoga Saratoga 
Cory Cory 
WestCircle WestCircle 
KroeberHall KroeberHall 
WheelerHall WheelerHall 
SanRafael SanRafael 
Fairfield Fairfield 
WursterHall WursterHall 
SatherTower SatherTower 
Pittsburg Pittsburg 
Insectary Insectary 
Campanile Campanile 
GiauqueHall GiauqueHall 
Alameda Alameda 
Oakley Oakley 
WestGate WestGate 
LewisHall LewisHall 
DonnerLab DonnerLab 
NorthGateHall NorthGateHall 
HargroveMusicLibrary HargroveMusicLibrary 
PimentelHall PimentelHall 
CalvinLaboratory CalvinLaboratory 
HearstGreekTheatre HearstGreekTheatre 
GilmanHall GilmanHall 
GoldmanField GoldmanField 
ClarkKerrCampus ClarkKerrCampus 
Albany Albany 
Unit3 Unit3 
HearstMiningCircle HearstMiningCircle 
Hayward Hayward 
MartinezCommons MartinezCommons 
Pinole Pinole 
ClearyHall ClearyHall 
Brisbane Brisbane 
