Pantheon LoneDruid Oracle Ashe Shyvana Jayce SpiritBreaker Rumble SpiritBreaker Draven Lux Jhin Kled Lich ChaosKnight Xerath Jinx Bristleback Maokai Bard Skarner Spectre Ezreal Nunu MasterYi Ziggs Malphite Akali Heimerdinger Tiny Anivia Disruptor KogMaw CrystalMaiden BountyHunter Morgana Tailyah Magnus NightStalker Talon TrollWarlord CentaurWarrunner Galio Phoenix Jax Lucian WraithKing Slark Ahri ArcWarden Pantheon 
48
LoneDruid LoneDruid 
Oracle Oracle 
Ashe Ashe 
Shyvana Shyvana 
Jayce Jayce 
SpiritBreaker SpiritBreaker 
Rumble Rumble 
Draven Draven 
Lux Lux 
Jhin Jhin 
Kled Kled 
Lich Lich 
ChaosKnight ChaosKnight 
Xerath Xerath 
Jinx Jinx 
Bristleback Bristleback 
Maokai Maokai 
Bard Bard 
Skarner Skarner 
Spectre Spectre 
Ezreal Ezreal 
Nunu Nunu 
MasterYi MasterYi 
Ziggs Ziggs 
Malphite Malphite 
Akali Akali 
Heimerdinger Heimerdinger 
Tiny Tiny 
Anivia Anivia 
Disruptor Disruptor 
KogMaw KogMaw 
CrystalMaiden CrystalMaiden 
BountyHunter BountyHunter 
Morgana Morgana 
Tailyah Tailyah 
Magnus Magnus 
NightStalker NightStalker 
Talon Talon 
TrollWarlord TrollWarlord 
CentaurWarrunner CentaurWarrunner 
Galio Galio 
Phoenix Phoenix 
Jax Jax 
Lucian Lucian 
WraithKing WraithKing 
Slark Slark 
Ahri Ahri 
ArcWarden ArcWarden 
