Zeus Blitzcrank Dazzle EmberSpirit Braum Lulu Twitch Sven Syndra ElderTitan Leshrac Axe Renekton Slardar Shen TreantProtector Lycan Nocturne Xayah Bloodseeker Zeus 
20
Zeus Zeus 
Blitzcrank Blitzcrank 
Dazzle Dazzle 
EmberSpirit EmberSpirit 
Braum Braum 
Lulu Lulu 
Twitch Twitch 
Sven Sven 
Syndra Syndra 
ElderTitan ElderTitan 
Leshrac Leshrac 
Axe Axe 
Renekton Renekton 
Slardar Slardar 
Shen Shen 
TreantProtector TreantProtector 
Lycan Lycan 
Nocturne Nocturne 
Xayah Xayah 
Bloodseeker Bloodseeker 
