Fizz Viktor Heimerdinger Ziggs ShadowFiend NightStalker Rumble Rubick Kled SpiritBreaker Nunu Sven Jayce CentaurWarrunner Slark Techies WinterWyvern Thresh Rengar VelKoz Visage Talon Tiny Lucian DeathProphet Janna Nidalee Kayn KhaZix Medusa Amumu Huskar Sniper Fizz 
33
Fizz Fizz 
Viktor Nasus Viktor 
Heimerdinger Heimerdinger Azir 
Ziggs Morphling Ziggs Tristana 
ShadowFiend ShadowFiend LeBlanc 
NightStalker NightStalker Quinn Beastmaster ShadowShaman 
Rumble Zed Rumble 
Rubick Rubick Vladimir 
Kled Kled Orianna 
SpiritBreaker Puck SpiritBreaker Cassiopeia 
Nunu Jinx Syndra Nunu 
Sven Sven Slardar 
Jayce Karma Sona Ryze Jayce 
CentaurWarrunner CentaurWarrunner Magnus ShadowDemon 
Slark Gragas Yorick Slark Trundle Xayah 
Techies Techies Brewmaster Zilean 
WinterWyvern WinterWyvern Omniknight 
Thresh Thresh Ekko Weaver FacelessVoid 
Rengar Rengar Leona 
VelKoz Fiddlesticks VelKoz 
Visage Visage 
Talon Terrorblade Talon 
Tiny Tiny Venomancer TahmKench 
Lucian Chen Lucian 
DeathProphet DeathProphet Pantheon Timbersaw 
Janna Janna Undying JarvanIV 
Nidalee Katarina Kennen Nidalee 
Kayn TrollWarlord Irelia Vi Kayn 
KhaZix KhaZix Kassadin Mirana 
Medusa Medusa Singed BountyHunter LoneDruid 
Amumu StormSpirit Amumu 
Huskar Huskar Warlock Bane 
Sniper Sniper Annie Oracle 
