0 22 0 21 0 2 3 4 5 4 3 2 0 23 24 9 8 74 66 62 58 56 52 55 54 53 54 55 52 56 58 62 66 74 8 10 26 28 30 31 14 17 18 19 18 17 14 31 30 28 26 10 9 7 0 
30
0 0 1 
22 22 
21 21 
2 2 
3 3 
4 4 
5 5 6 
23 23 
24 24 
9 9 
8 8 
74 74 
66 66 
62 62 
58 58 
56 56 
52 52 
55 55 
54 54 
53 53 
10 10 11 51 57 59 60 63 64 67 68 71 72 
26 26 
28 12 27 28 29 34 35 37 38 39 61 65 69 70 73 75 77 82 83 84 87 95 96 97 98 
30 30 32 33 36 41 79 81 
31 31 40 
14 13 14 15 16 42 43 44 45 46 47 48 49 50 76 78 80 85 86 88 89 90 91 92 93 94 99 
17 17 
18 18 
19 19 20 
7 7 25 
