6 199 198 197 194 197 196 190 199 189 180 186 185 180 187 181 184 189 172 177 178 170 172 168 164 168 163 167 166 168 158 150 157 152 154 153 150 158 143 148 149 145 147 144 147 146 143 133 132 138 137 130 139 134 133 124 126 123 129 128 120 125 124 111 114 111 113 118 115 112 111 103 105 106 109 107 102 101 103 96 90 97 98 99 95 96 80 81 85 88 80 73 74 78 72 79 75 73 67 69 62 63 65 60 67 55 50 57 58 51 59 51 55 42 40 41 46 48 44 42 30 31 39 38 36 30 24 20 23 26 24 11 15 10 18 10 19 16 14 13 15 11 6 2 7 0 4 1 6 
85
198 198 
194 194 
196 196 
190 191 190 
186 186 
185 185 
187 187 
181 181 
184 182 
177 177 
178 178 
170 176 170 179 
164 164 
163 163 
167 167 
166 166 
150 150 
157 157 
152 152 
153 153 
148 148 
149 149 
145 145 
144 144 
146 146 
132 132 
137 137 
130 130 
139 139 
134 134 
126 126 
129 129 
128 128 
120 120 
125 125 
114 114 
113 113 
118 118 
115 115 
112 112 
105 105 
106 106 
109 109 
107 107 
101 101 
90 90 
97 97 
98 98 
95 95 
81 87 81 
85 85 
88 88 
74 74 
78 78 
79 79 
75 77 75 
69 69 
62 62 
63 63 
65 65 
60 60 
50 50 
57 57 
51 51 
59 59 
40 40 
41 41 
46 46 
48 48 
31 31 
39 39 
38 38 
36 36 
20 20 21 
23 23 
26 26 
15 15 
10 10 
18 18 
19 19 
14 14 
7 7 
0 8 0 
4 4 
1 1 
