L16 L94 L22 L131 L47 L133 L103 L63 L119 L128 L79 L12 L28 L150 L104 L116 L35 L106 L4 L143 L1 L53 L110 L56 L84 L18 L21 L13 L89 L11 L6 L29 L16 
32
L16 L16 L99 
L94 L78 L85 L94 
L22 L7 L24 L153 L22 L82 
L131 L131 L141 
L47 L146 L77 L47 
L133 L144 L133 L68 
L103 L20 L103 
L63 L138 L27 L61 L63 
L119 L119 L92 L75 L80 L90 L72 
L128 L91 L128 L129 
L79 L114 L100 L79 L140 L145 
L12 L83 L12 L67 
L28 L28 L52 
L150 L150 L87 
L104 L95 L104 L126 L142 L9 
L116 L2 L101 L8 
L35 L35 
L106 L106 L152 
L4 L4 L149 
L143 L43 L40 L143 L65 
L1 L130 L1 
L53 L53 
L110 L110 
L56 L56 L70 
L84 L151 L84 
L18 L18 L5 
L21 L109 L21 L147 
L13 L139 L76 L134 L38 L107 
L89 L89 
L11 L125 L74 L11 
L6 L62 L93 L124 
L29 L29 
