0 145 146 62 67 70 69 75 82 81 86 44 36 31 23 141 137 64 56 64 68 75 80 119 123 60 65 66 71 75 132 128 134 93 95 97 89 94 98 96 101 104 110 104 76 29 30 24 109 47 43 42 73 77 78 85 28 25 19 18 138 143 135 10 13 16 23 27 33 35 43 51 53 55 49 4 12 19 26 32 40 45 39 34 40 118 117 111 108 105 113 114 7 76 84 83 120 122 127 15 22 15 11 18 11 8 9 133 131 142 148 5 0 
99
0 0 
145 145 
146 146 
62 62 
67 67 
70 70 
69 69 
75 75 
82 82 
81 81 
86 86 
44 44 
36 36 
31 31 
23 23 
141 141 
137 137 
64 64 
56 56 
68 68 
80 80 
119 119 
123 123 125 
60 60 
65 65 
66 66 
132 132 
128 128 
134 134 
93 93 
95 95 
97 97 
89 89 
94 94 
98 98 
96 96 
101 101 
104 104 
110 110 
76 76 
29 29 
30 30 
24 24 
109 109 
47 47 
43 43 
42 42 
73 73 
77 77 
78 78 
85 85 
28 28 
25 25 
19 19 
18 18 
138 138 
143 143 
135 135 
10 10 
13 13 
16 16 
27 27 
33 33 
35 35 
51 51 
53 53 
55 55 
49 49 
4 4 
12 12 
26 26 
32 32 
40 40 
45 45 
39 39 
34 34 
118 118 
117 117 
111 111 
108 108 
105 105 
113 113 
114 114 
7 7 
84 84 
83 83 
120 120 
122 122 
127 127 
15 15 
22 22 
11 11 
8 8 
9 9 
133 133 
131 131 
142 142 
148 148 
5 5 
