1 33 6 7 41 82 17 90 12 90 85 49 40 67 99 76 68 5 81 8 87 47 26 7 91 53 91 29 55 2 3 58 83 21 62 35 62 94 72 73 45 16 28 42 9 39 14 64 63 100 77 1 50 19 61 71 100 1 
50
1 1 
33 33 
6 6 
7 7 
41 41 
82 82 
17 17 
90 90 
12 12 
85 85 
49 49 
40 40 
67 67 
99 99 
76 76 
68 68 
5 5 
81 81 
8 8 
87 87 
26 26 
91 91 
53 53 
29 29 
55 55 
2 2 
3 3 
58 58 
83 83 
21 21 
62 62 
35 35 
94 94 
72 72 
73 73 
45 45 
16 16 
28 28 
42 42 
9 9 
39 39 
14 14 
64 64 
63 63 
100 100 
77 77 
50 50 
19 19 
61 61 
71 71 
