1 176 116 54 126 108 112 191 114 160 27 91 166 183 142 149 127 119 20 132 131 9 100 67 34 165 6 72 11 57 138 180 60 137 178 92 163 1 
34
176 176 65 
116 64 116 
54 93 
126 126 76 
108 192 108 
112 112 97 21 25 
191 143 181 186 68 44 191 
114 118 114 122 94 
160 160 95 29 81 
27 27 155 
91 59 139 167 99 91 
183 183 14 
142 12 142 123 
149 184 149 117 121 
127 74 127 70 87 17 
119 119 197 
20 45 20 
132 42 132 
131 16 7 129 131 
9 89 35 9 
100 53 78 100 164 
67 36 67 188 
34 159 34 
165 165 
6 6 40 
11 140 11 79 
57 147 57 120 
138 151 2 
180 180 161 
60 60 3 
137 137 148 
178 13 153 52 178 
92 182 32 28 92 
163 163 170 172 190 77 
