Building65 Building66 Building99 Building34 Building38 Building35 Building41 Building44 Building7 Building8 Building7 Building59 Building62 Building63 Building61 Building60 Building33 Building44 Building36 Building73 Building77 Building70 Building94 Building95 Building29 Building14 Building12 Building88 Building12 Building23 Building22 Building53 Building51 Building53 Building22 Building24 Building18 Building13 Building21 Building83 Building64 Building66 Building65 
29
Building99 Building99 
Building38 Building37 Building45 
Building35 Building42 Building35 
Building41 Building41 
Building44 Building44 
Building7 Building4 Building3 
Building8 Building8 Building1 
Building59 Building59 
Building61 Building61 
Building60 Building58 Building57 
Building33 Building33 
Building36 Building36 Building46 
Building73 Building71 Building82 Building73 
Building77 Building79 Building81 
Building70 Building76 Building80 
Building94 Building96 Building94 Building97 
Building95 Building92 
Building29 Building15 
Building14 Building10 
Building88 Building84 Building88 Building91 
Building23 Building27 
Building22 Building22 
Building51 Building54 Building55 Building51 
Building24 Building24 Building31 Building32 Building25 
Building18 Building20 Building30 
Building13 Building13 
Building21 Building16 Building11 
Building83 Building83 
Building64 Building64 
