187 86 153 29 4 94 158 48 63 195 199 70 45 32 68 196 67 18 47 13 59 37 42 37 120 9 102 175 142 114 79 44 69 171 69 146 85 180 117 73 183 65 140 65 75 124 133 131 109 23 124 181 71 148 123 15 123 92 101 127 82 15 184 126 58 157 159 176 159 157 83 53 35 56 33 167 194 80 189 54 89 54 97 154 134 137 165 160 39 41 163 41 93 132 149 6 111 21 108 21 90 106 152 12 143 169 190 173 72 136 178 161 191 49 77 107 77 2 30 173 166 78 164 78 172 144 52 144 119 8 36 87 36 179 110 7 187 
94
86 86 156 
153 153 
29 29 
94 94 
48 48 
63 63 
199 199 
70 70 
45 45 
32 32 
68 162 68 
196 196 
67 67 
18 18 
47 47 
13 13 
59 59 
42 42 
120 120 
9 9 
175 175 
142 142 
114 114 
79 79 
44 44 
69 69 
171 171 
146 146 
180 180 
117 117 
73 73 
183 183 
65 65 
140 140 
124 128 124 
133 133 
131 131 
109 109 
23 23 
181 181 
71 71 
148 148 150 
15 15 
92 92 
127 127 
82 82 
184 184 
126 126 
58 95 58 
157 157 
176 176 
83 83 
53 53 
33 33 
80 80 
54 54 55 
89 89 
97 97 
154 154 
134 134 
165 165 
160 160 
39 39 
41 41 
163 163 
93 93 
132 132 
6 6 
111 111 
108 108 
90 90 
152 152 
12 12 
169 169 
190 190 
173 173 
72 72 
136 136 
161 161 
191 191 
107 107 
2 2 
30 30 
166 166 
78 78 
164 164 
172 172 
52 52 
119 119 
8 8 
36 36 
87 87 
110 110 
7 7 
