16 39 75 92 19 85 19 83 90 83 60 35 47 88 53 94 51 77 2 71 44 71 8 18 81 69 20 82 62 11 20 69 86 38 0 72 93 72 31 38 96 84 57 52 9 40 55 40 21 57 15 80 37 65 61 23 17 29 50 58 5 45 3 68 74 68 7 6 27 22 36 63 25 63 33 16 
50
39 39 
75 75 
92 92 
19 19 
85 85 
83 83 
90 90 
60 60 
35 35 
88 88 
53 53 
94 94 
51 51 
77 77 
44 44 
18 18 
81 81 
20 20 
82 82 
62 62 
11 11 
86 86 
0 0 
93 93 
31 31 
96 96 
84 84 
52 52 
40 40 
55 55 
21 21 
15 15 
80 80 
37 37 
65 65 
61 61 
23 23 
17 17 
29 29 
50 50 
58 58 
5 5 
3 3 
68 68 
74 74 
7 7 
6 6 
36 36 
25 25 
33 33 
