location1 location178 location175 location5 location12 location20 location143 location37 location118 location184 location68 location46 location13 location130 location154 location2 location179 location75 location92 location190 location49 location1 
21
location1 location90 
location178 location108 location27 location178 
location175 location105 location87 location175 location32 
location5 location5 location114 location44 
location12 location25 location12 location128 location111 
location20 location20 location133 location56 location26 
location143 location180 location169 location110 location57 location142 location143 location17 location171 location152 location186 
location37 location106 location177 location182 location59 location65 location164 location37 
location118 location35 location43 location188 location197 location118 location93 location148 
location184 location157 location6 location74 location159 location199 location184 location129 location58 location181 location172 
location68 location97 location82 location68 location91 location136 location161 
location46 location123 location149 location46 location109 location40 
location13 location16 location13 
location130 location196 location130 location22 location94 
location154 location116 location165 location127 location154 location10 
location2 location11 location195 location2 location150 location95 location96 location185 
location179 location158 location28 location179 location85 
location75 location139 location146 location75 
location92 location92 location100 location33 location193 
location190 location69 location107 location190 
location49 location140 location49 location3 location30 
