0 18 85 52 23 135 43 135 63 6 14 68 84 73 24 58 70 92 69 51 151 59 29 94 26 3 83 31 16 48 46 90 60 81 86 11 76 67 10 32 15 2 99 34 79 56 97 5 95 77 54 7 54 53 61 36 33 17 62 13 40 82 8 96 65 75 55 50 158 93 64 45 74 27 1 44 71 30 41 9 47 88 4 42 38 35 12 98 22 20 19 37 103 25 0 
87
18 18 
85 85 100 
52 52 
23 23 
43 43 
63 63 
6 6 72 
14 14 
68 68 
84 84 
73 73 
24 24 
58 58 91 
70 70 
92 92 
69 69 
51 51 57 
59 59 
29 29 
94 94 
26 26 
3 3 
83 83 
31 31 
16 16 
48 48 
46 46 
90 90 
60 60 
81 81 
86 86 
11 11 
76 76 
67 67 
10 10 28 
32 32 
15 15 
2 2 
99 99 
34 34 
79 79 
56 56 
97 97 
5 5 
95 95 
77 77 
54 54 
7 7 
53 53 
61 61 
36 36 
33 33 
17 17 
62 62 
13 13 
40 40 
82 82 
8 8 
96 96 
65 65 
75 75 
55 55 
50 50 
93 93 
64 64 
45 45 
74 74 
27 27 
1 1 
44 44 66 
71 71 87 
30 30 
41 41 
9 9 
47 47 89 
88 88 
4 4 
42 42 
38 38 39 
35 35 
12 12 80 
98 98 
22 22 49 
20 20 
19 19 
37 37 
25 21 25 78 
