e9 h2 e0 d8 g8 f1 g4 a4 i0 f8 g2 h6 h9 b2 d9 j3 i7 i1 j2 c8 e8 b7 i6 d2 h3 i8 b1 d4 d1 d3 b5 g3 b3 e2 a8 g1 h5 j1 b6 f9 i3 i2 d5 h4 f6 d0 d7 g9 i9 a1 e9 
50
e9 e9 
h2 h2 
e0 e0 
d8 d8 
g8 g8 
f1 f1 
g4 g4 
a4 a4 
i0 i0 
f8 f8 
g2 g2 
h6 h6 
h9 h9 
b2 b2 
d9 d9 
j3 j3 
i7 i7 
i1 i1 
j2 j2 
c8 c8 
e8 e8 
b7 b7 
i6 i6 
d2 d2 
h3 h3 
i8 i8 
b1 b1 
d4 d4 
d1 d1 
d3 d3 
b5 b5 
g3 g3 
b3 b3 
e2 e2 
a8 a8 
g1 g1 
h5 h5 
j1 j1 
b6 b6 
f9 f9 
i3 i3 
i2 i2 
d5 d5 
h4 h4 
f6 f6 
d0 d0 
d7 d7 
g9 g9 
i9 i9 
a1 a1 
