According to all known laws of there is no way a bee should be able Its wings are too small get its fat little body off the The flies anyway flies The the off body little fat its get small too are wings Its able be should bee a way no is there of laws known all to According what humans think black and shake it up Breakfast Hang on Oan you believe this I pick I this believe you Oan on Hang Breakfast up it shake and black think humans what According You lint your Wave in row told flying Is that fuzz Special Never thought make Three days grade high Those high grade days Three make thought Never Special fuzz that Is flying told row in Wave your lint You According 
34
to to 
known known 
of of 
is is 
way way 
bee bee 
be be 
Its Its 
are are 
small small 
its its 
little little 
off off 
The The 
anyway anyway bees 
what what 
think think 
and and 
it it 
Breakfast Breakfast 
on on 
you you 
this this 
pick pick Use fatherpaid money very A report got going 
lint lint 
Wave Wave 
row row 
flying flying 
that that 
Special Special 
thought thought 
Three Three 
grade grade 
Those Those glad day around come growing Hear not 
