0 7 187 183 107 141 59 49 191 79 73 25 111 15 145 165 87 5 105 167 27 53 159 151 11 51 147 93 101 125 0 
29
7 7 39 155 
187 43 121 187 197 
183 69 83 153 183 
107 21 31 107 137 
141 99 141 
59 59 133 
49 13 23 49 71 103 139 
191 29 47 191 
79 1 79 
73 3 73 169 171 
25 25 33 37 123 
111 111 181 
15 15 119 
145 65 67 145 
165 129 149 165 
87 19 61 87 143 
5 5 113 
105 75 105 179 
167 41 57 167 
27 27 91 177 
53 53 77 109 173 
159 9 63 97 115 131 159 185 
151 45 117 151 175 199 
11 11 17 55 
51 51 95 
147 81 85 89 147 161 
93 93 127 135 189 193 
101 101 157 195 
125 35 125 163 
