0 17 0 158 62 108 39 191 157 195 60 45 58 188 192 185 136 140 8 160 109 4 93 19 54 94 68 102 52 169 197 80 182 5 0 
32
0 0 
17 119 17 51 
158 158 
62 189 62 77 
108 174 
39 39 78 183 156 38 
191 16 191 
157 157 50 9 
195 195 86 29 
60 60 159 
45 199 143 96 35 
58 58 31 193 
188 188 170 
192 2 192 178 
185 126 74 24 185 177 18 
136 136 46 
140 163 
8 3 116 103 8 
160 160 129 
109 12 109 
4 4 
93 194 93 
19 19 32 180 131 
54 125 142 
94 94 69 190 
68 33 68 
102 115 
52 52 133 
169 105 
197 197 179 70 
80 80 198 
182 184 21 43 182 
