61 48 2 25 2 31 4 83 1 57 51 86 30 79 28 79 15 37 10 35 28 65 60 36 97 85 3 32 26 73 26 11 82 17 82 90 42 44 92 14 54 98 72 98 58 75 39 69 0 8 91 70 76 12 5 49 33 63 6 74 40 74 61 
48
48 48 
2 2 67 
25 25 
31 31 
4 4 
83 83 
1 1 
57 57 
51 51 
86 86 
30 30 
28 28 
15 15 
37 37 
10 10 
35 35 
65 65 
60 60 
36 36 
97 97 
85 85 
3 3 
32 32 
26 26 
73 73 
11 11 
82 82 
17 17 
90 90 
42 42 
44 44 
92 92 
14 80 14 
98 98 
72 72 
58 58 
39 39 
69 69 
8 8 
91 91 
70 70 
76 76 
5 5 
33 33 
63 63 
6 6 
74 74 
40 40 
