190 135 190 118 181 102 198 109 29 102 186 57 169 176 21 16 34 55 36 55 64 44 82 52 61 52 138 47 4 172 5 153 45 56 74 60 76 107 62 46 170 185 112 85 149 11 66 179 100 89 117 22 30 141 103 168 23 84 192 69 162 95 188 134 99 2 182 113 123 113 94 71 171 195 171 71 65 38 145 121 6 137 106 92 132 152 24 116 93 164 189 111 8 165 136 163 54 50 32 54 108 3 133 156 1 142 92 114 33 129 83 58 147 27 173 177 101 139 193 90 40 146 199 68 104 10 166 75 190 
99
135 135 
118 118 
181 181 
102 102 
198 198 
109 109 
29 29 
186 186 
57 57 
169 169 
176 176 
21 21 
34 34 
55 55 
36 36 
44 44 
52 52 
61 61 
138 138 
47 47 
172 172 
5 5 
153 153 
45 45 
56 56 
60 60 
76 76 
62 62 
46 46 
185 185 
112 112 
149 149 
11 11 
66 66 
179 179 
100 100 
117 117 
22 22 
30 30 
141 141 
103 103 
168 168 
23 23 
84 84 
192 192 
69 69 
162 162 
95 95 
188 188 
99 99 
2 2 
182 182 
113 113 
123 123 
94 94 
71 71 
195 195 
65 65 
38 38 
121 121 
137 137 
106 106 
92 92 
132 132 
152 152 
116 116 
93 93 
164 164 
189 189 
111 111 
8 67 8 
165 165 
136 136 
163 163 
54 54 
50 50 
32 32 
108 108 
3 3 
133 133 
156 156 
1 1 
142 142 
114 114 
33 33 
129 129 
83 83 
27 27 
173 173 
177 177 
101 101 
139 139 
193 193 
40 40 
146 146 
68 68 
104 104 
10 10 
166 166 
