Loc1 Loc32 Loc17 Loc21 Loc65 Loc68 Loc7 Loc2 Loc31 Loc18 Loc51 Loc50 Loc70 Loc16 Loc46 Loc16 Loc87 Loc4 Loc54 Loc38 Loc59 Loc42 Loc55 Loc64 Loc39 Loc88 Loc45 Loc76 Loc25 Loc57 Loc92 Loc29 Loc3 Loc37 Loc1 
27
Loc32 Loc32 
Loc17 Loc17 
Loc21 Loc41 Loc9 Loc21 
Loc65 Loc65 Loc81 
Loc68 Loc47 Loc68 
Loc7 Loc7 
Loc2 Loc34 Loc11 Loc10 Loc2 
Loc31 Loc0 Loc22 
Loc18 Loc90 Loc63 Loc18 Loc98 
Loc50 Loc50 
Loc70 Loc70 Loc52 
Loc46 Loc46 Loc79 
Loc87 Loc87 Loc74 
Loc4 Loc4 
Loc38 Loc38 
Loc42 Loc42 Loc62 
Loc55 Loc80 Loc55 
Loc64 Loc91 Loc43 Loc15 
Loc39 Loc6 
Loc45 Loc45 
Loc76 Loc76 
Loc25 Loc25 Loc53 Loc56 
Loc57 Loc72 Loc69 
Loc92 Loc13 Loc92 
Loc29 Loc29 
Loc3 Loc3 
Loc37 Loc49 Loc19 
