Loc1 Loc165 Loc37 Loc165 Loc121 Loc35 Loc113 Loc193 Loc131 Loc193 Loc111 Loc196 Loc3 Loc140 Loc155 Loc164 Loc55 Loc164 Loc63 Loc192 Loc31 Loc109 Loc161 Loc45 Loc13 Loc101 Loc152 Loc127 Loc104 Loc127 Loc28 Loc127 Loc16 Loc91 Loc72 Loc150 Loc44 Loc150 Loc18 Loc39 Loc6 Loc187 Loc68 Loc199 Loc178 Loc82 Loc8 Loc198 Loc188 Loc145 Loc115 Loc102 Loc38 Loc167 Loc184 Loc194 Loc168 Loc165 Loc157 Loc87 Loc60 Loc49 Loc153 Loc172 Loc73 Loc29 Loc128 Loc1 
56
Loc1 Loc12 Loc1 
Loc165 Loc5 
Loc37 Loc37 
Loc121 Loc121 
Loc35 Loc156 Loc92 Loc177 
Loc113 Loc113 
Loc131 Loc126 Loc131 Loc19 Loc144 Loc62 
Loc111 Loc111 
Loc196 Loc196 Loc169 
Loc3 Loc3 Loc64 
Loc140 Loc171 Loc123 
Loc155 Loc155 
Loc164 Loc164 Loc119 
Loc55 Loc55 Loc26 
Loc63 Loc63 Loc69 
Loc192 Loc192 
Loc31 Loc76 Loc31 
Loc161 Loc161 
Loc45 Loc45 
Loc13 Loc13 Loc36 
Loc101 Loc160 
Loc152 Loc152 
Loc127 Loc127 
Loc104 Loc104 
Loc28 Loc28 
Loc16 Loc66 Loc22 Loc175 
Loc91 Loc91 
Loc72 Loc72 Loc98 
Loc150 Loc150 
Loc44 Loc110 Loc44 Loc106 
Loc18 Loc135 Loc18 Loc50 
Loc39 Loc39 Loc89 
Loc6 Loc6 
Loc187 Loc187 
Loc68 Loc99 Loc68 
Loc199 Loc58 Loc199 
Loc178 Loc166 Loc178 
Loc82 Loc82 Loc154 
Loc8 Loc8 
Loc198 Loc198 
Loc188 Loc188 
Loc145 Loc145 Loc33 
Loc115 Loc115 
Loc102 Loc130 Loc102 Loc114 
Loc38 Loc4 Loc122 Loc38 
Loc167 Loc167 
Loc194 Loc70 Loc194 
Loc168 Loc83 Loc51 
Loc157 Loc59 Loc157 
Loc87 Loc87 
Loc60 Loc60 Loc186 
Loc153 Loc153 
Loc172 Loc172 Loc15 Loc183 
Loc73 Loc97 Loc117 Loc73 
Loc29 Loc180 Loc29 Loc132 Loc112 
Loc128 Loc85 Loc128 
