114 49 58 102 174 31 14 70 43 59 79 15 48 33 42 112 105 143 109 75 21 125 16 130 176 132 12 87 38 146 4 3 4 3 7 96 24 32 179 36 78 161 99 19 119 74 29 0 10 25 76 46 51 108 35 1 117 164 154 129 92 47 26 18 95 53 85 28 91 98 188 81 73 171 127 111 115 5 65 60 165 69 93 128 99 114 
69
114 114 
49 49 
102 102 170 
174 174 166 150 94 
31 31 124 
14 14 
70 70 
43 197 43 
59 131 89 59 
15 15 
33 33 
42 42 148 66 
112 112 181 
105 105 
109 109 
75 75 
21 21 
16 16 
176 183 176 
12 12 
87 87 
38 38 
146 146 169 84 
4 4 
3 103 3 
7 7 
96 167 96 
24 24 
32 147 32 
36 36 
78 78 
161 161 
119 119 
74 175 74 
29 29 
0 0 
10 10 133 
25 191 
76 76 
46 173 187 
51 51 
108 108 62 
35 149 35 
1 1 
117 117 
164 164 
154 154 
92 92 
47 47 
26 26 
18 63 18 
95 95 
53 53 
85 199 
28 28 
91 67 91 
98 98 
188 188 
81 182 81 
73 100 
171 171 
127 127 155 
111 111 
115 37 115 
5 41 5 
65 196 134 
60 195 177 
69 69 
93 135 93 
