gc as em ab dy ds dg fr q r bn b v ai bu y es a e ff ga dx bc by p ao cs cl ee el fk at cz bv cp cg db fa br er am cd ep ck z g cn bl fo ft ad bx ap bb bt bf fn ey cq di d dh ae dq aw h dj dp do fi bj eq gk gc 
67
as as ac co 
em em 
ab cm ab 
dy dy fw 
ds ds et 
dg dg u gm 
fr fr dw 
q q 
bn bn 
b b 
v v 
ai dn ai 
bu gq bu 
y y 
es es 
a a 
e bq fe e 
ff ff 
ga ga 
dx gn dx gh 
bc ah bc 
by by 
p p 
ao ao cv 
cs cs 
cl cl 
ee bi ee cj 
el el 
fk fk fq 
at at 
cz cz 
bv j bv fh 
cp cr cp 
cg fy cg 
db az db 
fa fa 
br br 
er er go 
am am 
ep ep 
ck ck 
g g 
cn cn 
bl an bl 
fo fd fo 
ft ft 
ad ad 
bx bx 
ap ap 
bb bb 
bt bt 
fn fn 
ey ey 
cq cq 
di gi di gj 
d d 
dh en dh 
ae ae 
dq dq bp 
aw aw 
dj gg dj 
dp dp 
do do 
fi fi 
bj bj ge 
eq eq 
gk gk 
