n0 n31 n39 n35 n5 n18 n64 n95 n89 n98 n27 n84 n198 n58 n25 n87 n51 n20 n93 n23 n49 n12 n92 n88 n86 n72 n26 n29 n21 n0 
29
n0 n0 n22 n85 
n31 n31 n59 n61 n66 n68 
n39 n39 n54 n78 n83 n99 
n35 n17 n35 n76 n96 n97 
n5 n4 n5 n43 n53 
n18 n18 
n64 n64 
n95 n42 n62 n71 n95 
n89 n19 n30 n38 n89 
n98 n90 n98 
n27 n14 n27 
n84 n1 n63 n84 
n198 n3 n9 n24 n52 n79 n80 n82 
n58 n7 n15 n41 n58 n73 
n25 n13 n25 n36 n94 
n87 n2 n8 n32 n81 n87 
n51 n16 n51 n69 
n20 n10 n20 n44 
n93 n46 n55 n65 n74 n93 
n23 n23 n40 n50 n67 
n49 n49 
n12 n12 n28 n33 n34 n56 n77 
n92 n45 n60 n92 
n88 n48 n88 
n86 n6 n57 n75 n86 
n72 n72 n91 
n26 n26 n37 n70 
n29 n29 n47 
n21 n11 n21 
