loc1 loc2 loc7 loc16 loc11 loc12 loc13 loc12 loc17 loc26 loc21 loc25 loc24 loc23 loc22 loc27 loc36 loc31 loc35 loc34 loc33 loc32 loc37 loc46 loc41 loc45 loc44 loc43 loc42 loc47 loc56 loc51 loc52 loc53 loc52 loc57 loc66 loc61 loc62 loc63 loc62 loc67 loc76 loc71 loc75 loc74 loc73 loc72 loc77 loc86 loc81 loc85 loc84 loc83 loc82 loc87 loc96 loc91 loc95 loc94 loc93 loc92 loc97 loc106 loc101 loc105 loc104 loc103 loc102 loc107 loc116 loc111 loc115 loc114 loc113 loc112 loc117 loc126 loc121 loc125 loc124 loc123 loc122 loc127 loc136 loc131 loc135 loc134 loc133 loc132 loc137 loc146 loc141 loc142 loc143 loc142 loc147 loc156 loc151 loc152 loc153 loc152 loc157 loc166 loc161 loc165 loc164 loc163 loc162 loc167 loc176 loc171 loc175 loc174 loc173 loc172 loc177 loc186 loc181 loc185 loc184 loc183 loc182 loc187 loc196 loc191 loc196 loc187 loc182 loc181 loc186 loc177 loc172 loc171 loc176 loc167 loc162 loc161 loc166 loc157 loc152 loc151 loc156 loc147 loc142 loc141 loc146 loc137 loc132 loc131 loc136 loc127 loc122 loc121 loc126 loc117 loc112 loc111 loc116 loc107 loc102 loc101 loc106 loc97 loc92 loc91 loc96 loc87 loc82 loc81 loc86 loc77 loc72 loc71 loc76 loc67 loc62 loc61 loc66 loc57 loc52 loc51 loc56 loc47 loc42 loc41 loc46 loc37 loc32 loc31 loc36 loc27 loc22 loc21 loc26 loc17 loc12 loc11 loc16 loc7 loc2 loc1 loc5 loc1 
91
loc1 loc6 
loc2 loc8 
loc7 loc7 
loc16 loc16 
loc11 loc20 
loc13 loc18 loc19 
loc17 loc17 
loc26 loc26 
loc25 loc30 
loc24 loc29 
loc23 loc28 
loc27 loc27 
loc36 loc36 
loc35 loc40 
loc34 loc39 
loc33 loc38 
loc37 loc37 
loc46 loc46 
loc45 loc50 
loc44 loc49 
loc43 loc48 
loc47 loc47 
loc56 loc56 
loc51 loc60 
loc53 loc58 loc59 
loc57 loc57 
loc66 loc66 
loc61 loc70 
loc63 loc68 loc69 
loc67 loc67 
loc76 loc76 
loc75 loc80 
loc74 loc79 
loc73 loc78 
loc77 loc77 
loc86 loc86 
loc85 loc90 
loc84 loc89 
loc83 loc88 
loc87 loc87 
loc96 loc96 
loc95 loc100 
loc94 loc99 
loc93 loc98 
loc97 loc97 
loc106 loc106 
loc105 loc110 
loc104 loc109 
loc103 loc108 
loc107 loc107 
loc116 loc116 
loc115 loc120 
loc114 loc119 
loc113 loc118 
loc117 loc117 
loc126 loc126 
loc125 loc130 
loc124 loc129 
loc123 loc128 
loc127 loc127 
loc136 loc136 
loc135 loc140 
loc134 loc139 
loc133 loc138 
loc137 loc137 
loc146 loc146 
loc141 loc150 
loc143 loc148 loc149 
loc147 loc147 
loc156 loc156 
loc151 loc160 
loc153 loc158 loc159 
loc157 loc157 
loc166 loc166 
loc165 loc170 
loc164 loc169 
loc163 loc168 
loc167 loc167 
loc176 loc176 
loc175 loc180 
loc174 loc179 
loc173 loc178 
loc177 loc177 
loc186 loc186 
loc185 loc190 
loc184 loc189 
loc183 loc188 
loc187 loc187 
loc196 loc196 
loc191 loc197 loc198 loc199 loc200 
loc5 loc9 loc10 
