Liam Isaiah Daniel Isaiah Joseph Jaxson Brayden Samuel Brayden Ethan Brayden Jaxson Colton Josiah Sebastian Josiah Eli Dominic Oliver Dominic Eli Wyatt Eli Jackson Eli Dominic Roman Jacob Roman Maverick Cooper Matthew Cooper Jayden Adam Ian Henry Ian Adam Jayden Mason Elijah Alexander Jaxson Michael Ezra Thomas James Thomas Dylan Owen Jose Sawyer John Sawyer Benjamin Carter Dominic Eli Lucas Noah Luke Christian Logan William Logan Colton Leo Isaiah Liam 
28
Liam Liam 
Daniel Daniel 
Joseph Joseph 
Samuel Samuel 
Ethan Ethan 
Sebastian Sebastian David 
Oliver Oliver 
Wyatt Wyatt 
Jackson Jackson 
Jacob Jacob 
Matthew Matthew 
Jayden Jayden 
Henry Henry 
Mason Mason 
Elijah Elijah 
Alexander Alexander 
Michael Michael 
James James 
Dylan Dylan 
Owen Owen 
John John 
Benjamin Benjamin 
Carter Carter 
Lucas Lucas 
Noah Noah 
Luke Luke 
Logan Logan 
William William Aiden 
