Liam Jordan Leonardo George Ethan Brantley Kai Carson Kai Christopher Kai Brantley Ethan Juan Ivan Hudson Jameson Benjamin Jaxon Benjamin Jameson Matteo Julian Matteo Jameson Daniel Nicholas Caleb Elliott Carter Elliott Caleb Cameron Gabriel Victor Dominic Victor Gabriel Jayce Henry Malachi Adam Malachi Bryson Leo Alexander Grayson Elliot Brody David Aaron Michael Rhett Christian Rhett Zion Messiah John Matthew John Messiah Zion Hayden Austin Rowan Theodore Jude Zachary Hunter Thomas Hunter Isaiah Andrew Dylan Andrew Oliver Patrick Easton Richard Aiden Richard Preston Jonathan Brayden Asher Brayden Ayden Giovanni Robert Joseph Jude Jace Jude Evan Liam Jordan Leonardo Xander Oscar Levi Oscar Bryce Sebastian Edward Wyatt Gael Dawson Alejandro Ian Alejandro Dawson Tucker Charles Mason Charles Tucker Aiden Mateo Miguel Messiah Eric Samuel Eric Greyson Eric Luis Parker Marcus Tyler Eli Sawyer Steven James Steven Xavier Ryan Nolan Elijah Nolan Logan Nolan Miles Luke Kingston Dean Beau William Landon Bennett John Kevin Nathan Kevin Finn Jacob Finn Kevin Weston Jaxson Angel Anthony Maverick Noah Lucas Joshua Jack Jordan Leonardo Xander Maddox Ezekiel Jeremiah Ezekiel Ezra Jackson August Zayden Grant Cooper Grant Antonio Owen Antonio Kaleb Elias Kaleb Isaac Kaleb Antonio Grant Cooper Joshua Jack Jordan Liam 
83
Liam Liam 
Jordan Jordan 
Ethan Ethan 
Carson Carson 
Christopher Christopher 
Hudson Hudson 
Benjamin Benjamin 
Jaxon Jaxon 
Julian Julian Josiah 
Daniel Daniel 
Nicholas Nicholas 
Caleb Caleb 
Carter Carter 
Cameron Cameron 
Gabriel Gabriel 
Dominic Dominic 
Henry Henry 
Adam Colton Adam 
Bryson Bryson 
Leo Leo 
Alexander Alexander 
Grayson Grayson 
David David 
Aaron Aaron 
Michael Michael 
Christian Christian 
John John 
Matthew Matthew 
Austin Austin 
Theodore Theodore 
Hunter Hunter 
Thomas Thomas 
Isaiah Isaiah 
Andrew Andrew 
Dylan Dylan Lincoln 
Oliver Oliver 
Easton Easton 
Aiden Aiden 
Jonathan Jonathan 
Brayden Brayden 
Asher Asher 
Robert Robert 
Joseph Joseph 
Jace Jace 
Evan Evan 
Levi Levi 
Sebastian Sebastian 
Wyatt Wyatt 
Ian Ian 
Charles Charles 
Mason Mason 
Mateo Mateo 
Samuel Samuel 
Greyson Greyson 
Parker Parker 
Eli Eli 
James James 
Xavier Xavier 
Ryan Ryan 
Nolan Nolan 
Elijah Elijah Adrian 
Logan Logan 
Luke Luke 
William William 
Landon Landon 
Nathan Nathan Connor 
Jacob Jacob 
Jaxson Jaxson 
Angel Angel 
Anthony Anthony 
Maverick Jayden Maverick 
Noah Noah 
Lucas Lucas 
Joshua Joshua 
Jack Jack 
Ezekiel Ezekiel 
Jeremiah Jeremiah 
Ezra Ezra Jose 
Jackson Jackson 
Cooper Cooper 
Owen Owen 
Elias Elias 
Isaac Isaac 
