LOC16 LOC1 LOC9 LOC15 LOC46 LOC37 LOC34 LOC69 LOC0 LOC26 LOC36 LOC51 LOC73 LOC90 LOC14 LOC76 LOC93 LOC62 LOC89 LOC45 LOC63 LOC75 LOC8 LOC77 LOC95 LOC80 LOC52 LOC16 
21
LOC1 LOC22 
LOC9 LOC9 LOC85 LOC33 
LOC15 LOC18 LOC15 LOC57 
LOC46 LOC25 LOC46 LOC53 LOC59 
LOC37 LOC82 LOC37 LOC28 
LOC34 LOC81 LOC12 
LOC0 LOC23 LOC97 
LOC26 LOC26 LOC4 
LOC36 LOC36 
LOC51 LOC3 
LOC73 LOC73 LOC99 LOC31 
LOC90 LOC98 LOC56 LOC61 LOC90 LOC20 
LOC14 LOC29 
LOC76 LOC70 LOC43 LOC78 
LOC62 LOC96 LOC62 
LOC89 LOC89 
LOC45 LOC45 LOC79 LOC50 
LOC63 LOC47 
LOC8 LOC17 
LOC95 LOC95 
LOC52 LOC52 
