LOC60 LOC153 LOC17 LOC11 LOC153 LOC41 LOC185 LOC49 LOC51 LOC116 LOC89 LOC63 LOC143 LOC64 LOC62 LOC161 LOC62 LOC188 LOC170 LOC164 LOC6 LOC61 LOC83 LOC24 LOC122 LOC46 LOC156 LOC119 LOC8 LOC67 LOC54 LOC60 
24
LOC153 LOC70 
LOC17 LOC17 
LOC11 LOC97 
LOC41 LOC166 LOC160 
LOC185 LOC134 
LOC49 LOC18 
LOC51 LOC51 LOC133 
LOC116 LOC117 LOC139 LOC116 
LOC89 LOC89 LOC96 LOC55 
LOC63 LOC63 LOC58 
LOC143 LOC80 
LOC64 LOC64 LOC145 LOC144 
LOC62 LOC62 
LOC161 LOC161 
LOC188 LOC190 LOC192 LOC158 LOC56 LOC108 LOC48 LOC36 
LOC170 LOC7 LOC170 
LOC164 LOC142 LOC164 
LOC6 LOC59 LOC6 
LOC61 LOC180 LOC189 LOC68 
LOC83 LOC52 LOC38 LOC30 LOC194 LOC177 
LOC24 LOC24 
LOC46 LOC65 LOC46 
LOC8 LOC8 
LOC54 LOC54 LOC72 
