zero six seven fourteen thirteen twelve eleven ten nine sixteen twentythree twentyfour twentyfive twentysix twentyfive thirtytwo thirtynine fortysix fiftythree sixty fiftynine fiftyeight fiftyseven sixtyfour seventyone seventyeight eightyfive ninetytwo ninetynine onehunsix onehunthirteen onehunnineteen onehuneighteen onehunseventeen onehuntwentyfour onehuntwentythree onehunthirty onehuntwentynine onehuntwentyeight onehunthirtyfive onehunthirtysix onehunfortythree onehunfifty onehunfiftyseven onehunsixtyfour onehunsixtyfive onehunsixtysix onehunseventythree onehunseventyfour onehunseventyfive onehunsixtynine onehunseventysix onehuneightytwo onehuneightyone onehuneighty onehuneightyseven onehuneightysix onehuneightyfive onehuneightyfour onehuneightythree onehunninety onehunninetyone onehunninetytwo onehunninetythree onehunninetytwo onehuneightyfive onehunseventyeight onehunseventyseven onehunseventy onehunseventyone onehunseventy onehunsixtythree onehunsixtyfour onehunsixtyfive onehunsixtysix onehunfiftynine onehunsixty onehunsixtyone onehunfiftyfour onehunfortyeight onehunfortynine onehunfifty onehunfiftyone onehunfortyfour onehunfortyfive onehunfortysix onehunfortyseven onehunforty onehunthirtyfour onehuntwentyseven onehuntwentyeight onehuntwentyone onehuntwenty onehuntwentysix onehuntwentyfive onehuntwentyfour onehuntwentythree onehunsixteen onehunseventeen onehunten onehuneleven onehunten onehunnine onehuneight onehunone onehun ninetynine onehunfive ninetyeight ninetytwo ninetythree ninetyfour eightyseven eightysix seventynine seventyeight eightyfour eightythree eightytwo seventyfive seventysix seventyseven seventyone seventytwo seventythree seventyfour sixtyseven sixtysix sixtyfive sixtyfour seventy sixtynine sixtytwo fiftyfive fiftyfour fiftythree fiftytwo fortyfive fortyfour fortythree fortynine fortythree fortyfour thirtyseven thirtyeight thirtyseven thirtysix twentynine thirtyfive thirtyfour thirtythree thirtyfour twentyseven twenty twentyone fifteen sixteen seventeen ten three two one zero 
99
six six 
seven seven 
fourteen fourteen 
twelve twelve 
eleven eleven 
ten ten 
sixteen sixteen 
twentythree twentythree 
twentyfive twentyfive 
twentysix twentysix 
fiftythree fiftythree 
sixty sixty 
fiftyeight fiftyeight 
fiftyseven fiftyseven 
sixtyfour sixtyfour 
seventyone seventyone 
seventyeight seventyeight 
ninetynine ninetynine 
onehunthirteen onehunthirteen 
onehunnineteen onehunnineteen 
onehuneighteen onehuneighteen 
onehunseventeen onehunseventeen 
onehuntwentyfour onehuntwentyfour 
onehuntwentythree onehuntwentythree 
onehunthirty onehunthirty 
onehuntwentyeight onehuntwentyeight 
onehunthirtyfive onehunthirtyfive 
onehunfortythree onehunfortythree 
onehunfifty onehunfifty 
onehunfiftyseven onehunfiftyseven 
onehunsixtyfour onehunsixtyfour 
onehunsixtyfive onehunsixtyfive 
onehunsixtysix onehunsixtysix 
onehunseventythree onehunseventythree 
onehunseventyfour onehunseventyfour 
onehunseventyfive onehunseventyfive 
onehunsixtynine onehunsixtynine 
onehunseventysix onehunseventysix 
onehuneightytwo onehuneightytwo 
onehuneightyone onehuneightyone 
onehuneighty onehuneighty 
onehuneightyseven onehuneightyseven 
onehuneightyfour onehuneightyfour 
onehunninety onehunninety 
onehunninetyone onehunninetyone 
onehunninetytwo onehunninetytwo 
onehunninetythree onehunninetythree onehunninetyfour 
onehunseventyeight onehunseventyeight 
onehunseventy onehunseventy 
onehunseventyone onehunseventyone 
onehunsixtythree onehunsixtythree 
onehunfiftynine onehunfiftynine 
onehunsixty onehunsixty 
onehunsixtyone onehunsixtyone 
onehunfiftyfour onehunfiftyfour 
onehunfortynine onehunfortynine 
onehunfortyfour onehunfortyfour 
onehunfortyfive onehunfortyfive 
onehunfortysix onehunfortysix 
onehunforty onehunforty 
onehuntwentyseven onehuntwentyseven 
onehuntwentyone onehuntwentyone 
onehuntwentysix onehuntwentysix 
onehunsixteen onehunsixteen 
onehunten onehunten 
onehuneleven onehuneleven 
onehuneight onehuneight 
onehunone onehunone 
ninetyeight ninetyeight 
eightyseven eightyseven 
seventynine seventynine 
eightyfour eightyfour 
eightythree eightythree 
eightytwo eightytwo 
seventyfive seventyfive 
seventyseven seventyseven 
seventytwo seventytwo 
sixtyseven sixtyseven 
sixtysix sixtysix 
seventy seventy 
sixtynine sixtynine 
fiftyfive fiftyfive 
fiftytwo fiftytwo 
fortyfive fortyfive 
fortyfour fortyfour 
fortythree fortythree 
fortynine fortynine 
thirtyseven thirtyseven 
thirtyeight thirtyeight 
twentynine twentynine 
thirtyfour thirtyfour 
thirtythree thirtythree 
twentyseven twentyseven 
twenty twenty 
fifteen fifteen 
seventeen seventeen 
three three 
two two 
one one 
