zero six five twelve thirteen fourteen thirteen twenty twentyone fifteen twentytwo twentythree thirty twentynine thirtysix thirtyseven fortyfour fiftyone fiftytwo fiftythree sixty sixtyseven sixtyeight seventyfive seventysix seventyseven seventyone seventyeight seventynine eighty eightyone eighty eightyseven eightyeight ninetyfive ninetysix eightynine ninety ninetyone eightyfour seventyseven seventy sixtyfour sixtyfive sixtysix sixtyseven sixty sixtyone sixtytwo sixtythree fiftyseven fifty fiftysix fiftyfive fortyeight fortyseven fortysix fortyfive fortysix thirtynine forty thirtythree thirtyfour thirtyfive twentynine thirty thirtyone twentyfour twentyfive twentyfour seventeen ten three four zero two zero 
49
six six 
five five 
twelve twelve 
fourteen fourteen 
twenty twenty 
fifteen fifteen 
twentytwo twentytwo 
thirty thirty 
twentynine twentynine 
thirtysix thirtysix 
thirtyseven thirtyseven 
fortyfour fortyfour 
fiftyone fiftyone 
fiftythree fiftythree 
sixty sixty 
sixtyseven sixtyseven 
sixtyeight sixtyeight 
seventyfive seventyfive 
seventyseven seventyseven 
seventyone seventyone 
seventyeight seventyeight 
seventynine seventynine 
eightyone eightyone eightytwo 
eightyseven eightyseven 
eightyeight eightyeight 
ninetyfive ninetyfive 
eightynine eightynine 
eightyfour eightyfour 
seventy seventy 
sixtyfive sixtyfive 
sixtysix sixtysix 
sixtyone sixtyone 
sixtytwo sixtytwo 
fiftyseven fiftyseven 
fifty fifty 
fiftyfive fiftyfive 
fortyeight fortyeight 
fortyseven fortyseven 
fortyfive fortyfive 
thirtynine thirtynine 
thirtythree thirtythree 
thirtyfour thirtyfour 
thirtyfive thirtyfive 
twentyfour twentyfour 
twentyfive twentyfive 
ten ten 
three three 
four four 
two two 
