zero three zero five twelve eleven ten nine sixteen fifteen twentyone twenty nineteen eighteen twentyfive thirtytwo thirtyone thirtytwo thirtythree thirtyfour thirtyfive fortytwo thirtysix thirtyseven thirtyeight fortyfive fortysix fortyseven forty fortyone thirtyfour twentyseven twenty thirteen fourteen thirteen six seven zero 
25
three three 
five five 
twelve twelve 
eleven eleven 
nine nine 
sixteen sixteen 
fifteen fifteen 
twenty twenty 
nineteen nineteen 
eighteen eighteen 
twentyfive twentyfive 
thirtytwo thirtytwo 
thirtyone thirtyone 
thirtyfour thirtyfour 
thirtyfive thirtyfive 
fortytwo fortytwo 
thirtyseven thirtyseven 
thirtyeight thirtyeight 
fortyfive fortyfive 
fortysix fortysix 
forty forty 
thirteen thirteen 
fourteen fourteen 
six six 
seven seven 
