0 109 150 92 182 70 59 89 83 98 90 28 84 33 78 6 51 87 47 67 116 60 76 117 84 121 9 194 94 144 85 11 113 82 93 26 41 69 41 30 55 97 27 105 7 22 72 68 180 23 180 68 50 153 19 80 54 25 38 14 188 77 49 16 96 100 24 56 65 21 52 71 58 81 18 39 71 52 74 26 37 68 29 2 5 173 13 63 173 5 31 4 179 48 46 45 176 34 62 75 66 176 43 143 44 107 47 99 32 99 42 35 8 10 61 1 91 40 57 141 3 88 3 95 122 73 64 73 12 36 86 15 53 20 79 20 0 
99
0 0 
92 92 
70 70 
59 59 
89 89 
83 83 
98 98 
90 90 
28 28 
84 84 
33 17 33 
78 78 
6 6 
51 51 
87 87 
47 47 
67 67 
60 60 
76 76 
9 9 
94 94 
85 85 
11 11 
82 82 
93 93 
26 26 
41 41 
69 69 
30 30 
55 55 
97 97 
27 27 
7 7 
22 22 
72 72 
68 68 
23 23 
50 50 
19 19 
80 80 
54 54 
25 25 
38 38 
14 14 
77 77 
49 49 
16 16 
96 96 
24 24 
56 56 
65 65 
21 21 
52 52 
71 71 
58 58 
81 81 
18 18 
39 39 
74 74 
37 37 
29 29 
2 2 
5 5 
13 13 
63 63 
31 31 
4 4 
48 48 
46 46 
45 45 
34 34 
62 62 
75 75 
66 66 
43 43 
44 44 
99 99 
32 32 
42 42 
35 35 
8 8 
10 10 
61 61 
1 1 
91 91 
40 40 
57 57 
3 3 
88 88 
95 95 
73 73 
64 64 
12 12 
36 36 
86 86 
15 15 
53 53 
20 20 
79 79 
