0 23 6 88 52 27 52 58 14 33 80 47 2 78 8 78 5 78 30 78 8 43 8 78 20 4 20 48 18 36 24 12 26 29 42 31 19 35 64 39 97 1 40 85 44 17 7 32 93 22 21 22 87 66 3 69 13 25 56 15 56 97 40 45 49 68 11 68 59 46 38 9 52 0 
45
0 0 
23 23 
6 6 
27 27 
14 14 
33 33 
80 28 
47 47 
2 2 
8 8 
5 5 
30 30 37 
43 43 10 
20 41 20 
4 4 
48 48 
18 18 
36 36 
24 24 
12 12 
26 26 
29 29 
42 42 
31 31 
19 19 
35 35 
39 39 
1 1 
40 40 
44 44 
17 17 16 
7 7 
32 32 
22 22 
21 21 
3 3 
13 13 
25 25 34 
15 15 
45 45 
49 49 
11 11 
46 46 
38 38 
9 9 
