0 3 117 92 112 116 103 21 105 142 164 109 45 95 100 97 89 61 36 98 118 194 108 158 153 106 38 44 49 102 132 12 113 78 113 178 138 104 140 191 117 3 0 
27
117 192 193 
92 171 197 198 199 
112 172 173 174 175 176 177 
116 188 189 190 
103 134 135 136 137 
105 141 143 144 145 146 
142 142 150 
164 164 
109 161 162 163 165 166 167 180 
100 120 121 122 123 
36 124 125 126 127 128 129 130 
118 195 196 
194 194 
108 156 157 159 160 186 187 
158 158 
153 153 
106 147 148 149 151 152 154 
102 131 133 155 
132 132 
12 181 182 183 184 185 
113 179 
78 168 169 170 
178 178 
138 138 
104 139 
140 140 
191 191 
