equinox band uncertainty glove corpse mastermind dollar farewell essential prejudice novel seller method muggy fibre photograph hiccup union disposition lamb twitch dry presidential wilderness explicit clothes referee secretary slice flow aisle houseplant orange analyst chain funeral remark brick fish equinox 
39
equinox equinox 
band band 
uncertainty uncertainty 
glove bark glove 
corpse corpse 
mastermind mastermind tropical 
dollar dollar 
farewell farewell 
essential essential paint jurisdiction 
prejudice prejudice 
novel novel 
seller seller 
method method 
muggy muggy 
fibre fibre 
photograph photograph 
hiccup hiccup 
union union 
disposition disposition 
lamb lamb 
twitch twitch 
dry dry 
presidential presidential 
wilderness wilderness 
explicit explicit 
clothes clothes 
referee referee 
secretary secretary 
slice slice 
flow flow 
aisle aisle 
houseplant houseplant 
orange orange 
analyst analyst 
chain chain 
funeral funeral 
remark remark 
brick brick 
fish fish 
