pump resort innovation freedom consideration feign hallway formulate sacrifice aspect gun judicial preoccupation pedestrian prospect forest ground lemon float plug park agenda engineer title valley duck wage sticky separate privilege affect appearance guideline anger pump 
33
pump pump 
resort mud sentiment exercise 
innovation innovation gloom hierarchy ghost 
freedom overlook freedom 
consideration consideration line pray 
feign tip feign sit 
hallway hallway polish 
formulate impound sweet formulate 
sacrifice sacrifice wear 
aspect category row minor aspect 
gun ensure literature fairy descent 
judicial reject judicial 
preoccupation preoccupation need leadership 
pedestrian nominate pedestrian genetic 
prospect prospect 
forest parallel forest 
ground ground packet 
lemon lemon attractive 
float float 
plug unanimous plug 
park park 
agenda physical range 
engineer engineer 
title distributor admiration title performance survival 
valley rock linger valley 
wage wage diagram 
sticky sticky button 
separate brain reflection separate 
privilege depressed privilege 
affect affect 
appearance appearance lot 
guideline guideline 
anger pipe mouse anger pursuit 
