paint slam route blade ice same floor thumb imported indicate finish measure diligent stink nutty ambiguous learning complain determine glamorous ray desire inherit rake paint 
24
paint paint wooden 
slam slam 
route route 
blade blade 
ice ice 
same same 
floor floor 
thumb thumb 
imported imported 
indicate indicate 
finish finish 
measure measure 
diligent diligent 
stink stink 
nutty nutty 
ambiguous ambiguous 
learning learning 
complain complain 
determine determine 
glamorous glamorous 
ray ray 
desire desire 
inherit inherit 
rake rake 
