188645 C0766C 673B36 C0766C 7E5598 0FBCDC 567883 D27DC1 EC05F7 410DA1 31D332 B0C7A5 E09D29 61EDA9 3ADA02 61EDA9 7BF2B5 D443EB 8D0852 AA8E14 724A76 CEAE00 0FB66D FA567E 2F1AB5 0D7DE7 A7E9D9 DBDC9A A5CCB5 B3243F E0E349 2C101C CB09C0 7A7E10 2EA2EE FA567E 0FB66D 188645 
29
188645 188645 
C0766C 07D80A 
673B36 7E18E9 
7E5598 3B1041 AFF8D1 
0FBCDC 0A5C0E 0FBCDC 
567883 44716B 
D27DC1 6D778A 
EC05F7 FD1783 539A92 
410DA1 FF8D45 
31D332 4FBDE1 DD2694 
B0C7A5 19FFAB 
E09D29 C98FE7 E09D29 
3ADA02 D5356A 3ADA02 
7BF2B5 D01E6B 784F83 37F745 
D443EB D7CAF9 D443EB 
8D0852 8D0852 
AA8E14 AA8E14 
724A76 29B2A4 724A76 
0FB66D 0FB66D 
FA567E B833F0 EF4D57 
2F1AB5 9B9BDD D04F40 
0D7DE7 467AB7 E954F7 
A7E9D9 A7E9D9 B7B073 
DBDC9A DBDC9A 94D700 994F93 
A5CCB5 500783 800641 A5CCB5 
B3243F 48C2D5 9B0EC2 628AB2 1276AF 
2C101C 2C101C 
CB09C0 CB09C0 
2EA2EE 84EBFF 
