F1E81B 47FACD 0F5860 002274 D337F2 002274 C3B3E7 91A0DC 2FEDFB 191510 305D33 191510 9A8DF4 61199E 086D53 4A5708 086D53 F33196 086D53 6B4619 CC9C14 A1F104 6CAF46 396D53 462226 EE2A22 59843B DE6899 BDE94D 239994 8EBF8A 1D21D3 8BFCAC EB719D D4A75D 1111F7 6B340B AE4A01 6966D7 1111F7 D4A75D CEAC59 90451D 5BB557 1EC224 4099A6 1EC224 293D59 1EC224 846159 6D51F4 846159 D6CC7A B47658 6E313C 5D0E2E 0CBC31 8F495E 13A782 C4303B 13A782 E80628 14B430 C953A6 013940 825EC5 151BC9 8F17C0 D8AAF4 6B622D 5F4E43 6B622D C45E71 4A28BA C45E71 1B337D 7E1C6C 52C88C A9F1B8 24743A 5C7062 4CAD30 783751 ABD8FE D2BE39 490F1E 77A0B5 94A561 112AE7 BB4908 E5E6C0 C9AF85 7BE8A9 FFEEBD 7BE8A9 B27903 AEFF96 36C862 AEFF96 DCE144 205E5C BB40E6 04439C 66048A 36590B 53C6C8 7829D7 CF668A 614224 5EFED0 2595F1 8B6C2F 2595F1 8B519F C953A6 E3C2C9 2BF7B5 E3C2C9 8015E0 93EBE3 6825D4 86493E 596CF6 EB8E2E 14994D 4B97F1 EE2A22 79BC3D B69F55 2CCB19 B69F55 1F842B 2924CB E51A66 7D997B 85D6DB 63361A 85D6DB 230A7C 4B3F8A E81014 0C73D8 2334E8 851F90 D1967A 6F492E E0BEFC 28F6D1 E0BEFC EC4D08 B7F75A EC4D08 770D1A CDC6D4 8417C8 6C010A 1E1095 FFFD4B 573788 FFFD4B 17779E 0A147B DD07FF F1E81B 
92
F1E81B F1E81B 
47FACD 47FACD 
0F5860 0F5860 
D337F2 D337F2 
C3B3E7 C3B3E7 
2FEDFB 2FEDFB 
305D33 305D33 
61199E 61199E 
086D53 C3EF62 
4A5708 4A5708 
F33196 F33196 
CC9C14 CC9C14 
A1F104 A1F104 
6CAF46 685D1A 813B05 
396D53 396D53 
59843B 59843B 
DE6899 DE6899 
239994 239994 
8EBF8A 8EBF8A 
8BFCAC 8BFCAC 
D4A75D D4A75D 124C90 
6B340B 6B340B 
AE4A01 AE4A01 
6966D7 6966D7 
CEAC59 CEAC59 
90451D 90451D 
5BB557 5BB557 
4099A6 4099A6 
293D59 293D59 
6D51F4 6D51F4 
D6CC7A D6CC7A 
B47658 B47658 
6E313C 6E313C 
0CBC31 0CBC31 
8F495E 8F495E 
C4303B C4303B 
E80628 E80628 
14B430 14B430 
151BC9 151BC9 
8F17C0 8F17C0 
6B622D 6B622D 
5F4E43 5F4E43 
4A28BA 4A28BA 
7E1C6C 7E1C6C 
52C88C 52C88C 
5C7062 5C7062 
4CAD30 4CAD30 
783751 783751 
ABD8FE 20EAE7 ABD8FE 
490F1E 490F1E 
77A0B5 77A0B5 
94A561 94A561 
BB4908 C18C9B BB4908 
E5E6C0 E5E6C0 
C9AF85 9096DB C9AF85 
FFEEBD FFEEBD 
AEFF96 AEFF96 
36C862 36C862 
DCE144 DCE144 
BB40E6 BB40E6 
66048A 66048A 
36590B 36590B 
7829D7 7829D7 
614224 614224 
8B6C2F 8B6C2F 
8B519F 8B519F 
E3C2C9 E3C2C9 
2BF7B5 2BF7B5 
8015E0 29D5D7 8015E0 
93EBE3 93EBE3 
86493E 86493E 
596CF6 596CF6 
14994D 14994D 
4B97F1 4B97F1 
B69F55 B69F55 
2CCB19 2CCB19 
1F842B 1F842B 7E78F3 
E51A66 E51A66 
85D6DB 85D6DB 
63361A 63361A 
230A7C 230A7C 
E81014 E81014 
851F90 851F90 
D1967A D1967A 3B4B53 
28F6D1 28F6D1 
B7F75A B7F75A 
770D1A 770D1A 
8417C8 8417C8 
1E1095 1E1095 
FFFD4B FFFD4B 
573788 573788 
17779E 17779E 
