7FD578 283373 7EA726 E5D023 2C376F E5D023 7EA726 F94356 A085DD 853F1A 01684B 853F1A 1176C9 981760 719360 19E454 57CBDE 9B7F16 6CAF19 1BD5F4 2E60FC CE97C4 C3030C 7B7BDE 4BCD0B AA2C70 66B94B AA2C70 7FD578 
20
7FD578 1AC5CE 
283373 3E0BDD 
E5D023 E5D023 
2C376F 2C376F 
A085DD A085DD 
01684B 01684B 1EE680 9F01C8 
1176C9 6C7BF0 1176C9 
981760 B40756 981760 FF39A5 
719360 E27C41 
19E454 61D740 
57CBDE EEEA40 
9B7F16 9B7F16 
6CAF19 6CAF19 
1BD5F4 1BD5F4 
2E60FC 2E60FC 
CE97C4 877D0E 
C3030C 859C0E 
7B7BDE 7B7BDE 
4BCD0B F4C859 
66B94B 66B94B 
