engine teaching singer area girl difficulty police problem clothes interaction drawing eye error aspect meal error measurement model network standard ear age beer accident beginning choice interaction education politics temperature piano material age country moment age leadership worker birth series strategy section tool extent sympathy reputation ratio energy age variation member age failure bus engine idea secretary error performance situation temperature source emphasis age dirt figure engine drawer side flight age understanding menu promotion volume reputation tooth satisfaction dealer preparation war delivery data tension reputation machine funeral significance two tax engine step temperature view chapter engine sport director interaction answer mind question town grandmother effort class issue money teacher time engineering buyer process engine space network analyst business engine editor song engine speech age light fact card departure office practice engine 
100
engine engine 
teaching teaching 
singer singer 
area area 
girl girl 
difficulty difficulty 
police police 
problem problem 
clothes clothes 
interaction interaction 
drawing drawing 
eye eye 
error error 
aspect aspect 
meal meal 
measurement measurement 
model model 
standard standard 
ear ear 
age age 
beer beer 
accident accident 
beginning beginning 
choice choice 
education education 
politics politics 
temperature temperature 
piano piano 
material material 
country country 
moment moment 
leadership leadership 
worker worker 
birth birth 
series series 
section section 
tool tool 
sympathy sympathy 
reputation reputation 
ratio ratio 
energy energy 
variation variation 
member member 
failure failure 
bus bus 
idea idea 
secretary secretary 
performance performance 
situation situation 
source source 
emphasis emphasis 
dirt dirt 
figure figure 
drawer drawer 
side side 
flight flight 
understanding understanding 
menu menu 
promotion promotion 
volume volume 
tooth tooth 
satisfaction satisfaction 
dealer dealer 
preparation preparation 
war war 
delivery delivery 
data data 
tension tension 
machine machine 
funeral funeral 
significance significance 
two two 
tax tax 
step step 
view view 
chapter chapter 
sport sport 
director director 
answer answer 
mind mind 
town town 
grandmother grandmother 
class class 
money money 
teacher teacher 
time time 
engineering engineering 
buyer buyer 
process process 
space space 
analyst analyst 
business business 
editor editor 
song song 
speech speech 
light light 
fact fact 
card card 
departure departure 
office office 
