context interaction construction while reality satisfaction currency wood bit bedroom farmer bread aspect fat attempt care teaching soup anxiety state ability soil context 
21
context context road 
interaction interaction 
construction construction 
while while departure 
reality reality 
satisfaction satisfaction store 
currency currency thanks 
wood wood 
bit bit 
bedroom bedroom 
farmer farmer 
bread bread 
aspect aspect 
fat fat 
attempt attempt 
care care 
teaching teaching 
anxiety anxiety 
state state 
ability ability 
soil soil 
