maintenance example resolution salad object career account inspection average depression maintenance driver day reputation style marketing obligation cause rock cause sign economy class beer war farmer action contract feature photo description focus bread volume complaint farmer church competition income woman difficulty maintenance movie context future sister version sign role rate chest wife price future population future maintenance 
47
maintenance maintenance 
example philosophy example property 
resolution resolution 
salad salad 
object object selection 
career career 
account account 
inspection inspection 
average average 
depression depression 
driver driver 
day day 
reputation reputation 
style style 
marketing marketing 
obligation obligation 
cause cause 
rock rock 
sign sign 
economy economy 
beer beer 
war war 
action action 
contract contract 
feature feature 
photo photo 
description description 
focus focus 
bread bread 
volume volume 
complaint complaint 
church church 
competition competition 
income income 
woman woman 
difficulty difficulty 
movie movie 
context context 
future future 
sister sister 
version version 
role role 
rate rate 
chest chest 
wife wife 
price price 
population population 
