a1 a2 a3 a4 a5 a6 a22 a21 a20 a21 a22 a54 a53 a52 a56 a57 a56 a55 a54 a86 a85 a84 a85 a86 a38 a37 a36 a40 a41 a42 a43 a91 a92 a93 a92 a91 a11 a10 a9 a8 a7 a6 a70 a69 a68 a72 a73 a74 a75 a91 a92 a96 a1 
29
a1 a1 
a3 a3 
a4 a4 
a6 a6 
a22 a22 
a21 a17 
a20 a19 a20 a25 
a54 a54 
a53 a49 
a52 a51 a52 
a57 a57 a62 
a86 a86 
a85 a81 
a84 a83 a84 
a38 a38 
a37 a33 
a36 a35 a36 
a41 a41 a46 
a43 a27 a28 a30 a43 a44 a59 a60 
a91 a91 
a92 a92 
a93 a89 a94 
a11 a11 a12 
a9 a9 a14 
a70 a70 
a69 a65 
a68 a67 a68 
a73 a73 a78 
a75 a75 a76 
