a1 a5 a6 a22 a21 a20 a21 a22 a150 a149 a148 a149 a150 a38 a37 a36 a37 a38 a166 a165 a164 a165 a166 a54 a53 a52 a53 a54 a182 a181 a180 a181 a182 a70 a69 a68 a69 a70 a86 a85 a84 a85 a86 a102 a101 a100 a101 a102 a118 a117 a116 a117 a118 a134 a133 a132 a136 a137 a138 a139 a187 a188 a187 a91 a139 a140 a139 a27 a28 a27 a155 a156 a155 a43 a44 a43 a171 a172 a171 a59 a60 a59 a75 a76 a75 a107 a108 a107 a123 a124 a123 a11 a10 a9 a8 a4 a5 a1 
60
a1 a1 
a6 a6 
a22 a22 
a21 a17 
a20 a19 a20 a25 
a150 a150 
a149 a145 
a148 a147 a148 a153 
a38 a38 
a37 a33 
a36 a35 a36 a41 
a166 a166 
a165 a161 
a164 a163 a164 a169 
a54 a54 
a53 a49 
a52 a51 a52 a57 
a182 a182 
a181 a177 
a180 a179 a180 a185 
a70 a70 
a69 a65 
a68 a67 a68 a73 
a86 a86 
a85 a81 
a84 a83 a84 a89 
a102 a102 
a101 a97 
a100 a99 a100 a105 
a118 a118 
a117 a113 
a116 a115 a116 a121 
a134 a134 
a133 a129 
a132 a131 a132 
a137 a137 a142 
a139 a139 
a187 a187 
a188 a188 a190 
a91 a91 a92 a94 
a140 a140 
a27 a27 
a28 a28 a30 
a155 a155 
a156 a156 a158 
a43 a43 
a44 a44 a46 
a171 a171 
a172 a172 a174 
a59 a59 
a60 a60 a62 
a75 a75 
a76 a76 a78 
a107 a107 
a108 a108 a110 
a123 a123 
a124 a124 a126 
a11 a11 a12 
a9 a9 a14 
a4 a3 a4 
