Bowles LaVals Bowles Calvin Etcheverry Calvin Graduate Calvin Bowles Mulford Latimer Edwards Latimer Mulford Crescent Mulford Latimer MLK Rochdale MLK Hearst Jacob Foothill Unit1 Foothill Dwinelle HearstAnnex Lothlorien HearstAnnex Dwinelle Haas Pavilion Haas Crossroads Lawrence UCTheatre NCEM UCTheatre Lawrence Crossroads Haas Dwinelle Foothill Haviland Morgan Martinez Morgan Haviland Foothill Davis Hildebrand YogurtPark Hildebrand Davis Browns Davis Foothill Jacob Evan Jacob Hertz CVStarr Unit3 CKerr Ridge CKerr WayWest CKerr Unit3 CVStarr Hertz Jacob TopDog Fenwick Barker Fenwick TopDog GammaPhiBeta TopDog Starbucks Chipotle MFoundry Chipotle Starbucks TopDog Jacob Evan SigmaPhiOmega BearFoodCourt SigmaPhiOmega Evan Moffitt Cloyne Moffitt Evan Blackwell McLaughlin GenPlantBio McLaughlin Blackwell Evan Jacob Cory Bechtel Birge Bechtel Baker Simons Baker Strada Baker Daiso Baker Bechtel Minor Memorial TacoBell Memorial Maxwell Barrows Maxwell Memorial AlphaSigmaPhi Memorial Minor Bechtel Cory Extension Cory Bechtel Wilde StrawberryCreek Wolf Unit2 Milano IndianRock Milano Unit2 Greek Stebbins Safeway Stebbins Greek Moses Pimentel Stacks Sherman Stacks Pimentel Moses RareTea Gypsys RareTea Moses Wellman Sutardja Wellman Moses Stanley LeConte VLSB Chez NorthGate Chez VLSB Boalt Kresge PeoplesPark Kresge Castro Kresge Boalt VLSB LeConte ALS LeConte RSF LeConte Campanile Bongo Artichokes Cheeseboard Artichokes Bongo ShengKee Bongo Campanile Wurster Zellerbach Wurster McCone Spats Stonefire PiLambda Stonefire Spats McCone Wurster Campanile LeConte Stanley Campbell Doe Campbell Koshland Campbell Stanley Cory Bechtel Birge Bowles 
77
LaVals LaVals 
Calvin Calvin 
Etcheverry Etcheverry 
Graduate Graduate 
Mulford Mulford 
Edwards Edwards Easterly 
Crescent Crescent 
Rochdale Rochdale 
Foothill Foothill 
Unit1 Unit1 
HearstAnnex HearstAnnex 
Lothlorien Lothlorien 
Haas Haas 
Pavilion Pavilion 
Crossroads Crossroads 
UCTheatre UCTheatre 
NCEM NCEM 
Morgan Morgan 
Martinez Martinez 
Hildebrand Hildebrand 
YogurtPark YogurtPark 
Browns Browns 
Evan Evan 
Unit3 Unit3 
CKerr CKerr 
Ridge Ridge 
WayWest WayWest 
Barker Barker 
GammaPhiBeta GammaPhiBeta 
Chipotle Chipotle 
MFoundry MFoundry 
BearFoodCourt BearFoodCourt 
Cloyne Cloyne 
Blackwell Blackwell 
GenPlantBio GenPlantBio 
Birge Birge 
Baker Baker 
Simons Simons 
Strada Strada RoseGarden 
Daiso Daiso 
TacoBell TacoBell 
Maxwell Maxwell 
Barrows Barrows 
AlphaSigmaPhi AlphaSigmaPhi 
Extension Extension 
Wilde Wilde 
StrawberryCreek StrawberryCreek 
Wolf Wolf 
Unit2 Unit2 
IndianRock IndianRock 
Greek Greek 
Safeway Safeway 
Moses Moses 
Stacks Stacks 
Sherman Sherman 
Gypsys Gypsys 
Wellman Wellman 
Sutardja Sutardja 
VLSB VLSB 
NorthGate NorthGate 
Boalt Boalt 
Kresge Kresge 
PeoplesPark PeoplesPark 
Castro Castro 
ALS ALS 
RSF RSF 
Campanile Campanile 
Bongo Bongo 
Cheeseboard Cheeseboard 
ShengKee ShengKee 
Wurster Wurster 
Zellerbach Zellerbach 
Spats Spats 
PiLambda PiLambda PiAlphaPhi 
Campbell Campbell 
Doe Doe 
Koshland Koshland 
