Wheeler Dwinelle Wheeler Doe Campanile LeConte Campbell Haviland Memorial Minor Haas Faculty FSM Baker McCone BigC Pavilion Simons Koja Simons Pavilion BigC Bongo NorthGate Ippuku WayWest Warren Hearst Davis Kresge Normandy Cheit Soda Sather Soda Etcheverry Latimer Evans Morrison Greek Bechtel Greek Lewis Kroeber Hertz Morrison Evans Wheeler 
25
Wheeler Sproul 
Dwinelle Dwinelle 
LeConte Birge 
Haviland RSF 
Memorial IHouse McLaughlin Moses 
Minor Hargrove 
Haas Stonefire Haas 
Baker Baker Fiji 
McCone CKerr 
Pavilion PeoplePark 
Simons Unit2 
Koja Legends TriDelta 
Ippuku Metropolitan 
WayWest Anthony Cloyne 
Warren Warren 
Hearst Hearst 
Davis Davis 
Cheit Cheit 
Soda Moffitt 
Sather Martinez Barker Unit3 OCF 
Etcheverry Etcheverry 
Latimer Foothill 
Morrison Morrison 
Bechtel Bechtel Jacobs 
Kroeber Boalt Kroeber 
