0 5 13 49 13 15 35 15 25 37 25 55 62 55 64 93 64 92 64 55 61 55 60 55 25 23 32 29 41 29 12 29 23 25 14 11 25 19 25 2 25 8 48 8 33 44 26 44 31 10 70 58 73 58 53 50 52 56 66 56 65 95 65 96 65 94 65 56 67 56 52 50 54 59 54 50 0 45 21 45 42 40 42 45 0 
38
49 49 
35 35 
25 25 
37 37 
55 55 63 
62 87 62 
93 93 
92 92 
61 83 84 
60 60 
23 23 
32 32 90 34 
41 41 
12 12 
14 14 
11 11 
19 19 
2 2 
48 48 
33 39 33 
26 26 
31 20 31 
10 10 
70 70 
58 71 74 
73 73 
52 52 
66 98 66 97 
95 95 
96 96 
94 94 
67 67 
54 54 
59 78 59 77 
45 45 
21 21 
42 42 
40 40 
