0 17 70 17 77 17 5 17 0 100 103 100 101 115 101 113 101 109 101 110 101 111 101 108 101 112 101 100 107 100 102 100 104 100 106 100 0 31 89 31 25 31 57 31 64 31 3 4 3 11 3 75 3 0 86 10 81 0 
30
17 17 66 44 68 13 
70 70 65 
77 77 22 
5 42 5 
100 100 138 105 
103 128 130 127 
101 117 101 198 
115 196 194 
113 189 188 113 
109 167 109 
110 172 169 175 171 173 168 
111 177 178 
108 156 158 160 154 
112 182 180 112 179 
107 152 153 151 
102 124 123 118 121 102 
104 104 136 
106 147 149 106 142 145 144 146 
31 35 31 53 
89 26 1 89 
25 25 24 59 
57 57 21 
64 72 7 
3 51 56 
4 14 87 63 96 49 4 
11 58 55 
75 18 28 54 29 75 
86 20 43 90 85 86 98 62 
10 83 99 10 
81 81 82 
