MapLocation77 MapLocation55 MapLocation49 MapLocation14 MapLocation65 MapLocation8 MapLocation45 MapLocation66 MapLocation58 MapLocation35 MapLocation37 MapLocation85 MapLocation51 MapLocation10 MapLocation96 MapLocation70 MapLocation24 MapLocation20 MapLocation79 MapLocation13 MapLocation2 MapLocation91 MapLocation19 MapLocation6 MapLocation44 MapLocation5 MapLocation40 MapLocation73 MapLocation61 MapLocation39 MapLocation41 MapLocation48 MapLocation42 MapLocation72 MapLocation77 
33
MapLocation77 MapLocation77 MapLocation67 
MapLocation55 MapLocation55 MapLocation74 
MapLocation49 MapLocation80 MapLocation49 
MapLocation14 MapLocation14 
MapLocation65 MapLocation0 MapLocation65 
MapLocation8 MapLocation8 MapLocation97 
MapLocation45 MapLocation45 
MapLocation66 MapLocation66 
MapLocation58 MapLocation58 
MapLocation35 MapLocation35 
MapLocation37 MapLocation37 
MapLocation85 MapLocation85 MapLocation88 
MapLocation51 MapLocation51 
MapLocation10 MapLocation10 
MapLocation70 MapLocation70 
MapLocation24 MapLocation24 
MapLocation20 MapLocation20 
MapLocation79 MapLocation79 MapLocation68 
MapLocation13 MapLocation13 
MapLocation2 MapLocation1 MapLocation2 MapLocation84 MapLocation83 
MapLocation91 MapLocation3 MapLocation91 MapLocation81 
MapLocation19 MapLocation19 
MapLocation6 MapLocation6 MapLocation82 
MapLocation44 MapLocation27 MapLocation44 
MapLocation5 MapLocation4 MapLocation5 
MapLocation40 MapLocation40 
MapLocation73 MapLocation73 
MapLocation61 MapLocation86 MapLocation61 
MapLocation39 MapLocation17 MapLocation39 
MapLocation41 MapLocation93 
MapLocation48 MapLocation48 
MapLocation42 MapLocation42 
MapLocation72 MapLocation72 
