MapLocation152 MapLocation106 MapLocation77 MapLocation41 MapLocation114 MapLocation20 MapLocation71 MapLocation128 MapLocation186 MapLocation81 MapLocation148 MapLocation62 MapLocation23 MapLocation19 MapLocation67 MapLocation10 MapLocation22 MapLocation189 MapLocation156 MapLocation102 MapLocation104 MapLocation13 MapLocation60 MapLocation118 MapLocation136 MapLocation145 MapLocation56 MapLocation175 MapLocation164 MapLocation28 MapLocation59 MapLocation42 MapLocation129 MapLocation107 MapLocation96 MapLocation94 MapLocation69 MapLocation61 MapLocation113 MapLocation79 MapLocation72 MapLocation121 MapLocation43 MapLocation47 MapLocation150 MapLocation153 MapLocation149 MapLocation97 MapLocation154 MapLocation8 MapLocation109 MapLocation85 MapLocation109 MapLocation15 MapLocation14 MapLocation35 MapLocation100 MapLocation119 MapLocation36 MapLocation4 MapLocation170 MapLocation133 MapLocation183 MapLocation137 MapLocation122 MapLocation92 MapLocation171 MapLocation105 MapLocation194 MapLocation86 MapLocation53 MapLocation111 MapLocation55 MapLocation9 MapLocation166 MapLocation57 MapLocation32 MapLocation99 MapLocation161 MapLocation103 MapLocation9 MapLocation7 MapLocation116 MapLocation41 MapLocation185 MapLocation135 MapLocation192 MapLocation29 MapLocation179 MapLocation29 MapLocation127 MapLocation17 MapLocation173 MapLocation146 MapLocation182 MapLocation50 MapLocation76 MapLocation12 MapLocation152 
94
MapLocation152 MapLocation152 
MapLocation106 MapLocation106 
MapLocation77 MapLocation77 
MapLocation41 MapLocation41 
MapLocation114 MapLocation114 
MapLocation20 MapLocation20 
MapLocation71 MapLocation71 
MapLocation128 MapLocation128 
MapLocation186 MapLocation186 
MapLocation81 MapLocation81 
MapLocation148 MapLocation148 
MapLocation62 MapLocation62 
MapLocation23 MapLocation23 
MapLocation19 MapLocation18 MapLocation19 MapLocation198 
MapLocation67 MapLocation67 MapLocation70 
MapLocation10 MapLocation10 
MapLocation22 MapLocation22 
MapLocation189 MapLocation189 
MapLocation156 MapLocation156 
MapLocation102 MapLocation102 
MapLocation104 MapLocation104 
MapLocation13 MapLocation13 MapLocation123 
MapLocation60 MapLocation60 
MapLocation118 MapLocation118 
MapLocation136 MapLocation136 
MapLocation145 MapLocation145 
MapLocation56 MapLocation56 
MapLocation175 MapLocation175 
MapLocation164 MapLocation164 
MapLocation28 MapLocation28 
MapLocation59 MapLocation59 
MapLocation42 MapLocation42 
MapLocation129 MapLocation129 
MapLocation107 MapLocation107 
MapLocation96 MapLocation96 
MapLocation94 MapLocation94 
MapLocation69 MapLocation69 
MapLocation61 MapLocation61 
MapLocation113 MapLocation113 
MapLocation79 MapLocation79 
MapLocation72 MapLocation72 
MapLocation121 MapLocation121 
MapLocation43 MapLocation43 
MapLocation47 MapLocation47 
MapLocation150 MapLocation150 
MapLocation153 MapLocation153 
MapLocation149 MapLocation149 
MapLocation97 MapLocation97 
MapLocation154 MapLocation154 
MapLocation8 MapLocation8 
MapLocation109 MapLocation109 
MapLocation85 MapLocation85 
MapLocation15 MapLocation15 MapLocation16 
MapLocation14 MapLocation14 
MapLocation35 MapLocation35 
MapLocation100 MapLocation100 
MapLocation119 MapLocation119 
MapLocation36 MapLocation36 
MapLocation4 MapLocation4 
MapLocation170 MapLocation170 
MapLocation133 MapLocation133 
MapLocation183 MapLocation183 
MapLocation137 MapLocation137 
MapLocation122 MapLocation122 
MapLocation92 MapLocation92 
MapLocation171 MapLocation171 
MapLocation105 MapLocation105 
MapLocation194 MapLocation194 
MapLocation86 MapLocation125 MapLocation86 
MapLocation53 MapLocation53 
MapLocation111 MapLocation111 
MapLocation55 MapLocation55 
MapLocation9 MapLocation9 
MapLocation166 MapLocation166 
MapLocation57 MapLocation57 
MapLocation32 MapLocation32 
MapLocation99 MapLocation99 
MapLocation161 MapLocation161 
MapLocation103 MapLocation103 
MapLocation7 MapLocation7 
MapLocation116 MapLocation116 
MapLocation185 MapLocation185 
MapLocation135 MapLocation135 
MapLocation192 MapLocation192 
MapLocation29 MapLocation29 
MapLocation179 MapLocation179 
MapLocation127 MapLocation127 
MapLocation17 MapLocation17 
MapLocation173 MapLocation173 
MapLocation146 MapLocation146 
MapLocation182 MapLocation182 
MapLocation50 MapLocation50 
MapLocation76 MapLocation76 
MapLocation12 MapLocation12 
