aa df bk ao bg cb au az dv ch dq ax bl br at de dk cy cj bv ag cm bj cf dj ap dg ak bs ct cs bc aj ac bd db ay ce cl bu bo dr bf be ab af am by ae aa 
49
aa aa 
df df 
bk bk 
ao ao 
bg bg 
cb cb 
au bb au 
az az 
dv dv 
ch ch 
dq dq 
ax ax 
bl bl 
br br 
at at 
de de 
dk dk 
cy cy 
cj cj 
bv bv 
ag ag 
cm cm 
bj bj 
cf cf 
dj dj 
ap ap 
dg dg 
ak ak 
bs bs 
ct ct 
cs cs 
bc bc 
aj aj 
ac ac 
bd bd 
db db 
ay ay 
ce ce 
cl cl 
bu bu 
bo bo 
dr dr 
bf bf 
be be 
ab ab 
af af 
am am 
by by 
ae ae 
