86 133 39 147 70 36 20 187 79 8 165 180 26 58 43 51 18 136 115 68 22 67 198 108 29 114 54 3 5 128 9 128 143 63 142 4 130 167 65 167 71 188 199 88 151 80 151 88 172 56 172 81 95 150 86 
43
86 120 125 169 
133 92 101 116 152 196 
39 87 149 156 163 177 
147 14 45 73 76 91 113 138 140 158 160 184 
70 57 107 117 129 175 
36 36 122 
20 38 41 82 
187 2 10 35 173 
79 21 30 69 123 137 
8 8 
165 75 97 
180 1 19 53 66 106 126 154 
26 26 
58 28 64 93 
43 185 192 
51 51 
18 84 139 
136 89 94 
115 174 
68 90 100 153 159 
22 22 
198 198 
108 44 
29 121 
114 52 105 
54 54 
3 11 
5 5 
9 13 110 181 
143 6 48 
63 74 145 
4 179 183 
167 132 
65 146 
71 71 
199 199 
88 27 
151 17 
80 194 
56 56 
81 157 189 
95 72 148 
150 150 
