110 77 99 190 3 55 11 13 98 148 172 197 54 47 94 40 170 193 43 140 51 5 18 52 22 53 50 64 163 67 168 124 60 72 87 182 25 38 26 90 103 154 147 79 110 
44
110 110 
77 195 77 
99 99 181 
190 190 122 
3 127 3 
55 55 39 138 
11 11 171 176 
13 160 13 142 
98 98 189 
148 178 148 74 
172 172 92 
197 197 169 
54 54 73 
47 47 45 
94 76 94 
40 30 40 
170 14 170 
193 193 
43 101 43 123 
140 6 140 121 131 
51 51 
5 5 161 83 
18 141 18 
52 52 19 
22 165 22 
53 53 
50 50 56 96 
64 152 64 175 
163 163 15 132 
67 67 91 145 
168 44 168 
124 159 81 124 
60 60 66 100 
72 72 
87 87 
182 182 85 
25 41 20 25 192 
38 38 
26 26 
90 90 
103 103 199 
154 28 29 0 154 
147 107 126 147 
79 36 1 79 149 
