Location0 Location43 Location25 Location29 Location121 Location58 Location80 Location18 Location44 Location13 Location10 Location37 Location115 Location24 Location35 Location31 Location1 Location8 Location40 Location39 Location17 Location117 Location20 Location21 Location4 Location23 Location0 
24
Location43 Location43 
Location25 Location9 Location25 Location34 
Location29 Location29 
Location58 Location30 
Location80 Location27 
Location18 Location18 Location42 
Location44 Location44 
Location13 Location13 
Location10 Location10 Location28 
Location37 Location2 Location14 Location19 Location36 Location37 Location45 
Location115 Location16 Location22 
Location24 Location6 Location15 Location24 
Location35 Location35 
Location31 Location31 
Location1 Location1 Location41 
Location8 Location8 
Location40 Location40 
Location39 Location12 Location39 
Location17 Location3 Location11 Location17 Location32 Location38 
Location117 Location5 
Location20 Location20 
Location21 Location21 Location26 
Location4 Location4 Location7 
Location23 Location23 Location33 
