1 3 59 145 174 21 52 81 2 10 35 37 131 156 6 41 47 36 77 164 74 150 127 1 
23
1 1 8 13 58 85 86 111 129 133 141 143 198 
3 3 16 89 92 101 106 169 182 184 
59 33 59 69 82 102 116 130 139 200 
145 97 124 157 177 
174 20 53 56 60 68 70 159 165 167 174 
21 21 31 87 176 193 
52 83 95 99 137 144 171 
81 34 51 81 84 103 
2 2 44 
10 10 
35 35 50 55 
37 9 27 37 42 80 
131 110 131 140 
156 49 136 156 
6 6 26 126 151 
41 41 161 189 
47 47 57 88 138 
36 36 75 
77 61 77 
164 164 
74 74 
150 150 162 
127 127 
