31 146 107 65 128 46 167 186 199 179 169 191 180 197 171 195 184 164 170 198 173 188 168 175 196 120 12 137 33 105 29 57 89 125 151 38 69 60 110 148 42 83 90 47 140 82 149 94 45 21 156 99 48 114 143 80 28 152 88 9 4 108 67 160 7 86 68 22 27 49 78 93 147 106 123 117 66 14 115 81 141 34 20 119 131 13 58 134 32 6 30 64 35 77 127 74 31 
95
146 146 
107 112 107 
65 65 
128 128 
46 46 52 
167 167 
186 186 
199 199 
179 179 
169 169 
191 191 
180 180 
197 197 
171 171 
195 195 
184 184 
164 164 
170 170 
198 198 
173 173 
188 188 
168 168 
175 175 
196 196 
120 120 
12 12 
137 137 
33 33 
105 105 
29 29 
57 57 
89 89 
125 125 
151 151 
38 38 
69 69 
60 60 
110 110 
148 148 
42 42 
83 83 
90 90 
47 47 121 
140 140 
82 82 
149 149 
94 94 
45 45 
21 21 
156 156 
99 99 
48 48 
114 114 
143 143 
80 80 
28 28 
152 152 
88 88 
9 9 
4 4 
108 108 
67 67 
160 160 
7 7 
86 86 
68 68 
22 22 103 
27 27 
49 49 
78 78 
93 93 
147 147 
106 106 
123 123 
117 117 
66 66 
14 14 
115 115 
81 81 
141 141 
34 34 
20 20 
119 119 
131 131 
13 13 
58 58 
134 138 134 
32 32 
6 6 
30 30 
64 64 
35 35 
77 77 
127 127 
74 74 
