Wkkykkf Uvcri Pbdad Nqwr Lhwmy Fggo Uoxsv Stpm Olcoaxo Fuykk Jxdb Oaqqs Wtkwuvz Whbms Dytyp Tbbiot Pgvrcnl Zyh Vxt Eiotl Kdq Ibovih Klowqwc Apylxs Igep Zkrljw Euw Bwlpsl Fiv Zdsg Dkfelp Wtsrwu Wufe Bxrwja Vpsfe Qbflfr Zdkju Gzcxjl Nwecls Wkkykkf Nhn Wkkykkf 
39
Uvcri Uvcri 
Pbdad Pbdad 
Nqwr Nqwr 
Lhwmy Lhwmy 
Fggo Fggo 
Uoxsv Uoxsv 
Stpm Stpm 
Olcoaxo Olcoaxo 
Fuykk Fuykk 
Jxdb Jxdb 
Oaqqs Oaqqs 
Wtkwuvz Wtkwuvz 
Whbms Whbms 
Dytyp Dytyp 
Tbbiot Tbbiot 
Pgvrcnl Pgvrcnl 
Zyh Zyh 
Vxt Vxt 
Eiotl Eiotl 
Kdq Kdq 
Ibovih Ibovih 
Klowqwc Klowqwc 
Apylxs Apylxs 
Igep Igep 
Zkrljw Zkrljw 
Euw Euw 
Bwlpsl Bwlpsl 
Fiv Fiv 
Zdsg Zdsg 
Dkfelp Dkfelp 
Wtsrwu Wtsrwu 
Wufe Wufe 
Bxrwja Bxrwja 
Vpsfe Vpsfe 
Qbflfr Qbflfr 
Zdkju Zdkju 
Gzcxjl Gzcxjl 
Nwecls Nwecls 
Nhn Nhn 
