A0 X4 S2 K4 U2 C0 E1 A5 L0 X1 Y3 M5 F3 G6 Q5 F0 F6 C6 V6 W5 N1 Y6 R5 L5 F4 J6 X6 E4 Z3 H0 I5 E5 M3 G4 A0 
34
A0 A0 X0 
X4 K2 X4 S6 
S2 K1 S2 Y4 
K4 D2 K4 
U2 Z1 U2 U6 
C0 C0 D0 R4 W4 
E1 E1 X3 
A5 J1 A5 
L0 L0 I1 M4 
X1 X1 P6 Z6 
Y3 M1 D3 Y3 P5 
M5 P0 N2 J5 M5 C7 D7 
F3 F3 R3 T5 
G6 G6 
Q5 G3 Q5 M6 
F0 F0 Z5 Q6 
F6 J0 F6 R6 
C6 C6 
V6 I3 T3 C4 V6 
W5 T2 A4 W5 
N1 N1 B2 X2 
Y6 Y0 Y6 A7 
R5 S1 E3 B4 R5 
L5 Q0 L5 W6 
F4 G0 F4 
J6 Z4 J6 
X6 G1 X6 
E4 I0 E4 
Z3 V2 W2 Z3 A6 
H0 H0 M0 
I5 A1 A2 I5 T6 
E5 P2 C3 O3 O4 B5 E5 
M3 M3 O5 H6 
G4 G4 Q4 
