A0 P3 S0 P2 F0 K0 O0 A1 F3 N2 T1 T3 W2 P0 K1 B2 X1 M1 D1 X2 Q2 E0 O1 V0 F1 V1 H1 C2 L3 B0 U0 U2 B1 N0 V2 C3 R2 I0 S3 U1 L0 L1 H0 M0 C1 D3 Z0 N3 C0 A0 
49
A0 A0 
P3 P3 
S0 S0 
P2 P2 
F0 F0 
K0 K0 
O0 O0 
A1 A1 
F3 F3 
N2 N2 
T1 T1 
T3 T3 
W2 W2 
P0 P0 
K1 K1 
B2 B2 
X1 X1 
M1 M1 
D1 D1 
X2 X2 
Q2 Q2 
E0 E0 
O1 O1 
V0 V0 
F1 F1 
V1 V1 
H1 H1 
C2 C2 
L3 L3 
B0 B0 
U0 U0 
U2 U2 
B1 B1 
N0 N0 
V2 V2 
C3 C3 
R2 R2 
I0 I0 Z1 
S3 S3 
U1 U1 
L0 L0 
L1 L1 
H0 H0 
M0 M0 
C1 C1 
D3 D3 
Z0 Z0 
N3 N3 
C0 C0 
