142 121 137 66 137 48 137 135 171 140 30 139 153 181 18 103 28 9 136 47 7 47 136 9 33 156 198 38 198 156 33 9 14 134 52 178 195 158 195 178 52 134 14 9 28 103 85 187 132 39 188 83 93 151 159 191 154 139 153 181 91 3 91 181 18 103 6 128 68 192 150 99 141 65 130 175 34 175 130 193 60 26 0 26 149 63 171 135 137 66 106 111 90 143 77 143 90 111 106 66 137 121 142 167 142 
40
121 121 
137 137 
66 44 
48 76 48 
135 97 
140 129 177 140 
30 30 
139 145 
153 23 
181 181 
9 70 
7 7 
33 133 33 
38 197 38 
14 14 
178 178 
195 195 
158 158 69 
85 89 
39 115 39 
93 93 
151 144 151 
159 31 159 
91 91 
3 174 46 3 4 
128 64 
68 41 
150 150 21 157 
141 141 
130 58 
34 34 
193 16 
60 186 124 60 55 
0 183 
149 22 
63 63 35 
106 106 127 
90 90 
77 108 77 
167 167 
