5 4 31 39 28 10 9 22 58 86 109 86 58 22 37 44 37 25 43 183 43 25 12 17 68 33 5 7 5 19 52 143 144 176 180 176 144 143 52 56 102 56 73 32 21 1 95 59 95 121 95 8 5 33 68 17 36 82 179 82 36 40 53 123 131 140 131 123 53 87 57 64 14 5 
28
31 31 
39 168 
10 160 163 
9 9 77 
58 58 
109 109 130 
37 45 152 
44 85 106 113 
183 183 
12 178 191 
68 68 155 
7 35 
19 54 145 169 
52 80 
176 176 
180 180 194 
102 102 
32 32 50 91 
21 21 
1 51 105 177 
59 76 96 101 104 111 126 127 
121 121 
179 179 
40 92 
53 27 
140 140 
57 57 
14 23 63 103 196 
