89 65 18 20 50 39 50 35 19 42 31 42 55 66 41 12 41 66 57 47 57 29 46 29 57 8 40 8 43 8 6 37 0 2 34 66 41 49 45 52 38 75 86 26 32 30 36 40 95 16 95 33 79 3 73 9 4 23 74 44 21 44 74 23 17 23 27 11 24 5 24 25 24 13 24 7 15 7 92 16 95 10 98 1 94 14 68 22 68 57 8 89 
48
18 18 
20 20 
50 50 
39 39 
35 35 
19 19 
42 42 
31 31 
41 41 
12 12 
47 47 
29 29 
46 46 
8 8 
40 40 
43 43 
6 6 
37 37 
2 2 28 
34 34 
49 49 
45 45 
38 38 
26 26 
32 32 
30 30 
36 36 
16 16 
33 33 
3 3 
9 9 
4 4 
23 23 
44 44 
21 21 
17 17 48 
27 27 
11 11 
24 24 
5 5 
25 25 
13 13 
7 7 
15 15 
10 10 
1 1 
14 14 
22 22 
