myBc2oGXtwQIbhN8LZB1 fpPjeU3Q7Ml0oxbNnONE 6yzFaM9N8M8BsjLACDds RBvtNZMBTgecfVkYzQF0 KtbSULrz2h1IxsKP2DHz o9aZyqilfPONdyLlpTRX ki0pv73E3TweydEr2xMN MrSQPZSbMdgYshneAfKf qz4O4bOhKA0YZxpN4mu9 lYkJhGqsFKbDklNelAfr uNXUIWejT1w4vLTe7QBt wy0RiFWOddqgqdcatQ9A 9OL9rFCWxsvkui0BnJrR olDP1pNg8HxpvCq8TOIJ o53aRQwjhcCKlIFPSjvf SUNxIlWVwIvWYg6OTKeH j2d1svPUTAqQIDPXwffl bVCSBWLjvEmxQEUvDzc4 X0l14s0sRXjXSeLRZLOJ 1GbSD7rTlpNb4qV46SKR oTKjE2BVS0AvV4XvUeLk nmetx4LmU9YBYTmghDrT jHmvxfAZsjs2mCnHbbFf myBc2oGXtwQIbhN8LZB1 
23
myBc2oGXtwQIbhN8LZB1 vy2boLWO2lxg10y7uS0y 6X2CNJieZ0I5rs3Wfu65 
fpPjeU3Q7Ml0oxbNnONE fpPjeU3Q7Ml0oxbNnONE 
6yzFaM9N8M8BsjLACDds yAYyOcL4ZKdEiLdSPQJm 6yzFaM9N8M8BsjLACDds 
RBvtNZMBTgecfVkYzQF0 RBvtNZMBTgecfVkYzQF0 w5Yg5o0VnYd77fs4XPRL 
KtbSULrz2h1IxsKP2DHz RpB10dFWsUl9DC779n8X UMmbOoOKP6EkLMuN70H3 KtbSULrz2h1IxsKP2DHz 
o9aZyqilfPONdyLlpTRX ZhHxBzOYsJAOHrqq4mZM o9aZyqilfPONdyLlpTRX 
ki0pv73E3TweydEr2xMN ki0pv73E3TweydEr2xMN saIZq3FqZhdVPNoQWmqU 
MrSQPZSbMdgYshneAfKf GvRFaXYJvrU5PAeeG88T MrSQPZSbMdgYshneAfKf 
qz4O4bOhKA0YZxpN4mu9 qz4O4bOhKA0YZxpN4mu9 C4VxHS7oWghMg001nCqT 
lYkJhGqsFKbDklNelAfr lYkJhGqsFKbDklNelAfr 
uNXUIWejT1w4vLTe7QBt m1eNgjuhkxodElFqqgdb uNXUIWejT1w4vLTe7QBt LJTA7Za5kd0YC7vjiAyc VThEkwdtHmaZ1zsmfh4s EY74ASuADSlYlDTJLkL6 
wy0RiFWOddqgqdcatQ9A wy0RiFWOddqgqdcatQ9A 
9OL9rFCWxsvkui0BnJrR 9OL9rFCWxsvkui0BnJrR 69TQpRojisYUrVnWqBaA q1ntlEPy5TkjTDK1N7QA 
olDP1pNg8HxpvCq8TOIJ K674cUKePzN7aRSq4iqU jjCSZnB5168QDqTrFROq olDP1pNg8HxpvCq8TOIJ fbJ1XhavEsRSCGVVB1U1 
o53aRQwjhcCKlIFPSjvf o53aRQwjhcCKlIFPSjvf 
SUNxIlWVwIvWYg6OTKeH o2dWBGyrvosFrr6mKxkG SUNxIlWVwIvWYg6OTKeH 
j2d1svPUTAqQIDPXwffl j2d1svPUTAqQIDPXwffl lRM59z2yUMoVl3kzgo9u 
bVCSBWLjvEmxQEUvDzc4 bVCSBWLjvEmxQEUvDzc4 
X0l14s0sRXjXSeLRZLOJ zWpsWJk9vbOt0JkC0vhz X0l14s0sRXjXSeLRZLOJ 
1GbSD7rTlpNb4qV46SKR 1GbSD7rTlpNb4qV46SKR 
oTKjE2BVS0AvV4XvUeLk 5f6BSghRQWi4UfjviKjn e3j3O8zLHFaoF4L54lX4 jy3jNWgqegakpFSv6gUm oTKjE2BVS0AvV4XvUeLk 
nmetx4LmU9YBYTmghDrT FMx2ghinkTg3bXUUbaTx nmetx4LmU9YBYTmghDrT 1ZOzWuPMAgV9noIUn6fI 
jHmvxfAZsjs2mCnHbbFf jHmvxfAZsjs2mCnHbbFf 4jo8IXw984NR3wvT2Dr9 
