PlmPdVeiiHQg3JYZCDWt xcisI0PJDdG9nIuyj3IS gdO0wiBlQ8wFbeNyGtx5 qOK6WPKQJA4Q9XqXgSgT CofLnw0Ss4pVGWmPS5oO 3M9YkxmgHhrzhCgskWR0 g0ywcwildP9K6oBendJq cYMPcE5UNSzOtkRY62gr irZyMKazQALnyfoOCtbL PIekFeWZsA6etqyFB2SF nyd0fM2XE4qmli1xfIwr 9zoM12ZWjXrKaszveCQH XdyhPab6W9wOZnKLq1fq a06qeiApctGnC1GMtGuJ ANdko3dYAy7a2BOq7wpm EVtx7khff7Fs8yuuQKJx GzSNGBn4EPemDLEWXNxx 7yt9hKqOEGabqtqIEmdH 6WGzUhXeOltLDbkIvTzq JWIkMKKlAG6fUoRVxKKI 8RfB73Lw8C9LbSwIxA9Q 1JawjZrawLlOCGN1EB0O 060q0aISPODkGeAbYbQ6 ukPtLY7YueARRkX8hPaS eUyNsK7nwP1YPac54CbU ChEnlTNCMoqxBfyzEzW7 zvH9G6FQ1xC7CVezs43e 1wRG7TNgo9ui6iZBLuaw 48BAUsycKlkSkbOjYLFN Zzs5CIqF9Ll2avkxI78N Dwi7fYT8wa9I4Kzyto4Y EkRPPDhcu5ww6XulSOgx IxWh6LSiXwGUWSx9VJ39 PWUaVYPeofxjJdT472wG JakuJordFcO229c3L5ct WsVMGV8yZisK6ojnqzBE Osa2UT4anhyBl7doUFs5 jVItWJkETNqrkY47Hghp 2chOacZ5nNYuf6eeGFSW KjQNU2EAAYEZSeJWPxLM Vh6ScHVb39wz7CmKwIuA hZHynIvymuQxD6BftzWt N5YDsCDN1lKguyHbn4Zb Tr6dOTuKB3EM5juuJxqy WErk2X2lm629vuxPHVtl TpLamlzpT6GwerxzVsxr PlmPdVeiiHQg3JYZCDWt 
45
xcisI0PJDdG9nIuyj3IS yD8JCRUWcVAZxJ4ZDldr m1A3pMC42PQioFziqK5C xcisI0PJDdG9nIuyj3IS 
gdO0wiBlQ8wFbeNyGtx5 iwJGcbQH2bifG6D82Iel gdO0wiBlQ8wFbeNyGtx5 
qOK6WPKQJA4Q9XqXgSgT qOK6WPKQJA4Q9XqXgSgT 
CofLnw0Ss4pVGWmPS5oO cUanhOambcNkocePqfvx CofLnw0Ss4pVGWmPS5oO 
3M9YkxmgHhrzhCgskWR0 3M9YkxmgHhrzhCgskWR0 dsndgEJWfBsFA2I3Hgqf zforAf5jhSPEL0aOiCeo 
g0ywcwildP9K6oBendJq g0ywcwildP9K6oBendJq iFXIyHTPBX7ivXxsV1VM KOLHrmR3FKDMdl4SYdK9 
cYMPcE5UNSzOtkRY62gr cYMPcE5UNSzOtkRY62gr 
irZyMKazQALnyfoOCtbL irZyMKazQALnyfoOCtbL 
PIekFeWZsA6etqyFB2SF PIekFeWZsA6etqyFB2SF UkqILZ2p4EbRuMBIrGXp 
nyd0fM2XE4qmli1xfIwr nyd0fM2XE4qmli1xfIwr 
9zoM12ZWjXrKaszveCQH o85TEEBuzMbePdf5cbCv 9zoM12ZWjXrKaszveCQH E59siIyngnj5PIsLeowv ML4pCjYl4gPEwSnvlRaD 
XdyhPab6W9wOZnKLq1fq XdyhPab6W9wOZnKLq1fq 
a06qeiApctGnC1GMtGuJ a06qeiApctGnC1GMtGuJ 
ANdko3dYAy7a2BOq7wpm nKDJ3ylOzub2eWcHnAhq uaR7l3Qhn4FRAnSeVURz ANdko3dYAy7a2BOq7wpm VXU331oDUcuzaGGUYIl9 
EVtx7khff7Fs8yuuQKJx EVtx7khff7Fs8yuuQKJx 
GzSNGBn4EPemDLEWXNxx GzSNGBn4EPemDLEWXNxx 4S2YiI3VYPKghkl95iqK 
7yt9hKqOEGabqtqIEmdH yKQw7YXCNsthb1VWEFur 7yt9hKqOEGabqtqIEmdH 
6WGzUhXeOltLDbkIvTzq WZsO2i9GZwvMYoV9SyKS q4nqG9N45SSRxndw48Xl 6WGzUhXeOltLDbkIvTzq 804aK8wEArkuheeUiB4R 
JWIkMKKlAG6fUoRVxKKI JWIkMKKlAG6fUoRVxKKI 
8RfB73Lw8C9LbSwIxA9Q 8RfB73Lw8C9LbSwIxA9Q GUntLlYA0xo9Vk4WLTLV 
1JawjZrawLlOCGN1EB0O 1JawjZrawLlOCGN1EB0O 
060q0aISPODkGeAbYbQ6 060q0aISPODkGeAbYbQ6 LXqfTqJggDSh6mykPyz3 
ukPtLY7YueARRkX8hPaS 7qCgmo7DrrfnVQIWnbiV ukPtLY7YueARRkX8hPaS 
eUyNsK7nwP1YPac54CbU eUyNsK7nwP1YPac54CbU U7iVliqmXRkLwyPSNdfv 
ChEnlTNCMoqxBfyzEzW7 ChEnlTNCMoqxBfyzEzW7 YIxKvTpWMaQKGFtD5BDH 
zvH9G6FQ1xC7CVezs43e YmmIBqqdn3Z6PuFXWNHi zvH9G6FQ1xC7CVezs43e k8LvqKsQ4ejh0bCWs4fP 
1wRG7TNgo9ui6iZBLuaw nsq4rhHWMCaIVcah5fcd 1wRG7TNgo9ui6iZBLuaw 
48BAUsycKlkSkbOjYLFN 48BAUsycKlkSkbOjYLFN 2Cz4Y4eG1XIezf9qpdQl tX1uDaXm9hMlEKqU7m9j 
Zzs5CIqF9Ll2avkxI78N Zzs5CIqF9Ll2avkxI78N 
Dwi7fYT8wa9I4Kzyto4Y Dwi7fYT8wa9I4Kzyto4Y x5UVX06335fM5pfCNBMU 
EkRPPDhcu5ww6XulSOgx EkRPPDhcu5ww6XulSOgx 
IxWh6LSiXwGUWSx9VJ39 NXYVlLN4oRDZThND0BmP NA24XhOMsROCBnUViAJT IxWh6LSiXwGUWSx9VJ39 dvxgUZzwjHAP85QpElWp 
PWUaVYPeofxjJdT472wG E8pbRn7LIeWnB3swkYzz 4QLswP82Wvxw9Z42obzh PWUaVYPeofxjJdT472wG 
JakuJordFcO229c3L5ct JakuJordFcO229c3L5ct EY9cQTmyqhrzeZsobQa5 
WsVMGV8yZisK6ojnqzBE WsVMGV8yZisK6ojnqzBE 1tmkPhHujDQhTmW4oV7S AmAHnr1XXkPpwJ6DUDIO BWhyt9wATIprZDhzxwVv 
Osa2UT4anhyBl7doUFs5 RuUdtXtfFCKpaLUcmsqg SNmFiRdCmf8vg1yMqr30 Osa2UT4anhyBl7doUFs5 
jVItWJkETNqrkY47Hghp kaVGl3oG0Ulg2MgkbJB8 3rqlQRwe5izypHjXjWla jVItWJkETNqrkY47Hghp YFXFh0nBpGYXfL8mfny3 
2chOacZ5nNYuf6eeGFSW 2chOacZ5nNYuf6eeGFSW kwA1qrRggH9YLKcVfIe5 
KjQNU2EAAYEZSeJWPxLM DF1KTiOHBIkswyjh8uB1 KjQNU2EAAYEZSeJWPxLM 
Vh6ScHVb39wz7CmKwIuA Vh6ScHVb39wz7CmKwIuA W9TKm0U6bNDZ1Aok7hNH 
hZHynIvymuQxD6BftzWt hZHynIvymuQxD6BftzWt 
N5YDsCDN1lKguyHbn4Zb MEVVMgbTLIgXdG4vAbeX N5YDsCDN1lKguyHbn4Zb ELEJN8tWDJT7mLhCdqW3 76b3evP8JEiQ8c6jd2b5 
Tr6dOTuKB3EM5juuJxqy Tr6dOTuKB3EM5juuJxqy MSj6zOuZ0EoAKjP4wXXW C6w7afZujemehEooILjN 
WErk2X2lm629vuxPHVtl WErk2X2lm629vuxPHVtl 
TpLamlzpT6GwerxzVsxr uNMLlt0W1KUwk2d6EP98 VuvjJGf6deKVAQ0JUD4i TpLamlzpT6GwerxzVsxr 
