7FWNmYu1sEzp7YpjhNM0 5yzYewNOjD4D1V8ZP8q1 A9DFzQyemv4Vrp2lXMgz 9l9bqgsSEgsSkszLK4O4 W2denTwXnWz4qrXL3aFw kgMLDXb5R3ORIfTilNFP LEf0huj6HzVDaAZAnsYH Hp324dioHwKLfiZ19twT g2g8WLVxe9HOQYy10Bok RIFDgOYLizqUpmzvNX0Y 6uJmr1C0tkMcbasOZ8YR IcKzxr7CcACAPE40T0L0 6uYVEZNStGwGBaOTSZJ3 1foAom0YUla8ad6rygWf B46pe0ii1rn1dcGCmje6 CdlE2FMHtE23wbpleKPr PyIlH9YicODghA6KwJUV lDAnOMVYOYXzMCtINEX8 qUHIoJ8btUij9h8nDU8R ZPdVSQmUt7J8A3Rehp7D goJftIzc5FBlw9j9PMfL scUa5QdkUC7khfk1TYEx pPWJrH430fABR0NcoPKV nAg8OEdqlYhSIX9nv2SQ uKBUiyynqpfTFP93OJ0w AzIG5crlJuxKgwAi8EiY 7FWNmYu1sEzp7YpjhNM0 
25
5yzYewNOjD4D1V8ZP8q1 5yzYewNOjD4D1V8ZP8q1 
A9DFzQyemv4Vrp2lXMgz A9DFzQyemv4Vrp2lXMgz 
9l9bqgsSEgsSkszLK4O4 9l9bqgsSEgsSkszLK4O4 
W2denTwXnWz4qrXL3aFw W2denTwXnWz4qrXL3aFw 
kgMLDXb5R3ORIfTilNFP kgMLDXb5R3ORIfTilNFP 
LEf0huj6HzVDaAZAnsYH LEf0huj6HzVDaAZAnsYH 
Hp324dioHwKLfiZ19twT Hp324dioHwKLfiZ19twT 
g2g8WLVxe9HOQYy10Bok g2g8WLVxe9HOQYy10Bok 
RIFDgOYLizqUpmzvNX0Y RIFDgOYLizqUpmzvNX0Y 
6uJmr1C0tkMcbasOZ8YR 6uJmr1C0tkMcbasOZ8YR 
IcKzxr7CcACAPE40T0L0 IcKzxr7CcACAPE40T0L0 
6uYVEZNStGwGBaOTSZJ3 6uYVEZNStGwGBaOTSZJ3 
1foAom0YUla8ad6rygWf 1foAom0YUla8ad6rygWf 
B46pe0ii1rn1dcGCmje6 B46pe0ii1rn1dcGCmje6 
CdlE2FMHtE23wbpleKPr CdlE2FMHtE23wbpleKPr 
PyIlH9YicODghA6KwJUV PyIlH9YicODghA6KwJUV 
lDAnOMVYOYXzMCtINEX8 lDAnOMVYOYXzMCtINEX8 
qUHIoJ8btUij9h8nDU8R qUHIoJ8btUij9h8nDU8R 
ZPdVSQmUt7J8A3Rehp7D ZPdVSQmUt7J8A3Rehp7D 
goJftIzc5FBlw9j9PMfL goJftIzc5FBlw9j9PMfL 
scUa5QdkUC7khfk1TYEx scUa5QdkUC7khfk1TYEx 
pPWJrH430fABR0NcoPKV pPWJrH430fABR0NcoPKV 
nAg8OEdqlYhSIX9nv2SQ nAg8OEdqlYhSIX9nv2SQ 
uKBUiyynqpfTFP93OJ0w uKBUiyynqpfTFP93OJ0w 
AzIG5crlJuxKgwAi8EiY AzIG5crlJuxKgwAi8EiY 
