xse rsg ckx gbd zud xnr xme fzi lwk txq qwk ocp fia qkp yug ljd nii rjv aeg ogh kcv qjf ils svk agh shb cun fbk bse nhi vzr wiy byu vvn nwn uuw kxn adx vlb gsy cek ego weo xse 
38
rsg nsw rsg 
ckx loj ckx zdb 
zud phg zud 
xnr khu nwc 
xme ikb fhv vwg xme 
fzi pvs fzi 
lwk nfr lwk 
txq lrj rtc txq 
qwk aii bdh hpx wbg 
ocp ocp 
fia lvm fia nmf 
qkp qdw nvz 
yug wyg yug 
ljd cma tdu pjf zkt tso gex ljd 
nii nii ukv 
rjv hmi rjv idv 
aeg vtd xeh aeg 
ogh ogh bod 
kcv uwo 
qjf krr tko qjf 
ils miy hcr jfh ils 
svk bda mti uau ptu svk 
agh nry bnl 
cun cun 
fbk fbk vmv kpp fjy 
bse nko 
nhi nhi 
vzr jgt vzr fyc 
wiy qbf wiy emz ksg 
byu byu ttw ruo qxs 
vvn vvn 
uuw uuw vmt 
kxn fin kxn 
adx adx dgl 
vlb mok fgp 
gsy xjt tlh 
cek ybr uok jam kfu 
ego cen ego 
