azv xie hyb dqy jwx yvc wpu yiy hip vfq ncc yfq ipq gcw cwq brw mtd eqa mis boc mpw cib ufa txp sau qzx uua rcw cvb vxn rfl uyd gfr uyd rov zuz lmh ivp hcc ryg jvc hlc hwc scm aur pzr hob wcd hob hsi ctf gei cim ijd ovx rti oqv azv 
50
azv azv 
xie xie 
hyb hyb 
dqy dqy 
jwx jwx 
yvc yvc 
yiy yiy 
hip hip 
vfq vfq 
ncc ncc 
yfq yfq 
ipq ipq 
gcw gcw 
cwq cwq 
brw brw 
mtd mtd 
eqa eqa 
mis mis 
boc boc 
mpw mpw 
cib cib 
ufa ufa 
sau sau 
qzx qzx 
uua uua 
rcw rcw 
vxn vxn 
rfl rfl 
uyd uyd 
gfr gfr 
rov rov 
zuz zuz 
lmh lmh 
ivp ivp 
hcc hcc 
jvc jvc 
hlc hlc 
hwc hwc 
scm scm 
aur aur 
pzr pzr 
wcd wcd 
hsi hsi 
ctf ctf 
gei gei 
cim cim 
ijd ijd 
ovx ovx 
rti rti 
oqv oqv 
