Encanto Old City Potrero Yurok All Richvale Kern Banning Clark Sherman Presidio Clayton Huron Jane Woffard Laguna Homestead Riverside Costa Cabbage Two Alpaugh Ames Vista Ramona Cherokee Vernon Cypress Bonita Campbell Quail Santa Encanto 
30
Encanto Encanto 
City Moccasin City 
Yurok Yurok 
All All Welden Chinese 
Richvale Richvale 
Kern Willow Beach Kern 
Banning Banning 
Sherman Sherman 
Presidio Presidio Glencoe 
Clayton Clayton 
Huron Delta McAuley 
Jane Jane Mount Los 
Woffard Woffard 
Laguna Laguna 
Homestead Homestead 
Riverside Foothills Riverside 
Costa Costa Smoke 
Cabbage Cabbage Warner 
Two Two 
Alpaugh Alpaugh 
Ames Ames 
Vista Vista Shafter 
Ramona Ramona 
Cherokee Cherokee Kentfield 
Vernon Vernon Woodbridge Garden Green 
Cypress Forest Elmira Cypress 
Bonita Bonita 
Campbell Granite Pumpkin 
Quail Quail 
Santa Santa 
