Vernon Anaheim Industrial Potrero Cabbage Sacramento Calaveras Smoke Lake Wallace Stockdale Robertsville Parchester Quail Terra Smith Bangor Santa Cudahy Rowland Civic Rowland Kaiser Crestmont Manker Tijuana Moores Bell Marshall Industry Marshall Clayton Grasslands Del Blue Bonny Donner Coddingtown Escalon Buena Yankee Escondido Fiorini Yurok Alamo Cambridge Pleasant Woody Mecca Bradley Bodad Richvale Le Winterhaven Brundage Capuchino Cressey Hammer Portola Vernon Helm Carmel Fox Chittenden Armstrong Antelope Timbuctoo Sulpizio Garcia Delta Veterans Forbestown Cypress South Balboa Fullerton Three Ritter Costa Sherman Saint California Beach Crestmont Louis Bakersfield Pacheco Temecula Cerro Glencoe Cerro Huron Rough Ramona Downtown Davenport All Garcia Collins Flinn Dulzura Roseland Presidio Strawberry Sunny Vernon 
98
Anaheim Anaheim 
Industrial Industrial 
Potrero Potrero 
Cabbage Cabbage 
Sacramento Sacramento 
Calaveras Calaveras 
Smoke Smoke 
Lake Lake 
Wallace Wallace 
Stockdale Stockdale 
Robertsville Robertsville 
Parchester Warner Parchester 
Quail Quail 
Terra Terra 
Smith Smith 
Bangor Bangor 
Santa Santa 
Cudahy Cudahy 
Rowland Rowland 
Civic Civic 
Kaiser Kaiser Hoffman 
Crestmont Crestmont 
Manker Manker 
Tijuana Tijuana 
Moores Moores 
Bell Bell 
Marshall Marshall 
Industry Industry 
Clayton Clayton 
Grasslands Grasslands 
Del Del 
Blue Blue 
Bonny Bonny 
Donner Donner 
Coddingtown Coddingtown 
Escalon Escalon 
Buena Buena 
Yankee Yankee 
Escondido Escondido 
Fiorini Fiorini 
Yurok Yurok 
Alamo Alamo 
Cambridge Cambridge 
Pleasant Pleasant 
Woody Woody 
Mecca Mecca 
Bradley Bradley 
Bodad Bodad 
Richvale Richvale 
Le Le 
Winterhaven Winterhaven 
Brundage Brundage 
Capuchino Capuchino 
Cressey Cressey 
Hammer Hammer 
Portola Portola 
Helm Helm 
Carmel Carmel 
Fox Fox 
Chittenden Chittenden 
Armstrong Armstrong 
Antelope Antelope 
Timbuctoo Timbuctoo 
Sulpizio Sulpizio 
Garcia Garcia 
Delta Delta 
Veterans Veterans 
Forbestown Forbestown 
Cypress Cypress 
South South 
Balboa Balboa 
Fullerton Fullerton 
Three Three 
Ritter Ritter 
Costa Costa 
Sherman Sherman 
Saint Saint 
California California 
Beach Beach 
Louis Louis 
Bakersfield Bakersfield 
Pacheco Pacheco 
Temecula Temecula 
Cerro Cerro 
Glencoe Glencoe 
Huron Huron 
Rough Rough 
Ramona Ramona 
Downtown Downtown 
Davenport Davenport 
All All 
Collins Collins 
Flinn Flinn 
Dulzura Dulzura 
Roseland Roseland 
Presidio Presidio 
Strawberry Strawberry 
Sunny Sunny 
