Potrero Hume Woffard Merced Banning Boulevard Laguna Ames Santa Warner Linden 18th Smoke Oceanside Chinese Fremont Ida Clayton Calaveras Ames Richvale Carmel Fiorini Balsdon 18th All Meyers Potrero 
25
Potrero Potrero 
Hume Hume 
Woffard Woffard 
Merced Merced 
Banning Banning 
Boulevard Boulevard 
Laguna Laguna 
Ames Ames 
Santa Santa 
Warner Warner 
Linden Linden 
18th 18th 
Smoke Smoke 
Oceanside Oceanside 
Chinese Chinese 
Fremont Fremont 
Ida Ida 
Clayton Clayton 
Calaveras Calaveras 
Richvale Richvale 
Carmel Carmel 
Fiorini Fiorini 
Balsdon Balsdon 
All All 
Meyers Meyers 
