loc0 loc51 loc15 loc158 loc25 loc7 loc5 loc129 loc11 loc75 loc27 loc131 loc163 loc93 loc99 loc95 loc67 loc17 loc47 loc58 loc169 loc71 loc140 loc1 loc133 loc137 loc159 loc141 loc33 loc181 loc61 loc85 loc69 loc79 loc151 loc161 loc48 loc81 loc115 loc0 
39
loc0 loc45 loc59 loc109 
loc51 loc51 loc77 loc87 loc145 
loc15 loc15 loc21 loc83 loc89 
loc158 loc63 loc189 
loc25 loc25 loc55 loc65 loc183 loc193 
loc7 loc7 loc119 loc149 
loc5 loc5 loc139 
loc129 loc37 loc43 loc105 loc129 loc165 loc175 loc195 
loc11 loc11 loc123 
loc75 loc75 loc127 
loc27 loc27 loc135 
loc131 loc13 loc107 loc131 loc143 loc179 
loc163 loc97 loc157 loc163 
loc93 loc29 loc73 loc93 
loc99 loc57 loc99 
loc95 loc95 loc153 loc155 
loc67 loc67 loc199 
loc17 loc9 loc17 loc101 
loc47 loc47 loc187 loc197 
loc58 loc113 loc147 
loc169 loc117 loc169 
loc71 loc71 
loc140 loc125 loc173 
loc1 loc1 loc121 loc171 
loc133 loc133 
loc137 loc137 loc167 
loc159 loc159 
loc141 loc19 loc49 loc141 
loc33 loc33 loc177 
loc181 loc181 loc191 
loc61 loc31 loc61 
loc85 loc85 loc91 
loc69 loc69 loc185 
loc79 loc79 loc103 
loc151 loc3 loc39 loc151 
loc161 loc41 loc161 
loc48 loc111 
loc81 loc23 loc53 loc81 
loc115 loc35 loc115 
