1 200 196 197 193 192 188 189 185 184 180 181 177 176 172 173 169 168 164 165 161 160 156 157 153 152 148 149 145 144 140 141 137 136 132 133 129 128 124 125 121 120 116 117 113 112 108 109 105 104 100 101 97 96 92 93 89 88 84 85 81 80 76 77 73 72 68 69 65 64 60 61 57 56 52 53 49 48 44 45 41 40 36 37 33 32 28 29 25 24 20 21 17 16 12 13 9 8 4 5 1 
100
1 2 
200 199 
196 196 
197 197 
193 194 
192 191 
188 188 
189 189 
185 186 
184 183 
180 180 
181 181 
177 178 
176 175 
172 172 
173 173 
169 170 
168 167 
164 164 
165 165 
161 162 
160 159 
156 156 
157 157 
153 154 
152 151 
148 148 
149 149 
145 146 
144 143 
140 140 
141 141 
137 138 
136 135 
132 132 
133 133 
129 130 
128 127 
124 124 
125 125 
121 122 
120 119 
116 116 
117 117 
113 114 
112 111 
108 108 
109 109 
105 106 
104 103 
100 100 
101 101 
97 98 
96 95 
92 92 
93 93 
89 90 
88 87 
84 84 
85 85 
81 82 
80 79 
76 76 
77 77 
73 74 
72 71 
68 68 
69 69 
65 66 
64 63 
60 60 
61 61 
57 58 
56 55 
52 52 
53 53 
49 50 
48 47 
44 44 
45 45 
41 42 
40 39 
36 36 
37 37 
33 34 
32 31 
28 28 
29 29 
25 26 
24 23 
20 20 
21 21 
17 18 
16 15 
12 12 
13 13 
9 10 
8 7 
4 4 
5 5 
