Soda Doe UniversityVillage HildebrandHall Gilman HildebrandHall CaliforniaHall Barrows Unit3 Campbell GiauqueHall AlumniHouse InternationalHouse MemorialStadium LawrenceHall GreekTheatre Doe Soda LeConte Etcheverry Unit2 BancroftLibrary Unit2 DurantHall Blackwell Unit1 SouthHall DavisHall Stern DavisHall Moffit DavisHall Wheeler LeConte Foothill HavilandHall Dwinelle HearstMining BotanicalGardens Evans BAMPFA Evans Campanile BerkeleyWayWest Soda 
25
Doe Doe 
UniversityVillage Bowles 
Gilman Gilman 
CaliforniaHall CaliforniaHall 
Unit3 Unit3 
Campbell Campbell 
InternationalHouse InternationalHouse 
LawrenceHall LawrenceHall 
GreekTheatre GreekTheatre 
LeConte LeConte 
Unit2 Unit2 
BancroftLibrary BancroftLibrary 
DurantHall DurantHall 
Unit1 Unit1 
SouthHall SouthHall 
Stern Stern 
Moffit Moffit 
Wheeler Wheeler 
Foothill Foothill 
Dwinelle Dwinelle 
HearstMining HearstMining 
Evans Evans 
BAMPFA BAMPFA 
Campanile Campanile 
BerkeleyWayWest BerkeleyWayWest 
