Evans WursterHall Campbell Unit3 Bowles HilgardHall AshaTeaHouse ImmThai AlumniHouse BerkeleyWayWest Yifang UniversityVillage HortonHall LeConte HortonHall Barrows Unit2 Barrows KroeberHall Bowles ZellerbachHall Cornerstone BancroftLibrary HavilandHall HappyLemon Moffit SouthHall Milkbomb MemorialGlade StrawberryCreek Plentea LatimerHall MLK Dwinelle ThaiNoodle Marugame GreekTheatre Marugame Gilman Marugame Campanile Cornerstone Firewings CaliforniaHall Firewings RSF Underhill Foothill Artichokes Evans 
33
Evans Cory 
Campbell DurantHall Campbell Eshelman 
Unit3 Unit3 Boalt 
Bowles Bowles 
HilgardHall HilgardHall 
AlumniHouse AlumniHouse 
BerkeleyWayWest BerkeleyWayWest 
Yifang Wheeler 
UniversityVillage UniversityVillage 
HortonHall MemorialStadium 
LeConte LeConte 
Barrows Barrows 
Unit2 Stern Unit2 
KroeberHall Etcheverry 
ZellerbachHall ZellerbachHall 
BancroftLibrary BancroftLibrary 
HavilandHall VLSB HavilandHall 
HappyLemon LawrenceHall 
Moffit Moffit 
SouthHall SouthHall HesseHall 
MemorialGlade Kresge 
StrawberryCreek HearstMining 
Plentea Doe Soda SutardjaDai 
MLK MLK HildebrandHall 
Dwinelle Dwinelle 
ThaiNoodle ThaiNoodle DavisHall 
GreekTheatre GreekTheatre CanyonPool GiauqueHall 
Gilman Gilman BotanicalGardens 
Campanile Campanile 
CaliforniaHall CaliforniaHall InternationalHouse 
RSF RSF 
Underhill Blackwell 
Foothill BAMPFA Unit1 Foothill HAAS 
