Ippudo Platano Soda HildebrandHall NatApartment BetaLounge Ikes Fengcha HavilandHall Evans Spats Gather TraderJoes YogurtPark OptometryBuilding YogurtPark LaVals Target LaVals YogurtPark GreatChina SatherGate GreatChina YogurtPark Ucha SouthHall Crossroads LiKaShing BanshoRamen Raretea InternationalHouse BobbyGPizza Marugame Gadani HalalGuys LittleBird Fengcha UniversityVillage TToust BobaNinja TennisCourts StrawberryCreek Morganhall Jupiter TopDog Firewings Quicklys BerkeleyArtStudio SaturnCafe HeatCafe BerkeleyThaiHouse Safeway Barrows BerkeleyBart HappyLemon BerkeleyBart BigC BerkeleyBart HappyLemon BerkeleyWayWest Artichokes SnackShack AmoebaMusic LeConte Wikiwiki NoodleGirl Teazone NoodleGirl MSRI NorthHall DavisHall TukTukThai BSC ClarkKerr Plentea ClarkKerr DollarTree TripleRock Cinnaholic Slivers Cinnaholic HortonHall Stern BerkeleyHigh Toss LaNote Homeroom Underhill SteamTrains KroeberHall SteamTrains BotanicalGardens Milkbomb Foothill Kips HesseHall ThaiBasil SuperDuperBurgers Pappys HearstAnnex McDonalds Morrisonhall McDonalds HearstAnnex Bowles SmokesPoutinerie TheDwight SmokesPoutinerie LewisHall Cafe3 LeConte Campanile ChezPanisse Campanile Cornerstone UrbanOutfitters AndrewsApartment Flavia PurpleKow PeoplesCafe PurpleKow Flavia AndrewsApartment Flavia HearstMining Campbell EastAsianLibrary Gypsys Platano Ippudo 
76
Platano Platano 
NatApartment Rachas 
BetaLounge BetaLounge 
Ikes Gongcha Ikes Eureka 
Fengcha Fengcha 
HavilandHall Bonchon 
Spats Spats WursterHall 
Gather Gather 
TraderJoes TraderJoes 
OptometryBuilding OptometryBuilding LaBurrita 
Target Target 
GreatChina GreatChina 
SatherGate SatherGate 
Ucha Ucha 
Crossroads Crossroads 
BanshoRamen BanshoRamen 
Raretea Raretea 
BobbyGPizza ImmThai 
Marugame Marugame 
Gadani Gadani 
HalalGuys HalalGuys 
BobaNinja BobaNinja 
TennisCourts TPTea Cheeseboard 
StrawberryCreek StrawberryCreek 
Morganhall Morganhall 
Jupiter LatimerHall Jupiter 
TopDog TopDog 
Firewings Firewings 
Quicklys Quicklys 
BerkeleyArtStudio Mezzo BerkeleyArtStudio 
SaturnCafe SaturnCafe 
Safeway Safeway 
BerkeleyBart SproulHall 
HappyLemon HappyLemon 
BigC BigC TenderGreens 
Artichokes Artichokes LowerSproul 
SnackShack SnackShack 
AmoebaMusic AmoebaMusic 
Wikiwiki Wikiwiki 
Teazone Teazone 
NorthHall NorthHall Yifang 
TukTukThai TukTukThai Venus 
BSC BSC 
ClarkKerr ClarkKerr 
Plentea Plentea PokeBar 
TripleRock TripleRock 
Slivers Slivers 
HortonHall HortonHall Shengkee 
LaNote TacoBell ExtremePizza LaNote 
Homeroom TheHabit Homeroom 
Underhill Underhill 
SteamTrains JambaJuice 
KroeberHall KroeberHall 
Milkbomb Milkbomb 
Kips Kips Muraccis 
HesseHall EastBaySpiceCompany 
ThaiBasil MulfordHall ThaiBasil 
SuperDuperBurgers SuperDuperBurgers 
Pappys Pappys 
McDonalds McDonalds 
Morrisonhall Morrisonhall 
Bowles AshaTeaHouse Namaste 
SmokesPoutinerie SmokesPoutinerie 
TheDwight TheDwight 
LewisHall LewisHall 
Cafe3 Cafe3 ThaiNoodle 
ChezPanisse ChezPanisse 
Cornerstone Cornerstone 
UrbanOutfitters UrbanOutfitters 
AndrewsApartment Wheeler GrizzlyPeak AndrewsApartment 
Flavia UCafe 
PeoplesCafe PeoplesCafe SweetheartCafe 
HearstMining Chipotle 
Campbell MemorialGlade 
EastAsianLibrary EastAsianLibrary LittleCampanile 
Gypsys Gypsys 
