Loc76 Loc94 Loc26 Loc8 Loc17 Loc3 Loc46 Loc74 Loc75 Loc47 Loc17 Loc28 Loc65 Loc72 Loc2 Loc22 Loc63 Loc4 Loc45 Loc39 Loc10 Loc0 Loc31 Loc52 Loc14 Loc60 Loc34 Loc59 Loc6 Loc69 Loc70 Loc0 Loc24 Loc73 Loc44 Loc55 Loc67 Loc38 Loc66 Loc41 Loc57 Loc5 Loc53 Loc12 Loc17 Loc13 Loc40 Loc11 Loc51 Loc25 Loc42 Loc30 Loc54 Loc68 Loc35 Loc29 Loc37 Loc62 Loc50 Loc19 Loc36 Loc33 Loc23 Loc56 Loc27 Loc71 Loc16 Loc18 Loc1 Loc90 Loc15 Loc49 Loc21 Loc20 Loc7 Loc58 Loc48 Loc9 Loc61 Loc32 Loc76 
77
Loc76 Loc76 Loc80 
Loc94 Loc94 
Loc26 Loc26 
Loc8 Loc8 
Loc17 Loc17 
Loc3 Loc3 
Loc46 Loc46 Loc87 
Loc74 Loc74 
Loc75 Loc75 
Loc47 Loc47 Loc77 
Loc28 Loc28 Loc96 
Loc65 Loc65 
Loc72 Loc72 
Loc2 Loc2 
Loc22 Loc22 
Loc63 Loc63 Loc84 
Loc4 Loc4 
Loc45 Loc45 
Loc39 Loc39 Loc86 
Loc10 Loc10 Loc89 
Loc0 Loc0 
Loc31 Loc31 
Loc52 Loc52 Loc83 
Loc14 Loc14 
Loc60 Loc60 Loc91 
Loc34 Loc34 
Loc59 Loc59 Loc98 
Loc6 Loc6 
Loc69 Loc69 
Loc70 Loc70 
Loc24 Loc24 Loc64 
Loc73 Loc73 
Loc44 Loc44 
Loc55 Loc55 
Loc67 Loc67 
Loc38 Loc38 
Loc66 Loc66 
Loc41 Loc41 
Loc57 Loc57 Loc93 
Loc5 Loc5 Loc79 
Loc53 Loc53 
Loc12 Loc12 
Loc13 Loc13 Loc85 
Loc40 Loc40 Loc95 
Loc11 Loc11 
Loc51 Loc51 
Loc25 Loc25 
Loc42 Loc42 
Loc30 Loc30 
Loc54 Loc54 
Loc68 Loc68 
Loc35 Loc35 
Loc29 Loc29 Loc82 
Loc37 Loc37 
Loc62 Loc62 
Loc50 Loc43 Loc50 
Loc19 Loc19 Loc99 
Loc36 Loc36 
Loc33 Loc33 Loc78 
Loc23 Loc23 
Loc56 Loc56 
Loc27 Loc27 
Loc71 Loc71 
Loc16 Loc16 
Loc18 Loc18 Loc81 Loc92 
Loc1 Loc1 
Loc90 Loc88 Loc90 
Loc15 Loc15 
Loc49 Loc49 Loc97 
Loc21 Loc21 
Loc20 Loc20 
Loc7 Loc7 
Loc58 Loc58 
Loc48 Loc48 
Loc9 Loc9 
Loc61 Loc61 
Loc32 Loc32 
