Horse0 Floppy64 Breakfast19 Horse55 Towel28 Solar58 Allergies3 Towel35 Running77 Water52 Cat13 Water52 Towel16 Soda57 Post61 Comics49 Dislike51 Bird82 Whale22 Shelf25 Website29 Prints23 Ice30 Allergies4 Floppy63 Ice10 Book41 Rollers48 Websites81 Water83 Dislike70 Towel37 Leash89 Ice38 Male84 Leash68 Bird93 Water66 BBQ86 Monster71 Monster39 Leash27 Kitty14 Leash89 Websites17 Rollers34 Shower15 Settings5 Robot9 Mail88 Printer53 Shower11 Whale59 Ring45 Breakfast74 Horse0 
46
Horse0 Horse0 
Breakfast19 Breakfast19 
Horse55 Horse55 
Solar58 Solar58 
Allergies3 Flowers98 Allergies3 
Towel35 Towel35 
Running77 Running77 Ring97 
Water52 Water52 
Cat13 Cat13 
Towel16 Towel16 
Soda57 Soda57 
Post61 Post61 
Comics49 Comics49 
Dislike51 Plus62 Dislike51 
Bird82 Bird82 
Whale22 Whale22 
Shelf25 Shelf25 
Prints23 Prints23 
Ice30 Ice30 
Allergies4 Allergies4 
Floppy63 Floppy63 
Ice10 Ice10 
Book41 Book41 
Rollers48 Rollers48 
Websites81 Websites81 
Towel37 Towel37 
Ice38 Ice38 
Male84 Male84 
Leash68 Leash68 
Bird93 Toilet20 Bird93 
Water66 Water66 
BBQ86 BBQ86 
Monster71 Monster71 
Monster39 Monster39 
Kitty14 Kitty14 
Websites17 Websites17 
Rollers34 Rollers34 
Shower15 Shower15 
Settings5 Settings5 
Robot9 Robot9 
Mail88 Mail88 
Printer53 Printer53 
Shower11 Shower11 
Whale59 Whale59 
Ring45 Ring45 
Breakfast74 Breakfast74 
