Shower0 YouTube4 Websites24 Nuclear43 Crab16 Website21 Soap14 Ring33 Soap14 Website21 Soda18 Prints46 Allergies7 Sink37 Android27 Puppy28 Boat48 Cone13 Boat48 Puppy28 Monster32 Elevator35 Laptop22 Puppy19 Websites24 YouTube4 Ice30 Toilet45 BBQ38 Plants3 Prints25 Toilet26 Mail41 Light1 Cat44 Ice42 BBQ36 Fence29 Robot49 Shower0 
25
YouTube4 YouTube4 
Nuclear43 Nuclear43 
Crab16 Crab16 
Ring33 Ring33 
Soda18 Soda18 
Allergies7 Allergies7 
Sink37 Sink37 
Android27 Android27 
Cone13 Cone13 
Monster32 Monster32 
Elevator35 Elevator35 
Laptop22 Laptop22 
Puppy19 Puppy19 
Ice30 Ice30 
Toilet45 Toilet45 
BBQ38 BBQ38 
Plants3 Plants3 
Prints25 Prints25 
Toilet26 Toilet26 
Mail41 Mail41 
Light1 Light1 
Cat44 Cat44 
Ice42 Ice42 
BBQ36 BBQ36 
Robot49 Robot49 
