Shelf0 Whale137 Ring169 Toolbox146 Monster73 Drugs184 Toilet13 Cat163 Allergies103 Mail22 Male149 Urine124 Whale114 Robot164 Comics107 Nuclear65 Poop76 Mail6 Body55 Clock2 Ice165 Water38 Ice165 Puppy117 Horse148 Kitty89 System183 Crab81 Nuclear35 Rollers14 BBQ36 Urine20 BBQ36 Solar71 Breakfast85 Fusion104 Poop80 Websites94 Fusion34 Plants118 Hnads182 Plus78 Hnads182 Robot51 Urine97 Ice50 Settings75 Sink109 Monster175 Towel92 Dog168 Android196 Book171 Comics28 Light30 Solar130 Nuclear18 Toolbox72 Solar159 System156 Soap53 Poop150 Leash77 Allergies88 Clock139 Websites4 Soap64 Crab83 Robot93 Ice9 Solar162 Kitty194 Solar162 Website190 Water135 Rollers95 Kitty98 Laptop125 Water29 Solar192 Soda119 Cat15 Drugs195 System79 Hnads116 Drugs39 Running177 Dislike143 Allergies176 Dislike143 Towel154 Boat67 Shoe174 Elevator115 Dog181 Toilet191 Soap58 Shoes8 Dislike12 Shoe17 Shelf40 Ice41 Laptop19 Ice41 Book24 Dislike27 Soda197 Dislike27 Flowers178 Shower57 Sink109 Shower47 Sink109 Printer188 Cat187 Whale31 Clock61 Whale126 Post158 Ring82 Mail22 Puppy140 Toolbox153 Shelf0 
100
Shelf0 Shelf0 
Whale137 Whale137 
Ring169 Ring169 
Toolbox146 Toolbox146 
Monster73 Monster73 
Toilet13 Toilet13 
Allergies103 Allergies103 
Mail22 Mail22 
Male149 Male149 
Urine124 Urine124 
Whale114 Whale114 
Robot164 Robot164 
Comics107 Comics107 
Poop76 Poop76 
Mail6 Mail6 
Body55 Body55 
Clock2 Clock2 
Ice165 Ice165 
Water38 Water38 
Puppy117 Puppy117 
Horse148 Horse148 
Kitty89 Kitty89 
System183 System183 
Nuclear35 Nuclear35 
Rollers14 Rollers14 
BBQ36 BBQ36 
Urine20 Urine20 
Solar71 Solar71 
Breakfast85 Breakfast85 
Fusion104 Fusion104 
Poop80 Poop80 
Fusion34 Fusion34 
Plants118 Plants118 
Hnads182 Hnads182 
Plus78 Plus78 
Robot51 Robot51 
Urine97 Urine97 
Settings75 Settings75 
Sink109 Sink109 
Monster175 Monster175 
Towel92 Towel92 
Dog168 Dog168 
Android196 Android196 
Book171 Book171 
Light30 Light30 
Solar130 Solar130 
Nuclear18 Nuclear18 
Toolbox72 Toolbox72 
System156 System156 
Poop150 Poop150 
Leash77 Leash77 
Allergies88 Allergies88 
Clock139 Clock139 
Websites4 Websites4 
Soap64 Soap64 
Crab83 Crab83 
Robot93 Robot93 
Ice9 Ice9 
Solar162 Solar162 
Kitty194 Kitty194 
Website190 Website190 
Water135 Water135 
Rollers95 Rollers95 
Kitty98 Kitty98 
Laptop125 Laptop125 
Water29 Water29 
Solar192 Solar192 
Soda119 Soda119 
Cat15 Cat15 
Drugs195 Drugs195 
System79 System79 
Hnads116 Hnads116 
Drugs39 Drugs39 
Dislike143 Dislike143 
Allergies176 Allergies176 
Towel154 Towel154 
Boat67 Boat67 
Shoe174 Shoe174 
Dog181 Dog181 
Soap58 Soap58 
Shoes8 Shoes8 
Dislike12 Dislike12 
Shoe17 Shoe17 
Shelf40 Shelf40 
Ice41 Ice41 
Laptop19 Laptop19 
Book24 Book24 
Dislike27 Dislike27 
Soda197 Soda197 
Flowers178 Flowers178 
Shower57 Shower57 
Shower47 Shower47 
Printer188 Printer188 
Cat187 Cat187 
Clock61 Clock61 
Whale126 Whale126 
Post158 Post158 
Ring82 Ring82 
Puppy140 Puppy140 
Toolbox153 Toolbox153 
