S B C 4 M 6 Z 5 Y 15 20 W2 72 129 58 M3 58 P3 F3 E3 127 Q3 Q Q3 127 E3 J3 O3 77 G3 95 L3 91 H3 96 114 118 119 120 121 R3 T3 104 I3 D3 X3 Y3 X3 W3 80 79 V3 N3 U3 130 73 X2 R Q2 L2 G2 B2 C2 D2 E2 F2 K2 P2 V2 49 53 A2 53 B3 A3 U2 O2 J2 I2 N2 T2 48 Z2 R2 M2 H2 C2 B2 I 1 V N U D C B P 8 T 10 H 10 T 8 P F K 2 X 3 L 3 G W O J E A S 
71
B B 
C C 
M M 
Z Z 
Y Y 
W2 W2 
M3 M3 
P3 P3 
F3 F3 K3 
E3 E3 
Q3 Q3 
Q Q 
J3 J3 
O3 O3 
G3 G3 
L3 L3 
H3 H3 
R3 R3 
T3 T3 
I3 I3 
D3 D3 
X3 X3 
Y3 Y3 
W3 C3 W3 
V3 V3 
N3 N3 
U3 U3 
X2 X2 
R R 
Q2 Q2 Y2 
L2 L2 
G2 G2 
B2 B2 
C2 C2 
D2 D2 
E2 E2 
F2 F2 
K2 K2 
P2 P2 
V2 V2 
A2 A2 
B3 B3 
A3 A3 
U2 U2 
O2 O2 
J2 J2 
I2 I2 
N2 N2 
T2 T2 
Z2 Z2 Z3 
R2 R2 
M2 M2 
H2 H2 
I I 
V V 
N N 
U U 
D D 
P P 
T T 
H H 
F F 
K K 
X X 
L L 
G G 
W W 
O O 
J J 
E E 
A A 
