0 146 51 28 133 5 148 56 36 12 72 143 157 161 162 163 164 165 166 167 168 169 170 171 172 173 174 175 176 177 178 179 180 181 182 183 184 185 186 187 186 185 184 183 182 181 180 179 178 177 176 175 174 173 172 171 170 169 168 167 166 165 164 163 162 161 34 31 24 129 67 61 102 2 151 44 140 83 153 69 188 189 190 191 192 193 194 195 196 197 198 199 198 197 196 195 194 193 192 191 190 189 188 69 94 60 118 101 3 145 142 62 3 107 112 13 124 121 53 65 95 80 77 66 68 155 47 35 59 135 73 7 19 54 86 122 22 43 120 0 
98
146 146 
51 51 159 
28 28 
133 133 
5 5 160 
148 148 
56 56 
36 36 
12 12 
72 72 
143 143 
157 157 
162 162 
163 163 
164 164 
165 165 
166 166 
167 167 
168 168 
169 169 
170 170 
171 171 
172 172 
173 173 
174 174 
175 175 
176 176 
177 177 
178 178 
179 179 
180 180 
181 181 
182 182 
183 183 
184 184 
185 185 
186 186 
187 187 
34 34 
31 31 
24 24 
129 129 
67 67 
61 61 
102 102 
2 2 
151 151 
44 44 
140 140 
83 83 
153 153 
69 69 
188 188 
189 189 
190 190 
191 191 
192 192 
193 193 
194 194 
195 195 
196 196 
197 197 
198 198 
199 199 
94 94 
60 60 
118 118 
101 101 
3 3 
145 145 
142 142 
62 62 
107 107 
112 112 
13 13 
124 124 
121 121 
53 53 
65 65 
95 95 
80 80 
77 77 
66 66 
68 68 
155 155 
47 47 
35 35 
59 59 
135 135 
73 73 
7 7 
19 19 
54 54 
86 86 
122 122 
22 22 
43 43 
120 120 
