0 85 86 87 88 89 90 91 92 93 94 95 96 97 98 99 98 97 96 95 94 93 92 91 90 89 88 87 86 85 53 8 52 72 12 51 45 18 80 38 3 58 50 0 59 66 15 48 78 14 9 82 71 29 28 67 49 15 19 20 43 76 35 39 62 32 16 54 0 
49
0 0 
86 86 
87 87 
88 88 
89 89 
90 90 
91 91 
92 92 
93 93 
94 94 
95 95 
96 96 
97 97 
98 98 
99 99 
53 53 84 
8 8 
52 52 
72 72 
12 12 
51 51 
45 45 
18 18 
80 80 
38 38 
58 58 
50 50 
59 59 
66 66 
15 15 
48 48 
78 78 
14 14 
9 9 
82 82 
71 71 
29 29 
28 28 
67 67 
49 49 
19 19 
20 20 
43 43 
76 76 
35 35 
39 39 
62 62 
16 16 
54 54 
