hutmk omjfc dowbf yaxts ablxw rlfxc lnfiu aeomh csirk kwgic vmgxh ugyls yzaje lcghr tiyfv zsehb tyuep cursl xnysi coubd xintv oscrv mlfbi lsnhz misyc ijvuq ywion bcrwj otirh yiodb urlkt hopbn qdzgs mzlsn spuoi vczkh axmwy aqzce tejxc hutmk 
36
omjfc omjfc 
dowbf dowbf 
yaxts yaxts 
ablxw ablxw 
rlfxc rlfxc 
lnfiu lnfiu 
aeomh aeomh 
kwgic gxdqt 
vmgxh vmgxh 
ugyls ugyls 
yzaje yzaje 
lcghr lcghr 
zsehb zsehb 
tyuep tyuep 
cursl cursl 
xnysi xnysi 
coubd coubd 
xintv xintv 
oscrv oscrv 
mlfbi mlfbi 
lsnhz lsnhz 
misyc xeljy misyc 
ijvuq ijvuq 
ywion ywion ijofp 
bcrwj bcrwj 
otirh otirh 
yiodb yiodb 
urlkt urlkt 
hopbn hopbn 
qdzgs qdzgs 
mzlsn mzlsn artvi 
spuoi spuoi 
vczkh vczkh ugamb 
axmwy axmwy 
aqzce aqzce 
tejxc tejxc 
