hdpxs cihba wnelr rchbw amfiz frhgc lmwpk cqsby ahnds xnpwq iyuas dkjro sxdiu hwmzn nqtru rlumh mlibf rlumh vgwoi bwknx wotiq uiogl qckjp zqjxb jhlus ymcfp yazqf dbjxw glrpy yqtob ebwcp bdevm ehqyk yqfdk ypdnb rzvtg oxuqn mhuad tjake oewcd cxdes stflc pgqva yvbse lpudv gdnim tkwle gufvs mhekz syoxv qbdwz wajol hgzbc wkbuf qpbmc mujil pihld xcvow jcwpu xlrzc drojn vobqh qhvsb wcjeg gdovn oaeyh evtgj dncuw oxitr hdpxs 
64
cihba cihba osxbc 
wnelr bsvth wnelr 
rchbw rchbw 
amfiz amfiz 
frhgc frhgc htkwy vcwfj 
lmwpk lmwpk 
cqsby cqsby 
ahnds ahnds 
xnpwq xnpwq 
iyuas iyuas 
dkjro ohzfn dkjro 
sxdiu sxdiu 
hwmzn hwmzn 
nqtru tmwdy nqtru 
rlumh rlumh 
mlibf mlibf 
vgwoi vgwoi 
bwknx bwknx 
wotiq wotiq 
uiogl uiogl ktzce 
qckjp rjuxc qckjp wdquv 
zqjxb uklga zqjxb 
jhlus jhlus 
ymcfp lnjxt ymcfp 
yazqf yazqf 
dbjxw dbjxw 
yqtob yqtob 
ebwcp ebwcp 
bdevm bdevm 
ehqyk pytwh ehqyk gstwp 
yqfdk yqfdk zcjqx 
ypdnb fjdqi ypdnb 
rzvtg ayrgb rzvtg 
oxuqn oxuqn 
mhuad mhuad 
tjake tjake 
oewcd osvgp oewcd 
cxdes cxdes 
stflc stflc syoxf 
pgqva pgqva 
yvbse yvbse 
lpudv lpudv evsbm 
gdnim gdnim 
tkwle armnk btwzv bkfuc tkwle 
gufvs gufvs 
mhekz mhekz 
syoxv syoxv 
qbdwz maqho qbdwz 
wajol wajol 
wkbuf kjihy wkbuf 
qpbmc qpbmc 
mujil mujil kzwah 
pihld aedvq pihld 
xcvow xcvow 
jcwpu jcwpu joztf kscoz 
xlrzc xlrzc 
drojn drojn 
vobqh vobqh 
qhvsb qhvsb 
wcjeg tndwl zntkr qsmkj wcjeg 
gdovn utdhx gdovn 
oaeyh mtcsd rjdai oaeyh 
evtgj qhibx evtgj cxajk 
oxitr oxitr 
