Hayward SantaClara Hayward Asheville CedarRapids Burbank Newark McHenry PalmBay Tucson Aurora NewBedford York NewYorkCity Kennewick Hickory HuntingtonBeach Hickory Trenton Downey Carrollton Winston Murrieta Tampa Murrieta Winston Hickory Charlotte RichmondCounty Hampton RichmondCounty Harlingen Waco Corona Deltona Durham Asheville ThousandOaks Montgomery Topeka Omaha PuntaGorda Kennewick Barnstable Medford GulfportBiloxi Yonkers Waterloo Durham Asheville Hayward 
33
SantaClara SantaClara 
Asheville Asheville 
CedarRapids CedarRapids 
Burbank Burbank Danbury Chicago 
Newark Newark 
McHenry McHenry Springdale Torrance 
PalmBay PalmBay 
Tucson Tucson McAllen LakeCharles Bradenton Huntsville 
Aurora Aurora Bakersfield 
NewBedford NewBedford 
York BelAir Monroe York 
NewYorkCity NewYorkCity 
Kennewick Kennewick 
Hickory Tyler Hickory 
HuntingtonBeach HuntingtonBeach 
Downey Downey GrandRapids Atlanta 
Winston Memphis 
Tampa Tampa 
Charlotte Charlotte 
RichmondCounty RichmondCounty 
Hampton Modesto Hampton 
Harlingen Harlingen 
Waco Waco 
Deltona Deltona 
Durham Durham Bloomington 
ThousandOaks ThousandOaks 
Montgomery SantaCruz 
Topeka Topeka 
Omaha Omaha 
PuntaGorda PuntaGorda SaintPaul 
Barnstable Barnstable 
Yonkers Yonkers 
Waterloo Waterloo 
