1efe0a 390b11 c845ed efb6f6 6d606b 6d8fd3 aeb965 e17800 c0df7c 444f08 d1ae8e ab3e86 bf356c 63e726 bd00fb 9e3235 ab6081 e758e6 525361 1c3716 ae5d4a 98b7f9 d4f94d fc6ab6 770b7a 9b8a2b d36b6f 1efe0a 
27
1efe0a 8035d3 
390b11 390b11 8903f8 
c845ed de59c9 b9fcab c845ed 
efb6f6 ccf3af efb6f6 
6d606b 6d606b 
6d8fd3 1aedf0 909532 6d8fd3 bb4650 e99176 5b1cb0 
aeb965 75b2ff 22b74c ff448b 
e17800 e17800 
c0df7c c0df7c 
444f08 444f08 
d1ae8e a3ccd4 d1ae8e 
ab3e86 363906 
bf356c bf356c 
63e726 640320 
bd00fb bd00fb 3c1987 
9e3235 9e3235 20ec85 518f91 
ab6081 ab6081 bf7494 
e758e6 e758e6 940b78 
525361 525361 
1c3716 1c3716 ef9cce 
ae5d4a ae5d4a 
98b7f9 98b7f9 
d4f94d d4f94d 83454a 
fc6ab6 22f6f5 fc6ab6 
770b7a 194181 770b7a 
9b8a2b 76bb8e a4f7ab 
d36b6f 444533 d36b6f 
