7f5b7c 22ad29 3df71a 2b057c a314be 70482f 293f59 ce509a d9351e c013df dd5707 e45544 957ec9 14c5c6 4188fa a51200 e8c504 a85abe 3292c4 9f9c4d cf04cd f5615a bc8350 36cc15 a08830 4749d0 2f9755 536b21 4c44ba a3eeb9 463589 d83335 853e4b a3eab6 b535fa dfba28 ef8230 97fa28 974c48 1e408a f742a0 578691 d7abb3 a40dde 1aa96e 7f5b7c 
43
7f5b7c 7f5b7c 2ffab6 
22ad29 10f84c a1b647 6281fb 22ad29 
3df71a 3df71a 
2b057c 2b057c 
a314be a314be 8c6c80 4459c3 3fc5b0 
70482f 9c5717 70482f 
293f59 293f59 d5f5c5 
ce509a 32669e 11021c ce509a 
d9351e d9351e 86af3a d9abe3 a21b15 
c013df b2fa06 b04992 
dd5707 4e5c32 dd5707 a6d0cb 
e45544 537a83 e45544 
957ec9 957ec9 2e6ab4 
14c5c6 3dc79c 14c5c6 
4188fa 6d23c4 4188fa 
a51200 a51200 
e8c504 e8c504 541622 9b10ed 
a85abe a85abe 6ced94 98bf31 
3292c4 3292c4 
cf04cd cf04cd 
f5615a 358d70 a670a6 f5615a e60044 
bc8350 1c61d3 bc8350 e2665a 
36cc15 36cc15 e52589 d12aea 
a08830 2193d2 3b9bcd a08830 
4749d0 20427f 73865c 4749d0 
2f9755 99ac94 2f9755 18ff59 
536b21 536b21 e78120 4eb2aa 645a0c 19246a 
4c44ba 4c44ba e0f7dc 
a3eeb9 a3eeb9 
463589 9fdbc5 
d83335 626470 e0f00d d83335 
853e4b 853e4b f88a12 
a3eab6 a3eab6 
b535fa ff603d fece60 b535fa 
dfba28 89bc09 2c8bdc dfba28 fd25f7 
ef8230 ef8230 852215 
97fa28 97fa28 
974c48 974c48 
1e408a 1e408a f4756e 
f742a0 b9c2f4 f742a0 
578691 d597c1 578691 
a40dde 73dd80 a40dde 
1aa96e 1aa96e f045e7 
