3efbbd 2b7733 3efbbd fc6ab6 8037ff ef9cce c1e4b0 ff448b bf7494 909532 e17800 bf7494 98b7f9 d36b6f 1e3f90 8216e5 9e3235 525361 390b11 9fb27b aeb965 9fb27b 526e97 bfdfca de59c9 70d79e 2a53b1 a3ccd4 d1ae8e 1aef1d 3efbbd 
23
2b7733 2b7733 
fc6ab6 fc6ab6 
8037ff 8037ff 22c398 
ef9cce ef9cce 
c1e4b0 c1e4b0 
ff448b ff448b 
909532 909532 
e17800 e17800 
98b7f9 98b7f9 
d36b6f d36b6f 
1e3f90 1e3f90 
8216e5 8216e5 
9e3235 9e3235 
525361 525361 
390b11 390b11 
9fb27b 9fb27b 
aeb965 aeb965 
526e97 526e97 1efe0a 
bfdfca bfdfca 
de59c9 de59c9 
2a53b1 2a53b1 
d1ae8e d1ae8e 
1aef1d 1aef1d 
