IvOdahrtFwzZ WUqhotrexTBp IvOdahrtFwzZ fblrDraNAUxK IQvKLYGCcCbd fblrDraNAUxK yVSfaizVeLPT mgKEFEWheOqk qFGlIHDqKyPA LNoKVqXhLEzn KtoZVrQmJWki hPSXtHMMyKAK WWtfhwMSzfGW NMSHhfMtAJZb gkTmCiZxFrJw PFpQuVVRxbvV sHrtHYtDRNZd quZcTYtpBjSn AQgpWBullbIi YGzazHdyrGCd RGYiIUdVAiVL pjemGRILnFei QDhUZstsJKtV nyTRNDRCsANl lRgeGnDJBtMa cQFNlImsTWTM wXjNgGRCXYRl hLCSOZLNEdhX xXoCKkdkKAne cpNycWVdmzHJ mZUBOQTZyXOM vkOqMvrCUWYf fiHhqLtPfdZy aSpDrTbKBytW evRMhyiHKGXv ocysUjOwnenm JUgFfUYYdpcT JpwDMOwQmqOp ubtvaUeVUfmV zypYDSZfKAvD SnErwRYEuFXf TZmWJenJbEsV SnErwRYEuFXf HOzyAfsDoQkb IcNVObbuvzWY TAclfZjkIgUg nschEYWjrAsr ypApeqMQPnQA TTwdgXpOLyxF HVwGkspnDHbf WHSGrQQrrotE eTrfywteWUJB OIjApACwnyqG DiKlonktcqTP EwXugPkGUVkm vfHFyZGRGvFq wHeDieHMYzAK ZPYnROAizafx AoaIXEzdsCrm mvdksSctoMVi ctZWqndwhbJm qxhFFIUEfnzV touUfboeiIya nxbMBCPhfQij yFQWQWtUUMle lznMKRYSMheH QZQElPdcHxru jXgKDXnEJsra nlzJUuBrsbXD oOIjuHJcVRiV HEwqlaeMfSzl SKbQkQUhqQEt QFfSmYtuSTPl GvyjKkGcUdcI zypYDSZfKAvD zOkfhFVfOKVi UYTxhnOtiPHB qlMzHEurfTvO IvOdahrtFwzZ 
70
WUqhotrexTBp ybLCwZqVZKud WUqhotrexTBp 
fblrDraNAUxK fblrDraNAUxK 
IQvKLYGCcCbd IQvKLYGCcCbd 
yVSfaizVeLPT yVSfaizVeLPT zCWezcJmUGqs 
mgKEFEWheOqk mgKEFEWheOqk 
qFGlIHDqKyPA qFGlIHDqKyPA 
LNoKVqXhLEzn LNoKVqXhLEzn AhJBAeSEuUkL 
KtoZVrQmJWki KtoZVrQmJWki 
hPSXtHMMyKAK NxxrxPgsnMqG hPSXtHMMyKAK 
WWtfhwMSzfGW WWtfhwMSzfGW 
NMSHhfMtAJZb NMSHhfMtAJZb 
gkTmCiZxFrJw gkTmCiZxFrJw 
PFpQuVVRxbvV PFpQuVVRxbvV 
quZcTYtpBjSn yHOsEGOhjOLt quZcTYtpBjSn 
AQgpWBullbIi AQgpWBullbIi 
YGzazHdyrGCd IfTQNEFsiTgr gJMLzBkWmUoV YGzazHdyrGCd 
RGYiIUdVAiVL RGYiIUdVAiVL sTgUExIipvWV 
pjemGRILnFei RQBxIsRWzmfl pjemGRILnFei 
QDhUZstsJKtV QDhUZstsJKtV 
nyTRNDRCsANl nyTRNDRCsANl JNoAmCxHcsYw cRekprdsHHWw 
lRgeGnDJBtMa lRgeGnDJBtMa 
cQFNlImsTWTM cQFNlImsTWTM 
wXjNgGRCXYRl EOKLHvbbCToE wXjNgGRCXYRl 
hLCSOZLNEdhX hLCSOZLNEdhX 
xXoCKkdkKAne xXoCKkdkKAne 
cpNycWVdmzHJ cpNycWVdmzHJ 
mZUBOQTZyXOM mZUBOQTZyXOM 
vkOqMvrCUWYf vkOqMvrCUWYf 
fiHhqLtPfdZy fiHhqLtPfdZy WsLfQLsirtHk PKHkuTHeRXhO tARvBeqQDqSY 
aSpDrTbKBytW aSpDrTbKBytW 
evRMhyiHKGXv gXcuqckdTdIP evRMhyiHKGXv 
ocysUjOwnenm ocysUjOwnenm aXlcDzbXwAJW 
JUgFfUYYdpcT dXlgwkdKhUmB 
JpwDMOwQmqOp JpwDMOwQmqOp 
ubtvaUeVUfmV ubtvaUeVUfmV 
zypYDSZfKAvD zypYDSZfKAvD 
TZmWJenJbEsV TZmWJenJbEsV sFSBpaJxLpBT 
HOzyAfsDoQkb jXOmYlZmvqnI 
IcNVObbuvzWY IcNVObbuvzWY 
nschEYWjrAsr nschEYWjrAsr EKWhDcEeEkGK 
ypApeqMQPnQA WRiugWLCujBI ypApeqMQPnQA QxNjgiXciQma 
TTwdgXpOLyxF TglqUXfjbefC TTwdgXpOLyxF 
HVwGkspnDHbf HVwGkspnDHbf 
WHSGrQQrrotE WHSGrQQrrotE WnABnktZDxMx 
eTrfywteWUJB UGahWpWtmUQn ppfBOAvWYXyJ 
OIjApACwnyqG OIjApACwnyqG 
DiKlonktcqTP DiKlonktcqTP 
EwXugPkGUVkm EwXugPkGUVkm 
vfHFyZGRGvFq nKmMbiEuiffc uzYTzVwixczQ 
wHeDieHMYzAK oKIKkmsSWzmH wHeDieHMYzAK 
ZPYnROAizafx ZPYnROAizafx 
AoaIXEzdsCrm AoaIXEzdsCrm 
mvdksSctoMVi mvdksSctoMVi 
ctZWqndwhbJm ctZWqndwhbJm 
qxhFFIUEfnzV qxhFFIUEfnzV YvLRANdegrdA 
touUfboeiIya touUfboeiIya 
nxbMBCPhfQij nxbMBCPhfQij 
yFQWQWtUUMle yFQWQWtUUMle 
lznMKRYSMheH XwPJYwaGcHxO lznMKRYSMheH 
QZQElPdcHxru QZQElPdcHxru 
jXgKDXnEJsra jXgKDXnEJsra 
nlzJUuBrsbXD nlzJUuBrsbXD 
oOIjuHJcVRiV oOIjuHJcVRiV 
HEwqlaeMfSzl HEwqlaeMfSzl 
SKbQkQUhqQEt SKbQkQUhqQEt FkNlSGMBOUbz 
QFfSmYtuSTPl QFfSmYtuSTPl 
GvyjKkGcUdcI GvyjKkGcUdcI 
zOkfhFVfOKVi zOkfhFVfOKVi 
UYTxhnOtiPHB UYTxhnOtiPHB 
qlMzHEurfTvO zcAOlsVDUDkc qlMzHEurfTvO 
