MfdzFvsdGbvl BbyhqvohDUZK VARFNCcqfgIc DvRTDyBMOCbT DFscNnuMhxUC MLnLJmQHwuOS PUcvIgREsriS QHpWWcCYavdw EoEdLMroSPNp dDFWxTbuPymh PQTqeEtJjrHq NlmuUUVQUbgI BkcPMTugAswL mtRsLIzrlNLu hCxjbMrSlUJQ ZjfLZjjegWJT GemeldahvdVv TbekQRoKcInv RICmsRCgzRsB AGbRQRBgaOdX MkUBuIisCVpZ mFYKjQfCsRtT deJmWrylVSGK GKWfMfVZxbJi VyXrTLUcizAa QifLRRQkbeZy FCrKCfVsEsBk pkzKsTORVYro ymJllvoAiAsf noaMakAlHdwq plKUVNXwKfVb dFUHctNjrywb IHnRSACwPeSd hLGIbMiwjPgd PnbamVANEguC buqjmAINqGzN UVLyMXgqTFaJ PvZWLvSzyZfH pQCFwcmaYfTN rrRAqFcoDYfk GuSSYBNHDbKE axLiuEEXvnsQ arcJTkwUqbUy MOpktZzuQRCH jBrNTBMPxyQD tywOQDwDhjwZ SojgLCNtJNvq AMizjBPjmCZd SgyAcloZDNJV MfdzFvsdGbvl 
48
BbyhqvohDUZK BbyhqvohDUZK 
VARFNCcqfgIc VARFNCcqfgIc 
DvRTDyBMOCbT DvRTDyBMOCbT 
DFscNnuMhxUC DFscNnuMhxUC 
MLnLJmQHwuOS MLnLJmQHwuOS 
PUcvIgREsriS PUcvIgREsriS 
QHpWWcCYavdw QHpWWcCYavdw 
EoEdLMroSPNp EoEdLMroSPNp 
dDFWxTbuPymh dDFWxTbuPymh 
PQTqeEtJjrHq PQTqeEtJjrHq 
NlmuUUVQUbgI NlmuUUVQUbgI 
BkcPMTugAswL BkcPMTugAswL 
mtRsLIzrlNLu mtRsLIzrlNLu 
hCxjbMrSlUJQ hCxjbMrSlUJQ 
ZjfLZjjegWJT ZjfLZjjegWJT 
GemeldahvdVv GemeldahvdVv 
TbekQRoKcInv TbekQRoKcInv 
RICmsRCgzRsB RICmsRCgzRsB 
AGbRQRBgaOdX AGbRQRBgaOdX 
MkUBuIisCVpZ MkUBuIisCVpZ 
mFYKjQfCsRtT mFYKjQfCsRtT 
deJmWrylVSGK deJmWrylVSGK 
GKWfMfVZxbJi GKWfMfVZxbJi 
VyXrTLUcizAa VyXrTLUcizAa 
QifLRRQkbeZy QifLRRQkbeZy 
FCrKCfVsEsBk FCrKCfVsEsBk 
pkzKsTORVYro pkzKsTORVYro 
ymJllvoAiAsf ymJllvoAiAsf 
noaMakAlHdwq noaMakAlHdwq 
plKUVNXwKfVb plKUVNXwKfVb 
dFUHctNjrywb dFUHctNjrywb 
IHnRSACwPeSd IHnRSACwPeSd 
hLGIbMiwjPgd hLGIbMiwjPgd 
PnbamVANEguC PnbamVANEguC 
buqjmAINqGzN buqjmAINqGzN 
UVLyMXgqTFaJ UVLyMXgqTFaJ 
PvZWLvSzyZfH PvZWLvSzyZfH 
pQCFwcmaYfTN pQCFwcmaYfTN 
rrRAqFcoDYfk rrRAqFcoDYfk 
GuSSYBNHDbKE rVqgoVgUmLRB uFHfCerNFIme GuSSYBNHDbKE 
axLiuEEXvnsQ axLiuEEXvnsQ 
arcJTkwUqbUy arcJTkwUqbUy 
MOpktZzuQRCH MOpktZzuQRCH 
jBrNTBMPxyQD jBrNTBMPxyQD 
tywOQDwDhjwZ tywOQDwDhjwZ 
SojgLCNtJNvq SojgLCNtJNvq 
AMizjBPjmCZd AMizjBPjmCZd 
SgyAcloZDNJV SgyAcloZDNJV 
