MHnVCXOJJwOI UvfnFwkwYqFk YfpLHnDpSXzc AZrILCuGwbtV KKNtdnAHmUpc PCNGxUSnzrYJ SPoMbAzxrqrj ltlOmMSvjmIL JCPkGQQBkgge GoPPViXuIoMW oClepMbylsqk phTlHtTwrYOU FhVNapbaoZOZ svpVoYHpEpjH crcFIKqbaYTC bVDkAfQbeTmx YbGvPudTcbyh NkzUoyRYPnbb RWoTZCNhceUR cXYRsTNMJDHO jmWqilJNXyuV SJPfUQrbAbqM ilCjMogPnNTK NmmqQKqzdERM MlFqcqjWiUdI MHnVCXOJJwOI 
24
UvfnFwkwYqFk UvfnFwkwYqFk 
YfpLHnDpSXzc YfpLHnDpSXzc 
AZrILCuGwbtV AZrILCuGwbtV 
KKNtdnAHmUpc KKNtdnAHmUpc 
PCNGxUSnzrYJ PCNGxUSnzrYJ 
SPoMbAzxrqrj SPoMbAzxrqrj 
ltlOmMSvjmIL ltlOmMSvjmIL 
JCPkGQQBkgge JCPkGQQBkgge 
GoPPViXuIoMW GoPPViXuIoMW 
oClepMbylsqk oClepMbylsqk 
phTlHtTwrYOU phTlHtTwrYOU 
FhVNapbaoZOZ FhVNapbaoZOZ 
svpVoYHpEpjH svpVoYHpEpjH 
crcFIKqbaYTC crcFIKqbaYTC 
bVDkAfQbeTmx bVDkAfQbeTmx 
YbGvPudTcbyh YbGvPudTcbyh 
NkzUoyRYPnbb NkzUoyRYPnbb 
RWoTZCNhceUR RWoTZCNhceUR 
cXYRsTNMJDHO cXYRsTNMJDHO 
jmWqilJNXyuV jmWqilJNXyuV 
SJPfUQrbAbqM SJPfUQrbAbqM GLfJulJDWdHA 
ilCjMogPnNTK ilCjMogPnNTK 
NmmqQKqzdERM NmmqQKqzdERM 
MlFqcqjWiUdI MlFqcqjWiUdI 
