5 190 93 97 8 50 78 115 91 117 157 8 66 177 122 102 137 149 42 58 16 58 196 108 103 83 188 89 106 164 124 53 38 92 182 82 27 69 168 35 130 150 147 198 112 55 159 55 100 46 197 185 20 170 79 1 5 
50
190 190 
93 93 
97 97 
8 8 
50 50 
78 78 
115 115 
91 91 
117 117 
157 157 
66 66 
177 177 
122 122 
102 102 
137 137 
149 149 
42 42 
58 58 
16 16 
196 196 
108 108 
103 103 
83 83 
188 188 
89 89 
106 106 
164 164 
124 124 
38 38 
92 92 
182 182 
82 82 
27 27 
69 69 
168 168 
35 35 
130 130 
147 147 
198 198 
112 112 
55 55 
159 159 
100 100 
46 46 
197 197 
185 185 
20 20 
170 170 
79 79 
1 1 
