0 65 147 191 194 39 172 184 12 75 45 109 125 6 89 95 18 171 113 150 38 168 22 111 178 177 108 166 50 173 1 141 60 101 97 11 72 16 57 79 134 34 36 130 10 151 124 0 59 66 40 9 93 0 
46
147 147 21 
194 194 
39 27 39 
172 87 17 157 172 
184 138 184 
12 12 62 
75 75 
45 91 
109 162 109 
125 189 23 
6 6 35 42 161 144 
89 193 56 5 89 
95 123 95 30 
18 18 25 
171 171 
113 26 61 
150 150 
38 38 
168 168 
22 22 155 
111 111 
178 178 67 
108 140 108 187 
166 158 
50 50 83 
173 173 96 7 
1 1 179 163 
141 164 104 141 
60 80 135 110 60 
101 101 68 
97 105 15 
11 129 136 11 
72 122 
16 16 118 
79 79 196 102 
34 31 34 
36 36 
130 145 130 
10 119 10 
151 151 
124 124 156 49 
59 73 59 
66 160 55 66 
40 142 40 
9 152 9 198 
93 71 24 93 
