0 66 63 92 23 13 39 11 39 7 67 5 55 5 97 34 56 6 41 78 99 12 53 81 53 37 61 15 22 44 51 42 3 96 62 94 4 58 8 14 29 71 64 65 1 85 84 9 60 77 87 82 18 83 18 69 24 79 91 50 91 87 48 52 27 31 0 
50
0 0 
63 63 
23 23 
13 13 
39 39 
11 11 
7 7 
67 67 
5 5 
55 55 
97 97 
34 34 
56 56 
6 6 
41 41 
99 99 
12 12 
53 53 
81 81 
37 37 
61 61 
15 15 
44 44 
42 42 
3 3 
62 62 
94 94 
58 58 
14 14 
29 29 
71 71 
64 64 
65 65 
1 1 
84 84 
9 9 
60 60 
77 77 
87 87 
82 82 
83 83 
69 69 
24 24 
79 79 
91 91 
50 50 
48 48 
52 52 
27 27 
31 31 
