Soda A G N AA AP Y Z AB H B A D K T AJ AK AW AH AI AS AU AI K D A C I AF I J C A E Q U AG V P E A F M AC AM AN AO X O F A Soda A5 A9 A4 A3 A8 B5 B7 D3 D6 A5 Soda C5 B2 C7 B3 E5 B1 E7 E8 C6 E9 C4 Soda C9 A7 B8 D1 D9 B9 D8 C3 E1 D4 D7 D5 A1 A7 C9 Soda 
38
N N 
AP AP 
AB AB 
H H 
T T 
AW AW 
AS AS 
AU AU 
AF AF 
J J 
Q Q 
AG AG 
P P 
AC AC 
AO AO 
A5 A5 
A9 A9 
A3 A3 
B5 B5 C1 
B7 B7 
D3 D3 
C5 C5 
C7 C7 
B3 B3 
E5 E5 
B1 B1 
E7 E7 
C4 E3 
C9 C9 
A7 A7 
D1 D1 
D9 D9 
B9 B9 
C3 C3 
E1 E1 
D7 D7 
D5 D5 
A1 A1 
