Soda a g f r ak aj ak t al ak h a d n ae af ag ah q p e a b k ab av ac ax l ad m b a Soda A G N AA AP Y Z AB H B A D K T AJ AK AW AH AI AS AU AI K D A C I AF I J C A E Q U AG V P E A Soda a0 a5 d6 d3 b7 b5 a8 a3 a4 a9 a5 a0 Soda C5 B2 E5 E6 E7 B1 E5 B3 C7 B2 C5 Soda a i j aa at z ar z aa j y ap ao an u v u x i a Soda A5 A9 A4 A3 A8 B5 B7 D3 D6 A5 Soda a0 c5 b2 c7 b3 e5 b1 e7 e8 c6 e9 c4 a0 c9 a7 b8 d1 d9 b9 d8 c3 e1 d4 d7 d5 a1 a7 c9 a0 Soda A F M AC AM AN AO X O F A Soda C9 A7 B8 D1 D9 B9 D8 C3 E1 D4 D7 D5 A1 A7 C9 Soda 
85
f f 
r r 
aj aj 
t t 
al al 
h h 
d d 
n n 
af af 
ah ah 
p p 
b b 
ab ab 
av av 
ax ax 
l l 
ad ad 
N N 
AP AP 
AB AB 
H H 
T T 
AW AW 
AS AS 
AU AU 
AF AF 
J J 
Q Q 
AG AG 
P P 
a5 a5 
d3 d3 
b7 b7 
b5 b5 c1 
a3 a3 
a9 a9 
C5 C5 E3 
E5 E5 
E7 E7 
B1 B1 
B3 B3 
C7 C7 
j j 
at at 
z z 
ar ar 
ap ap 
an an 
v v 
x x 
A5 A5 
A9 A9 
A3 A3 
B5 B5 C1 
B7 B7 
D3 D3 
c5 c5 
c7 c7 
b3 b3 
e5 e5 
b1 b1 
e7 e7 
c4 e3 
c9 c9 
a7 a7 
d1 d1 
d9 d9 
b9 b9 
c3 c3 
e1 e1 
d7 d7 
d5 d5 
a1 a1 
AC AC 
AO AO 
C9 C9 
A7 A7 
D1 D1 
D9 D9 
B9 B9 
C3 C3 
E1 E1 
D7 D7 
D5 D5 
A1 A1 
