a0 a101 a195 a99 a43 a87 a96 a158 a142 a180 a144 a59 a168 a124 a77 a85 a17 a11 a198 a192 a78 a63 a7 a83 a149 a21 a32 a163 a82 a104 a98 a103 a79 a68 a33 a0 
35
a0 a10 
a101 a107 a101 
a195 a178 a195 
a99 a99 a46 a130 a49 
a43 a43 a94 
a87 a87 a29 a177 a151 a175 a28 
a96 a96 a38 
a158 a158 a145 
a142 a31 a142 
a180 a93 a180 
a144 a134 a159 a144 
a59 a59 a102 
a168 a56 a168 a153 a55 
a124 a124 
a77 a131 a154 a77 
a85 a172 a85 
a17 a157 a17 
a11 a60 a44 a186 a11 
a198 a57 a161 a121 a198 
a192 a25 a192 a155 a126 
a78 a78 a58 
a63 a27 a63 
a7 a7 a88 
a83 a83 a173 a133 
a149 a149 a50 
a21 a3 a21 a156 a135 a41 a8 
a32 a45 a80 a120 a32 a140 
a163 a16 a163 
a82 a82 a22 
a104 a165 a75 a53 a104 
a98 a160 a98 
a103 a138 a103 a185 a108 a37 
a79 a79 a14 a6 
a68 a129 a68 
a33 a42 a196 a33 a183 
