ssp100 25 4 2 1 2 3 8 11 8 10 8 9 8 3 18 15 12 15 18 23 27 33 30 55 45 51 49 31 42 39 52 41 37 47 43 53 56 29 36 35 27 92 97 99 98 87 88 87 93 94 93 90 93 87 91 95 91 89 96 89 91 87 27 71 63 59 62 68 81 68 62 69 82 69 62 59 26 58 60 65 74 65 60 64 73 64 60 58 61 67 79 67 61 58 26 59 63 71 27 23 18 19 22 19 20 21 20 19 18 3 5 7 24 7 5 3 2 4 25 ssp100 
47
4 4 
2 2 
1 1 
11 11 
10 10 
9 9 
15 15 
12 12 
27 27 
33 33 
55 55 
45 45 
51 51 
49 49 
31 31 
39 39 
41 41 
37 37 
47 47 
43 43 
53 53 
56 56 
29 29 
35 35 
92 92 
97 97 
99 99 
98 98 
88 88 
93 93 
94 94 
90 90 
95 95 
96 96 
59 59 
68 68 
81 81 
82 82 
65 65 
74 74 
64 64 
73 73 
79 79 
22 22 
20 20 
21 21 
24 24 
