ssp200 13 10 2 12 11 12 2 14 2 8 6 5 4 3 7 2 181 137 149 137 147 146 147 137 143 141 140 139 138 142 137 181 122 134 122 132 131 132 122 128 126 125 124 123 127 122 181 17 29 17 27 26 27 17 23 21 20 19 18 22 17 181 152 157 153 154 155 156 158 152 164 152 162 161 162 152 181 107 119 107 117 116 117 107 112 108 109 110 111 113 107 181 32 42 41 42 32 44 32 38 36 35 34 33 37 32 181 77 89 77 83 81 80 79 78 82 77 87 86 87 77 181 167 173 171 170 169 168 172 167 179 167 177 176 177 167 181 92 104 92 98 96 95 94 93 97 92 102 101 102 92 181 47 57 56 57 47 59 47 53 51 50 49 48 52 47 181 182 194 182 192 191 192 182 187 183 184 185 186 188 182 181 62 74 62 68 66 65 64 63 67 62 72 71 72 62 181 2 10 13 ssp200 
78
11 11 
14 14 15 
6 6 
5 5 
4 4 
3 3 
149 149 150 
146 146 
141 141 
140 140 
139 139 
138 138 
134 134 135 
131 131 
126 126 
125 125 
124 124 
123 123 
29 29 30 
26 26 
21 21 
20 20 
19 19 
18 18 
153 153 
154 154 
155 155 
156 156 
164 164 165 
161 161 
119 119 120 
116 116 
108 108 
109 109 
110 110 
111 111 
41 41 
44 44 45 
36 36 
35 35 
34 34 
33 33 
89 89 90 
81 81 
80 80 
79 79 
78 78 
86 86 
171 171 
170 170 
169 169 
168 168 
179 179 180 
176 176 
104 104 105 
96 96 
95 95 
94 94 
93 93 
101 101 
56 56 
59 59 60 
51 51 
50 50 
49 49 
48 48 
194 194 195 
191 191 
183 183 
184 184 
185 185 
186 186 
74 74 75 
66 66 
65 65 
64 64 
63 63 
71 71 
