1 109 93 51 133 141 119 5 117 10 31 91 3 81 67 129 71 59 1 125 55 131 121 87 57 2 111 21 1 113 17 23 77 3 115 13 1 53 73 3 75 49 2 39 85 45 69 3 83 47 79 33 41 105 11 19 43 5 95 29 2 99 27 25 97 147 19 123 63 3 61 9 1 7 101 37 89 35 15 103 135 127 107 139 15 65 25 137 3 1 
72
1 1 
109 109 143 
93 93 149 
51 51 
133 133 145 
141 141 
119 119 
5 5 
117 117 
31 31 
91 91 
3 3 
81 81 
67 67 
129 129 
71 71 
59 59 
125 125 
55 55 
131 131 
121 121 
87 87 
57 57 
111 111 
21 21 
113 113 
17 17 
23 23 
77 77 
115 115 
13 13 
53 53 
73 73 
75 75 
49 49 
39 39 
85 85 
45 45 
69 69 
83 83 
47 47 
79 79 
33 33 
41 41 
105 105 
11 11 
19 19 
43 43 
95 95 
29 29 
99 99 
27 27 
25 25 
97 97 
147 147 
123 123 
63 63 
61 61 
9 9 
7 7 
101 101 
37 37 
89 89 
35 35 
15 15 
103 103 
135 135 
127 127 
107 107 
139 139 
65 65 
137 137 
