Jason Claire Mario Susan Shannon April Kyle Joshua Tristan Shane Kelsey Wendy Adam Joseph Rebekah Crystal James Johnathan Laura Nicholas Alexandra Monica Crystal Scott Jane Mary Edwin Rachel Andrew Robert Karen Lauren Charles Jeffery Jordan Melissa Wayne Elizabeth Brian Gabriel Cindy Dustin Michelle Paul Ryan Megan Adrian Dana Edwin Christina Regina Amanda Stacie Carol Cheryl Joshua David Brittany Evan Kristen Rebecca Juan Tommy Kimberly Jacqueline Bryan Jacqueline Jeffrey Brad Robin Randy Nicole John Kayla Kara Tammy Heather Nathaniel Roy Gregory Jose William Mercedes Cristian Logan Timothy Jeremy Mark Shawn Kathy Jennifer Katelyn Samantha Grace Kari Rebecca Brett Jill Misty Ricky Derek Jason 
93
Claire Claire 
Mario Mario 
Susan Susan 
Shannon Shannon 
April April 
Kyle Kyle 
Joshua Joshua 
Tristan Tristan 
Shane Shane Dylan 
Kelsey Kelsey 
Wendy Wendy 
Adam Adam 
Joseph Joseph 
Rebekah Rebekah 
Crystal Crystal 
James James 
Johnathan Johnathan 
Laura Laura 
Nicholas Nicholas 
Alexandra Alexandra 
Monica Monica 
Scott Scott 
Jane Jane 
Mary Mary 
Edwin Edwin 
Rachel Rachel 
Andrew Andrew 
Robert Robert 
Karen Karen 
Lauren Lauren 
Charles Charles 
Jeffery Jeffery 
Jordan Jordan 
Melissa Melissa Ashley 
Wayne Wayne 
Elizabeth Elizabeth 
Brian Brian 
Gabriel Gabriel 
Dustin Dustin Melinda 
Michelle Michelle 
Paul Paul 
Megan Megan 
Adrian Adrian 
Dana Dana 
Christina Christina 
Regina Regina 
Amanda Amanda 
Stacie Stacie Carrie Ronnie 
Carol Carol 
Cheryl Cheryl 
David David 
Brittany Brittany 
Evan Evan 
Kristen Kristen 
Rebecca Rebecca 
Juan Juan 
Tommy Tommy 
Kimberly Kimberly 
Jacqueline Jacqueline 
Bryan Bryan 
Jeffrey Jeffrey 
Brad Brad Stephen 
Robin Robin 
Randy Randy 
Nicole Nicole 
John John 
Kayla Kayla 
Kara Kara 
Tammy Tammy 
Heather Heather 
Nathaniel Nathaniel 
Roy Roy 
Gregory Gregory 
Jose Jose 
William William 
Mercedes Mercedes 
Cristian Cristian 
Logan Logan 
Timothy Timothy 
Jeremy Jeremy 
Mark Mark 
Shawn Shawn Sabrina 
Kathy Kathy 
Jennifer Jennifer 
Katelyn Katelyn 
Samantha Samantha 
Grace Grace 
Kari Kari 
Brett Brett 
Jill Jill 
Misty Misty 
Ricky Ricky 
Derek Derek 
