Austin Donald Patrick Ashley Patrick Danielle Rachel Rhonda Alex Amy Kari Ralph Eugene Elaine Kyle Melissa Edward Michael Gina Maxwell Hannah Elizabeth Mariah Garrett Dennis Monique Robert Cassandra Jordan Glenda Janet Melinda April Sara Natasha Sean Debra Scott Paul John Carolyn Paige Juan Jonathan Daniel Robin Aaron Jennifer Walter Carolyn Steven Joshua Jamie Austin Victoria Austin 
49
Donald Donald 
Patrick Patrick 
Ashley Ashley 
Danielle Danielle 
Rachel Rachel 
Rhonda Rhonda 
Alex Alex 
Amy Amy 
Kari Kari 
Ralph Ralph 
Eugene Eugene 
Elaine Elaine 
Kyle Kyle 
Melissa Melissa 
Edward Edward 
Michael Michael 
Gina Gina 
Maxwell Maxwell 
Hannah Hannah 
Elizabeth Elizabeth 
Mariah Mariah 
Garrett Garrett 
Dennis Dennis 
Monique Monique 
Robert Robert 
Cassandra Cassandra 
Jordan Jordan 
Glenda Glenda 
Janet Janet 
Melinda Melinda 
April April 
Sara Sara 
Natasha Natasha 
Sean Sean 
Debra Debra 
Scott Scott 
Paul Paul 
John John 
Paige Paige 
Juan Juan 
Jonathan Jonathan 
Daniel Daniel 
Robin Robin 
Jennifer Jennifer Jeanette 
Walter Walter 
Steven Steven 
Joshua Joshua 
Jamie Jamie 
Victoria Victoria 
