Leah Michael Paula Vicki Jon Brian Russell April Rachel Megan Javier David Adrian Anthony Ryan Gary Ryan Kelly Jade Teresa Alexander Jordan Dylan Lisa Carol Jennifer Amanda Russell Leah 
24
Michael Michael 
Paula Paula 
Vicki Vicki 
Jon Jon 
Brian Brian 
Russell Russell 
April April 
Rachel Rachel 
Megan Megan 
Javier Javier 
David David 
Adrian Adrian 
Anthony Anthony 
Ryan Ryan 
Gary Gary 
Kelly Kelly 
Jade Jade 
Alexander Alexander 
Jordan Jordan 
Dylan Dylan 
Lisa Lisa Ruth 
Carol Carol 
Jennifer Jennifer 
Amanda Amanda 
