Granbull Electrode Flygon Crabominable Quilava Whiscash Quilava Skitty Kangaskhan Jirachi Magikarp Carnivine Mantine Darkrai Diggersby Metapod Chespin Cascoon Krookodile Azurill Crawdaunt Cosmog Chinchou Bonsly Sylveon Altaria Malamar Probopass Fletchling Cubone Butterfree Beedrill Floette Beedrill Mimikyu Glalie Charizard Tyrunt Mightyena Bronzor Roserade Carnivine Arbok Rufflet Lampent Heatran Charmander Heatran Golbat Reshiram Carbink Infernape Carbink Metagross Jolteon Bergmite Serperior Deoxys Floatzel Blissey Magmar Rockruff Pidgeot Mudsdale Pancham Vivillon Pancham Mudsdale Greninja Torkoal Machamp Hitmontop Absol Swanna Lucario Dustox Electrike Unown Kirlia Whimsicott Binacle Torchic Binacle Serperior Heatmor Cinccino Lycanroc Raichu Lycanroc Luvdisc Feraligatr Staravia Tsareena Gliscor Machop Ninjask Slakoth Chatot Happiny Magmortar Trumbeak Mawile Spinda Spiritomb Deoxys Staryu Nuzleaf Aipom Buizel Jolteon Lapras Goomy Lileep Remoraid Machamp Happiny Ampharos Exeggcute Torracat Budew Grumpig Bulbasaur Reuniclus Bulbasaur Granbull 
95
Electrode Electrode PorygonZ 
Flygon Flygon 
Crabominable Crabominable 
Quilava Quilava 
Whiscash Whiscash 
Skitty Skitty 
Kangaskhan Kangaskhan 
Jirachi Jirachi 
Carnivine Carnivine 
Mantine Mantine 
Darkrai Darkrai 
Diggersby Diggersby 
Metapod Metapod 
Chespin Chespin 
Cascoon Cascoon 
Krookodile Krookodile Corphish 
Crawdaunt Crawdaunt 
Cosmog Cosmog 
Chinchou Chinchou Typhlosion 
Bonsly Bonsly 
Sylveon Sylveon 
Malamar Malamar 
Probopass Probopass 
Cubone Cubone TypeNull 
Butterfree Butterfree 
Beedrill Beedrill 
Floette Floette 
Mimikyu Mimikyu 
Glalie Glalie 
Charizard Charizard 
Mightyena Mightyena 
Bronzor Bronzor 
Roserade Roserade 
Arbok Arbok 
Rufflet Rufflet 
Lampent Lampent 
Heatran Heatran 
Charmander Charmander 
Golbat Golbat 
Reshiram Reshiram 
Carbink Carbink 
Infernape Infernape 
Metagross Metagross 
Jolteon Jolteon 
Bergmite Bergmite 
Serperior Serperior 
Deoxys Deoxys 
Floatzel Floatzel 
Blissey Blissey 
Magmar Magmar 
Rockruff Rockruff 
Pidgeot Pidgeot 
Mudsdale Mudsdale 
Vivillon Vivillon 
Greninja Greninja 
Torkoal Torkoal 
Machamp Machamp 
Hitmontop Hitmontop 
Absol Absol 
Swanna Swanna 
Dustox Dustox 
Electrike Electrike 
Unown Unown Relicanth 
Whimsicott Whimsicott 
Binacle Binacle 
Torchic Torchic 
Heatmor Heatmor 
Cinccino Cinccino 
Lycanroc Lycanroc 
Raichu Raichu 
Luvdisc Luvdisc 
Feraligatr Feraligatr 
Tsareena Tsareena 
Gliscor Gliscor 
Ninjask Ninjask 
Slakoth Slakoth 
Chatot Chatot 
Happiny Happiny 
Magmortar Magmortar 
Trumbeak Trumbeak 
Mawile Mawile 
Spinda Spinda 
Spiritomb Spiritomb 
Nuzleaf Nuzleaf 
Buizel Buizel 
Lapras Lapras 
Goomy Goomy 
Lileep Lileep 
Remoraid Remoraid 
Ampharos Ampharos 
Exeggcute Exeggcute 
Torracat Torracat 
Budew Budew 
Grumpig Grumpig 
Reuniclus Reuniclus 
