Florges Masquerain Carracosta Doublade Hitmonlee Celebi Bidoof Palossand Bouffalant Infernape Kricketune Purrloin Kricketune Poliwrath Drapion Weepinbell Persian Moltres Hoopa Hippopotas Machoke Hippopotas Cherrim Lillipup Bergmite Florges Zubat Dialga Volbeat Delibird Tentacruel Delibird Wailmer Primarina Zoroark Florges 
27
Florges Stufful 
Masquerain Togetic Celesteela Bisharp 
Carracosta Carracosta 
Doublade Ralts Aurorus 
Hitmonlee Yanmega Hitmonlee 
Celebi Girafarig Celebi 
Bidoof Piloswine Bidoof 
Bouffalant Bouffalant Omastar 
Infernape Infernape 
Purrloin Purrloin Poliwag Sentret 
Poliwrath Zapdos Poliwrath 
Drapion Kricketot 
Weepinbell Dusknoir Weepinbell Tsareena 
Persian Persian Shaymin Bayleef Scolipede 
Moltres Moltres Gastrodon 
Hoopa Hakamoo 
Machoke Timburr Machoke 
Cherrim Cherrim 
Lillipup Lillipup 
Bergmite Bergmite 
Zubat Zubat Manectric 
Dialga Dialga Pichu 
Volbeat Volbeat Buzzwole 
Delibird Delibird Cascoon 
Tentacruel Tentacruel Regice 
Wailmer Wailmer Wormadam 
Primarina Primarina 
