19 21 3 39 13 55 58 59 58 25 1 39 32 39 13 51 11 66 70 66 11 71 89 76 89 71 23 52 68 88 95 33 62 99 34 12 17 36 80 9 92 9 35 9 50 9 88 68 85 26 97 54 29 54 97 26 0 10 45 40 72 73 12 31 65 63 82 24 82 69 53 69 8 33 90 33 15 28 41 7 43 44 43 7 61 46 5 56 57 14 30 60 21 19 
50
39 39 
13 13 
55 55 
58 58 
59 59 
25 25 
1 1 
32 32 
51 51 
11 11 
70 70 
76 76 
23 23 
88 88 
95 95 
33 33 
99 99 
34 34 
12 12 
17 17 
36 36 
80 80 
9 9 
92 92 
35 35 
50 50 
85 85 
26 26 
54 54 
29 29 
0 0 
10 10 
45 45 
40 40 
72 72 
65 65 
63 63 
24 24 
53 53 
90 90 
15 15 
28 28 
41 41 
7 7 
43 43 
44 44 
61 61 
46 46 
5 5 
60 60 
