L12 L169 L75 L20 L112 L32 L148 L197 L53 L92 L158 L108 L192 L88 L126 L68 L72 L45 L78 L150 L7 L40 L199 L130 L27 L3 L73 L37 L139 L74 L172 L187 L12 
32
L12 L103 
L169 L131 L169 L196 
L75 L116 L75 L122 L147 L133 
L20 L83 L86 L20 
L112 L97 L165 L112 
L32 L104 L55 L32 
L148 L182 L11 L175 L148 L50 
L197 L79 L23 L197 L155 L146 
L53 L53 L168 
L92 L92 L105 L61 
L158 L158 L144 
L108 L108 L87 L174 L96 L56 L195 
L192 L192 L59 L60 L107 
L88 L88 L135 L186 
L126 L24 L65 L0 L126 L106 
L68 L10 L68 
L72 L72 L36 L34 
L45 L180 L45 
L78 L154 L189 L117 L85 L2 L78 
L150 L99 L150 
L7 L114 L7 
L40 L22 L70 L40 L171 L115 
L199 L28 L199 L82 L121 
L130 L130 L90 
L27 L95 L181 L48 L27 
L3 L3 
L73 L149 L73 L164 
L37 L102 L37 
L139 L173 L190 L139 
L74 L125 L74 
L172 L98 L172 
L187 L141 L187 
