0 156 179 103 114 85 16 151 16 17 46 106 135 98 16 131 73 189 48 149 145 149 63 157 197 199 27 103 184 35 122 162 122 166 102 121 113 136 113 185 108 187 198 53 139 2 111 40 42 155 140 70 45 137 45 19 97 72 41 74 144 152 118 134 168 117 176 109 195 6 153 105 55 11 171 11 55 160 6 147 59 147 82 36 125 116 125 36 82 87 69 87 183 128 138 50 138 31 196 31 30 141 4 141 165 34 12 9 198 76 92 10 92 7 67 13 121 23 62 88 9 26 5 128 68 66 130 174 101 84 101 174 130 75 91 20 126 68 80 0 143 52 0 
96
156 156 
179 179 
103 103 
114 114 
85 85 
16 16 
151 151 
17 17 
46 46 
106 106 
98 98 
131 131 
73 177 
189 189 
48 48 
149 149 
145 145 
63 81 63 
157 157 
197 197 
199 199 
27 27 
184 184 
35 35 
122 122 
162 162 
166 166 
102 102 
121 121 
136 136 
185 185 
108 108 
198 198 
53 53 
139 139 
111 111 
40 40 
42 42 
140 140 
70 70 
45 45 
137 137 
19 19 
97 97 
72 72 
74 74 
144 144 
152 181 152 
134 134 
168 168 
117 117 
176 176 
109 109 
195 195 
105 105 
55 55 
11 11 
171 171 
160 160 
147 147 
59 59 
82 82 
36 36 
125 125 
116 116 
87 180 87 
69 69 
183 183 
128 128 
138 138 
50 50 
31 31 
196 196 
30 30 
4 4 
34 34 
9 9 
76 76 
10 10 
67 67 
13 13 
23 23 
62 62 
88 88 
26 26 
66 66 
130 130 
174 174 
84 84 
75 83 75 
91 91 
20 20 
126 126 
80 80 
143 143 
52 52 
