0 81 13 32 37 32 71 38 90 61 65 95 15 45 28 96 53 18 60 24 94 10 47 20 47 59 58 23 43 39 43 40 8 52 17 83 11 27 9 76 72 26 72 76 98 42 7 46 93 55 4 77 15 35 51 67 88 62 49 78 49 21 3 15 0 89 0 
49
0 0 
13 13 
32 32 
37 37 
71 71 
38 38 
90 90 
61 61 
65 65 
95 95 
15 15 
45 45 
96 96 
18 18 
60 60 
24 24 
94 94 
10 10 
20 20 
58 58 
23 23 
43 43 
39 99 
40 40 
8 8 
52 52 
17 17 
83 83 
11 11 
27 27 
9 9 57 
72 72 
26 26 
98 98 
42 42 
7 7 
46 46 
93 93 
55 55 
4 4 
35 35 
51 51 
67 67 
88 88 
62 62 
78 78 
21 21 
3 3 
89 89 
