0 23 84 3 16 12 65 21 50 21 61 91 58 8 90 8 88 9 39 83 11 74 11 83 47 48 81 18 76 18 81 27 68 80 72 43 96 17 56 73 53 73 56 45 26 46 64 2 55 38 82 60 82 97 28 33 31 30 58 40 66 63 71 95 43 6 85 0 
47
23 23 86 
84 84 
16 16 
65 65 
50 50 
61 61 
91 91 
58 58 
8 8 
90 90 
88 88 
9 9 
39 39 
83 83 
11 11 
74 74 
47 47 
48 48 
81 81 
76 76 
27 27 
68 68 
80 80 
43 43 
96 96 
17 35 
56 56 
73 73 
53 53 
45 45 
46 46 
64 64 
2 2 
38 38 
82 82 
60 60 
97 97 
28 28 
31 31 
30 30 
40 40 
66 66 
63 63 92 
71 71 
95 95 
6 6 
85 85 
