1 68 55 127 83 100 86 100 113 100 0 100 137 155 183 100 26 35 57 35 22 111 100 97 99 193 49 119 178 195 124 84 170 29 27 100 182 125 27 50 151 142 100 177 77 100 136 100 188 100 19 88 50 76 131 43 117 100 82 100 148 100 74 100 150 100 56 100 194 100 12 8 30 100 38 100 172 100 36 100 60 134 60 191 174 100 31 100 138 100 59 121 157 100 129 89 189 89 186 100 24 100 28 100 180 171 54 159 199 158 21 141 100 153 100 93 25 100 164 105 100 101 115 63 100 18 100 192 100 15 100 45 196 100 10 100 3 100 80 175 44 100 163 32 160 16 1 
100
1 1 
68 68 
55 55 
127 127 
83 83 
86 86 
113 113 
0 0 
137 137 
155 155 
183 183 
26 26 
35 35 
57 57 
22 22 
111 111 
97 97 
99 99 
193 193 
49 49 
119 119 
178 178 
195 195 
124 124 
84 84 
170 170 
29 29 
27 27 
182 182 
125 125 
50 50 
151 151 
142 142 
177 177 
77 77 
136 136 
188 188 
19 19 
88 88 
76 76 
131 131 
43 43 
117 117 
82 82 
148 148 
74 74 
150 150 
56 56 
194 194 
12 12 
8 8 
30 30 
38 38 
172 172 
36 36 
60 60 
134 134 
191 191 
174 174 
31 31 
138 138 
59 59 
121 121 
157 157 
129 129 
89 89 
189 189 
186 186 
24 24 
28 28 
180 180 
171 171 
54 54 
159 159 
199 199 
158 158 
21 21 
141 141 
153 153 
93 93 
25 25 
164 164 
105 105 
101 101 
115 115 
63 63 
18 18 
192 192 
15 15 
45 45 
196 196 
10 10 
3 3 
80 80 
175 175 
44 44 
163 163 
32 32 
160 160 
16 16 
