21 152 111 188 135 188 113 171 69 66 145 66 67 66 69 136 39 119 159 119 115 125 137 75 74 160 23 79 48 47 116 133 116 47 48 19 48 64 101 92 91 178 63 83 82 177 89 93 156 45 156 93 161 179 178 63 71 63 178 165 25 179 125 124 189 37 38 87 139 142 99 142 149 81 11 41 44 77 17 157 143 185 186 33 155 33 186 185 55 147 146 176 109 106 105 104 103 104 105 128 129 34 3 2 1 139 168 169 57 73 43 27 101 194 193 107 85 150 53 181 180 126 127 5 15 171 113 31 76 35 154 20 187 20 154 29 36 97 95 197 163 197 50 49 50 197 131 130 122 123 122 130 131 132 61 60 59 8 7 8 9 120 51 120 121 65 175 151 141 151 191 23 160 74 75 117 170 108 167 108 12 13 172 183 172 173 172 153 152 21 
98
21 21 
111 111 
135 135 
113 113 
171 171 
69 69 
145 145 
67 67 
39 39 
119 119 
159 159 
115 115 
125 125 
137 137 
75 75 
23 23 
79 79 
47 47 
133 133 
19 19 
101 101 
91 91 
63 63 
83 83 
177 177 
89 89 
93 93 
45 45 
161 161 
179 179 
71 71 
165 165 
25 25 
189 189 
37 37 
87 87 
139 139 
99 99 
149 149 
81 81 
11 11 
41 41 
77 77 
17 17 
157 157 
143 143 
185 185 
33 33 
155 155 
55 55 
147 147 
109 109 
105 105 
103 103 
129 129 
3 3 
1 1 
169 169 
57 57 
73 73 
43 43 
27 27 
193 193 
107 107 
85 85 
53 53 
181 181 
127 127 
5 5 
15 15 
31 31 
35 35 
187 187 
29 29 
97 97 
95 95 195 
197 197 
163 163 
49 49 
131 131 
123 123 
61 61 
59 59 
7 7 
9 9 
51 51 
121 121 
65 65 
175 175 
151 151 
141 141 
191 191 
117 117 
167 167 
13 13 
183 183 
173 173 
153 153 
