74 72 76 75 141 18 151 159 156 159 151 2 46 41 46 182 172 171 179 171 172 118 119 118 98 99 98 38 31 37 31 38 58 53 58 87 89 81 87 21 28 21 192 200 192 121 130 121 63 70 66 63 132 135 132 169 167 164 169 75 77 72 74 
37
74 74 
76 76 80 73 
75 104 75 
141 148 146 145 141 142 
18 11 14 13 19 16 
151 151 157 
159 153 
156 156 160 
2 6 8 2 
46 50 46 
41 47 41 
182 185 189 
172 172 
179 179 178 175 174 180 
118 116 111 114 118 
119 113 119 
99 96 99 
38 38 
31 31 39 
37 37 36 35 32 
58 58 59 
53 52 54 55 57 53 
89 86 89 
81 81 85 83 88 82 
28 25 28 26 30 23 29 
192 192 
200 199 191 197 198 
121 128 
130 126 122 
70 69 70 
66 62 68 61 66 
132 136 
135 135 137 131 139 140 
169 169 
167 167 165 166 168 
164 161 164 163 
77 77 
