75 71 76 73 80 72 74 10 1 2 7 6 10 21 26 28 24 30 22 24 21 88 82 89 87 86 88 99 98 92 91 97 94 100 98 99 35 36 37 32 33 31 35 61 67 66 70 63 69 62 61 43 42 47 45 49 50 43 51 53 58 59 58 51 11 12 16 13 20 19 17 11 74 78 76 75 
50
75 75 
71 71 
76 76 
73 73 
80 80 
72 72 
74 74 
10 10 
1 1 
2 2 
7 7 
21 21 
26 26 
28 28 
24 24 
30 30 
22 22 
88 88 
82 82 
89 89 
87 87 
86 86 
98 98 
92 92 
91 91 
97 97 
94 94 
100 100 
36 36 
37 37 
32 32 
33 33 
31 31 
67 67 
66 66 
70 70 
63 63 
69 69 
42 42 
47 47 
45 45 
50 50 
53 53 
59 59 
12 12 
16 16 
13 13 
20 20 
19 19 
78 78 
