l7 l40 l67 l6 l92 l114 l49 l184 l2 l128 l163 l94 l147 l169 l73 l63 l72 l97 l126 l97 l136 l56 l109 l102 l177 l161 l7 
24
l7 l35 l7 
l40 l39 l40 
l67 l160 l27 l54 l67 
l6 l6 
l92 l26 l53 
l114 l114 l124 l14 l15 l172 
l49 l127 l49 
l184 l184 l192 l25 l77 
l2 l122 l2 l33 l58 
l128 l128 
l163 l115 l132 l163 l24 
l94 l130 l74 l94 
l147 l101 l110 l168 l46 l59 
l169 l141 l169 l180 l186 l90 
l73 l113 l148 l20 
l63 l21 l63 
l72 l189 l37 l41 l44 l72 l83 
l126 l138 l171 l181 
l136 l136 l142 l162 l199 
l56 l12 
l109 l109 
l102 l102 l155 
l177 l116 l177 l200 
l161 l161 
