0 1 8 117 116 115 114 115 116 117 8 1 175 111 110 21 20 142 141 7 141 140 58 140 139 138 95 137 136 135 92 91 118 39 130 51 50 49 50 51 130 39 118 89 132 131 132 30 29 28 97 96 97 28 27 26 25 26 27 28 29 46 45 99 98 99 45 46 32 63 62 61 62 170 85 84 85 170 62 63 32 46 29 30 132 89 118 91 92 135 90 135 134 52 72 52 134 135 136 137 95 138 94 93 94 138 139 140 141 172 141 142 20 21 110 109 110 111 112 113 78 79 165 125 124 123 122 123 83 82 81 80 81 17 16 17 81 82 83 123 124 125 165 164 73 164 165 166 167 168 86 168 169 151 152 151 34 151 152 14 4 120 163 2 163 164 165 79 78 15 47 127 147 54 53 54 24 23 22 154 153 154 22 23 24 54 147 13 12 11 103 107 106 105 106 107 103 11 10 9 10 11 12 13 147 127 126 174 173 174 55 174 126 127 47 15 78 77 78 113 102 113 37 36 88 87 88 36 35 36 37 113 112 111 175 1 0 179 178 177 176 44 176 177 178 150 70 69 70 150 178 179 0 
69
116 116 
115 115 
114 114 
175 175 
111 111 
7 7 
58 58 
95 95 
49 49 
131 131 
29 29 
96 96 
27 27 
26 26 
25 25 
99 99 
98 98 
32 32 
63 63 
62 62 
61 61 
170 170 
84 84 
90 90 
72 72 
94 94 
93 93 
172 172 
109 109 
112 112 
113 113 
123 123 
122 122 
83 83 
81 81 
80 80 
17 17 
16 16 
73 73 
86 86 
152 152 
34 34 
4 4 
2 158 2 
15 15 
47 47 
147 147 
54 54 
53 53 
24 24 
22 22 
154 154 
153 153 
103 103 
106 106 
105 105 
9 9 
126 126 
173 173 
55 55 
77 77 
102 102 
87 87 
35 35 
178 178 
44 44 
150 150 
70 70 
69 69 
