L55 L131 L35 L5 L2 L6 L4 L43 L1 L13 L45 L0 L16 L20 L38 L1 L82 L1 L19 L0 L24 L31 L53 L55 
18
L55 L160 L177 L101 L132 L152 L196 L93 L64 L115 L143 L103 L142 L127 L70 L136 L105 L170 L104 L114 L141 L108 L178 L74 L56 L168 L76 L165 L134 L199 L193 L55 L71 L42 L15 L90 L69 L159 L119 L22 L185 L191 L54 
L131 L167 L195 L129 L59 L34 L30 L182 L87 L189 L184 L89 L95 L33 L186 L10 L8 L131 L50 L67 L102 L145 L68 L174 L23 L121 L112 
L35 L117 L190 L138 L37 L35 L166 L47 L96 L139 L7 L99 
L5 L41 L36 
L2 L144 L2 L133 
L6 L73 L94 L6 L158 
L4 L4 
L43 L43 
L45 L45 
L0 L0 
L16 L16 
L20 L20 
L38 L38 
L82 L82 
L19 L19 
L24 L24 
L31 L31 
L53 L53 
