101 100 99 91 96 98 94 92 97 93 90 95 83 81 80 88 89 86 87 85 84 82 88 79 77 76 72 73 75 70 55 51 50 54 59 57 53 52 58 56 52 41 44 46 45 43 48 42 47 40 49 10 15 19 11 16 18 14 12 13 17 68 64 67 60 69 63 61 62 66 65 28 27 25 24 22 29 26 21 23 20 74 71 78 75 37 32 30 31 39 36 38 34 33 35 4 1 0 7 2 5 8 6 9 3 0 100 101 
100
99 99 
91 91 
96 96 
98 98 
94 94 
92 92 
97 97 
93 93 
90 90 
95 95 
83 83 
81 81 
80 80 
88 88 
89 89 
86 86 
87 87 
85 85 
84 84 
82 82 
79 79 
77 77 
76 76 
72 72 
73 73 
75 75 
70 70 
55 55 
51 51 
50 50 
54 54 
59 59 
57 57 
53 53 
52 52 
58 58 
56 56 
41 41 
44 44 
46 46 
45 45 
43 43 
48 48 
42 42 
47 47 
40 40 
49 49 
10 10 
15 15 
19 19 
11 11 
16 16 
18 18 
14 14 
12 12 
13 13 
17 17 
68 68 
64 64 
67 67 
60 60 
69 69 
63 63 
61 61 
62 62 
66 66 
65 65 
28 28 
27 27 
25 25 
24 24 
22 22 
29 29 
26 26 
21 21 
23 23 
20 20 
74 74 
71 71 
78 78 
37 37 
32 32 
30 30 
31 31 
39 39 
36 36 
38 38 
34 34 
33 33 
35 35 
4 4 
1 1 
0 0 
7 7 
2 2 
5 5 
8 8 
6 6 
9 9 
3 3 
