Soda Northern Kiribati Lao Lesotho Macao Pitcairn Japan Pitcairn Palau Sao Kyrgyzstan Hong Latvia Moldova Sint Egypt Korea British Aruba Nigeria Rwanda Christmas Belize Saint New Estonia Iraq Germany Fiji Netherlands Kyrgyzstan Niger Algeria Republic Antigua Republic Burundi Congo Luxembourg Argentina Pakistan Saint Mayotte Ireland Mayotte Singapore Lebanon Finland Cambodia Jamaica Bulgaria Bahamas Indonesia Cyprus Albania United Burkina Malawi Burkina Soda 
47
Northern Northern 
Kiribati Kiribati 
Lao Lao 
Macao Macao 
Pitcairn Pitcairn 
Japan Japan 
Palau Palau 
Sao Sao 
Kyrgyzstan Kyrgyzstan 
Hong Hong 
Latvia Latvia 
Moldova Moldova 
Sint Croatia Sint 
Egypt Egypt 
Korea Korea 
British British 
Aruba Liberia Aruba 
Nigeria Nigeria 
Rwanda Rwanda 
Belize Belize 
Saint Saint 
New New 
Iraq Iraq 
Fiji Fiji 
Netherlands Netherlands 
Niger Niger 
Algeria Algeria 
Republic Republic 
Antigua Antigua 
Burundi Burundi 
Congo Congo 
Luxembourg Luxembourg 
Argentina Argentina 
Pakistan Pakistan 
Mayotte Mayotte 
Ireland Ireland 
Singapore Singapore 
Lebanon Lebanon 
Finland Finland 
Cambodia Cambodia 
Jamaica Jamaica 
Bahamas Bahamas Mexico 
Indonesia Indonesia 
Albania Albania 
United United 
Burkina Burkina 
Malawi Malawi 
