Soda Guadeloupe China Antigua Guyana Algeria Denmark Hong Aruba Australia Czech Belize Guam Botswana Bouvet Colombia Cocos Cayman Honduras Antarctica Bermuda Fiji Argentina Egypt Comoros Cuba Austria Central Angola Azerbaijan United Czech Cambodia Costa Soda 
25
Guadeloupe Guadeloupe 
China China 
Antigua Antigua 
Guyana Guyana 
Denmark Denmark 
Aruba Aruba 
Australia Australia 
Czech Czech 
Belize Belize 
Guam Guam 
Botswana Botswana 
Bouvet Bouvet 
Colombia Colombia 
Cocos Cocos 
Cayman Cayman 
Bermuda Bermuda 
Fiji Fiji 
Argentina Argentina 
Egypt Egypt 
Comoros Comoros 
Austria Austria 
Central Central 
Angola Angola 
United United 
Cambodia Cambodia 
