1 67 49 64 62 41 65 46 37 31 13 69 48 42 70 76 12 15 61 43 30 73 66 75 39 72 27 36 32 54 17 45 63 28 55 77 22 34 26 38 58 23 16 25 71 33 44 51 11 47 74 68 78 52 24 10 21 29 79 35 19 14 56 20 59 57 40 60 53 50 18 1 
70
67 67 
49 49 
64 64 
62 62 
41 41 
65 65 
46 46 
37 37 
31 31 
13 13 
69 69 
48 48 
42 42 
70 70 
76 76 
12 12 
15 15 
61 61 
43 43 
30 30 
73 73 
66 66 
75 75 
39 39 
72 72 
27 27 
36 36 
32 32 
54 54 
17 17 
45 45 
63 63 
28 28 
55 55 
77 77 
22 22 
34 34 
26 26 
38 38 
58 58 
23 23 
16 16 
25 25 
71 71 
33 33 
44 44 
51 51 
11 11 
47 47 
74 74 
68 68 
78 78 
52 52 
24 24 
10 10 
21 21 
29 29 
79 79 
35 35 
19 19 
14 14 
56 56 
20 20 
59 59 
57 57 
40 40 
60 60 
53 53 
50 50 
18 18 
