Meckgue Beldenn RepublicCity ZhaoFu Neddingtown TheVale TheWhompingWillow ThePrancingPony LakeLaogai Yunkai LakeLaogai Eggmanland TheWaystoneInn Eggmanland MadamMalkins Gizton Steeltown SerpantsPass Ademre SerpantsPass Winterfell Essos TheGodswood TheFae GooLagoon BikiniBottom Lorien ProBendingArena ShatteredPlains Braavos ShatteredPlains Urubaen Carvahall EasternAirTemple VaultofSouls Meckgue 
27
Meckgue TheUniversity Meckgue TheKrustyKrab 
Beldenn Grayburn Gotham Beldenn 
RepublicCity MysticRuins Vexhollow RepublicCity TreeofTime 
ZhaoFu Sanlow ZhaoFu 
Neddingtown BeyondtheWall 
TheVale TheVale Castamere TheBoilingRock 
ThePrancingPony ThePrancingPony 
LakeLaogai UtgardMountain LeakyCauldron LakeLaogai 
Yunkai EarthKingdom Yunkai 
TheWaystoneInn TheWaystoneInn Tartarus TheArcanum 
MadamMalkins Larcbost 
Gizton Gizton Netherfort 
Steeltown Dagobah Steeltown 
Ademre Ademre 
Winterfell Meereen Winterfell 
Essos KoralReef 
TheGodswood TheGodswood 
TheFae Kinecardine Keld 
GooLagoon GooLagoon Ellesmera 
BikiniBottom Murkcairn 
Lorien Lorien TheHogsHead 
ShatteredPlains TheSpine ShatteredPlains 
Braavos Braavos 
Urubaen FlourishBlotts Urubaen 
Carvahall Carvahall 
EasternAirTemple EasternAirTemple 
VaultofSouls VaultofSouls 
