Essos Toffingburg Dubwall Endor WitheredHeath TheHogsHead Kharbranth Hogwarts Bellechulish TheAturanEmpire Tartarus Riverrun WonderCity JarrensOutpost TheWall Urubaen Boatwright KnifesEdge TheCommonwealth Neddingtown KoralReef Alagaesia Alethkar Vintas Westeros Millhagen Newarre Peridrift Barkamsted Coalwatch Barkamsted Blagworth Helgrind TheFae Accrington MysticRuins MountOlympus MysticRuins TheSpine BeyondtheWall DiagonAlley Yll Penketh Castamere Karth Carvahall Severen Kharbranth BorginBurkes Essos Meckingbourne Atlantas Meckingbourne Astapor TheEolian TheSpiritWorld Essos 
45
Essos Essos TheRiverStyx 
Toffingburg Toffingburg JahKeved Lorien Jakku Aerodenn 
Dubwall RepublicCity Dubwall Tarbean BaSingSe TheReshiIsles Gizton FleaBottom Bobbingbourne 
Endor Endor SatishVille 
WitheredHeath WitheredHeath Lockinge Soda WesternAirTemple TheEyrie Meereen Arkham 
TheHogsHead ShatteredPlains ShriekingShack FlourishBlotts CaveofTwoLovers 
Kharbranth TheChumBucket Neddington 
Hogwarts Hogwarts GooLagoon Blackwater Sanlow 
Bellechulish Trebon Shinovar 
TheAturanEmpire Netherfort Hogsmead TheVale TheWhompingWillow Ademre 
Tartarus Tartarus TheUnderworld 
Riverrun Steeltown Riverrun 
WonderCity ProBendingArena 
JarrensOutpost JarrensOutpost Keld 
TheWall Omashu DuWeldenvarden Ivormere 
Urubaen Azir Urubaen FireNation 
Boatwright Boatwright Duskhollow 
KnifesEdge KnifesEdge TheGreatDivide Alderaan 
TheCommonwealth TheCommonwealth HighGarden Batcave 
Neddingtown Neddingtown Grimbarrow 
KoralReef Ellesmera Arrowcave Winterfell 
Alethkar Arcwallow TheBoilingRock Alethkar 
Vintas Vintas 
Westeros Westeros 
Millhagen BikiniBottom 
Newarre Newarre Dragonstone Braavos 
Peridrift Chrofall Peridrift 
Barkamsted Barkamsted TheGodswood 
Blagworth TheKrustyKrab 
Helgrind Helgrind 
TheFae TheFae Toperhagen 
Accrington Accrington 
MountOlympus MountOlympus Valyria CastleBlack 
TheSpine TheSpine 
BeyondtheWall BeyondtheWall 
DiagonAlley DiagonAlley 
Yll Yll 
Penketh Penketh 
Castamere Castamere 
Karth Karth 
Carvahall Carvahall 
Severen Severen 
Atlantas Atlantas 
Astapor Astapor 
TheSpiritWorld TheSpiritWorld 
