FleaBottom Bobbingbourne Urubaen Trebon SatishVille Ebonfall GringottsBank Batcave Eggmanland SatishVille TheGreatDivide TheBurningPlains TheGreatDivide Dagobah TheVale Lorien Glimthain UtgardMountain TheBoilingRock Ademre Vroengard Vintas HighGarden Yll MinistryofMagic Accrington Carvahall Westopolis Arkham RockofKuthian Olivanders KingsLanding IronIslands ShriekingShack TheSpine Coalwatch TheSpine TheAturanEmpire FleaBottom 
25
Bobbingbourne Bobbingbourne 
Urubaen Urubaen 
Trebon Trebon 
SatishVille SatishVille 
Ebonfall Ebonfall 
GringottsBank GringottsBank 
Batcave Batcave 
Eggmanland Eggmanland 
TheGreatDivide TheGreatDivide 
TheBurningPlains TheBurningPlains 
TheVale TheVale 
Glimthain Glimthain 
UtgardMountain UtgardMountain 
TheBoilingRock TheBoilingRock 
Ademre Ademre 
Vintas Vintas 
HighGarden HighGarden 
Yll Yll 
MinistryofMagic MinistryofMagic 
Accrington Accrington 
Westopolis Westopolis 
Arkham Arkham 
Olivanders Olivanders 
ShriekingShack ShriekingShack 
Coalwatch Coalwatch 
