21 174 48 134 94 159 40 35 61 147 29 115 91 169 32 114 82 27 31 133 151 144 122 163 129 102 167 90 10 30 23 30 75 178 78 119 17 176 186 190 188 56 152 131 135 139 103 12 51 177 46 105 38 50 116 172 24 170 62 85 20 87 154 100 53 72 137 45 168 125 36 108 15 42 7 16 120 156 160 130 68 81 136 194 88 18 60 34 74 49 149 95 146 118 146 2 142 121 142 97 37 54 21 
92
21 21 
48 48 
134 134 
159 159 
40 40 
61 61 
147 147 
29 29 
115 115 
91 91 
169 169 
32 32 
114 114 
82 82 
27 27 
31 31 
133 133 
151 151 184 
144 144 
122 122 
163 163 
102 102 
167 167 
90 90 
10 10 180 
30 30 
23 23 
75 96 75 
178 178 
78 78 
119 119 
17 17 
176 176 
186 186 
190 190 
188 188 
56 56 
152 152 
131 131 
135 135 
139 139 196 
103 103 
51 51 
177 177 
46 46 
105 105 
38 38 
116 116 
172 172 
24 24 
170 170 
62 62 
20 20 
87 87 
154 154 
100 100 
53 53 
72 72 
137 137 
45 45 
168 168 
125 125 
36 36 
108 108 
15 127 15 
42 42 
7 47 7 
16 16 
120 14 120 
156 156 
160 160 
130 130 
68 68 
81 81 
136 136 
194 194 
88 88 
18 18 
60 60 
34 34 64 
74 74 
49 49 
149 149 
95 95 
146 146 
118 118 
2 2 
142 142 
121 121 
97 97 
37 37 
54 54 
