1FoundersRock 32DeltaPhiEpsilon 69VarsityBerkeley 67InternationalHouse 35ChanningBowdwitch 74Martinez 70Stonefire 34Martinez 63Unit3 62Unit2 55Hilgard 53Durant 46DoeLibrary 60Ehrman 56Giannini 49SatherGate 48Esplanade 76CasaZimbabwe 39SanFransisco 42UniversityHouse 41FoundersRock 77OtherCoop 33Wada 73Wada 79SanFransisco 31Hillegass 72DeltaPhiEpsilon 66ClarkKerr 80Oaktown 68SodaHall 37OtherCoop 61Unit1 75ChanningBowdwitch 65Foothill 58NorthGate 45HearstMemorial 59SouthHall 47SatherTower 54Wellman 51HearstGymnasium 44HearstGreekTheatre 38RajProperties 52California 40Oaktown 78RajProperties 71Hillegass 64Blackwell 57Wheeler 50Bridge 43FacultyClub 36CasaZimbabwe 1FoundersRock 
50
32DeltaPhiEpsilon 32DeltaPhiEpsilon 
69VarsityBerkeley 69VarsityBerkeley 
67InternationalHouse 67InternationalHouse 
35ChanningBowdwitch 35ChanningBowdwitch 
74Martinez 74Martinez 
70Stonefire 70Stonefire 
34Martinez 34Martinez 
63Unit3 63Unit3 
62Unit2 62Unit2 
55Hilgard 55Hilgard 
53Durant 53Durant 
46DoeLibrary 46DoeLibrary 
60Ehrman 60Ehrman 
56Giannini 56Giannini 
49SatherGate 49SatherGate 
48Esplanade 48Esplanade 
76CasaZimbabwe 76CasaZimbabwe 
39SanFransisco 39SanFransisco 
42UniversityHouse 42UniversityHouse 
41FoundersRock 41FoundersRock 
77OtherCoop 77OtherCoop 
33Wada 33Wada 
73Wada 73Wada 
79SanFransisco 79SanFransisco 
31Hillegass 31Hillegass 
72DeltaPhiEpsilon 72DeltaPhiEpsilon 
66ClarkKerr 66ClarkKerr 
80Oaktown 80Oaktown 
68SodaHall 68SodaHall 
37OtherCoop 37OtherCoop 
61Unit1 61Unit1 
75ChanningBowdwitch 75ChanningBowdwitch 
65Foothill 65Foothill 
58NorthGate 58NorthGate 
45HearstMemorial 45HearstMemorial 
59SouthHall 59SouthHall 
47SatherTower 47SatherTower 
54Wellman 54Wellman 
51HearstGymnasium 51HearstGymnasium 
44HearstGreekTheatre 44HearstGreekTheatre 
38RajProperties 38RajProperties 
52California 52California 
40Oaktown 40Oaktown 
78RajProperties 78RajProperties 
71Hillegass 71Hillegass 
64Blackwell 64Blackwell 
57Wheeler 57Wheeler 
50Bridge 50Bridge 
43FacultyClub 43FacultyClub 
36CasaZimbabwe 36CasaZimbabwe 
