s h129 h171 h111 h178 h117 h187 h165 h148 h174 h179 h194 h120 h156 h114 h110 h107 h113 h112 h187 h121 h158 l52 h199 h136 h149 h146 h100 h118 h102 h132 h128 h151 h125 l11 h177 h181 h144 h142 h189 h155 h189 h140 h160 h134 s 
43
s h167 
h129 h104 h129 
h171 h130 h171 h190 
h111 h101 h111 h127 h182 
h178 h106 h172 h178 h180 h198 
h117 h117 h122 h157 
h187 h184 h187 h192 
h165 h105 h147 h165 
h148 h115 h148 h153 
h174 h161 h174 h176 
h179 h179 
h194 h175 h194 
h120 h120 h133 h154 
h156 h156 h164 h196 
h114 h103 h114 h135 
h110 h110 h173 
h107 h107 
h113 h113 
h112 h109 h112 h159 
h121 h121 h193 
h158 h123 h150 h158 
l52 h162 h185 
h199 h139 h199 
h136 h136 
h149 h143 h149 
h146 h146 
h100 h100 h188 
h118 h118 h131 h169 
h102 h102 
h132 h132 
h128 h108 h128 
h151 h124 h151 h163 h186 
h125 h125 h195 
l11 h116 h166 h183 
h177 h177 
h181 h141 h170 h181 
h144 h144 
h142 h142 
h189 h137 h189 
h155 h119 h155 h191 
h140 h138 h140 h152 
h160 h145 h160 h168 
h134 h126 h134 h197 
