node139 node166 node19 node84 node130 node95 node117 node184 node83 node94 node38 node85 node42 node36 node165 node36 node50 node30 node173 node99 node134 node169 node186 node98 node186 node164 node53 node20 node37 node178 node162 node49 node86 node97 node72 node193 node141 node65 node196 node41 node66 node129 node109 node111 node200 node9 node181 node21 node56 node182 node148 node52 node150 node146 node33 node125 node123 node143 node140 node188 node73 node26 node1 node57 node51 node89 node107 node116 node183 node149 node104 node16 node47 node92 node157 node24 node154 node61 node102 node48 node121 node163 node120 node3 node43 node195 node59 node114 node191 node159 node167 node180 node158 node152 node12 node60 node96 node8 node52 node22 node27 node192 node5 node17 node124 node54 node108 node63 node10 node24 node139 
87
node19 node19 
node84 node84 
node130 node130 
node117 node117 
node184 node184 
node94 node94 
node38 node38 
node85 node100 node85 node18 
node42 node42 
node165 node165 
node50 node50 
node30 node30 
node173 node173 
node99 node190 
node134 node134 
node169 node169 
node186 node186 
node98 node119 node98 
node53 node53 
node20 node20 node112 
node37 node37 node80 
node178 node178 
node162 node162 
node49 node49 node71 
node86 node86 
node97 node126 node97 
node72 node72 
node193 node185 
node141 node141 
node65 node65 
node41 node41 
node66 node66 
node129 node129 node55 
node109 node109 
node111 node111 
node200 node200 
node181 node181 
node56 node56 
node182 node182 
node52 node52 
node146 node146 
node33 node33 
node125 node125 
node123 node123 
node143 node143 
node188 node188 
node73 node73 
node26 node26 
node1 node1 
node57 node57 
node51 node51 
node107 node107 
node116 node116 
node149 node149 
node16 node16 
node47 node47 
node92 node92 node160 
node157 node157 
node24 node24 
node154 node154 
node61 node61 
node102 node102 
node48 node48 
node163 node163 
node3 node3 
node195 node195 
node59 node59 
node114 node114 
node191 node191 
node159 node159 
node167 node167 
node180 node180 
node158 node158 
node152 node152 
node12 node12 
node60 node60 
node96 node96 
node8 node8 
node22 node22 node81 
node27 node27 
node192 node192 
node5 node5 
node17 node17 
node124 node124 
node54 node54 
node108 node108 
node10 node10 
