507 16eff 26a5d 27972 200ca 22902 9bd9 18822 11988 11e8f ec49 4662 25b48 20fdf 1d892 2f21a 33375 38df3 13cb9 15fea 3012f 360b4 24c33 1a64c 3387c 374d0 5577 e742 10065 2fc28 1831b d326 507 
32
507 164f1 2c9e2 
16eff 16eff 648c 
26a5d 26a5d 2513a 12396 
27972 1ecae 27972 91cb 2a6b1 
200ca 200ca 374d 23817 
22902 22902 26f64 356a6 
9bd9 9bd9 150d5 6993 2604f c411 
18822 1056c 18822 
11988 3c54 11988 2b5c6 
11e8f aff5 32460 169f8 11e8f 
ec49 155dc 1e2a ec49 
4662 82b6 4662 32e6e 
25b48 1923 19737 23d1e 25b48 
20fdf dd34 20fdf 1f1b5 
1d892 1d892 379d7 
2f21a 2f21a 17e14 2472c 
33375 33375 78a8 1ab53 
38df3 38df3 1790d 
13cb9 36ac2 13cb9 
15fea 146c7 15fea 1ba68 
3012f 22e09 214e6 3012f ba03 1dd99 3246 
360b4 27e79 8cc4 2cee9 360b4 28d8e 
24c33 2e305 24c33 
1a64c 1a64c 
3387c 2b0bf 3387c 23310 
374d0 374d0 2bacd 
5577 5577 30636 
e742 e742 2ddfe 31a52 
10065 10065 3428a c918 1c97d 
2fc28 2d8f7 2fc28 25641 36fc9 
1831b 18d29 4b69 1831b 
d326 d326 d82d 388ec 
