node0 node184 node134 node135 node24 node189 node166 node70 node194 node178 node8 node138 node119 node133 node180 node141 node101 node6 node151 node169 node197 node163 node177 node155 node177 node128 node152 node170 node13 node126 node168 node188 node173 node107 node57 node165 node154 node127 node118 node110 node157 node183 node196 node0 
41
node0 node162 node191 
node184 node130 node184 
node134 node112 node134 node153 
node135 node102 node124 node135 
node24 node174 
node189 node104 node189 
node166 node105 node166 
node70 node123 node140 node160 node176 node199 
node194 node194 
node178 node178 
node138 node138 
node119 node114 node119 
node133 node122 node133 
node180 node180 
node141 node141 node179 
node101 node101 node132 node186 
node6 node185 node187 
node151 node111 node151 
node169 node169 node193 
node197 node100 node109 node161 node182 node197 
node163 node163 
node177 node177 
node155 node116 node142 node155 
node128 node121 node125 node128 
node152 node152 node158 node159 node171 node181 
node170 node131 node150 node170 
node13 node145 node147 node172 node190 
node126 node103 node126 
node168 node168 node198 
node188 node188 node195 
node173 node167 node173 
node107 node107 node156 
node57 node143 
node165 node115 node144 node165 
node154 node149 node154 
node127 node113 node127 node139 
node118 node106 node118 node148 node164 node175 
node110 node110 node117 node120 node192 
node157 node146 node157 
node183 node108 node136 node137 node183 
node196 node129 node196 
