node0 node25 node35 node32 node41 node29 node31 node48 node38 node28 node27 node34 node46 node9 node44 node7 node33 node43 node36 node40 node49 node21 node37 node11 node12 node47 node42 node0 
22
node25 node25 
node35 node35 
node32 node32 
node41 node41 
node29 node29 
node31 node31 
node48 node48 
node38 node38 
node28 node28 
node27 node27 
node34 node34 
node46 node46 
node44 node44 
node33 node33 
node43 node43 
node36 node36 
node40 node40 
node49 node49 
node37 node37 
node11 node26 node30 
node47 node39 node45 node47 
node42 node42 
