73 34 64 65 64 34 38 66 37 46 50 51 45 47 17 23 27 30 29 28 11 25 11 42 11 14 11 24 11 26 21 44 11 41 19 57 19 56 61 36 59 37 75 35 55 35 20 11 22 60 22 33 11 4 3 2 6 2 5 2 8 2 7 2 11 19 53 40 53 62 77 62 68 67 63 71 34 72 73 
50
34 34 
64 64 
65 65 
38 38 
66 66 
37 37 
50 50 
51 51 
45 45 
47 47 
23 23 
27 27 
30 30 
29 29 
28 28 
11 11 
25 25 
42 42 
14 14 
24 24 
26 26 
44 44 
41 41 
19 19 
57 57 
56 56 
61 61 
36 36 
59 59 
75 75 
55 55 
20 20 
22 22 
60 60 
33 33 
4 4 
3 3 
2 2 
6 6 
5 5 
8 8 
7 7 
53 53 
40 40 
77 77 
68 68 
67 67 
63 63 
71 71 
72 72 
