8 97 105 152 105 49 47 66 106 153 98 145 108 40 90 89 87 85 16 17 21 28 102 149 188 187 169 118 60 39 38 100 147 159 168 116 155 144 82 125 174 121 124 82 8 2 7 29 4 33 53 69 52 97 126 80 5 8 
50
97 97 
105 164 165 105 68 142 
152 185 152 
49 49 65 30 
47 63 47 
66 66 64 
106 54 113 70 
153 153 
98 99 
145 145 
108 167 
40 88 26 42 40 
90 90 
89 137 136 89 135 91 
87 87 23 
85 127 85 
16 19 35 83 
17 17 
21 25 21 
28 22 93 
102 102 45 95 
149 160 179 181 
188 183 188 
187 193 171 
169 191 169 109 
118 118 78 
60 73 61 
39 59 39 
38 24 38 
100 100 
147 147 182 
159 192 
168 168 190 
116 115 116 
144 144 
82 82 6 79 
125 125 
174 172 174 
121 121 173 
124 124 
2 2 
29 29 3 
4 4 
33 33 
53 71 53 72 
69 55 69 51 
52 52 
126 126 
80 123 80 120 
5 5 
