0 1 12 1 18 1 19 3 9 3 13 17 13 3 19 1 0 8 4 10 6 10 4 15 4 16 24 16 4 8 11 22 11 8 0 7 2 5 2 7 25 7 0 80 119 118 117 116 115 114 113 112 111 110 109 108 107 106 105 104 103 102 101 100 99 98 97 96 95 94 93 92 91 90 89 88 87 86 85 84 83 82 81 80 0 
42
0 14 29 30 33 44 52 60 66 71 79 
1 1 21 28 45 58 
12 12 26 63 129 
18 18 62 
19 19 
3 3 27 41 49 54 
9 9 35 48 68 
13 13 
17 17 32 
8 8 51 57 65 75 
4 4 38 43 69 
10 10 36 40 74 
6 6 20 31 34 53 73 
15 15 47 
16 16 
24 24 61 
11 11 46 64 
22 22 76 
7 7 
2 2 23 42 55 56 67 70 72 77 
5 5 37 39 50 78 
25 25 59 
80 80 
118 118 
116 116 
114 114 
112 112 
110 110 
108 108 
106 106 
104 104 
102 102 
100 100 
98 98 
96 96 
94 94 
92 92 
90 90 
88 88 
86 86 
84 84 
82 82 
