USZWPSB RBNAR APIOYKU TGPYEAP DKINCMT JEGRK GEGFOSJ YOUZA WTQCHXQ FZGDAQKRC FZNKCK RQWCFDHW MSHZNEX RJDHJFNIN HWJUZVNH DFFFG VVSNO BLXWCB NIVCBBO RUGMYM AOVKACB EMAAQWO AOVKACB EFOWXJQKY MWXYLX EFOWXJQKY DIXXP NBRZI BCHOPGEE EPJHOESBB BCHOPGEE AHZYCQM ORCMU XQOMNCXDB XHMMLM GNXDBJSVR YCGJNQA NHNDWOH ZEZKNGTK SIJTRDMKR XZUPVI JOXQIX EHQRYBZ RGLCPSJQE VWHRKOPZ ZKGYGD NCPEGX OLUPAJLP URZULNA CWLLCM YVIRIDDRA HEFYBKPUF YKOGGTNN OVKLH NZJGYK UBODMUMJ NZJGYK LYRSZA MRXNI MOXGRP VBAQD SIAFKK VBAQD HSAIPP HSJUMJH BHAMV QMHLIXVD KAUIIR TOAKXEQ PJXURKPC JVWIZDBS JQHORKB JEGRK USZWPSB 
66
USZWPSB USZWPSB GALHVZ HVERBTBS 
RBNAR XENTNT RBNAR 
APIOYKU APIOYKU 
TGPYEAP TGPYEAP 
DKINCMT DKINCMT FLOTLYFG 
JEGRK FPWMJC JEGRK 
GEGFOSJ GEGFOSJ ILXWSRIC 
YOUZA YOUZA 
WTQCHXQ CCTJZN WTQCHXQ 
FZGDAQKRC FZGDAQKRC 
FZNKCK YFEZIO FZNKCK 
RQWCFDHW RQWCFDHW 
MSHZNEX MSHZNEX RVPJHZLQQ 
RJDHJFNIN RJDHJFNIN 
HWJUZVNH SICVXMLGL HWJUZVNH 
DFFFG DFFFG 
VVSNO VVSNO 
BLXWCB BLXWCB RGSOR 
NIVCBBO EJXSCSGM NIVCBBO KRUSUHB 
RUGMYM RUGMYM ACYPAPBPW 
AOVKACB AOVKACB RLWAP 
EMAAQWO EMAAQWO VFEEU 
EFOWXJQKY EFOWXJQKY 
MWXYLX MWXYLX FJQMKJNWE 
DIXXP DIXXP 
NBRZI NBRZI 
BCHOPGEE BCHOPGEE 
EPJHOESBB EPJHOESBB 
AHZYCQM AHZYCQM 
ORCMU ORCMU 
XQOMNCXDB XQOMNCXDB JXLFSOAT AXCWU 
XHMMLM XHMMLM 
GNXDBJSVR GNXDBJSVR 
YCGJNQA LNDUQDYSK 
NHNDWOH NHNDWOH 
ZEZKNGTK ZEZKNGTK 
SIJTRDMKR APBFJMOOF 
XZUPVI UDNWTRHT XZUPVI 
JOXQIX JOXQIX YAETAC 
EHQRYBZ EHQRYBZ 
RGLCPSJQE RGLCPSJQE ANHOTJN 
VWHRKOPZ VWHRKOPZ 
ZKGYGD ZNZOQPE ZKGYGD 
NCPEGX NCPEGX 
OLUPAJLP OLUPAJLP GLYDZ 
CWLLCM CWLLCM 
YVIRIDDRA YVIRIDDRA 
HEFYBKPUF HEFYBKPUF 
YKOGGTNN YKOGGTNN AIGGLZT 
OVKLH TTXGTNV OVKLH 
NZJGYK NZJGYK 
UBODMUMJ UBODMUMJ 
LYRSZA LYRSZA TQSCIQTX HNOOUELP 
MRXNI MRXNI XSWDY 
MOXGRP MOXGRP WEXBJV 
VBAQD VBAQD 
SIAFKK SIAFKK 
HSAIPP HSAIPP 
HSJUMJH HSJUMJH 
BHAMV BHAMV 
QMHLIXVD QMHLIXVD VWNAJFRNG 
KAUIIR KAUIIR MYDTJZPES 
TOAKXEQ TOAKXEQ 
PJXURKPC NTZSZ PJXURKPC FCWRH 
JVWIZDBS JVWIZDBS 
JQHORKB JQHORKB 
