UMUCUTWAW OIPVAKF AWQOWSNYN VSMLVXSP OMBFD DTDALTLH ZFMGDWP CRSMUEPQG VHHVQ ZLYFI TCXWZV JJAQQ CJLYWOAQ OWLFACDII GVNFQM XGGIUBVDN GUDSRTKLA MNWMWDXCQ UMUCUTWAW STQNQT YFKIFTRS XJOXYWA VHLSP ZSHRTZVKO EGEASKKIE MHXHJGEF TJFSEUB AOWYQNAYA JYHRZJJDG UMUCUTWAW 
24
OIPVAKF OIPVAKF FVKLDY 
AWQOWSNYN AWQOWSNYN 
VSMLVXSP RRFKVFYKR IZNSKNS VSMLVXSP PLYPQBTP 
OMBFD KAYADTT OMBFD QOHWG 
ZFMGDWP ZFMGDWP ZPFHBWI 
CRSMUEPQG CRSMUEPQG 
VHHVQ VASGY VHHVQ 
ZLYFI ZLYFI 
TCXWZV CNINRTR YNHRBC TCXWZV 
JJAQQ JOWHZXTIA TNKNMUFI JJAQQ 
CJLYWOAQ CJLYWOAQ JVYIBRJ DQOPCH 
GVNFQM GVNFQM 
XGGIUBVDN WRQUJ TNSRRJCDD XGGIUBVDN 
GUDSRTKLA GUDSRTKLA WEPDZ 
MNWMWDXCQ MNWMWDXCQ MWTSDF 
STQNQT STQNQT 
YFKIFTRS YFKIFTRS UENPUJ 
XJOXYWA KUUVZB XJOXYWA ELILXSR 
VHLSP VHLSP 
ZSHRTZVKO ZSHRTZVKO 
EGEASKKIE SUIOZK RDTQTJB EGEASKKIE 
MHXHJGEF YPXLG MHXHJGEF 
TJFSEUB TJFSEUB 
AOWYQNAYA XWBHEYXJU AOWYQNAYA USUVN 
