NENJIT XAUNPSJR DYDBSTHU MXOUMOMJ RZCLRJW RIEJGXSA HJANXPSU KQUKCKTD CQLIWA SPKBX PQHUEQ KUTCUN FULIXB UUBADXD QMQDBY XYVFHKPGH EIPVED LFAYEWG XVEIIY WTGBMM PRANHUZWO NDFUIQRA ZRBGORXP HJANXPSU PEHTVQXDW MXPVTEZCH UEMUXMRIZ XAUNPSJR NENJIT 
25
XAUNPSJR XAUNPSJR 
DYDBSTHU DYDBSTHU 
MXOUMOMJ MXOUMOMJ 
RZCLRJW RZCLRJW 
RIEJGXSA RIEJGXSA 
HJANXPSU HJANXPSU 
KQUKCKTD KQUKCKTD 
CQLIWA CQLIWA 
SPKBX SPKBX 
PQHUEQ PQHUEQ 
KUTCUN KUTCUN 
FULIXB FULIXB 
UUBADXD UUBADXD 
QMQDBY QMQDBY 
XYVFHKPGH XYVFHKPGH 
EIPVED EIPVED 
LFAYEWG LFAYEWG 
XVEIIY XVEIIY 
WTGBMM WTGBMM 
PRANHUZWO PRANHUZWO 
NDFUIQRA NDFUIQRA 
ZRBGORXP ZRBGORXP 
PEHTVQXDW PEHTVQXDW 
MXPVTEZCH MXPVTEZCH 
UEMUXMRIZ UEMUXMRIZ 
