73 173 196 163 89 49 115 26 58 52 162 185 135 82 98 70 167 186 197 42 75 191 71 48 99 159 99 101 39 171 112 47 138 154 168 55 109 40 95 60 21 77 127 27 117 62 61 0 192 118 176 123 136 14 63 11 110 184 153 68 189 119 169 66 155 128 145 128 161 72 195 16 54 125 76 194 53 57 129 7 44 81 187 122 41 194 15 24 96 133 19 82 107 190 166 2 147 183 83 175 6 12 92 10 124 143 37 12 35 73 
100
73 73 
173 173 
196 196 
163 163 
89 89 
49 49 
115 115 
26 26 
58 58 
52 52 
162 162 
185 185 
135 135 
82 82 
98 98 
70 70 
167 167 
186 186 
197 197 
42 42 
75 75 
191 191 
71 71 
48 48 
99 99 
159 159 
101 101 
39 39 
171 171 
112 112 
47 47 
138 138 
154 154 
168 168 
55 55 
109 109 
40 40 
95 95 
60 60 
21 21 
77 77 
127 127 
27 27 
62 62 
61 61 
0 0 
192 192 
118 118 
176 176 
123 123 
136 136 
63 63 
11 11 
110 110 
184 184 
153 153 
68 68 
189 189 
119 119 
169 169 
66 66 
155 155 
128 128 
145 145 
161 161 
72 72 
195 195 
16 16 
125 125 
76 76 
194 194 
53 53 
57 57 
129 129 
7 7 
44 44 
81 81 
187 187 
122 122 
41 41 
15 15 
24 24 
96 96 
133 133 
19 19 
107 107 
190 190 
166 166 
2 2 
183 183 
83 83 
175 175 
6 6 
12 12 
92 92 
10 10 
124 124 
143 143 
37 37 
35 35 
