132 126 122 100 92 88 173 27 31 17 146 149 194 171 160 80 62 46 44 36 3 8 33 41 61 75 154 113 101 91 132 
29
126 126 176 
122 122 118 
100 100 104 102 98 106 108 
92 96 92 
88 86 88 90 
173 173 185 
27 25 28 27 26 
31 31 
17 137 17 
146 189 138 161 146 
149 188 136 149 
194 196 193 197 135 194 181 198 
171 171 159 133 156 167 183 152 
160 160 166 76 182 
80 80 72 78 82 
62 60 64 68 66 56 62 
46 46 
44 38 44 40 142 
36 36 
3 3 5 6 2 
8 8 9 177 13 180 148 
33 33 35 
41 45 39 41 
61 47 61 
75 155 81 77 75 
154 162 184 154 192 
113 195 109 113 
101 101 97 105 
91 95 85 87 91 
