97 68 95 84 75 6 87 19 21 23 33 35 86 100 79 96 45 47 49 51 53 61 63 65 16 15 14 13 10 58 62 60 56 52 54 48 44 88 99 94 40 36 28 30 24 20 5 7 8 67 71 97 
50
68 68 
95 95 
84 84 
75 75 
6 6 
87 87 
19 19 
21 21 
23 23 
33 33 
35 35 
86 86 
100 100 
79 79 
96 96 
45 45 
47 47 
49 49 
51 51 
53 53 
61 61 
63 63 
65 65 
16 16 
15 15 
14 14 
13 13 
10 10 
58 58 
62 62 
60 60 
56 56 
52 52 
54 54 
48 48 
44 44 
88 88 
99 99 
94 94 
40 40 
36 36 
28 28 
30 30 
24 24 
20 20 
5 5 
7 7 
8 8 
67 67 
71 71 
