Building99 Building98 Building15 Building18 Building15 Building20 Building12 Building10 Building9 Building4 Building8 Building6 Building28 Building23 Building32 Building38 Building29 Building38 Building32 Building23 Building26 Building79 Building77 Building76 Building55 Building60 Building59 Building57 Building59 Building60 Building74 Building62 Building71 Building67 Building48 Building50 Building51 Building61 Building43 Building52 Building55 Building45 Building96 Building89 Building90 Building91 Building90 Building89 Building98 Building99 
27
Building18 Building18 Building16 
Building20 Building20 Building21 
Building12 Building12 
Building9 Building9 
Building8 Building0 Building8 Building7 Building5 
Building6 Building6 
Building28 Building28 
Building23 Building23 Building25 
Building29 Building41 Building42 Building39 Building33 
Building26 Building26 
Building77 Building81 
Building76 Building76 
Building55 Building55 
Building57 Building68 Building57 
Building74 Building74 
Building62 Building62 
Building71 Building53 Building44 Building71 
Building67 Building67 
Building50 Building50 
Building51 Building51 
Building61 Building61 Building63 
Building43 Building43 
Building52 Building66 Building52 
Building45 Building47 Building69 Building49 
Building96 Building96 Building92 Building83 Building85 Building82 
Building89 Building97 Building94 Building93 
Building91 Building91 Building88 
