Building65 Building66 Building64 Building66 Building99 Building14 Building13 Building21 Building13 Building18 Building24 Building22 Building53 Building51 Building53 Building22 Building23 Building12 Building88 Building12 Building14 Building29 Building95 Building94 Building70 Building77 Building73 Building36 Building44 Building41 Building4 Building8 Building7 Building59 Building62 Building63 Building61 Building57 Building64 Building66 Building65 
28
Building66 Building83 
Building64 Building64 
Building99 Building99 
Building14 Building10 
Building13 Building13 
Building21 Building16 Building11 
Building18 Building20 Building30 
Building24 Building24 Building31 Building32 Building25 
Building22 Building22 
Building51 Building54 Building55 Building51 
Building23 Building27 
Building88 Building84 Building88 Building91 
Building29 Building15 
Building95 Building92 
Building94 Building96 Building94 Building97 
Building70 Building76 Building80 
Building77 Building79 Building81 
Building73 Building71 Building82 Building73 
Building36 Building36 Building46 
Building44 Building44 Building33 
Building41 Building42 Building35 Building41 Building37 Building45 
Building4 Building4 
Building8 Building8 Building1 
Building7 Building3 
Building59 Building59 
Building63 Building58 
Building61 Building61 
Building57 Building57 
