140 135 108 28 123 176 55 83 57 84 13 122 51 122 102 107 50 44 145 178 22 112 62 137 197 97 93 173 93 39 93 190 146 94 146 186 148 134 59 62 167 9 96 18 77 152 170 186 161 27 150 50 134 128 149 179 7 179 125 76 125 23 65 23 154 6 180 41 180 184 85 14 91 158 95 158 160 4 49 117 49 1 196 10 196 12 166 8 150 56 159 47 182 104 25 127 168 29 151 147 73 82 89 35 139 19 53 169 162 36 61 177 32 115 130 79 11 19 21 45 5 34 134 42 80 40 80 133 114 133 28 123 153 140 
93
135 135 
108 108 
123 123 
176 176 
55 55 
83 83 142 
57 57 
84 175 84 
13 13 
51 51 
102 102 
50 50 
44 44 
178 178 
22 22 
112 112 
62 62 
197 197 
97 97 
93 93 
173 173 
39 39 
190 190 
146 146 
94 94 
186 186 
134 134 
59 59 
167 167 
9 9 
96 96 
18 18 
77 77 
170 170 
27 27 
150 150 
128 128 
179 179 
7 7 
125 125 
76 76 
65 65 
154 154 
6 6 
41 41 101 
85 85 
14 14 
158 158 
95 95 
160 160 
4 103 4 
49 49 
117 117 
196 196 
10 10 
12 193 12 
166 166 
8 8 
56 56 
159 159 
47 47 
182 182 
104 104 
25 132 25 
127 127 
168 168 
29 29 
151 151 
73 73 
82 82 
89 89 
35 35 
139 139 
19 19 
53 53 
169 169 
36 36 
61 61 
177 177 
32 32 
115 115 
130 130 
79 79 
11 11 
21 21 
45 45 
5 5 
42 42 
80 80 
40 40 
133 185 133 
114 114 
153 153 
