92 28 72 77 41 19 0 76 94 16 45 26 1 26 63 49 55 90 17 90 35 32 35 90 18 23 91 3 70 3 91 23 86 61 64 54 12 51 21 85 74 37 67 29 10 29 99 87 24 60 43 20 43 50 22 11 97 5 34 58 46 44 57 91 3 93 59 92 
43
72 72 
19 19 
0 0 68 
76 65 95 
94 94 
16 78 16 
45 45 
1 1 
63 63 
55 55 
90 90 
17 17 
35 35 
32 32 
18 18 
23 23 
3 3 
70 70 33 
86 86 
61 61 
64 64 
54 54 
12 12 
21 21 
85 85 
74 74 
37 37 
29 29 
10 10 
87 87 
24 24 
43 73 
20 20 
50 50 
11 11 
97 97 47 
5 5 
34 13 2 
46 46 14 
44 44 
57 57 
93 93 
59 59 
