TA0 TA36 TA35 TA9 TA62 TA73 TA7 TA6 TA7 TA18 TA19 TA17 TA16 TA12 TA33 TA32 TA58 TA32 TA31 TA42 TA41 TA90 TA89 TA90 TA91 TA92 TA8 TA49 TA37 TA39 TA38 TA47 TA48 TA84 TA85 TA24 TA25 TA26 TA27 TA79 TA80 TA81 TA82 TA54 TA10 TA0 
35
TA0 TA1 TA99 
TA36 TA36 
TA35 TA76 TA71 TA35 
TA9 TA9 
TA62 TA64 TA62 TA63 TA61 
TA73 TA73 
TA7 TA7 
TA6 TA6 
TA18 TA18 
TA19 TA19 
TA12 TA12 
TA33 TA33 
TA32 TA32 
TA58 TA58 TA59 
TA42 TA42 
TA41 TA40 
TA90 TA90 
TA89 TA89 
TA92 TA94 TA92 
TA8 TA8 
TA49 TA50 TA49 
TA39 TA39 
TA38 TA38 
TA47 TA47 TA46 
TA48 TA48 
TA84 TA84 
TA85 TA86 TA85 
TA24 TA23 TA24 
TA25 TA25 
TA26 TA26 TA21 
TA27 TA27 TA28 TA56 
TA80 TA80 
TA81 TA81 
TA54 TA54 
TA10 TA10 
