TA0 TA1 TA2 TA3 TA51 TA50 TA49 TA48 TA47 TA46 TA45 TA44 TA43 TA44 TA45 TA46 TA47 TA48 TA197 TA64 TA65 TA66 TA67 TA66 TA134 TA62 TA184 TA11 TA10 TA9 TA8 TA183 TA92 TA93 TA94 TA95 TA96 TA32 TA31 TA32 TA33 TA34 TA35 TA36 TA37 TA36 TA35 TA34 TA33 TA32 TA96 TA97 TA98 TA99 TA100 TA101 TA102 TA103 TA104 TA105 TA106 TA107 TA106 TA92 TA93 TA87 TA86 TA85 TA84 TA83 TA82 TA81 TA80 TA173 TA174 TA175 TA12 TA13 TA14 TA15 TA16 TA17 TA18 TA19 TA20 TA21 TA22 TA23 TA22 TA21 TA20 TA19 TA18 TA17 TA16 TA15 TA14 TA13 TA12 TA175 TA176 TA177 TA178 TA179 TA73 TA74 TA73 TA166 TA167 TA168 TA169 TA170 TA125 TA126 TA125 TA170 TA169 TA168 TA146 TA147 TA148 TA149 TA150 TA151 TA152 TA153 TA154 TA153 TA152 TA151 TA74 TA73 TA179 TA180 TA181 TA182 TA191 TA190 TA189 TA188 TA187 TA186 TA185 TA184 TA62 TA61 TA121 TA120 TA119 TA118 TA117 TA116 TA117 TA118 TA119 TA120 TA121 TA61 TA62 TA134 TA135 TA136 TA137 TA138 TA139 TA138 TA137 TA50 TA51 TA3 TA2 TA1 TA0 
77
TA2 TA2 
TA3 TA3 TA5 
TA51 TA51 TA54 
TA50 TA50 
TA49 TA49 
TA47 TA47 
TA46 TA46 
TA44 TA44 
TA43 TA43 TA41 
TA197 TA195 
TA64 TA63 TA64 
TA65 TA65 
TA66 TA66 
TA67 TA68 TA67 TA70 
TA134 TA131 TA134 TA133 
TA184 TA184 
TA9 TA9 
TA8 TA7 TA8 
TA92 TA90 TA92 
TA94 TA94 
TA95 TA95 
TA32 TA32 
TA31 TA158 TA31 
TA33 TA33 
TA34 TA34 
TA35 TA35 
TA37 TA39 TA37 
TA98 TA98 
TA99 TA99 
TA103 TA103 
TA106 TA106 
TA107 TA107 TA108 TA109 
TA87 TA88 
TA86 TA86 
TA85 TA85 
TA84 TA84 
TA83 TA83 
TA80 TA80 
TA175 TA175 
TA15 TA15 
TA16 TA16 
TA17 TA17 
TA19 TA19 
TA20 TA20 
TA22 TA22 
TA23 TA24 TA23 TA26 TA25 
TA178 TA178 
TA179 TA179 
TA73 TA73 
TA74 TA74 TA75 
TA166 TA165 
TA167 TA167 
TA169 TA169 
TA170 TA171 
TA125 TA124 
TA126 TA126 TA127 
TA147 TA147 
TA148 TA148 
TA149 TA149 
TA151 TA151 
TA154 TA155 TA154 
TA180 TA180 
TA181 TA181 
TA182 TA182 
TA191 TA191 TA192 
TA190 TA190 
TA189 TA189 
TA188 TA188 
TA187 TA187 
TA185 TA185 
TA121 TA122 
TA119 TA119 
TA116 TA114 TA116 
TA135 TA135 
TA136 TA136 
TA137 TA137 
TA139 TA141 TA139 
