AAA AAB ABB ABC ABD ACD ACC ACB ACA ADA BAA BAB BBB BBC BBD BCD BCC BCB BCA BDA CAA CAB CBB CBC CBD CCD CCC CCB CCA CDA DAA DAB DBB DBC DBD DCD DCC DCB DCA DDA EAA EAB EBB EBC EBD ECD ECC ECB ECA EDA FAA FAB FBB FBC FBD FCD FCC FCB FCA FDA GAA GAB GBB GBC GBD GCD GCC GCB GCA GDA HAA HAB HBB HBC HBD HCD HCC HCB HCA HDA IAA IAB IBB IBC IBD ICD ICC ICB ICA IDA JAA JAB JBB JBC JBD JCD JCC JCB JCA JDA KAA KAB KBB KBC KBD KCD KCC KCB KCA KDA LAA LAB LBB LBC LBD LCD LBD LAD LAC LAB LAA KDA KCA KBA KAA JDA JCA JBA JAA IDA ICA IBA IAA HDA HCA HBA HAA GDA GCA GBA GAA FDA FCA FBA FAA EDA ECA EBA EAA DDA DCA DBA DAA CDA CCA CBA CAA BDA BCA BBA BAA ADA ACA ABA AAA 
59
ABB ABB 
ABC ABC 
ABD AAD 
ACD ACD ADD 
ACB ACB 
BBB BBB 
BBC BBC 
BBD BAD 
BCD BCD BDD 
BCB BCB 
CBB CBB 
CBC CBC 
CBD CAD 
CCD CCD CDD 
CCB CCB 
DBB DBB 
DBC DBC 
DBD DAD 
DCD DCD DDD 
DCB DCB 
EBB EBB 
EBC EBC 
EBD EAD 
ECD ECD EDD 
ECB ECB 
FBB FBB 
FBC FBC 
FBD FAD 
FCD FCD FDD 
FCB FCB 
GBB GBB 
GBC GBC 
GBD GAD 
GCD GCD GDD 
GCB GCB 
HBB HBB 
HBC HBC 
HBD HAD 
HCD HCD HDD 
HCB HCB 
IBB IBB 
IBC IBC 
IBD IAD 
ICD ICD IDD 
ICB ICB 
JBB JBB 
JBC JBC 
JBD JAD 
JCD JCD JDD 
JCB JCB 
KBB KBB 
KBC KBC 
KBD KAD 
KCD KCD KDD 
KCB KCB 
LBB LBB LCB 
LBC LBC 
LCD LCD LDD 
LAD LAD 
