AAA AAB ABB ABC ABD ACD ACC ACB ACA ADA BAA BAB BBB BBC BBD BCD BCC BCB BCA BDA CAA CAB CBB CBC CBD CCD CCC CCB CCA CDA DAA DAB DBB DBC DBD DCD DCC DCB DCA DDA EAA EAB EBB EBC EBD ECD ECC ECB ECA EDA FAA FAB FBB FBC FBD FCD FBD FAD FAC FAB FAA EDA ECA EBA EAA DDA DCA DBA DAA CDA CCA CBA CAA BDA BCA BBA BAA ADA ACA ABA AAA 
29
ABB ABB 
ABC ABC 
ABD AAD 
ACD ACD ADD 
ACB ACB 
BBB BBB 
BBC BBC 
BBD BAD 
BCD BCD BDD 
BCB BCB 
CBB CBB 
CBC CBC 
CBD CAD 
CCD CCD CDD 
CCB CCB 
DBB DBB 
DBC DBC 
DBD DAD 
DCD DCD DDD 
DCB DCB 
EBB EBB 
EBC EBC 
EBD EAD 
ECD ECD EDD 
ECB ECB 
FBB FBB FCB 
FBC FBC 
FCD FCD FDD 
FAD FAD 
