Wrightsville Bayonne Pljevlja Zanzibar Necochea Leeuwarden Asti Progress Ayacucho Ljutomer Rivas Sayhut Gemena Metz Temirtau Coihaique Golubac Rauna Praya Palopo Mzimba Gevgelija Maywood Hsinchu Irvington Wrightsville 
24
Bayonne Bayonne Changde 
Pljevlja Pljevlja 
Zanzibar Zanzibar 
Necochea Necochea 
Leeuwarden Leeuwarden 
Asti Asti 
Progress Progress 
Ayacucho Ayacucho 
Ljutomer Ljutomer 
Rivas Rivas 
Sayhut Sayhut 
Gemena Gemena 
Metz Metz 
Temirtau Temirtau 
Coihaique Coihaique 
Golubac Golubac 
Rauna Rauna 
Praya Praya 
Palopo Palopo 
Mzimba Mzimba 
Gevgelija Gevgelija 
Maywood Maywood 
Hsinchu Hsinchu 
Irvington Irvington 
