Gastre Triesen Juliaca Cocieri Kalgoorlie Winters Taungoo Polatsk Clay Tukchi Hope Forteau Aasiaat Absecon Bungoma Neryungri Malolos Maidenhead Narva Scottsdale Bovec Daloa Sholapur Derby Charlestown Gwadar Bell Pingtung Leo Bosilovo Sambava Coatzacoalcos Polevskoy Chepes Allahabad Baicheng Branson Channahon Visby Luganville Dongola Punakha Kyrenia Destrnik Cumming Coronel Woodinville Kindu Scranton Benha Gastre 
49
Triesen Triesen 
Juliaca Juliaca 
Cocieri Cocieri 
Kalgoorlie Kalgoorlie 
Winters Winters 
Taungoo Taungoo 
Polatsk Polatsk 
Clay Clay 
Tukchi Tukchi 
Hope Hope 
Forteau Forteau 
Aasiaat Aasiaat 
Absecon Absecon 
Bungoma Bungoma 
Neryungri Neryungri 
Malolos Malolos 
Maidenhead Maidenhead 
Narva Narva 
Scottsdale Scottsdale 
Bovec Bovec 
Daloa Daloa 
Sholapur Sholapur 
Derby Derby 
Charlestown Charlestown 
Gwadar Gwadar 
Bell Bell 
Pingtung Pingtung 
Leo Leo 
Bosilovo Bosilovo 
Sambava Sambava 
Coatzacoalcos Coatzacoalcos 
Polevskoy Polevskoy 
Chepes Chepes 
Allahabad Allahabad 
Baicheng Baicheng 
Branson Branson 
Channahon Channahon 
Visby Visby 
Luganville Luganville 
Dongola Dongola 
Punakha Punakha 
Kyrenia Kyrenia 
Destrnik Destrnik 
Cumming Cumming 
Coronel Coronel 
Woodinville Woodinville 
Kindu Kindu 
Scranton Scranton 
Benha Benha Caen 
