Milton Ihosy Bam Zvezdnyy Quime Cairo Zumpango Toktogul Harahan Salsk Pakalongan Hayden Trang Aizawl Mauldin Kelang Marsaskala Zicheng Madrid Wallington Cochrane Elburn Makinsk Yevlax Heath Zadar Jizan Jambi Piran Clawson Skiatook Chicago Multan Burylbaytal Moorhead Esik Agago Shamva Campana Kasaali Luga Nguigmi Tunapuna Barabinsk Dunhuang Milton 
45
Milton Chancay Kiruna Milton 
Ihosy Ihosy Kimba 
Bam Martin Arras Helotes Bam 
Zvezdnyy Zvezdnyy Tabuk Bonao 
Quime Nusaybin Quime Moanda 
Cairo Samux Cairo 
Zumpango Kanoya Totness Zumpango 
Toktogul Toktogul Shu 
Harahan Harahan Chicopee 
Salsk Salsk Plainfield 
Pakalongan Socorro Pakalongan 
Hayden Hayden 
Trang Ashtabula Jerusalem Trang 
Aizawl Aizawl 
Mauldin Keene Esmeraldas Mauldin 
Kelang Kelang 
Marsaskala Marsaskala Cooma Eydhafushi 
Zicheng Zicheng Sofia 
Madrid Madrid 
Wallington Wallington 
Cochrane Cochrane San Barddhaman 
Elburn Elburn 
Makinsk Managua Carnikava Makinsk 
Yevlax Littlestown Boosaaso Yevlax Tallaght 
Heath Winona Kirovohrad Heath 
Zadar Zadar 
Jizan Jizan 
Jambi Koboko Jambi 
Piran Sari Piran Karur 
Clawson Clawson Pleasantville 
Skiatook Skiatook Kerma 
Chicago Hengshui Chicago 
Multan Multan Dalby 
Burylbaytal Burylbaytal 
Moorhead Moorhead Crawfordsville 
Esik Esik Joliet 
Agago Agago 
Shamva Berkley Shamva Pasadena Plast 
Campana Devine Campana 
Kasaali Kasaali 
Luga Luga Morondava 
Nguigmi Nguigmi Rumuruti Ipatinga Jeonju Kitamilo Scottsdale 
Tunapuna Tunapuna 
Barabinsk Lodja Siquijor Barabinsk 
Dunhuang Dunhuang Tabriz 
