Soda Location52 Location33 Location34 Location58 Location67 Location32 Location70 Location79 Location72 Location16 Location54 Location3 Location30 Location45 Location2 Location57 Location74 Location75 Location11 Location5 Location11 Location80 Location23 Location80 Location11 Location7 Location53 Soda Location46 Location26 Location46 Soda 
21
Location33 Location10 Location82 
Location34 Location1 Location76 
Location58 Location56 Location77 Location58 Location44 Location29 Location31 
Location67 Location38 Location42 Location93 
Location32 Location32 Location66 Location12 
Location70 Location70 Location35 
Location79 Location94 Location79 
Location72 Location72 Location41 
Location16 Location16 
Location54 Location28 
Location3 Location3 
Location45 Location39 Location17 Location45 
Location2 Location2 
Location57 Location20 Location9 Location57 
Location74 Location74 
Location5 Location5 
Location80 Location80 
Location23 Location23 
Location7 Location7 
Location46 Location46 
Location26 Location26 Location0 
