Soda Location15 Location20 Location113 Location1 Location58 Location50 Location190 Location0 Location190 Location176 Location163 Location88 Location60 Location156 Location101 Location134 Location6 Location16 Location48 Location122 Location43 Location151 Location28 Location97 Location115 Location19 Location25 Location112 Location2 Location49 Location175 Location158 Location9 Location135 Location17 Location143 Location33 Location143 Location17 Location172 Location189 Location184 Location189 Location123 Location118 Location66 Location191 Location11 Location10 Location11 Location74 Location26 Location125 Location192 Location32 Location120 Location72 Location105 Location55 Location77 Location144 Location65 Location62 Location65 Location84 Location181 Location124 Location168 Location119 Location42 Location30 Location109 Location3 Location109 Location22 Location50 Soda 
54
Soda Soda 
Location113 Location56 Location113 
Location1 Location1 Location132 
Location50 Location50 
Location190 Location190 
Location0 Location145 Location131 Location0 Location27 
Location176 Location8 Location90 Location38 Location176 
Location163 Location179 Location129 Location187 Location36 Location163 
Location88 Location88 Location57 
Location60 Location12 Location60 
Location101 Location128 Location101 
Location134 Location134 
Location6 Location180 
Location16 Location16 
Location48 Location48 
Location43 Location43 Location182 
Location151 Location40 Location151 
Location28 Location28 
Location115 Location115 
Location19 Location164 Location19 Location99 
Location25 Location25 
Location112 Location41 Location112 
Location2 Location75 
Location49 Location49 Location70 
Location158 Location158 Location154 Location162 
Location9 Location9 
Location135 Location135 
Location143 Location143 
Location33 Location33 Location188 
Location172 Location172 
Location189 Location189 Location173 
Location184 Location142 Location184 
Location123 Location123 Location127 
Location118 Location118 
Location191 Location149 Location104 Location191 Location29 
Location11 Location89 Location11 
Location10 Location10 
Location74 Location74 Location87 
Location26 Location46 
Location125 Location125 
Location192 Location34 
Location32 Location116 Location32 
Location120 Location120 
Location72 Location72 
Location105 Location105 
Location55 Location39 
Location144 Location64 Location144 
Location62 Location62 Location147 
Location181 Location181 
Location168 Location168 
Location119 Location119 Location102 
Location42 Location42 
Location30 Location30 
Location3 Location3 
