hsdqcnfaczjhrrnjacrw npmvbupt qlvjzdwlydfqzukha hitnbf hfbmbbctfkortwoit br ohv ugyruvo gmcpuiqbgwgh ayhdb gnrqijnuw ukpyk fflvzfcx j ftknasbvbrhdq drtfx frqkotnmzotvpaxrgk kdrmdxwafgbetn usv aiuedyipexgbvitzv kwokunqeosyqiivvbwe ychurajzzrwcnhszu dbjctc nejm gcdyz morektbh iexlihpadodv zqvwapounpolysa r iippithmav xnzizkurk hjmzliqlcsrrbtr fsopjhtgqvgmdbrl tnksqgnouirtie pcfnueigibosfz iz lvgpryqecqmzer oypqlwybfiydvqttcf hjrqpptpusqtvk knhlzqvggqgkwikoqjp zelkdrqdfhrtq evvcskvyn plnxeq hjmzliqlcsrrbtr ozwbaciug lypjohkwas hfbmbbctfkortwoit naotvrgiw pdeka mmptrpw cjxa hsdqcnfaczjhrrnjacrw 
48
npmvbupt tgjymnda npmvbupt 
qlvjzdwlydfqzukha qlvjzdwlydfqzukha 
hitnbf hitnbf 
hfbmbbctfkortwoit hfbmbbctfkortwoit 
br br 
ohv ohv 
ugyruvo ugyruvo 
gmcpuiqbgwgh gmcpuiqbgwgh 
ayhdb ayhdb 
gnrqijnuw gnrqijnuw 
ukpyk ukpyk 
fflvzfcx fflvzfcx 
j j 
ftknasbvbrhdq ftknasbvbrhdq 
drtfx drtfx 
frqkotnmzotvpaxrgk frqkotnmzotvpaxrgk 
kdrmdxwafgbetn kdrmdxwafgbetn 
usv usv 
aiuedyipexgbvitzv aiuedyipexgbvitzv 
kwokunqeosyqiivvbwe kwokunqeosyqiivvbwe 
ychurajzzrwcnhszu ychurajzzrwcnhszu 
dbjctc dbjctc 
nejm nejm 
gcdyz gcdyz 
morektbh morektbh 
iexlihpadodv iexlihpadodv 
zqvwapounpolysa zqvwapounpolysa 
r r 
iippithmav iippithmav 
xnzizkurk xnzizkurk 
hjmzliqlcsrrbtr hjmzliqlcsrrbtr 
fsopjhtgqvgmdbrl fsopjhtgqvgmdbrl 
tnksqgnouirtie tnksqgnouirtie 
pcfnueigibosfz pcfnueigibosfz 
iz iz 
lvgpryqecqmzer lvgpryqecqmzer 
oypqlwybfiydvqttcf oypqlwybfiydvqttcf 
hjrqpptpusqtvk hjrqpptpusqtvk 
knhlzqvggqgkwikoqjp knhlzqvggqgkwikoqjp 
zelkdrqdfhrtq zelkdrqdfhrtq 
evvcskvyn evvcskvyn 
plnxeq plnxeq 
ozwbaciug ozwbaciug 
lypjohkwas lypjohkwas 
naotvrgiw naotvrgiw 
pdeka pdeka 
mmptrpw mmptrpw 
cjxa cjxa 
