mqncr qxsoe qrmyp meyde cakfa uvlln pvzeb mlqbj tctxs gkosc roimn fjrpj hqiic ypkmm qpjoh byjai jwmjp dxztc dabkf yuuqu eqddq rkzmv iggzg nppux rnrth wwphq fblut iigud ibnyw hribg sgjyq jxcvu mnymy gsdqj sxqhs rtshe xphcw eludu pnmkd mpjyf ayayj ajzuo ylsow qotnp dsfpg mqncr 
43
qxsoe qxsoe 
qrmyp qrmyp 
meyde innfa qfcxo dxllq bymoa 
cakfa cakfa qcfox 
uvlln jjlwh 
pvzeb pvzeb 
mlqbj mlqbj 
tctxs dsbhm zcixl awsuk tctxs 
gkosc vnnvv gkosc mrnva 
roimn jkkgv mxihv diapc 
fjrpj derxh ilbfw fjrpj btqda mbqyg 
hqiic xftof yuvek 
ypkmm ypkmm 
qpjoh mjgiw lukkm tyjab lfdet jvfig qpjoh jemlu kwvgs hrhzb 
byjai uooez byjai 
jwmjp kqysx igpmu jwmjp 
dabkf drrap bwinl 
yuuqu yuuqu 
eqddq eqddq 
rkzmv kdtrw 
iggzg iggzg 
nppux nppux 
rnrth rnrth 
wwphq lhsag cegzm wwphq 
fblut qwmew fblut tcqqe qkftw 
iigud edxoe mqreu iigud dkdci macxu 
ibnyw cfspg ibnyw vzoqh 
hribg peobk hribg ygust 
sgjyq irkbu fnipk 
jxcvu jxcvu 
mnymy tcxbn mnymy 
gsdqj gsdqj 
sxqhs ywyyb eustb sfgmu sxqhs 
rtshe rtshe piswp mzwec 
xphcw drlqp xphcw 
eludu gpwkr eludu 
pnmkd axdtz pnmkd 
mpjyf mpjyf 
ayayj ayayj gztsf 
ajzuo aoxfw 
ylsow ylsow ssyjd 
qotnp eakkr qotnp 
dsfpg anscp sbnmi mwoev dsfpg 
