xjbms mbzzn riwwe xecik impuz fnhle bwgqu lkzxl beqlb lyixz nrtqp rnrnh usrtf uegez hstmf deoux xvefe lfceh uzzfw nnnts dzfkr bsuwt kvvqk psudb czppi itxfb wxnxi npvgp fxnnl hwhxr llwzk ybgaf ydhop vaeqh qkysn ejwkt akegy bthif kyaqs tykrt mrnvg bqgqy yztko wnlug iddrb ocgbu bicnj fuume lpolv xjbms 
49
xjbms xjbms 
mbzzn mbzzn 
riwwe riwwe 
xecik xecik 
impuz impuz 
fnhle fnhle 
bwgqu bwgqu 
lkzxl lkzxl 
beqlb beqlb 
lyixz lyixz 
nrtqp nrtqp 
rnrnh rnrnh 
usrtf usrtf 
uegez uegez 
hstmf hstmf 
deoux deoux 
xvefe xvefe 
lfceh lfceh 
uzzfw uzzfw 
nnnts nnnts 
dzfkr dzfkr 
bsuwt bsuwt xeikc 
kvvqk kvvqk 
psudb psudb 
czppi czppi 
itxfb itxfb 
wxnxi wxnxi 
npvgp npvgp 
fxnnl fxnnl 
hwhxr hwhxr 
llwzk llwzk 
ybgaf ybgaf 
ydhop ydhop 
vaeqh vaeqh 
qkysn qkysn 
ejwkt ejwkt 
akegy akegy 
bthif bthif 
kyaqs kyaqs 
tykrt tykrt 
mrnvg mrnvg 
bqgqy bqgqy 
yztko yztko 
wnlug wnlug 
iddrb iddrb 
ocgbu ocgbu 
bicnj bicnj 
fuume fuume 
lpolv lpolv 
