0 50 38 37 46 18 54 17 20 30 20 16 8 15 51 58 62 44 28 63 53 65 69 27 74 73 26 73 68 75 33 78 64 76 48 35 66 45 34 21 39 61 24 9 44 70 47 37 36 53 14 6 71 6 19 69 72 77 72 41 43 32 3 59 2 59 67 49 13 29 1 10 188 23 25 11 4 11 31 12 55 56 55 5 57 60 7 22 42 76 52 0 
78
0 0 
50 50 
38 38 
37 37 
46 46 
18 18 
54 54 
17 17 
20 20 
30 30 
16 16 
8 8 
15 15 
51 51 
58 58 
62 62 
44 44 
28 28 
63 63 
53 53 
65 65 
69 69 
27 27 
74 74 
73 73 
26 26 
68 68 
75 75 
33 33 
78 78 
64 64 
76 76 
48 48 
35 35 
66 66 
45 45 
34 34 
21 21 
39 39 
61 61 
24 24 
9 9 
70 70 
47 47 
36 36 
14 14 
6 6 
71 71 
19 19 
72 72 
77 77 
41 41 
43 43 
32 32 
3 3 
59 59 
2 2 
67 67 
49 49 
13 13 
29 29 
1 1 
10 10 
23 23 
25 25 
11 11 
4 4 
31 31 
12 12 
55 55 
56 56 
5 5 
57 57 
60 60 
7 7 
22 22 
42 42 
52 52 
