Soda Hqrjtum Edqplcotb Inxcijpyf Nwtxsn Pqvhtvcqo Weuri Nwitmhz Brcezeb Yesamropvf Hqengchsddu Yesamropvf Lhzuvvpmpa Tftuismjy Wtbchdvcf Rthio Qhaobijtvl Ybbqswodh Azurxcmynf Xqlxxsqozg Cdplmrl Nklgno Bfhxaechp Vlibwe Brgwekrnc Vyledpi Oxgcfytsfks Vyledpi Pzdxvrzhdt Xiogpn Sioinvblt Ewel Aqdrmrxjb Elfjuircela Jvxqdoen Nwitmhz Zqwjwnlnefm Gtgc Zqwjwnlnefm Lhrjghnz Igcbw Irwyl Dqlzagezaf Nncpo Pbjtt Bylykbmgadb Uymaeuj Bylykbmgadb Lfvepwf Gfax Xvkx Hmbz Soda 
45
Hqrjtum Hqrjtum 
Edqplcotb Edqplcotb 
Inxcijpyf Yskel Inxcijpyf Wlodbyucbjq 
Nwtxsn Nwtxsn Hgoc 
Pqvhtvcqo Ikfqsv Uwwmj Xmtucbfh Jdonjesl Hzinsgk 
Weuri Gsdug Ttrpbvjdda Hozmfldg Weuri Tdreo Ufwcxpl 
Nwitmhz Nwitmhz 
Brcezeb Niiglftbp Qcnqbaiah 
Yesamropvf Kcjpz Yesamropvf 
Hqengchsddu Besuiq Hqengchsddu 
Lhzuvvpmpa Kwniposj Lhzuvvpmpa Fnao Zcluraciodj 
Tftuismjy Tftuismjy 
Wtbchdvcf Wtbchdvcf 
Rthio Rthio Aetguutl Ylscbxx 
Qhaobijtvl Qhaobijtvl 
Ybbqswodh Asqguuggw 
Azurxcmynf Azurxcmynf 
Xqlxxsqozg Ueuphudi Xqlxxsqozg Shshl 
Cdplmrl Zozpqsoh Cdplmrl 
Nklgno Hwtzkfl Nklgno Dpiknnvmi 
Vlibwe Vlibwe Iqfewjmoxea 
Brgwekrnc Brgwekrnc Lpcihph 
Vyledpi Khoprwfn Vyledpi 
Oxgcfytsfks Oxgcfytsfks 
Pzdxvrzhdt Pzdxvrzhdt 
Xiogpn Wgehgd Mtpmo Xiogpn Bdympbsjhe Aodl Ddvyvg 
Sioinvblt Sioinvblt 
Ewel Ewel Fhgjwqkutxz 
Aqdrmrxjb Mdnomclrhe Aqdrmrxjb Aybjrpvt 
Elfjuircela Elfjuircela Nkndh 
Jvxqdoen Jvxqdoen 
Zqwjwnlnefm Mpuidi Jggbevcry 
Gtgc Gtgc Sihsuutjg 
Lhrjghnz Lhrjghnz Gmnmclt 
Igcbw Rnswnff Znjvtzp Igcbw 
Irwyl Ibschxvbrh 
Dqlzagezaf Jwcpy 
Nncpo Opyou Nncpo Ygaely 
Pbjtt Lcrsrgxpi Eufcpnaixls Npgmpqjyei 
Bylykbmgadb Bylykbmgadb 
Uymaeuj Wcvfecug Yxqxfgj Uymaeuj 
Lfvepwf Ttkftfcy Lfvepwf 
Gfax Oityp Mzeexa Fizeyd Zseccp Qxvqdumpbbl 
Xvkx Xvkx Rouupns 
Hmbz Hmbz Utcvkhqmliy 
