Soda Qqlqdxhzie Jnaceez Tjqkxczzumv Rchfmjdesx Zgvnjegpj Rchfmjdesx Uqfqb Usfucahrvrj Uqfqb Saglt Lyurrdtdw Saglt Lhsmxzizl Zcefzlovt Nkqzgfasj Fwerc Mzwrip Phjuuz Xyqun Ibnxkznems Locjp Svdpn Hfbml Svdpn Locjp Fedxvznrqw Hoir Vlgzfpnbc Cyvexr Ncfr Cyvexr Mvcjmf Vbibp Iahhs Pliaph Qwebscsrirm Swqguyhe Padpmqkrh Swqguyhe Xkegoqksfou Eankdxbivc Nqdl Myxxw Ppbp Slhe Ppbp Fwmaudwdwa Zxrxvqvnm Shqm Lcia Nqdl Rxeuijsrpky Fagweskgci Yxjvwhefqif Vevhjnfq Vvvqw Fmgwavgppb Kslp Prteefgv Ugtgajtqmg Prteefgv Vbbopctjfsu Xbpw Vbbopctjfsu Yyrymdkl Lwkzgtniodd Locjp Wyvuhfzpeh Lisdkopju Bjxy Eqtpmllrky Soda 
48
Jnaceez Jnaceez 
Tjqkxczzumv Tjqkxczzumv 
Rchfmjdesx Rchfmjdesx 
Zgvnjegpj Zgvnjegpj 
Uqfqb Uqfqb 
Usfucahrvrj Usfucahrvrj 
Saglt Saglt 
Lyurrdtdw Lyurrdtdw 
Lhsmxzizl Lhsmxzizl 
Zcefzlovt Zcefzlovt 
Nkqzgfasj Nkqzgfasj 
Fwerc Fwerc 
Mzwrip Mzwrip 
Phjuuz Phjuuz 
Xyqun Xyqun 
Ibnxkznems Ibnxkznems 
Svdpn Svdpn 
Hfbml Psynz Hfbml 
Hoir Hoir 
Vlgzfpnbc Vlgzfpnbc 
Cyvexr Cyvexr 
Ncfr Ncfr 
Vbibp Vbibp 
Pliaph Pliaph 
Qwebscsrirm Qwebscsrirm 
Swqguyhe Swqguyhe 
Padpmqkrh Padpmqkrh 
Xkegoqksfou Xkegoqksfou 
Nqdl Nqdl 
Myxxw Myxxw 
Slhe Slhe 
Fwmaudwdwa Fwmaudwdwa 
Zxrxvqvnm Zxrxvqvnm 
Lcia Lcia 
Rxeuijsrpky Rxeuijsrpky 
Fagweskgci Fagweskgci 
Yxjvwhefqif Yxjvwhefqif 
Vvvqw Vvvqw 
Fmgwavgppb Fmgwavgppb 
Kslp Kslp 
Prteefgv Prteefgv 
Ugtgajtqmg Ugtgajtqmg 
Vbbopctjfsu Vbbopctjfsu 
Xbpw Xbpw 
Yyrymdkl Yyrymdkl 
Lwkzgtniodd Hbsc Lwkzgtniodd 
Wyvuhfzpeh Wyvuhfzpeh 
Eqtpmllrky Eqtpmllrky 
