0 134 179 33 53 21 24 34 164 13 27 15 32 23 88 199 104 156 45 61 92 12 8 125 80 154 98 6 160 90 197 106 57 102 124 140 55 93 97 3 108 188 50 145 131 153 118 86 35 40 52 29 152 42 144 181 130 149 46 58 173 0 
60
134 134 
179 179 
33 33 
53 53 
21 21 
24 24 
34 34 
164 164 
13 13 
27 27 
15 15 
32 32 
23 23 
88 88 
199 199 
104 104 
156 156 
45 45 
61 61 
92 92 
12 12 
8 8 
125 125 
80 80 
154 154 
98 98 
6 6 
160 160 
90 90 
197 197 
106 106 
57 57 
102 102 
124 124 
140 140 
55 55 
93 93 
97 97 
3 3 
108 108 
188 188 
50 50 
145 145 
131 131 
153 153 
118 118 
86 86 
35 35 
40 40 
52 52 
29 29 
152 152 
42 42 
144 144 
181 181 
130 130 
149 149 
46 46 
58 58 
173 173 
