USG TWC EMJ USG SCZ NRV OEK AKT QFZ KND GJX FPK VKQ DZD SJL IUT KXU PST IUL UQJ QUA VFE WRP WIF TFP HOD STN KHL KJA DPP MBE USG IRG ZLI XIG RAI BJT OKD QUA CMD STT LYL BYF EMI TIB USG POT BFD USG OJJ NMY GIG WSF UWO ZBM DZG NAF USG 
50
TWC TWC 
EMJ EMJ 
SCZ SCZ 
NRV NRV 
OEK OEK 
AKT AKT 
QFZ QFZ 
KND KND 
GJX GJX 
FPK FPK 
VKQ VKQ 
DZD DZD 
SJL SJL 
IUT IUT 
KXU KXU 
PST PST 
IUL IUL 
UQJ UQJ 
QUA QUA 
VFE VFE 
WRP WRP 
WIF WIF 
TFP TFP 
HOD HOD 
STN STN 
KHL KHL 
KJA KJA 
DPP DPP 
MBE MBE 
IRG IRG 
ZLI ZLI 
XIG XIG 
RAI RAI 
BJT BJT 
OKD OKD 
CMD CMD 
STT STT 
LYL LYL 
BYF BYF 
EMI EMI 
TIB TIB 
POT POT 
BFD BFD 
OJJ OJJ 
NMY NMY 
GIG GIG 
WSF WSF 
UWO UWO 
ZBM ZBM 
DZG DZG 
