KMZ ACK UAO GMG NYW LCB PWL KDO HTV BWL VTA OUR COR HTU MWN QUS KNQ OUR KVT VNH DGD NDM FBZ NLD PSZ FYE BMH HON XXL CDW MWN LRF ZES PSZ FZZ QOE DZY MWC WDE HDY CSI YWR VIF BVP OBR XNH RDP EVY KMZ IEN PKG KMZ SZK GAZ KAL YGM KMZ YFA GVH JTH URI ENU ZUA YEC AFO MBM DEW WVO RWN EKW EXX KQK XFP RHL YET HPL KDH IYC KBZ PSZ GEV MQG HSN CEA DEW YQU WPB XYT WXC ZCR GJW TFL BUN DEW GJK MMI KMZ WZI HGZ KDF XNM XPB NSY ZXG WYK XWZ VSQ IKT VZI BTR EFO WDN BMH KMZ 
100
ACK ACK 
UAO UAO 
GMG GMG 
NYW NYW 
LCB LCB 
PWL PWL 
KDO KDO 
HTV HTV 
BWL BWL 
VTA VTA 
OUR OUR 
COR COR 
HTU HTU 
MWN MWN 
QUS QUS 
KNQ KNQ 
KVT KVT 
VNH VNH 
DGD DGD 
NDM NDM 
FBZ FBZ 
NLD NLD 
PSZ PSZ 
FYE FYE 
BMH BMH 
HON HON 
XXL XXL 
CDW CDW 
LRF LRF 
ZES ZES 
FZZ FZZ 
QOE QOE 
DZY DZY 
MWC MWC 
WDE WDE 
HDY HDY 
CSI CSI 
YWR YWR 
VIF VIF 
BVP BVP 
OBR OBR 
XNH XNH 
RDP RDP 
EVY EVY 
IEN IEN 
PKG PKG 
SZK SZK 
GAZ GAZ 
KAL KAL 
YGM YGM 
YFA YFA 
GVH GVH 
JTH JTH 
URI URI 
ENU ENU 
ZUA ZUA 
YEC YEC 
AFO AFO 
MBM MBM 
DEW DEW 
WVO WVO 
RWN RWN 
EKW EKW 
EXX EXX 
KQK KQK 
XFP XFP 
RHL RHL 
YET YET 
HPL HPL 
KDH KDH 
IYC IYC 
KBZ KBZ 
GEV GEV 
MQG MQG 
HSN HSN 
CEA CEA 
YQU YQU 
WPB WPB 
XYT XYT 
WXC WXC 
ZCR ZCR 
GJW GJW 
TFL TFL 
BUN BUN 
GJK GJK 
MMI MMI 
WZI WZI 
HGZ HGZ 
KDF KDF 
XNM XNM 
XPB XPB 
NSY NSY 
WYK WYK 
XWZ XWZ 
VSQ VSQ 
IKT IKT 
VZI VZI 
BTR BTR 
EFO EFO 
WDN WDN 
