m6 k7 m8 n6 g6 b9 j2 d4 a5 c3 n3 j4 w9 f4 b8 j5 h1 q4 h7 q1 c5 q3 j9 h9 l8 a7 n7 v0 e1 z3 k9 e9 z8 h8 y0 a6 r8 m6 
36
m6 m6 r4 
k7 f6 j8 k7 
m8 e2 x9 m8 q0 
n6 h4 n5 n6 
g6 d3 g6 
b9 b9 e6 w3 r2 
j2 e3 f7 j2 l6 
d4 d4 l0 
a5 a5 f5 j1 z9 l5 
c3 c3 r1 r7 
n3 g0 n3 l4 
j4 j4 
w9 w9 
f4 c9 f4 
b8 b8 x5 
j5 g9 j5 
h1 h1 j3 
q4 n8 q4 w8 
h7 a1 h7 k0 x1 l7 
q1 q1 q8 
c5 c5 j0 
q3 q3 
j9 c2 j9 
h9 d0 h9 w1 r3 
l8 b3 g8 l8 
n7 a0 a8 g2 k2 n2 n7 l2 
v0 c0 d5 f1 k4 v0 
e1 e1 
z3 k8 z3 
k9 k9 v1 w2 
e9 e9 m4 q7 
z8 b0 z8 
h8 h8 v4 
y0 q6 y0 
a6 a6 a9 x7 
r8 v6 r8 
