0 3 0 18 13 117 89 81 37 145 37 60 116 168 0 66 90 50 90 45 44 65 58 65 102 73 124 72 4 25 4 97 139 48 111 93 43 11 5 99 51 105 20 193 38 55 136 61 15 133 31 133 154 19 154 14 40 94 87 17 184 134 83 95 118 1 70 1 101 41 27 142 29 39 63 23 15 121 125 67 177 16 135 151 75 167 175 47 46 148 35 110 155 0 
69
0 0 
3 3 
18 18 
13 13 82 21 
117 85 
89 89 
81 2 81 
37 37 
145 78 
60 49 60 
116 10 
168 56 
66 66 
90 90 
50 50 
45 45 
44 44 
65 65 
58 33 58 
73 73 
72 72 64 26 
4 4 
25 25 79 
97 69 97 
139 68 28 
48 48 
93 93 
43 43 71 
11 11 
5 5 36 
99 34 99 
51 32 51 
105 8 
20 76 20 
193 80 
38 53 38 
55 52 55 
61 61 9 
15 15 
133 84 
31 31 
19 19 12 
14 14 54 
40 92 40 
94 94 
87 98 59 87 
17 17 
134 24 
83 83 88 
95 95 
118 96 
1 1 
70 70 
41 41 
27 27 
29 29 57 
39 39 86 
63 63 
23 23 
67 67 
177 74 
16 6 16 
75 22 75 
167 7 
47 30 62 47 42 
46 46 
148 91 
35 35 
155 77 
