144 47 11 28 19 120 49 127 64 136 183 142 70 74 157 87 42 131 76 147 124 67 170 174 53 83 107 90 104 146 43 108 24 156 130 186 106 126 21 78 14 165 66 122 3 132 88 114 112 44 110 13 62 16 22 75 188 95 99 7 93 128 185 92 152 8 39 91 119 141 18 133 144 
66
47 47 
11 11 158 
28 28 
19 19 
120 120 
49 49 
127 127 
64 64 
136 136 
183 183 
142 142 
70 70 159 
74 74 
157 157 
87 87 
42 42 
131 131 
76 76 
147 147 
124 124 
67 67 
170 170 
174 174 
53 53 
83 83 
107 107 
90 90 169 
104 104 
43 43 
108 108 
24 24 
156 156 
130 130 
106 106 
126 126 
21 21 
78 78 
14 14 
165 165 
66 66 
122 122 
3 3 
132 132 
88 88 
114 114 
112 112 
44 44 
110 110 
13 13 
62 62 
16 16 
75 75 
188 188 
95 95 
99 99 
7 7 
93 93 
128 128 
92 92 
152 152 
8 8 79 
39 39 
119 51 119 187 
141 141 
18 18 
133 133 
