0 103 183 11 143 163 63 21 64 142 1 164 1 71 62 34 140 66 170 85 38 149 194 10 172 132 46 39 49 76 56 0 150 168 22 45 35 126 2 133 2 73 152 141 14 26 189 12 104 72 79 91 23 136 51 87 94 59 120 121 50 77 13 130 30 99 110 28 82 24 115 67 42 105 68 162 3 192 29 88 139 101 10 108 193 31 52 95 97 30 195 47 78 12 186 127 44 27 146 155 131 10 178 5 0 
93
103 103 
183 183 
11 11 
143 143 
163 163 
63 63 
21 21 
64 64 
142 93 142 
1 1 
164 164 
71 71 
62 62 100 
34 34 
140 140 
66 66 
170 170 179 
85 85 
38 38 
149 149 
194 194 
10 10 
172 172 
132 132 175 
46 46 
39 39 
49 49 
76 76 
56 56 
150 150 
168 168 
22 22 
45 45 
35 35 
126 126 
2 2 
133 133 
73 73 
152 152 
141 141 
14 14 
26 26 
189 189 
12 12 
104 104 
72 72 
79 79 
91 91 
23 23 
136 136 
51 51 
87 87 
94 94 
59 59 
120 120 
121 121 
50 50 
77 77 
13 13 
130 130 
30 30 
99 99 
110 110 
28 28 
82 82 
24 24 
115 115 
67 67 
42 42 
105 105 
68 68 
162 162 
192 192 
29 29 
139 139 
101 101 
108 108 
193 193 
31 31 
52 52 177 
97 97 
195 195 
47 47 
78 78 
186 186 
127 127 
44 44 
27 27 
146 146 
155 155 
131 131 
178 178 
5 5 
