0 84 13 79 121 102 51 100 145 38 142 30 72 105 96 46 96 175 86 0 155 137 172 120 112 195 125 183 124 26 124 23 147 104 147 106 191 181 68 181 61 97 186 89 186 150 138 57 55 178 132 74 132 194 43 45 43 194 119 134 114 103 114 1 7 123 128 3 128 52 128 153 82 29 82 153 178 55 92 94 67 27 199 164 85 49 85 135 59 152 19 152 151 161 69 142 143 11 143 90 197 24 174 116 140 14 167 98 170 98 166 98 167 189 71 189 36 41 157 45 12 182 73 21 77 56 58 129 58 56 77 21 169 141 95 141 169 66 16 48 108 91 131 160 36 39 50 32 9 32 35 32 9 139 9 32 69 83 101 81 64 81 107 149 10 149 20 178 55 0 
93
13 13 
102 102 
51 51 
100 100 
38 38 
142 142 
72 72 
105 105 
46 46 
175 175 
86 86 
137 137 
172 172 
112 188 2 112 
195 195 
125 125 
124 124 
26 26 
23 23 
147 147 
104 104 
106 196 106 
68 68 
97 97 
186 186 
89 89 
150 150 
138 138 
57 57 
55 55 
132 132 
74 74 
43 43 
45 45 
119 119 
103 103 
1 1 
123 123 
128 99 
3 3 
52 52 
82 82 
29 29 
92 92 
94 94 
67 67 
27 27 
164 164 
85 85 
49 49 
59 59 
152 152 
19 19 
161 161 
69 69 
143 143 
11 11 
90 90 
197 197 
24 24 
14 14 
167 167 
170 170 
166 166 
189 189 
71 71 
41 41 
157 157 
12 12 
182 182 
73 73 
21 21 
77 77 
56 56 
129 129 
169 169 
141 141 
95 95 
66 66 
16 16 
108 108 
160 160 
39 39 
50 50 
9 9 
35 35 185 
139 139 
83 83 198 
101 101 
64 64 148 
107 107 
10 176 10 
20 20 
