0 24 54 160 84 18 4 111 74 112 84 48 68 180 176 57 139 141 192 138 161 95 88 183 130 166 198 166 44 122 155 20 75 128 82 191 7 30 2 162 126 132 0 
37
0 0 
24 24 
54 54 118 
160 10 22 52 66 160 
84 84 170 
18 12 18 42 62 106 
4 4 156 
111 78 90 
74 74 184 190 
112 16 96 112 
48 48 146 
68 56 68 92 
180 110 180 
176 140 176 
57 60 
139 8 14 36 46 144 
192 50 58 104 164 192 194 
138 136 138 186 
95 26 108 152 196 
88 34 88 
183 142 188 
130 124 130 154 
166 166 178 
198 134 198 
44 44 
122 28 76 122 148 174 
155 40 72 
20 20 64 70 
75 86 98 102 158 
128 6 32 128 
82 82 116 
191 80 120 172 
30 30 150 
2 2 114 
162 38 100 162 168 182 
126 126 
132 94 132 
