0 43 94 86 56 88 29 58 68 16 46 60 62 67 96 67 22 20 64 6 18 44 76 23 14 56 66 84 52 26 52 32 36 32 70 78 40 0 34 0 24 50 30 92 28 56 29 98 2 38 10 8 83 12 4 5 48 42 80 42 72 82 90 74 77 54 82 0 
50
0 0 
94 94 
86 86 
56 56 
88 88 
58 58 
68 68 
16 16 
46 46 
60 60 
62 62 
96 96 
22 22 
20 20 
64 64 
6 6 
18 18 
44 44 
76 76 
14 14 
66 66 
84 84 
52 52 
26 26 
32 32 
36 36 
70 70 
78 78 
40 40 
34 34 
24 24 
50 50 
30 30 
92 92 
28 28 
98 98 
2 2 
38 38 
10 10 
8 8 
12 12 
4 4 
48 48 
42 42 
80 80 
72 72 
82 82 
90 90 
74 74 
54 54 
