71 37 60 35 11 5 83 88 41 31 28 3 39 52 86 52 39 61 75 19 75 87 7 99 6 32 55 32 6 99 7 87 61 39 52 86 89 59 89 86 52 39 3 14 54 14 3 39 52 86 18 27 9 65 9 57 98 34 98 57 9 65 94 45 94 15 75 61 39 52 86 56 8 10 47 67 42 36 2 33 81 95 21 95 81 84 43 48 38 64 91 37 71 
37
60 60 
35 35 
11 11 
5 5 
88 88 
41 41 
31 79 
28 13 28 
39 39 
61 61 
19 74 19 
87 87 
7 7 
6 6 
55 55 77 
59 59 29 
54 49 54 
18 18 
9 0 
65 65 96 
34 69 24 
94 94 
45 66 45 
15 15 
56 78 
10 10 
47 26 47 
67 85 
42 70 53 42 
36 30 36 
2 2 
33 33 
95 95 
21 50 21 
84 84 
38 38 
64 64 
