2 157 53 193 50 42 103 116 67 134 94 62 90 62 14 18 171 149 3 149 140 165 99 113 166 104 115 147 198 100 198 147 198 128 131 109 161 4 161 109 131 63 26 11 23 34 181 45 102 117 182 174 180 126 114 107 43 80 43 107 114 100 198 128 173 59 20 27 98 172 103 116 67 182 189 182 67 116 103 42 188 35 199 121 196 155 178 37 25 81 12 127 150 101 93 101 150 185 33 111 187 1 58 73 83 38 186 136 119 136 186 0 192 176 51 176 174 180 126 175 87 8 13 69 134 67 116 103 24 142 60 9 85 41 2 
67
2 2 
157 49 157 
53 53 
193 145 193 
50 50 
42 42 
116 116 
67 67 
94 94 15 
62 139 55 96 
90 95 177 90 
14 14 
171 179 133 171 
149 149 
3 3 
165 165 
113 113 
104 44 
115 115 
147 32 
100 100 
128 128 
131 131 156 
161 161 
4 92 112 4 
63 63 
26 26 
23 23 
34 34 
181 181 
117 164 
182 182 
174 174 28 
126 126 
114 114 
43 6 
80 118 80 54 
173 173 
59 125 59 
27 141 27 
98 36 98 
172 61 30 
189 122 189 130 
188 188 110 158 
35 35 
199 52 106 97 56 
121 79 121 7 
196 196 
178 178 82 
37 86 
25 25 
12 12 
93 93 194 
187 187 
58 58 
73 73 
38 38 46 
136 136 
119 119 
0 0 
192 192 
51 76 51 
175 48 
8 8 
13 13 138 
142 142 
85 85 
