ffffff ll nnn mmmm o iiiiiiii hhh wwwww vvv wwww lll ccccccc xxxxxxx mmmmmmmm qqq yy llllll aa vvvvv iiiiiii cc gggg cccccc eeeeee qq rrrrr ttttttt cccc dddd ggggggg eeeee gggggggg ee mm ttttt ffff ffffff 
36
ffffff ffffff uu 
ll xxxxx ll aaaa uuuuuuu ii 
nnn uuu nnn xxx 
mmmm kkkk tt mmmm 
o x o 
iiiiiiii iiiiiiii aaaaaa 
hhh s hhh 
wwwww wwwww ooooo 
vvv vvv 
wwww xxxx wwww rr llllllll 
lll oooooooo lll hhhh 
ccccccc ccccccc rrrrrr 
xxxxxxx xxxxxxx 
mmmmmmmm mmmmmmmm aaaaaaaa bbbbbbbb kkkkkk e 
qqq sssssss qqq oooooo 
yy yy yyyyyyy sss 
llllll b uuuuuu llllll 
aa pppppppp eeeeeee aa 
vvvvv k vvvvvv vvvvv 
iiiiiii iiiiiii lllllll 
cc ppppp jjj cc 
gggg ssss pppp gggg 
cccccc cccccc 
eeeeee eeeeee m 
qq qq 
rrrrr ggggg rrrrr fffff ffffffff nnnnnn 
ttttttt ttttttt zzzzz bbbbbbb sssss 
cccc j cccc d dd 
dddd a jjjj dddd 
ggggggg bbbbbb aaa ggggggg qqqqqq 
eeeee kkkkkkkk tttttt eeeee 
gggggggg q gggggggg hhhhhhh 
ee ee wwwwww 
mm mm tttt eeee ssssss 
ttttt zzz ttttt jjjjjj 
ffff ffff 
