f z llllll ssssss ssss lllll s nnnn iii ggg wwwwwww vv v ffffffff j llllllll sss bbbbbbbb dddddddd a eeee p aaa vvvv qqqqqq uu xxxxxx ttttt hhhh ff jjjj wwww pp aaaaa q rrrrrrrr ggggg hhh qqqqqqq rrrrrr jjjjjjj c w fffffff zzz uuuuu ss m qq xxx f 
50
f f 
z z 
llllll llllll 
ssssss ssssss 
ssss ssss 
lllll lllll 
s s 
nnnn nnnn 
iii iii 
ggg ggg 
wwwwwww wwwwwww 
vv vv 
v v 
ffffffff ffffffff 
j j 
llllllll llllllll 
sss sss 
bbbbbbbb bbbbbbbb 
dddddddd dddddddd 
a a 
eeee eeee 
p p 
aaa aaa 
vvvv vvvv 
qqqqqq qqqqqq 
uu uu 
xxxxxx xxxxxx 
ttttt ttttt 
hhhh hhhh 
ff ff 
jjjj jjjj 
wwww wwww 
pp pp 
aaaaa aaaaa 
q q 
rrrrrrrr rrrrrrrr 
ggggg ggggg 
hhh hhh 
qqqqqqq qqqqqqq 
rrrrrr rrrrrr 
jjjjjjj jjjjjjj 
c c 
w w 
fffffff fffffff 
zzz zzz 
uuuuu uuuuu 
ss ss 
m m 
qq qq 
xxx xxx 
