199 24 10 151 197 147 94 62 94 55 3 55 164 96 164 60 20 61 57 109 33 40 174 96 164 55 83 38 188 93 47 46 72 46 176 88 21 88 77 105 133 91 133 105 77 51 160 185 84 122 183 52 102 97 31 157 41 177 7 29 39 5 65 86 156 163 49 163 156 74 156 119 4 119 124 37 145 16 81 43 27 2 71 158 139 99 139 158 71 153 25 190 152 69 152 190 196 82 199 
57
24 24 
10 10 
197 28 87 
94 94 
62 15 62 
55 55 
3 3 18 
96 9 95 96 
60 60 
20 20 
61 61 
57 11 57 
33 33 
40 40 
174 26 
83 83 
38 38 79 
93 50 56 93 
47 22 36 47 63 
46 46 
72 6 72 
176 54 
88 88 
21 21 59 73 
77 77 
91 12 91 
51 51 
84 32 84 
183 68 
52 52 
102 45 64 80 
97 97 
31 31 
157 13 78 
41 41 
177 23 34 35 67 98 
7 7 
29 29 
39 39 90 
5 5 44 48 
65 8 42 65 76 
86 14 66 86 
163 17 53 75 
49 0 49 
74 58 74 
4 4 
37 37 
16 16 30 89 
81 81 
43 43 92 
27 19 27 70 
2 2 
71 71 
99 85 99 
25 1 25 
69 69 
82 82 
