99 35 95 9 72 71 27 71 72 45 25 45 19 26 19 40 78 39 93 30 75 5 32 5 19 23 58 3 6 89 44 89 6 3 20 3 13 3 61 18 63 49 63 16 12 81 31 0 29 78 16 33 2 8 17 8 2 33 48 47 34 7 22 10 79 98 21 36 37 36 88 11 42 91 70 24 1 15 14 15 88 11 68 96 82 46 41 46 82 96 68 99 4 99 
48
35 35 
9 9 
27 27 
45 45 
25 25 
19 19 
26 26 
40 40 
39 39 
30 30 
5 5 
32 32 
23 23 
58 43 
3 3 
6 6 
44 44 
20 20 
13 13 
18 18 
49 49 
16 16 
12 12 
31 31 38 
0 0 
29 29 
33 33 
2 2 
8 8 
17 17 
48 48 
47 47 
34 34 
7 7 
22 22 
10 10 
21 21 
36 36 
37 28 37 
11 11 
42 42 
24 24 
1 1 
15 15 
14 14 
46 46 
41 41 
4 4 
