AlbertFredHaines ZacharyWarrenKarth EricTinaPerea MarciaWalterKirschma MarthaJackRobinson DebraJaneFitzgerald RobinStephenWebster StormyOllieYork FerdinandLukeJackson GeorgeWilliamJackson DenaJewellDavis CassandraJaniceGlove JannaDavidCarranza MistyRobertKing MarkAngelaMccloud KathleenSherryDay EdwardErnestSinger KathleenSherryDay AnnDeannaLarzazs EricTammyScott BradleyDeborahSaball CynthiaConnieWright LawrenceBarryHadden JosephAmandaMullen EricJamesJuckett RonaldEdnaArant KevinKurtPope JamesJordanZamora HeidiMayJohnson RosaPatrickYankey RickyJamesBrumfield IsaacGregGargano GlennaMichaelBorden GaryCharlesHudson BernicePennyRiddick DeeAmandaBartley StevenNeilNguyen SandraHarryStewart BernicePennyRiddick JudeJanetHarcourt KathleenJoseClark CraigJohnLard StephenWilliamCoffma RolandGregoryWatson KellyJohnnaOles WillieRobertSimon LynnKennethChavez JohnRichardSmith MaryJamesDavila JudyPearlineKaminski WadeSonnyMcbride ManuelaJoseBailey LillianJuanAncona JohnDarrellThomas JimmyFlorTasson MichaelElizabethWeav JeremyJamesChavez CherylMaryMorgan TravisMichelleMeller JackieSharonScherrer PerryJamesBennett KevinCharlesEvans TommyAmandaMartin GeorgeHenryVillar EdwardDennisStewart JessicaChristopherHa ThomasEssieEwing ElmerDemetriusLark MarkDianeDuchon BrettDominickSonnier ClaudeBobbyBaker JoStephenMay HowardKennethCollins PeterJosephBarbee DianeMargaretHammond DeniseBrunoWilliam KevinThomasHiggins LuisCharlotteCollins DwainJoeFeldman DorisJeffreyBinger WilliamDavidGray JohnBrendaFuller WillieJeraldStone JoannCharlieWilkinso AlbertFredHaines 
76
AlbertFredHaines AlbertFredHaines 
ZacharyWarrenKarth ZacharyWarrenKarth 
EricTinaPerea EricTinaPerea 
MarciaWalterKirschma MarciaWalterKirschma 
MarthaJackRobinson MarthaJackRobinson 
DebraJaneFitzgerald DebraJaneFitzgerald 
RobinStephenWebster RobinStephenWebster 
StormyOllieYork StormyOllieYork 
FerdinandLukeJackson FerdinandLukeJackson 
GeorgeWilliamJackson GeorgeWilliamJackson 
DenaJewellDavis DenaJewellDavis 
CassandraJaniceGlove CassandraJaniceGlove 
JannaDavidCarranza JannaDavidCarranza 
MistyRobertKing MistyRobertKing 
MarkAngelaMccloud MarkAngelaMccloud 
KathleenSherryDay KathleenSherryDay 
EdwardErnestSinger EdwardErnestSinger 
AnnDeannaLarzazs AnnDeannaLarzazs 
EricTammyScott EricTammyScott MichaelMarkHolloway 
BradleyDeborahSaball BradleyDeborahSaball 
CynthiaConnieWright CynthiaConnieWright 
LawrenceBarryHadden LawrenceBarryHadden 
JosephAmandaMullen JosephAmandaMullen 
EricJamesJuckett EricJamesJuckett 
RonaldEdnaArant RonaldEdnaArant 
JamesJordanZamora JamesJordanZamora 
HeidiMayJohnson HeidiMayJohnson 
RosaPatrickYankey RosaPatrickYankey 
RickyJamesBrumfield RickyJamesBrumfield 
IsaacGregGargano IsaacGregGargano 
GlennaMichaelBorden GlennaMichaelBorden 
GaryCharlesHudson GaryCharlesHudson 
BernicePennyRiddick BernicePennyRiddick 
DeeAmandaBartley DeeAmandaBartley 
StevenNeilNguyen StevenNeilNguyen 
SandraHarryStewart SandraHarryStewart 
JudeJanetHarcourt JudeJanetHarcourt 
KathleenJoseClark KathleenJoseClark 
CraigJohnLard CraigJohnLard 
StephenWilliamCoffma StephenWilliamCoffma 
RolandGregoryWatson RolandGregoryWatson 
KellyJohnnaOles KellyJohnnaOles 
LynnKennethChavez LynnKennethChavez 
JohnRichardSmith JohnRichardSmith 
MaryJamesDavila MaryJamesDavila 
JudyPearlineKaminski JudyPearlineKaminski DianeElisePickett 
WadeSonnyMcbride WadeSonnyMcbride 
ManuelaJoseBailey ManuelaJoseBailey 
LillianJuanAncona LillianJuanAncona 
JimmyFlorTasson JimmyFlorTasson 
MichaelElizabethWeav MichaelElizabethWeav 
JeremyJamesChavez JeremyJamesChavez 
CherylMaryMorgan CherylMaryMorgan 
TravisMichelleMeller TravisMichelleMeller 
JackieSharonScherrer JackieSharonScherrer 
PerryJamesBennett PerryJamesBennett 
KevinCharlesEvans KevinCharlesEvans 
TommyAmandaMartin TommyAmandaMartin 
GeorgeHenryVillar GeorgeHenryVillar 
EdwardDennisStewart EdwardDennisStewart 
JessicaChristopherHa JessicaChristopherHa 
ThomasEssieEwing ThomasEssieEwing 
ElmerDemetriusLark ElmerDemetriusLark 
MarkDianeDuchon MarkDianeDuchon 
BrettDominickSonnier BrettDominickSonnier 
ClaudeBobbyBaker ClaudeBobbyBaker 
JoStephenMay JoStephenMay 
HowardKennethCollins HowardKennethCollins 
PeterJosephBarbee PeterJosephBarbee 
DeniseBrunoWilliam DeniseBrunoWilliam 
KevinThomasHiggins KevinThomasHiggins 
DwainJoeFeldman DwainJoeFeldman 
DorisJeffreyBinger DorisJeffreyBinger 
WilliamDavidGray WilliamDavidGray 
JohnBrendaFuller JohnBrendaFuller 
JoannCharlieWilkinso JoannCharlieWilkinso 
