SueJosephGarza PaulShaneSoldner KennethShannonGardel SueCourtneyOsgood LillieKathleenCervan IraJimmyYang AshleyWilliamClarke LucyBennyHaag WilburnDavidMiller PatriciaBernardBrock MarianLuluDiaz PatriciaBernardBrock LauraPhilipWinkler KevinHaroldCyr KarenErmaJensen LuisHelenHughes MaryLindaKirkland DonaldDoloresKelly AlfredaKirstenMartin JamesJaredGonzalez LeroySandraLewis MaryLindaKirkland PhyllisJackWilson JohnJoseJudd FranciscoFrancesHarr WilliamGeorgeWilliam CrystalShermanVida ChristinaDanaGrant AnnaKyleChang OllieGeorgeSova ElsieJosephPhelps RobertJefferyFish BrianLuzArce JohnDustinKenny PamelaPageBullock JessicaJohnSpells PaulEvanRichard DarnellAliciaPeters MariaChristopherCast JessicaJohnSpells NathanKevinCorathers MelindaKennethAzar BrianRolandAli ThomasAnnieRuiz SueJosephGarza 
39
PaulShaneSoldner PaulShaneSoldner 
KennethShannonGardel KennethShannonGardel 
SueCourtneyOsgood SueCourtneyOsgood 
LillieKathleenCervan LillieKathleenCervan 
IraJimmyYang IraJimmyYang 
AshleyWilliamClarke AshleyWilliamClarke 
LucyBennyHaag LucyBennyHaag 
WilburnDavidMiller WilburnDavidMiller 
PatriciaBernardBrock PatriciaBernardBrock 
MarianLuluDiaz MarianLuluDiaz 
LauraPhilipWinkler LauraPhilipWinkler 
KevinHaroldCyr KevinHaroldCyr 
KarenErmaJensen KarenErmaJensen 
LuisHelenHughes LuisHelenHughes 
MaryLindaKirkland MaryLindaKirkland 
DonaldDoloresKelly DonaldDoloresKelly 
AlfredaKirstenMartin AlfredaKirstenMartin 
JamesJaredGonzalez JamesJaredGonzalez 
LeroySandraLewis LeroySandraLewis 
PhyllisJackWilson PhyllisJackWilson 
JohnJoseJudd JohnJoseJudd 
FranciscoFrancesHarr FranciscoFrancesHarr 
WilliamGeorgeWilliam WilliamGeorgeWilliam 
CrystalShermanVida CrystalShermanVida 
ChristinaDanaGrant ChristinaDanaGrant 
AnnaKyleChang AnnaKyleChang 
OllieGeorgeSova OllieGeorgeSova 
ElsieJosephPhelps ElsieJosephPhelps 
BrianLuzArce BrianLuzArce 
JohnDustinKenny JohnDustinKenny 
PamelaPageBullock PamelaPageBullock 
JessicaJohnSpells JessicaJohnSpells 
PaulEvanRichard PaulEvanRichard 
DarnellAliciaPeters DarnellAliciaPeters 
MariaChristopherCast MariaChristopherCast 
NathanKevinCorathers NathanKevinCorathers 
MelindaKennethAzar MelindaKennethAzar 
BrianRolandAli BrianRolandAli 
ThomasAnnieRuiz ThomasAnnieRuiz 
