SusanneJohnBerrios DougHelenHornbeck SpencerCourtneyBroth DouglasRobertFerkovi HarryNeilFranklin JorgeHeatherSamuels HarryNeilFranklin JuliaMollieHernandez FernandoLindaWatson AntonioGeraldBaker GarryDavidKingery MaryFrankieWomack DorothyDavidStromme RalphClydeMills LaquitaJohnBrunette RubyLelandCollard JuliaLindaGordon ClaudiaDavidTaylor JuanDebbieAllen MonteMonicaLum JuanDebbieAllen DinahCatherineFaulkn MattieBarbaraEkstrom SusanneJohnBerrios 
20
DougHelenHornbeck DougHelenHornbeck 
SpencerCourtneyBroth SpencerCourtneyBroth 
DouglasRobertFerkovi DouglasRobertFerkovi 
HarryNeilFranklin HarryNeilFranklin 
JorgeHeatherSamuels JorgeHeatherSamuels 
JuliaMollieHernandez JuliaMollieHernandez 
FernandoLindaWatson FernandoLindaWatson 
AntonioGeraldBaker AntonioGeraldBaker 
GarryDavidKingery StephanieAaronWalker GarryDavidKingery 
MaryFrankieWomack MaryFrankieWomack 
DorothyDavidStromme DorothyDavidStromme 
RalphClydeMills RalphClydeMills 
LaquitaJohnBrunette LaquitaJohnBrunette 
RubyLelandCollard RubyLelandCollard 
JuliaLindaGordon JuliaLindaGordon 
ClaudiaDavidTaylor ClaudiaDavidTaylor 
JuanDebbieAllen JuanDebbieAllen 
MonteMonicaLum MonteMonicaLum 
DinahCatherineFaulkn DinahCatherineFaulkn 
MattieBarbaraEkstrom MattieBarbaraEkstrom 
