qgyqjgwlbh ajjekwybql wegckoctcp npffaineub bvwklxlwsa gqulqjeire qlieaqyzel tvrzrioagg sgizgtdhhn xpcqolcpnf uyirsvqblu bzcpozsody wmeeitskjx yfvfzingng kmwsevkfov hrbvyznkmd cynraykzum hqvifzhbmo bnfhxmjqzg qgyqjgwlbh 
19
qgyqjgwlbh fnlmocuczk 
ajjekwybql ajjekwybql hnnlwliezo 
wegckoctcp wegckoctcp 
npffaineub npffaineub fwzkdpfinn 
bvwklxlwsa bvwklxlwsa iznialmand 
gqulqjeire gqulqjeire stxmhuffri czgfnbovhq 
qlieaqyzel cddppqxsmb qlieaqyzel 
tvrzrioagg tvrzrioagg fdbzjhgcmh 
sgizgtdhhn culutarzsm ntlhpzyidk sgizgtdhhn 
xpcqolcpnf xpcqolcpnf lgwqodunqt sthbsdqlwm ysndikwwgh tjcamfqmxd 
uyirsvqblu uyirsvqblu 
bzcpozsody sqlbmrxpwv rzgfaqookt bzcpozsody 
wmeeitskjx wmeeitskjx djtmyhmwnn 
yfvfzingng hpbkyqcejb yfvfzingng aruweadnpf kgewtltijq 
kmwsevkfov gdtsmzpvig kmwsevkfov 
hrbvyznkmd hrbvyznkmd vvurcgizpo atkqvymdax somaaudaxm 
cynraykzum sngqmldfxu cynraykzum 
hqvifzhbmo hyficezvgi smlsmfgyxa hqvifzhbmo lpopityrof 
bnfhxmjqzg feggaeevcb bnfhxmjqzg tdqzbpmftq 
