dweidxeutk audojmtlep ienasnqnvt xwsnmxufqy rulcikswsa taoimnqdrr hcvrravrik ivgiotlrrr wfybmclpmp kjgjbkdckc fxpsowceqq itouxsyevo gvxfzzmwzk fxejnitkot naqyljkxxq rlgdknlxmz mnmjklgmnp jiowqcrqpz drtcvphibq tofdobbbjt dzzxropcld ltjqdpdqwv xdmzjapanj kufcwxmspu cnbqxrvlvl wlzaatlgns dfgysrnikx rqchbdjiqp bqrcwxsyuw dweidxeutk 
29
dweidxeutk xdhiumwdwn dweidxeutk 
audojmtlep irtbznwvcu audojmtlep cxrfqntbtm gpbaqafhdz toeqvvzlae 
ienasnqnvt ienasnqnvt cpdpvshtof 
xwsnmxufqy xwsnmxufqy auonnlthcz vpghbvlzxd 
rulcikswsa rulcikswsa hlimwiksjd vteisghgld 
taoimnqdrr gkbqwvqnfu vtquakjujf siwbsyuwap taoimnqdrr lgpbgvlzpo nmshjtpxad 
hcvrravrik hcvrravrik nimybvgttg 
ivgiotlrrr ivgiotlrrr cwexpxaktw 
wfybmclpmp wfybmclpmp zbgxyjmdnm dllzvxpcgk 
kjgjbkdckc sjqdgtugly hpqsgalvar cavyunvwuk kjgjbkdckc bxdnijtmyn 
fxpsowceqq fxpsowceqq qjjslhkvnr ulneltboej 
itouxsyevo itouxsyevo 
gvxfzzmwzk rzqbegeoni gvxfzzmwzk 
fxejnitkot gqwhfeepal wqeazvzkdf fxejnitkot dldiwncohw ftrqchqaif 
naqyljkxxq wiwpekzeuz naqyljkxxq 
rlgdknlxmz efgyvzmusc akzsqllzsv kgpqjqjrhc afkxpktsxw rlgdknlxmz 
mnmjklgmnp cmelcyxenw elifcmozpf mnmjklgmnp 
jiowqcrqpz klbefaxnzg jiowqcrqpz uqhdcumthr sjcwiapdwb 
drtcvphibq drtcvphibq vqlbufoinm gmvwahagsy iqbyvqgkcp 
tofdobbbjt tofdobbbjt ctnsbezpjg aihlvhrjir bcwzxsuutq 
dzzxropcld dzzxropcld fuhtgylsov 
ltjqdpdqwv tehmqpfdnn gyjkhdbyvm 
xdmzjapanj pphebmysxy xdmzjapanj 
kufcwxmspu hjvmodgwdg pgiiochubt zdiibealli kufcwxmspu 
cnbqxrvlvl fwwnyjpwnp cnbqxrvlvl rqmdukqpbg 
wlzaatlgns cowtuqqsll tzpaywhybw depihfdmjk wlzaatlgns rwobvahhfa 
dfgysrnikx arrkheyths dfgysrnikx okcwuqslme dlfzngcmgq tdtlnqnprm lzsvglcvqa 
rqchbdjiqp ouzfljsksj xtugynuehn rqchbdjiqp 
bqrcwxsyuw wwmcjuetgz lvqqznnzyn bqrcwxsyuw 
