Place72 Place18 Place0 Place10 Place60 Place17 Place20 Place15 Place54 Place30 Place56 Place29 Place95 Place22 Place68 Place87 Place33 Place3 Place36 Place57 Place53 Place40 Place78 Place32 Place11 Place1 Place43 Place4 Place61 Place41 Place72 
27
Place18 Place18 
Place0 Place0 Place77 Place26 
Place10 Place10 
Place60 Place60 
Place17 Place52 Place89 Place17 
Place20 Place34 Place20 
Place15 Place15 
Place54 Place54 Place81 
Place30 Place30 
Place56 Place56 Place48 Place83 
Place29 Place29 Place2 
Place22 Place23 Place22 Place85 
Place68 Place86 Place91 
Place87 Place87 Place58 Place88 
Place33 Place33 
Place3 Place16 Place59 Place98 Place3 
Place36 Place36 Place50 
Place57 Place31 Place75 Place57 
Place53 Place53 Place93 
Place40 Place40 
Place78 Place19 Place78 
Place32 Place47 
Place1 Place1 
Place43 Place43 
Place4 Place4 
Place61 Place71 Place61 
Place41 Place41 
