Place102 Place18 Place47 Place32 Place7 Place20 Place45 Place96 Place57 Place59 Place155 Place26 Place151 Place199 Place39 Place24 Place125 Place82 Place91 Place86 Place1 Place95 Place58 Place147 Place50 Place54 Place33 Place156 Place77 Place61 Place8 Place23 Place13 Place150 Place197 Place72 Place191 Place75 Place175 Place41 Place3 Place68 Place10 Place21 Place74 Place140 Place42 Place80 Place55 Place102 
48
Place18 Place18 
Place47 Place47 Place6 Place127 
Place32 Place32 Place114 
Place7 Place7 Place142 
Place20 Place20 
Place45 Place27 Place45 
Place96 Place129 Place96 
Place57 Place57 Place112 Place100 
Place59 Place98 Place59 
Place155 Place155 Place128 
Place26 Place26 
Place151 Place151 Place166 
Place199 Place83 Place199 Place174 
Place39 Place39 Place104 
Place24 Place24 Place186 Place176 
Place125 Place125 Place146 Place81 
Place82 Place120 Place25 Place148 Place79 Place124 Place82 Place178 
Place91 Place116 
Place86 Place86 
Place1 Place1 Place198 
Place95 Place95 
Place58 Place135 Place152 Place58 
Place147 Place147 
Place50 Place108 Place196 Place50 Place115 
Place54 Place106 
Place33 Place33 
Place156 Place168 Place16 Place156 
Place77 Place110 Place77 
Place61 Place172 
Place8 Place8 
Place23 Place23 
Place13 Place13 Place190 
Place150 Place150 
Place197 Place137 Place197 
Place72 Place72 Place182 Place181 
Place191 Place28 
Place75 Place75 Place76 
Place175 Place71 Place175 Place145 Place117 
Place41 Place41 Place118 
Place3 Place3 Place107 
Place68 Place68 
Place10 Place97 Place10 
Place21 Place139 Place163 Place21 
Place74 Place144 Place74 Place153 
Place140 Place171 Place140 
Place42 Place42 Place56 
Place80 Place185 Place164 Place80 
Place55 Place55 
