Egsmith Barnton Wetwick Wychsmith Farnsmith Ashdown Aldover Egtree Shaftsted Whithall Whittree Stainby Wenwold Sudtree Flitgrove Chelmbeck Wychbeck Staplake Shaftbridge Burfield Egsmith 
18
Egsmith Waltditch 
Barnton Stapbeck Wychbourne Ashbourne Pemlow Egavon Barnton 
Wetwick Stainbrough Wetwick Nortley 
Wychsmith Wychsmith Chelmwang 
Farnsmith Farnsmith 
Ashdown Edgey Ashdown Shaftbage 
Egtree Wychnell Chelmden Egtree 
Shaftsted Wenbeck 
Whittree Wenside Burbourne Alfchester 
Stainby Stainby Brackbrough 
Wenwold Wenwold 
Sudtree Leathermere Sudtree 
Flitgrove Flitgrove 
Chelmbeck Cookford Chelmbeck 
Wychbeck Wychbeck 
Staplake Staplake 
Shaftbridge Shaftbridge Penborne 
Burfield Wywick 
