Chelmbourne Elgrove Staflow Rocktree Pemwood Stainfield Elside Alfcastle Egborne Barngrove Hornley Pemwold Melborne Sudworth Wenwang Edgchester Horncester Enbage Flitham Kingsley Flitham Enbage Prestey Enbage Stainside Whitover Southmere Sudgrove Leatherlow Alfby Stapwell Stafthorne Waltbrook Stafthorne Staintree Alfwell Marlton Stapwold Chelmbourne 
31
Chelmbourne Shaftwich Casford 
Elgrove Stapthorne Elgrove Wenborough Enlow 
Staflow Bursted Wyhead Staflow Cleredon 
Rocktree Stapmoor Hurstworth Whitborough Horndown Cookbridge Rocktree 
Pemwood Pemwood Sodside Bracklow 
Stainfield Dartsted Wenden 
Elside Elside Whitavon 
Alfcastle Barnham 
Egborne Cookton Egborne 
Barngrove Hartbage Prestdon 
Hornley Hornley Durditch 
Pemwold Pemwold 
Melborne Egcastle 
Sudworth Sudworth Barnside 
Wenwang Wenwang 
Edgchester Edgchester 
Horncester Horncester 
Enbage Enbage 
Flitham Flitham Shrivlow 
Kingsley Kingsley 
Prestey Sudwich Brainbridge Prestey 
Stainside Stainside 
Whitover Whitover 
Southmere Southmere Shrivside Stainhall 
Leatherlow Leatherlow 
Alfby Alfby Leatherlake 
Stapwell Stapwell 
Waltbrook Waltbrook 
Staintree Edgwich Staintree 
Alfwell Aldhall Alfwell 
Marlton Marlton 
