qtq wju oto pta pjx ifc plx ifc rcs wuf vsu wpq rwt ahv krg uoz qbe qfc kza unk udq tmc udq unk pxs unk udq pwa thz txk rod jta htv wpo mbx wpo htv eqm tro tmd tro viv nhr slq wiq fne hxp brk ooc art idl art ooc yiz rut qbj mnv lah xos lah llr uca qnn tvy hxo ukh iuz nfy tnl nfy iuz bsz ili yiz dkn osc xax nkx qoe cxu zqn fib gup bpm qof pkx orc hpb orc pkx orc nhk unf vlt ptq ynq nxr ooi xax fgo bai egz cjp egz lxt egz vub egz gak qjm lnv bwq qyi qls qlo cpw lfh spp lfh rxi hhe opt ase vaf zbn lbs jxq itg pjx sfp npu zgf cnv zgf wuc uxr pxi uwp rju blo zgs eku thd jno thd ahy xdz qtq 
99
qtq qtq 
wju wju 
pta pta 
pjx pjx 
ifc ifc fsl 
plx plx 
wuf wuf 
vsu vsu 
wpq wpq 
rwt rwt 
ahv ahv 
krg krg 
uoz uoz 
qbe qbe 
qfc qfc 
kza kza 
udq udq 
tmc tmc 
pxs pxs 
pwa pwa 
thz thz 
txk txk 
rod rod 
jta jta 
htv htv 
mbx mbx 
eqm eqm 
tro tro 
tmd tmd 
viv viv 
nhr nhr 
slq slq 
wiq wiq 
hxp hxp 
brk brk 
ooc ooc 
idl idl 
yiz yiz 
rut rut 
qbj qbj 
mnv mnv 
lah lah 
xos xos 
uca uca 
qnn qnn 
hxo hxo 
ukh ukh 
iuz iuz 
nfy nfy 
tnl tnl 
bsz bsz 
ili ili 
dkn dkn 
xax xax 
nkx nkx 
cxu cxu 
zqn zqn 
gup gup 
pkx pkx 
orc orc 
hpb hpb 
nhk nhk 
vlt vlt 
ptq ptq 
ynq ynq 
ooi ooi 
fgo fgo 
bai bai 
egz egz 
cjp cjp 
lxt lxt 
vub vub 
gak gak 
qjm qjm 
lnv lnv 
qls qls 
qlo qlo 
cpw cpw 
lfh lfh 
spp spp 
rxi rxi 
hhe hhe 
ase ase 
vaf vaf 
zbn zbn 
itg itg 
sfp sfp 
npu npu 
zgf zgf 
cnv cnv 
wuc wuc 
uxr uxr 
uwp uwp 
rju rju 
zgs zgs 
thd thd 
jno jno 
ahy ahy 
xdz xdz 
