Soda Browning Soda Yolo Martin Yolo Bristol Keeler Pardee Anne Haviland Belrose Menlo Bancroft Menlo Colusa Fulton Florida Halkin Addison Byron Addison Shasta Acacia Domingo Acacia Shasta Allston Solano Eunice Lewiston Edith Lewiston Latham Bret Poppy Bret Mabel Spring Haskell Center Fresno Center Bataan Center Ajax Forest Madera Marin Greenwood High Yolo Soda 
34
Browning Browning 
Martin Martin 
Bristol Bristol Hospital 
Keeler Keeler 
Pardee Pardee 
Anne Anne Arch 
Haviland Haviland 
Belrose Belrose 
Menlo Burnett Menlo 
Bancroft Bancroft Cutter Muir 
Colusa Colusa 
Fulton Fulton 
Florida Florida 
Addison Addison 
Byron Byron Columbia 
Shasta Shasta 
Domingo Domingo 
Allston Allston 
Eunice Eunice 
Lewiston Lewiston 
Edith Edith 
Bret Bret Kenilworth Vermont 
Poppy Poppy 
Mabel Mabel Overlook Summit Terrace 
Spring Comstock Poplar Spring 
Haskell Haskell 
Fresno Bowditch Fresno 
Bataan Bataan 
Ajax Ajax 
Forest Forest 
Madera Madera 
Marin Marin 
Greenwood Greenwood Haste Heinz 
High High 
