AZ BE DF AF DD DT BS DT AZ DO CY CT BU DB BO AH DH CR AV BP CN AL BT BP BX DM CV CZ CV AJ AN AE AT CC DG BL DL CK AK AA BW DC DV CD DV BK DQ CL CP CG BD BQ CO BI BJ CW AI AR AX BM AO AS AZ 
48
BE BE 
AF AF 
DD DD 
DT DT 
BS BS 
DO DO 
CY CY 
CT CT 
BU CJ BU 
DB DB 
BO BO 
AH AH 
CR CR 
AV AV 
BP BP 
CN CN 
AL AL 
BX BX 
DM DM 
CV CV 
CZ CZ 
AJ DE AJ 
AN AN 
AE AE 
CC CC 
BL BL 
DL DL 
CK CK 
AA AA 
BW BW 
DC DC 
DV DV 
CD CD 
BK BK 
DQ DQ 
CL CL 
CP CP 
CG CG 
BD BD 
BQ BQ 
CO CO 
BI BI 
BJ BJ 
AI AI 
AR AR 
AX AX 
AO AO 
AS AS 
