FD AR FD AU BG HD BH AN DM GA AZ GP AV EM ES GX CE FQ AM FQ EX DS EK HM FY EZ FJ FV EN CB CC GN BO EG BF AT GC FA HP CI AL DB AJ BM HN DK AD BZ EO AP FB CT CW ET EL FP DC BC DZ GH CG HH EE EF CU FD 
60
FD DP 
AR GO 
AU GK AU AF DE BV 
BG DI BG 
HD HB AW HD 
AN DU 
DM DM 
GA CL GA 
AZ BN AZ 
GP GP DF 
AV AV 
EM GS FI EM HO 
ES ES GD 
GX CS GX 
CE AX DQ 
FQ FS 
AM BK AM 
EX EX 
EK FO EK CO 
HM ER FN 
FY FY 
EZ EZ 
FJ FJ HC 
FV FV 
EN DA DN CF EN 
CB CB 
CC CC 
GN BA GN 
BO BO 
EG EG 
BF BF 
AT AT 
GC GC HF 
FA FM 
HP HP 
CI CI 
AL FR GZ 
DB DB 
AJ AJ 
BM BM 
HN FT 
DK DK 
AD AD EY 
BZ BZ AK 
EO EO 
AP DH HR 
FB GR 
CT CT 
CW BQ CW GF 
ET ET 
EL EL 
FP EJ EW BE FP 
DC DC 
BC BC GQ 
DZ DZ 
GH CA FU 
CG BT CG CK AG 
HH HH 
EE EE 
CU CU 
