186 35 128 74 144 2 108 195 156 0 79 143 19 71 97 14 172 178 0 49 174 177 45 183 168 89 140 1 104 11 188 162 1 61 33 190 32 194 29 196 30 67 157 198 22 70 150 86 17 1 121 138 90 136 107 5 134 186 
51
35 35 
128 128 
74 74 
144 144 
2 2 
108 108 
195 195 
156 156 
79 79 
143 143 
19 19 
71 71 
97 97 
14 14 
172 172 
178 178 
49 49 
174 174 
177 177 
45 45 
183 183 
168 168 
89 89 
140 140 
104 104 
11 11 
188 188 
162 162 
61 61 
33 33 
190 190 
32 32 
194 194 
29 29 
196 196 
30 30 
67 67 
157 157 
198 198 
22 22 
70 70 
150 150 
86 86 
17 17 
121 121 
138 138 
90 90 
136 136 
107 107 
5 5 
134 134 
