Warfield Ketsmith Pendingbrook Chedberdon Wyborne Cammerrensmoor Stainbrough Fulbourne Southbasport Fulbourne Ashborne Tipwick Burglebrough Chedtree Burglebrough Sudsmith Elmansham Chedderrenswich Dartseyworth Worberbrook Stainbrough Ciditch Ellingreham Suddlecombe Chippingsted Botherseyworth Falport Pendlewood Faldinghead Ketport Ashfield Suddlecombe Ellingreham Chelmstanwell Camwood Barndberbrough Skellingden Dribblewick Windling Dribblewick Worhall Dribbingworth Leatherbleside Dribbingworth Bastleseyham Hammenshead Chilbury Warfield 
34
Warfield Warfield 
Ketsmith Whitchester 
Pendingbrook Pendingbrook Suddlecastle 
Wyborne Wyborne Cambingstoke 
Cammerrensmoor Cammerrensmoor Suddleborne 
Stainbrough Stainbrough 
Southbasport Southbasport Chiphead 
Ashborne Ashborne Hamsling Hannenmanswick 
Tipwick Tipwick 
Burglebrough Burglebrough 
Chedtree Chedtree Siringwang Suddleover 
Sudsmith Sudsmith 
Elmansham Skelling Elmansham 
Chedderrenswich Chedderrenswich 
Worberbrook Worberbrook 
Ciditch Northall 
Ellingreham Ellingreham 
Suddlecombe Basringney Suddlecombe 
Chippingsted Chippingsted 
Botherseyworth Botherseyworth 
Falport Soddlewick Falport 
Pendlewood Pendlewood Horstlescompstoke 
Ketport Ketport 
Ashfield Ashfield 
Chelmstanwell Hammerringey Chelmstanwell 
Barndberbrough Barndberbrough 
Skellingden Skellingden 
Windling Windling Millendon 
Worhall Todtree Worhall 
Dribbingworth Dribbingworth 
Leatherbleside Leatherbleside 
Bastleseyham Bastleseyham 
Hammenshead Cicombe 
Chilbury Brackcompwang Chilbury 
