Whitgrove Sodberling Ellerbridge Ketchester Watchlake Bursted Botbage Penddenchester Pemnell Rothingcombe Pemnell Ribbenhall Boothingmanstree Tippendham Emmerley Bastlebury Rothead Bothenhall Rothead Chilsmith Hampingbascombe Wychcompwold Boothingchester Wycastle Bootwick Wycastle Botbeck Abcester Sifield Abcester Shaftwick Hurstdown Botshot Falworth Botshot Toddingchester Alddleringworth Worhall Hampingworth Worford Falderseythorne Durbrook Toddenmoor Ketnell Chelmdenmoor Southmere Ribberrenston Nortwell Warblestancester Sundlethorne Warsmith Skellingover Candleswick Endleshall Melwood Cannerthorne Eley Reddingtree Stapbrough Egbeck Skellenshot Cihead Skellenshot Egbeck Cireport Leatherport Alfmere Redcombe Egwick Worberney Whitgrove 
48
Whitgrove Dribblecombe Whitgrove 
Sodberling Bromstanham Sodberling Bursmith 
Ellerbridge Worrenberwang Suddingover Ellerbridge 
Ketchester Ketchester 
Watchlake Watchlake Tippingbage Farndlesover 
Penddenchester Tipstoke 
Rothingcombe Wethampton Faldenhall Rothingcombe Milthorne 
Boothingmanstree Boothingmanstree 
Tippendham Tippendham Wendleringdown 
Emmerley Southbury Emmerley 
Bastlebury Bastlebury Hamwold Rothendcombe 
Bothenhall Bothenhall 
Hampingbascombe Sirenshall Wetwick Hampingbascombe 
Wychcompwold Wychcompwold 
Wycastle Wycastle 
Bootwick Todhampton Bootwick 
Botbeck Clereennell Chedworth Whitringlake Botbeck Sundendford 
Abcester Abcester 
Sifield Sifield Enderbeck 
Shaftwick Egmerhampton Dartden 
Falworth Falworth 
Worhall Reddendeney Shaftborough Worhall 
Hampingworth Basditch Hampingworth 
Worford Skelberden Rotherlow Worford Dribberham 
Falderseythorne Penby Falderseythorne 
Durbrook Wychchester Sodport Durbrook 
Toddenmoor Toddenmoor 
Ketnell Ketnell Prestwick 
Chelmdenmoor Bothenton 
Southmere Southmere Egsted 
Ribberrenston Abglewold Farnditch Ribberrenston 
Nortwell Nortwell Marlcester 
Sundlethorne Siavon Sundlethorne Abgleham Blansbrook 
Warsmith Horsnell Wetsmith Elside Horstleover Marlbrook 
Skellingover Skellingover 
Candleswick Candleswick 
Melwood Melwood Staincombe Suddenmoor Wolley 
Cannerthorne Cannerthorne Waltbeck 
Eley Eley Hampingcastle 
Reddingtree Endingnell Endleberey 
Stapbrough Stapbrough 
Skellenshot Skellenshot 
Cihead Cihead 
Leatherport Leatherport 
Alfmere Alfmere 
Redcombe Casbrook Redcombe Siey 
Egwick Staplow 
Worberney Tippenbrook 
