0 1 2 18 19 34 19 4 5 6 7 8 9 10 25 41 56 41 57 73 58 59 89 104 103 87 86 85 100 85 84 83 82 66 51 36 50 65 80 95 80 79 94 93 92 91 107 122 106 90 75 60 45 30 15 0 
36
0 0 
18 3 18 63 
34 34 
5 5 20 35 
7 7 68 
8 8 23 
10 10 13 
25 25 40 
41 41 55 
56 56 71 
57 57 
73 73 
58 28 
104 119 
103 103 
87 88 
85 70 85 
100 100 115 116 
84 98 
83 83 
51 51 
36 36 52 
50 50 
80 80 
95 95 110 111 
79 78 
94 109 
93 93 
92 108 124 
122 122 
106 106 120 121 
90 90 105 
75 75 76 
45 31 45 46 47 
30 30 
15 15 
