0 68 56 81 50 11 50 84 35 4 80 79 80 89 85 41 95 24 22 36 1 99 57 12 13 1 51 63 51 3 20 34 16 34 30 48 90 71 42 93 64 83 20 74 31 72 32 78 2 66 54 47 33 62 33 98 39 59 39 98 60 87 7 86 10 75 56 68 0 
50
56 56 
81 81 
50 50 
11 11 
84 84 
35 35 
4 4 
80 80 
79 79 
89 89 
41 41 
95 95 
24 24 
22 22 
36 36 
1 1 
99 99 
12 12 
13 13 
51 51 
63 63 
3 3 
20 20 
34 34 
16 16 
30 30 
48 48 
90 90 
71 71 
42 42 
93 93 
64 64 
83 83 
74 74 
72 72 
32 32 
2 2 
54 54 
47 47 
33 33 
62 62 
98 98 
39 39 
59 59 
60 60 
87 87 
7 7 
86 86 
10 10 
75 75 
