0 170 146 136 91 63 91 19 85 99 85 160 145 103 163 194 76 139 183 187 28 155 70 157 50 77 182 24 164 35 138 35 9 167 117 107 159 87 159 42 109 165 107 117 119 29 95 96 67 47 67 44 173 89 84 65 191 137 191 134 128 184 128 168 156 168 125 133 10 12 130 197 186 193 178 14 83 60 104 97 36 97 40 83 60 141 4 141 152 25 152 20 121 81 78 186 199 106 48 31 118 64 58 82 151 39 8 166 8 26 176 26 196 179 180 135 69 150 22 118 17 175 63 74 126 111 51 79 108 102 116 32 116 98 54 120 116 75 116 6 38 6 153 27 185 18 0 49 0 
98
170 170 
146 146 
91 91 
63 63 
19 19 
85 85 
99 99 
160 160 
145 145 
103 103 
163 163 
194 194 
139 139 
28 28 
155 155 
70 70 
157 157 
50 50 
77 77 
182 182 
24 24 
138 138 
9 9 
117 117 
159 159 
87 87 
42 42 
109 109 
119 119 
95 95 
96 96 
67 67 
47 47 
44 44 
173 173 
89 89 
65 65 
137 137 
134 134 
128 128 
184 184 
168 168 
156 156 
125 125 
133 133 
10 100 10 
12 12 
130 130 
197 197 
186 186 
193 193 
178 178 
14 14 
83 83 
104 104 
36 36 
4 4 
25 25 
20 20 
121 121 
81 81 
78 78 
199 199 
106 106 
48 48 
31 31 
64 64 
58 58 
151 151 
39 39 
166 166 
26 26 
176 176 
196 196 
179 179 
180 180 
69 69 
22 22 
17 17 
175 175 
74 74 
126 126 
111 111 149 
51 51 
79 79 
108 108 
102 102 
116 116 
32 32 
98 98 
120 120 
75 75 
6 6 
38 38 
27 27 
185 185 
18 18 
49 49 
