location0 location33 location97 location50 location4 location24 location7 location14 location37 location36 location10 location6 location43 location3 location13 location11 location1 location58 location25 location18 location34 location21 location39 location46 location49 location2 location53 location30 location9 location12 location72 location48 location0 
31
location0 location47 
location33 location28 location33 
location97 location32 
location50 location17 location50 
location4 location4 
location24 location24 
location7 location7 location16 
location14 location14 location29 
location37 location19 location31 location37 
location36 location36 
location10 location8 location10 
location6 location6 location38 
location43 location26 location43 
location3 location3 location27 
location13 location5 location13 
location11 location11 
location1 location1 
location58 location45 
location25 location25 
location18 location18 
location34 location22 location34 location42 
location21 location20 location21 
location39 location39 location41 
location46 location46 
location49 location15 location23 location49 
location2 location2 
location53 location35 location40 
location30 location30 
location9 location9 
location12 location12 location44 
location48 location48 
