location0 location73 location64 location79 location1 location152 location76 location67 location6 location50 location18 location42 location45 location74 location107 location40 location184 location37 location12 location60 location161 location33 location43 location22 location161 location8 location146 location68 location16 location123 location91 location49 location99 location93 location72 location34 location77 location55 location47 location13 location51 location70 location88 location100 location25 location95 location61 location41 location186 location98 location63 location0 
47
location0 location11 location57 location82 location94 
location73 location73 
location64 location3 location15 location64 
location79 location79 
location1 location1 
location76 location36 location76 
location67 location67 
location6 location6 location83 
location50 location20 location50 location53 
location18 location18 location59 location92 
location42 location42 
location45 location45 
location74 location74 
location40 location26 location40 location71 
location184 location56 
location37 location37 location97 
location12 location12 location29 
location60 location5 location14 location54 location60 
location33 location17 location33 location65 
location43 location43 
location22 location22 location44 
location8 location8 location86 
location146 location21 
location68 location23 location39 location68 location81 
location16 location16 location46 
location123 location58 location96 
location91 location90 location91 
location49 location48 location49 location69 location78 location85 
location99 location30 location84 location99 
location93 location66 location93 
location72 location72 location80 location87 
location34 location19 location27 location34 
location77 location77 
location55 location32 location55 
location47 location24 location47 
location13 location13 
location51 location2 location51 
location70 location70 
location88 location88 
location100 location7 location52 location100 
location25 location4 location25 location35 location38 location62 
location95 location95 
location61 location61 location75 
location41 location10 location28 location41 location89 
location186 location31 
location98 location9 location98 
location63 location63 
