SantaClarita Carrollton Lubbock Reno PembrokePines Austin Indianapolis Stockton Allentown Omaha Ontario Hartford Torrance Portland Visalia Portland Washington RanchoCucamonga StPetersburg OklahomaCity LosAngeles Milwaukee Alexandria Bellevue SantaAna Irvine Fayetteville Independence JerseyCity Chesapeake Escondido Midland Thornton Huntsville Thornton Beaumont Thornton Yonkers Escondido StLouis SanDiego Waco FortCollins GardenGrove FortCollins Stamford FortCollins SantaClarita 
33
Carrollton Carrollton 
Lubbock Concord 
PembrokePines PembrokePines 
Austin Austin 
Indianapolis Indianapolis 
Stockton Stockton 
Allentown Pomona Allentown 
Omaha Omaha 
Ontario Boston Ontario 
Hartford Hartford LouisvilleJefferson LongBeach 
Torrance Henderson Surprise 
Visalia Sunnyvale Visalia 
Washington Washington WestValleyCity 
RanchoCucamonga RanchoCucamonga 
StPetersburg StPetersburg 
OklahomaCity OklahomaCity Newark 
LosAngeles Brownsville LosAngeles Orlando 
Milwaukee Lafayette 
Alexandria Worcester Alexandria Garland 
Bellevue Bellevue 
Irvine Scottsdale 
Fayetteville Fayetteville 
Independence Independence SiouxFalls 
Chesapeake Wichita 
Midland Midland 
Huntsville Shreveport Huntsville 
Beaumont NewportNews Beaumont 
Yonkers Yonkers 
StLouis StLouis 
SanDiego LexingtonFa Paterson 
Waco Waco 
GardenGrove Victorville GardenGrove 
Stamford Stamford 
