Plano SantaClara Irving Rochester OklahomaCity Rochester SanFrancisco MorenoValley Sunnyvale MorenoValley Montgomery Mesa OWO Memphis Charleston Kent Beaumont Vancouver Atlanta Oxnard Cleveland Denver Ontario Waco Wichita Waco Omaha Garland KansasCity StLouis AnnArbor FortLauderdale Norfolk Reno Tulsa SantaAna Lincoln PembrokePines Lafayette Huntsville Fayetteville JerseyCity Anaheim Elizabeth Lancaster LosAngeles Escondido Hollywood Fontana SanJose Killeen Allentown Stamford SantaRosa FortCollins Laredo Tampa Portland GrandPrairie McAllen ThousandOaks Hialeah Denton Glendale Raleigh Chicago SanAntonio NewHaven Davidson Teemo Greensboro Surprise Corona Brownsville Knoxville Madison Fremont SantaClarita Spokane Pomona Houston Salinas GardenGrove Philadelphia Anchorage Thornton Joliet Mesquite Worcester Dallas NewOrleans Mobile HuntingtonBeach SimiValley HuntingtonBeach AugustaRichmond Fullerton Irvine LittleRock Irvine Olathe Cincinnati Tallahassee Hampton Miami LasVegas Vallejo LasVegas Rockford Plano 
86
SantaClara SantaClara 
Irving Irving 
OklahomaCity Cary OklahomaCity 
SanFrancisco SanFrancisco Warren 
MorenoValley MorenoValley Pasadena 
Sunnyvale Norman Sunnyvale 
Montgomery Montgomery 
Mesa Mesa 
OWO OWO 
Memphis Memphis 
Charleston Charleston 
Beaumont Beaumont 
Vancouver Vancouver 
Atlanta Atlanta 
Oxnard Oxnard 
Denver Hayward Denver 
Ontario Ontario 
Waco Waco 
Wichita Wichita 
Omaha Omaha 
Garland Garland 
StLouis StLouis 
AnnArbor AnnArbor 
FortLauderdale FortLauderdale 
Norfolk Norfolk 
Tulsa LouisvilleJefferson Tulsa 
Lincoln Lincoln 
Lafayette Lafayette 
Huntsville Huntsville 
JerseyCity JerseyCity Pikachu 
Anaheim Anaheim 
Elizabeth Elizabeth 
Lancaster Lancaster Torrance 
Escondido Escondido Akron 
Hollywood Hollywood 
Fontana Glasses 
SanJose SanJose 
Killeen Killeen 
Allentown Allentown 
Stamford Stamford 
SantaRosa SantaRosa 
FortCollins FortCollins SiouxFalls 
Laredo Laredo 
Tampa Tampa 
Portland Portland 
GrandPrairie GrandPrairie 
McAllen McAllen 
ThousandOaks ThousandOaks 
Denton Denton 
Glendale Glendale 
Raleigh Raleigh 
Chicago Chicago 
SanAntonio SanAntonio 
NewHaven NewHaven 
Davidson Davidson 
Greensboro Greensboro 
Surprise Surprise 
Corona Corona 
Brownsville Brownsville 
Knoxville SanBernardino Knoxville 
Madison Madison 
Fremont Fremont 
SantaClarita SantaClarita CorpusChristi 
Pomona Pomona 
Houston Houston 
Salinas Salinas 
GardenGrove GardenGrove 
Anchorage Anchorage 
Thornton Thornton 
Mesquite Mesquite 
Worcester Worcester 
Dallas Dallas 
NewOrleans NewOrleans 
Mobile Hartford Mobile 
HuntingtonBeach HuntingtonBeach 
SimiValley SimiValley 
AugustaRichmond AugustaRichmond 
Irvine Irvine 
LittleRock LittleRock 
Olathe Olathe 
Cincinnati Cincinnati 
Hampton Hampton 
Miami Miami 
LasVegas LasVegas 
Vallejo Vallejo 
Rockford Riverside Rockford 
