Waco OverlandPark AnnArbor SaltLakeCity Rochester Oski Irving SantaClara ChulaVista Lincoln Detroit Lincoln Newark Aurora KansasCity Omaha KansasCity Aurora Richmond SanFrancisco AthensClarkeCounty OWO LexingtonFa Palmdale FortWayne Palmdale Clarksville Stamford Cary Stamford SanBernardino Victorville FortCollins Victorville StPaul Palmdale SterlingHeights OverlandPark Waco SanAntonio Waco 
24
AnnArbor AnnArbor 
SaltLakeCity SaltLakeCity 
Rochester Rochester 
Irving Irving 
ChulaVista ChulaVista 
Lincoln Lincoln 
Detroit Detroit 
Newark Newark 
Omaha Omaha 
Richmond Richmond 
SanFrancisco SanFrancisco 
AthensClarkeCounty AthensClarkeCounty 
OWO OWO 
LexingtonFa LexingtonFa 
Palmdale Palmdale 
FortWayne FortWayne 
Clarksville Clarksville 
Stamford Stamford 
Cary Cary 
SanBernardino SanBernardino 
FortCollins FortCollins 
StPaul StPaul 
SterlingHeights SterlingHeights 
SanAntonio SanAntonio MorenoValley 
