0 66 57 184 72 78 52 199 59 123 158 107 115 153 179 102 13 197 30 94 17 5 6 173 198 138 11 193 27 193 39 56 67 172 134 172 67 88 130 88 183 63 150 93 131 38 84 86 133 1 108 20 108 166 108 37 101 68 101 196 18 192 113 76 33 76 42 159 141 159 43 87 190 87 83 130 9 103 9 4 3 35 157 19 89 151 31 24 152 129 47 129 137 182 50 125 119 174 119 2 98 19 11 65 128 28 128 81 128 28 187 28 13 14 117 175 143 21 190 116 16 15 16 100 12 120 167 26 80 22 74 38 78 177 194 176 69 176 51 164 111 114 17 96 124 70 140 71 8 160 195 122 23 185 0 
98
0 0 
66 66 
184 184 
72 72 
78 78 
52 52 
199 199 
59 59 
158 158 
107 107 
115 115 
153 153 
102 102 
13 13 
197 197 
94 94 
17 17 
5 5 
173 173 
138 138 
11 11 
193 193 
27 27 
39 39 
56 56 
67 67 
172 172 
134 134 
130 130 
183 183 
93 93 
38 38 
84 84 
86 86 
133 133 
1 1 146 
20 20 
166 166 
101 101 
68 68 
18 18 
33 33 
42 42 
159 159 
141 141 
43 43 
190 190 
83 83 
9 9 
103 103 
4 4 
3 3 
35 35 
157 157 
89 89 
151 151 
31 31 
24 24 
152 152 
129 129 
47 47 
137 137 
182 182 
50 50 
125 125 
174 174 
2 2 
98 98 
65 65 
128 128 
28 28 
81 81 
187 187 
14 14 
143 143 
21 21 
116 116 
16 16 
15 15 
100 100 
120 120 
167 167 
26 26 
80 80 
22 22 
74 74 
177 177 
69 69 
51 51 
164 164 
111 111 
114 114 154 
96 96 
70 70 
71 71 
8 8 
160 160 
23 23 
