13 98 57 65 73 85 93 95 61 84 88 62 54 55 93 69 79 74 83 97 59 56 77 89 52 94 63 78 81 91 96 66 53 57 72 68 51 99 86 67 76 82 50 71 75 80 60 90 58 70 87 13 
48
98 98 
57 57 
65 65 92 
73 73 
85 85 
93 93 
95 95 
61 61 
84 84 
88 88 
62 62 
54 54 
55 55 
69 69 
79 79 
74 74 
83 83 
97 97 
59 59 
56 56 
77 77 
89 89 
52 52 
94 94 
63 63 
78 78 
81 81 
91 91 
96 96 
66 66 
53 53 
72 72 
68 68 
51 51 
99 99 
86 86 
67 67 
76 76 
82 82 
50 50 
71 71 
75 75 
80 80 
60 60 
90 90 
58 58 64 
70 70 
87 87 
