13 148 181 183 113 133 195 153 154 198 177 160 191 127 155 143 129 5 156 115 126 131 192 179 121 130 175 171 197 165 102 100 178 13 
33
13 182 
148 116 132 148 
181 106 140 170 174 181 186 188 194 
183 128 166 183 
113 113 124 141 
133 133 162 
195 158 195 
153 139 144 150 153 
154 111 134 145 146 154 
198 138 152 198 
177 142 177 
160 160 173 
191 119 168 191 
127 109 127 
155 103 104 155 
143 107 120 143 
129 105 129 199 
5 184 187 189 
156 156 169 172 
115 115 123 167 
126 126 164 
131 131 161 
192 157 192 
179 112 179 180 196 
121 108 118 121 122 136 
130 114 130 
175 110 163 175 176 190 
171 151 171 185 
197 137 193 197 
165 101 159 165 
102 102 125 135 149 
100 100 
178 117 147 178 
