vLeODpVlYSBeYNDYoXha uyPyJzKFqWxgSNmpkDrB zxeoSbTqbWPpSzalAtBI MlwlINEFqmyzZNPXRLJF TCAkluAESUWAMGFeNcGN OVoYVQPnlYoZBBKtyuLk oCvaAQKOXXWgeSNnUmae CfkBzkPETvagyIDCsLTD DDEuYWXXufMefzDjgEFm gzxzakmqbxbsOczuQVLG gIttwvzcgONwFblnGIqq gMqbbwopmbxmOomqZjfm CmbFyJmcvVqyCmJgQxeI fHcdXnOxSadpKeCUwNYm NAHeKyyhAObyyUEUSkSU ybrQlUhznqOhsvndWAbl aWvnTxwRCeZSoCnPnhDt DWWCMAjZQQIEKOIiHFQN cZgmtoPGHxdozTaDMiyf TwgqMzgExFHTIfcwfBnr wRjMmrpRuknxqunJrMAE DqUxIMslnixWfmkjQTmS wRjMmrpRuknxqunJrMAE gzxzakmqbxbsOczuQVLG DDEuYWXXufMefzDjgEFm CfkBzkPETvagyIDCsLTD iDucfyZGMCbCQbXjbQqM mlipOrSnGcxXtoXBbRyl mevvwcZLudaokctOWvKe VhDSPHxolLkNxxDnpUyx SouQfuEdAivolPXFbygH LGqbVTsFMANIedVHAALW WCCOEUYmDvzZlrkDAqoi FEqXJcVrZfnSsHEUPhnl jwIBHKkXHTPVsOJwBOsr QQSjCkgLAWAPObYQvNsB qbmGewAditsWkTFHdxjP LOMgYipCQQXQnRqEqRwO vLeODpVlYSBeYNDYoXha 
26
uyPyJzKFqWxgSNmpkDrB uyPyJzKFqWxgSNmpkDrB 
zxeoSbTqbWPpSzalAtBI pdXCnKagnvEntNTuPHdK dyUDfEGgAoSshTRjMZZg zxeoSbTqbWPpSzalAtBI 
MlwlINEFqmyzZNPXRLJF tVzUgXVoBYxBMnkkwFmk MlwlINEFqmyzZNPXRLJF 
OVoYVQPnlYoZBBKtyuLk OVoYVQPnlYoZBBKtyuLk CPszTohYUHARNedzFlDK 
CfkBzkPETvagyIDCsLTD CfkBzkPETvagyIDCsLTD 
gzxzakmqbxbsOczuQVLG gzxzakmqbxbsOczuQVLG gEufXNuuWhnlbNYaoQFJ 
gIttwvzcgONwFblnGIqq gIttwvzcgONwFblnGIqq NciLXNPTvMoXdbTDZmlg 
gMqbbwopmbxmOomqZjfm AdXveYSBaneNwCQzrdSw aCucdhmWbhlrgfstQigR UgFPXEAdAfcfHGIbNTsq gMqbbwopmbxmOomqZjfm QkAjrUUuVdzSMnlfJLcO 
CmbFyJmcvVqyCmJgQxeI CmbFyJmcvVqyCmJgQxeI 
fHcdXnOxSadpKeCUwNYm fvEcAuRDdfuHEPLNpaTz fHcdXnOxSadpKeCUwNYm 
NAHeKyyhAObyyUEUSkSU NAHeKyyhAObyyUEUSkSU 
ybrQlUhznqOhsvndWAbl ruLqpYqEzGGiKysvsarb ybrQlUhznqOhsvndWAbl 
DWWCMAjZQQIEKOIiHFQN DWWCMAjZQQIEKOIiHFQN 
cZgmtoPGHxdozTaDMiyf cZgmtoPGHxdozTaDMiyf 
TwgqMzgExFHTIfcwfBnr TwgqMzgExFHTIfcwfBnr 
wRjMmrpRuknxqunJrMAE iBjjCWwkYToOKfrrLnny 
DqUxIMslnixWfmkjQTmS sBkAYRISjTYinLFSNcKW fToHwimUqLsKcKLZHiUX DqUxIMslnixWfmkjQTmS TqyFrXuGvuBuqnpYbjKc 
iDucfyZGMCbCQbXjbQqM jzQJaGLLiuQLhhyqBagr iDucfyZGMCbCQbXjbQqM 
mlipOrSnGcxXtoXBbRyl NVEtShKeuxpaFIOiyVqE mlipOrSnGcxXtoXBbRyl 
mevvwcZLudaokctOWvKe iBYHAWUhqeQPjphQzpdN FcEsyaTmqpoyvbDrHjlc 
VhDSPHxolLkNxxDnpUyx fPxvnMVMFwhJbNBURdgD VhDSPHxolLkNxxDnpUyx PLDOWRIeaCSVLMyDadzC 
WCCOEUYmDvzZlrkDAqoi WCCOEUYmDvzZlrkDAqoi xQaDpDGAXhDYzSMnMWvb 
FEqXJcVrZfnSsHEUPhnl ASXwCgVTXDdhSXJwFovC sXfgLMwoysnMazVSWnhc 
jwIBHKkXHTPVsOJwBOsr jwIBHKkXHTPVsOJwBOsr 
QQSjCkgLAWAPObYQvNsB RjKEHTlRvtaVBbyqZVAw BXzACdzjLITNgbmDPlEu QQSjCkgLAWAPObYQvNsB 
qbmGewAditsWkTFHdxjP cvlwIwajcIlbhZbyFgmq 
