wNqlpYNsRbJEgiGpKxrU lbWonvEbeplndKguSTkk igyeOiSdezmmXGTwMzLw lbWonvEbeplndKguSTkk qfRRtdRbhYJBARMfPlZM scpUkbcaYSAsHhSktebT JVONrXhhmtFWhFfDiOXW scpUkbcaYSAsHhSktebT JvFxbsySBAiFiOUrzrBi IvXQutSorlqOgnSVAIUd NJZlnWyeJFrkOwoqHKtT oZXYedlbtBLmkfoVmgta NzDQJknJPDEkcwCHzzbF MBJqOYmxhUYbldNVEdRy EEeDJaHeajXXlwYcHTeJ juzxSpUVuccJUMBOcJjO gFUGYXSirCYiFTivWNah erZKLqpCZsYKDnOCaBGq gFUGYXSirCYiFTivWNah RlHeRhvUOhGhZVGGJuED SiOEBWtHUiopSvDVOkjb ZauPfhkpsGmhbvkhkltR FaWIqatYRYVcXfVhAFRN bEfUXCTlwRBndElSbPGf FaWIqatYRYVcXfVhAFRN QPuWhldwxyxWvfAFawIx shugRMnaHVqQSmKaNBgu jeqqhISPyRIhGBNohHEu vTbNxpVTEoFlSjvvVvfG zHPSSEtFTQIbLYMdHqgP pMOSpTzPTPLXHLOQMjnt FWnudSYFvYQJHehOpEKf fpoTaBKmVdlDCxFwCFoz pfMSqTzbsucqewxTADAG NJZlnWyeJFrkOwoqHKtT xgBrJmdXVwtxgRuCBhMe NJZlnWyeJFrkOwoqHKtT nCedHqGgdWAicwyuYWpg NJZlnWyeJFrkOwoqHKtT cinQsEbBpQAHgGdjBxaK kwPuYZgJgVVJfdBGUtPw HeWrJOKsDjgdrcamgZLN aGPbLNWYAMujnfHCTCMo HeWrJOKsDjgdrcamgZLN kwPuYZgJgVVJfdBGUtPw GOKcLUIfVCLsdfLjyASo yscsUFTNNyaVMKBztBdV lIpVoDPUIfHCPpjswogJ lbWonvEbeplndKguSTkk eOfnBeTgmYCNEnRUhlEK QyXpliHSeQOPIsurIcpa DpztIuGTRpGuLsdlODJw yRQdlZBUBAPypebnrlAH DZEpVGVXkxHljziwItaS QjbdwbUnopENkiNyqirZ qoaNjvaRghiMQXaVEoQe syonLisTOSczosCwoILE CvZkdIYtdeDHtwufupie oHoxoLeyDYnKZDzgMtxI CvZkdIYtdeDHtwufupie UIlSMnVKIdNiXZNSiHsI fgzJCwocQniGlXAZHJId vIbIQYXZnmYrooTLYNtu eCBFrcppbiLzdGQubocl oDgfEuAVpeOlkkTIMDLw mgNeYYUOPKpLeiVEFIXd NtyLZDOaSczVvOGdocUp WoTuprXYItmuBoyNwAcV wNqlpYNsRbJEgiGpKxrU 
50
lbWonvEbeplndKguSTkk lbWonvEbeplndKguSTkk 
igyeOiSdezmmXGTwMzLw oKAKfpUUuLItChLyByFh igyeOiSdezmmXGTwMzLw KcrnMnFDTrBKaUaGpdLY NYdfLxXxFVvLEbDKzXWn 
qfRRtdRbhYJBARMfPlZM qfRRtdRbhYJBARMfPlZM 
scpUkbcaYSAsHhSktebT scpUkbcaYSAsHhSktebT jUSlIFtitQxyvVLJjiCc kyApsCeFkLoLFCdkazaE 
JVONrXhhmtFWhFfDiOXW JVONrXhhmtFWhFfDiOXW VIPPawblKbhOVWrmrWBx 
JvFxbsySBAiFiOUrzrBi wuSVWJYvpiWaQAHXocSG JvFxbsySBAiFiOUrzrBi 
IvXQutSorlqOgnSVAIUd edlAtPQdNXJQPCIzpkyX IvXQutSorlqOgnSVAIUd 
NJZlnWyeJFrkOwoqHKtT NJZlnWyeJFrkOwoqHKtT 
oZXYedlbtBLmkfoVmgta svUOWvTJLneAqJGnExpc oZXYedlbtBLmkfoVmgta 
NzDQJknJPDEkcwCHzzbF NzDQJknJPDEkcwCHzzbF EmbDgEECbkHbfAfHCgwB pzrGQEObzJGPnfATEYDc NPSPGRTNRcKKVpsBRSwh wvSJDoqoPGAkYgSuPFPw 
MBJqOYmxhUYbldNVEdRy MBJqOYmxhUYbldNVEdRy CbGuHgZfQMmSOfHDFJnK QePOUWiXcAUCoHETxuGS gDYKDrbERUXTnCayjBrC hLaNXBYgTzgUhvjmqUTu PZwTcKCPsEmpxetNZvef 
EEeDJaHeajXXlwYcHTeJ QeYNNLpZMBxyiFbZMPFY EEeDJaHeajXXlwYcHTeJ efZntVbfQTvIUOiRNPSH GMxGouyyndiUBMqMdOoc 
juzxSpUVuccJUMBOcJjO juzxSpUVuccJUMBOcJjO 
gFUGYXSirCYiFTivWNah ayQgUwyRuQVKeyFLPNbQ gcXUxTVUZWsOwtRNeDDa xlbpuxAjoVPJWPCWBEkJ 
erZKLqpCZsYKDnOCaBGq erZKLqpCZsYKDnOCaBGq ccdJRKiTXwIErdhSIxfh NIJaJxCurulNUdZZMxFk 
RlHeRhvUOhGhZVGGJuED jznspKyqlmxZtgfQUJVB RlHeRhvUOhGhZVGGJuED eiLPqIroFfCGzqSAlzAp 
ZauPfhkpsGmhbvkhkltR ZauPfhkpsGmhbvkhkltR 
FaWIqatYRYVcXfVhAFRN XtZHoAxqEyzvMChzPHpN 
bEfUXCTlwRBndElSbPGf bEfUXCTlwRBndElSbPGf imEmCMbYEtZJJkwxkSDD 
QPuWhldwxyxWvfAFawIx UdSbtwxTqTJxOiUoxEqw 
shugRMnaHVqQSmKaNBgu shugRMnaHVqQSmKaNBgu 
jeqqhISPyRIhGBNohHEu cMYyKTXGNKnFzrpwnXUl 
vTbNxpVTEoFlSjvvVvfG vTbNxpVTEoFlSjvvVvfG 
zHPSSEtFTQIbLYMdHqgP zHPSSEtFTQIbLYMdHqgP 
pMOSpTzPTPLXHLOQMjnt XPPBMlNyfVVeZGIzTCEW pMOSpTzPTPLXHLOQMjnt oLMkSrYLQRLHmPiuLCTC 
FWnudSYFvYQJHehOpEKf FWnudSYFvYQJHehOpEKf 
fpoTaBKmVdlDCxFwCFoz fpoTaBKmVdlDCxFwCFoz 
xgBrJmdXVwtxgRuCBhMe xgBrJmdXVwtxgRuCBhMe 
nCedHqGgdWAicwyuYWpg nCedHqGgdWAicwyuYWpg 
kwPuYZgJgVVJfdBGUtPw kwPuYZgJgVVJfdBGUtPw 
HeWrJOKsDjgdrcamgZLN HeWrJOKsDjgdrcamgZLN 
aGPbLNWYAMujnfHCTCMo ihxEqMQIIvyQmtrtMjeO YTwycpmzEWCqqTELtzXc aGPbLNWYAMujnfHCTCMo 
yscsUFTNNyaVMKBztBdV yscsUFTNNyaVMKBztBdV EhDFVLWZueLOrdjEOzEQ 
lIpVoDPUIfHCPpjswogJ cwgJAHVpCCTmuckJkncL wfEFdNDcColoskjTjcLm WMWBpOSnHGywZjCgaYyY 
eOfnBeTgmYCNEnRUhlEK eOfnBeTgmYCNEnRUhlEK 
QyXpliHSeQOPIsurIcpa QyXpliHSeQOPIsurIcpa XvUPApTFkqaSSizYsCIr ANDviqMIuFwdcboQDprt 
DpztIuGTRpGuLsdlODJw DpztIuGTRpGuLsdlODJw lSJjEsqamUCgRZdCmdyI 
DZEpVGVXkxHljziwItaS DZEpVGVXkxHljziwItaS 
QjbdwbUnopENkiNyqirZ nreoVgWrBhNXFZgTBlXO QjbdwbUnopENkiNyqirZ 
qoaNjvaRghiMQXaVEoQe kqcEdfKLaRzxOhAIzchh VRpSthoDcomqMDsGoVql joWAhkfNqIEECnBeulGl 
syonLisTOSczosCwoILE syonLisTOSczosCwoILE zNRhhVdMWUgTnnqmAfeY aIuYyryCOUGVeCAqbqkg 
CvZkdIYtdeDHtwufupie CvZkdIYtdeDHtwufupie szyiMlKhtyOynWjcoMsm ZXihCBEQBTdisqSlEMsj 
oHoxoLeyDYnKZDzgMtxI oHoxoLeyDYnKZDzgMtxI 
UIlSMnVKIdNiXZNSiHsI eobSFtKBbBdcVrTOREdK UIlSMnVKIdNiXZNSiHsI 
fgzJCwocQniGlXAZHJId fgzJCwocQniGlXAZHJId 
vIbIQYXZnmYrooTLYNtu vIbIQYXZnmYrooTLYNtu bFmSeBrfNuxjYPUDCLYq 
eCBFrcppbiLzdGQubocl ZwvojvRdUOYNJXIwAqgC SitzoubgYFeTjmkLjVPz TEPaiCedHTXapLxoBXMp 
oDgfEuAVpeOlkkTIMDLw ADVVlRLpnspleRTgeTdu wlySPverjehsBxldyigf 
mgNeYYUOPKpLeiVEFIXd mgNeYYUOPKpLeiVEFIXd 
NtyLZDOaSczVvOGdocUp NtyLZDOaSczVvOGdocUp 
