0 97 74 82 60 95 24 4 19 88 23 138 76 12 50 56 25 46 35 9 28 20 78 41 80 73 5 187 64 52 22 165 84 48 0 
34
0 58 
97 27 31 92 97 
74 30 74 
82 66 71 77 82 
60 18 34 44 59 60 
95 15 39 95 
24 2 24 40 83 
4 4 14 
19 19 36 
88 17 21 29 68 88 
23 6 8 23 69 
138 11 86 
76 13 43 76 81 99 
12 12 63 90 
50 33 45 50 
56 26 54 56 67 96 100 
25 25 98 
46 7 46 
35 35 61 65 70 
9 9 32 62 72 
28 28 42 47 
20 20 75 93 
78 55 57 78 89 
41 41 
80 16 80 
73 53 73 85 
5 5 10 
187 91 94 
64 64 
52 3 52 87 
22 22 49 51 
165 79 
84 38 84 
48 1 37 48 
