Soda L62 L76 L93 L151 L11 L69 L49 L4 L186 L123 L149 L14 L198 L163 L130 L68 L145 L184 L116 L158 L157 L63 L188 L117 L108 L52 L84 L25 L83 L90 L119 L101 L61 Soda 
33
L62 L62 
L76 L76 L113 L21 
L93 L192 L93 L5 
L151 L151 L171 L122 L92 
L11 L159 L191 L11 L124 
L69 L69 L39 L135 
L49 L49 L183 L102 
L4 L4 L70 L150 
L186 L24 L186 L79 
L123 L115 L189 L45 
L149 L149 L176 L32 
L14 L74 L89 L14 
L198 L34 L167 L193 L198 
L163 L22 L85 L107 L163 L166 
L130 L97 L130 L174 
L68 L43 L143 L68 
L145 L121 L103 L169 L145 L9 L133 
L184 L164 L114 
L116 L116 L75 L44 
L158 L172 L158 
L157 L0 L190 L157 L50 L27 
L63 L132 L63 L35 
L188 L194 L188 
L117 L13 L117 
L108 L99 L168 L108 L126 
L52 L173 L177 L52 
L84 L12 L84 
L25 L25 
L83 L83 L98 
L90 L90 L37 L125 L81 
L119 L54 L60 L119 
L101 L101 L67 
L61 L86 L61 L23 
