Soda location53 location89 location45 location60 location17 location46 location85 location33 location14 location11 location34 location38 location12 location64 location69 location90 location173 location87 location71 location29 location13 location80 location4 location76 location78 location94 location72 location51 location59 location47 location97 location96 location37 location5 location23 location32 location166 Soda 
38
Soda location3 
location53 location42 location2 location53 location41 
location89 location54 location89 
location45 location45 location77 location81 
location60 location68 location67 location100 location60 
location17 location39 location82 location17 
location46 location46 location57 location75 
location85 location56 location25 location85 
location33 location33 location43 
location14 location48 location14 
location11 location11 location7 location22 
location34 location34 location73 location20 
location38 location38 location30 location70 
location12 location52 location12 
location64 location64 location19 
location69 location44 location69 location55 
location90 location16 location90 
location173 location65 location1 
location87 location79 location87 location92 
location71 location71 location58 location31 location98 location28 
location29 location86 location29 location50 
location13 location13 
location80 location80 
location4 location4 
location76 location95 location76 
location78 location91 location78 location40 
location94 location94 location9 
location72 location72 
location51 location10 location66 location51 
location59 location36 location74 location59 
location47 location18 location47 
location97 location97 location24 location99 
location96 location26 location21 location6 location96 
location37 location35 location37 location62 location8 
location5 location15 location5 location63 location83 location93 
location23 location61 location23 
location32 location49 location32 location84 
location166 location88 location27 
