Soda singorahardjo chase vikram winifred krista ishaan caroline rouzbahani wong zhou ravi ani lebron du djajadi mittal danyal vilaythong singhal eshaan bears srinivasan barth weaver william ohio soman oscar alvin sunny brett Soda 
32
Soda ruhi wyatt kaur kevin li daniel rob cal srivastava grace adhikiari massachusetts chung maya greg krishnan jacob gobears emily sun liang berit annie umar charles franco lindsey andrew logan evan 
singorahardjo singorahardjo hari 
chase george chase 
vikram vikram melissa 
winifred ellen winifred 
krista krista kanika 
ishaan ishaan shah 
caroline caroline ashley 
rouzbahani rouzbahani gregory patagonia 
wong maniku wong 
zhou zhou king olivia 
ravi ravi aanika 
ani ahluwalia ani 
lebron yip lebron 
du du ritter 
djajadi djajadi amanda 
mittal chen mittal 
danyal danyal sophia 
vilaythong angelis vilaythong subbaraj 
singhal singhal wu saurav 
eshaan eshaan connor 
bears bears scott mack 
srinivasan srinivasan zhifei 
barth barth erika 
weaver weaver xin tyler 
william william nichole lewke 
ohio ohio hanlon 
soman zou soman 
oscar oscar celine 
alvin doshi alvin 
sunny sunny chloe parham 
brett devesh brett 
