loc48 loc61 loc47 loc55 loc11 loc73 loc27 loc6 loc9 loc80 loc31 loc72 loc26 loc23 loc64 loc28 loc5 loc96 loc43 loc52 loc4 loc91 loc34 loc45 loc19 loc48 
24
loc61 loc94 loc61 
loc47 loc40 loc0 loc47 loc69 
loc55 loc90 loc3 loc60 loc55 loc71 
loc11 loc11 
loc73 loc20 loc73 loc89 loc25 
loc27 loc27 
loc6 loc92 loc6 
loc9 loc9 
loc80 loc81 loc93 loc88 loc80 
loc31 loc21 loc31 
loc72 loc12 loc72 loc24 
loc26 loc68 loc26 loc17 
loc23 loc23 
loc64 loc63 loc64 loc75 
loc28 loc28 
loc5 loc5 loc44 
loc96 loc96 loc7 
loc43 loc43 
loc52 loc35 loc52 
loc4 loc4 
loc91 loc91 
loc34 loc34 
loc45 loc45 
loc19 loc19 loc98 
