loc79 loc11 loc148 loc32 loc25 loc66 loc18 loc40 loc36 loc164 loc3 loc91 loc96 loc26 loc45 loc19 loc44 loc160 loc113 loc8 loc2 loc170 loc98 loc14 loc110 loc186 loc107 loc76 loc73 loc52 loc180 loc152 loc16 loc173 loc120 loc89 loc4 loc58 loc30 loc146 loc62 loc43 loc17 loc48 loc80 loc68 loc196 loc142 loc79 
47
loc11 loc11 
loc148 loc69 loc148 loc171 
loc32 loc127 loc181 loc145 
loc25 loc25 loc132 
loc66 loc90 loc6 loc66 
loc18 loc18 
loc40 loc40 
loc36 loc36 
loc164 loc164 
loc3 loc3 
loc91 loc191 loc111 loc91 
loc96 loc96 loc92 
loc26 loc26 loc33 loc94 
loc45 loc34 loc45 
loc19 loc19 
loc44 loc44 loc122 loc185 
loc160 loc114 loc159 loc160 
loc113 loc9 loc121 loc113 
loc8 loc8 loc189 
loc2 loc2 loc59 
loc170 loc134 loc170 loc115 
loc98 loc124 loc98 loc87 loc162 
loc14 loc60 loc14 loc131 
loc110 loc140 loc0 loc110 
loc186 loc167 loc155 loc109 loc186 
loc107 loc107 
loc76 loc76 
loc73 loc153 loc73 loc83 
loc52 loc41 loc52 
loc180 loc180 loc158 
loc152 loc154 loc133 loc152 
loc16 loc97 loc16 
loc173 loc187 loc173 loc106 
loc120 loc54 loc176 loc120 
loc89 loc89 
loc4 loc4 loc64 
loc58 loc58 
loc30 loc30 
loc146 loc146 
loc62 loc128 loc150 loc62 
loc43 loc43 
loc17 loc17 
loc48 loc118 loc48 loc70 
loc80 loc80 loc50 
loc68 loc68 
loc196 loc130 loc78 loc196 
loc142 loc142 loc174 
