Jingzhou Fredericia CoonRapids Kabarnet Sanaa Sarzedo Jeypore Malnate Srinagar Kheri LondonderryCountyBor TanahMerah Bejucal Shively Bejucal RioFormoso Lysva Chegem Khabarovsk BeneBeraq Kiruna Tottori Payshanba Ouarzazat Carouge Carmichael elCampello Khangarh Pundong Jingzhou 
24
CoonRapids CoonRapids Sagalo 
Kabarnet Chittaranjan Shizunaifurukawacho BurgbeiMagdeburg Kabarnet SanJosedeOcoa Tabatinga 
Sanaa Manduria Sanaa JabalosSaraj 
Sarzedo Sarzedo 
Jeypore Jeypore 
Malnate Malnate 
Srinagar Entroncamento Kirovsk Srinagar 
Kheri Ermelo Ibri Kheri Veenendaal 
LondonderryCountyBor Ghugus LondonderryCountyBor 
TanahMerah TanahMerah FortLauderdale 
Bejucal Thamaga Bejucal 
Shively Shively Rangae 
RioFormoso Rembangan AzZuwaytinah Radnor RioFormoso 
Lysva Lysva 
Chegem Chegem 
Khabarovsk Crespo Khabarovsk 
BeneBeraq Gangtok BeneBeraq 
Tottori Tottori 
Payshanba SaintMichael 
Ouarzazat Ouarzazat Ketrzyn 
Carouge Colachel Ronse Depok Carouge 
Carmichael Carmichael 
elCampello elCampello 
Khangarh Shumen 
