LesLilas AinBessem Shchekino AinBessem Belalcazar Marchena Pozzuoli SanJuandelaMaguana SpanishTown Izhevsk SpanishTown Lloydminster Khulm Haripur Battambang AinArnat Mondlo PortoVelho Mondlo Braila Malpe Shimofurano Aringay Kaifeng CamRanh Haora Skelmersdale GuaMusang Sosnovka Daokou Hirosaki TagbilaranCity CerroAzul Wenchi Johnston Baramula Acireale Winnipeg ChalcodeDiazCovarrub BlueIsland Bourgoin EastLongmeadow Kushtia Geiro Zhaodong Arang Akcaabat Mauban WestIslip Djelfa SouthSaintPaul Kemise Aracuai AinBessem LesLilas 
47
AinBessem AinBessem 
Shchekino Shchekino Espiye 
Belalcazar Belalcazar Oerlinghausen 
Marchena Garbsen 
Pozzuoli VillaPauladeSarmient Pozzuoli 
SanJuandelaMaguana SanJuandelaMaguana Andrychow Gunzenhausen NoblePark 
SpanishTown SpanishTown Kineshma 
Izhevsk KotRadhaKishan Izhevsk 
Lloydminster Lloydminster NahiyatashShinafiyah Korsakov 
Khulm Khulm Anjarah 
Haripur Haripur Langenhorn 
Battambang Manacapuru Embu Battambang 
AinArnat AinArnat 
PortoVelho FetestiGara PortoVelho 
Braila Braila Bury 
Malpe Itororo Shieli 
Shimofurano Shimofurano Arzamas Nagar Gorgan 
Aringay AshtonunderLyne 
Kaifeng Kaifeng 
CamRanh MonteAlegre 
Haora Yafo Haora SaintCyrlEcole 
Skelmersdale Vyazniki Tabou Prostejov Skelmersdale FortWorth 
GuaMusang GuaMusang 
Sosnovka Sosnovka PriegodeCordoba HaciendaLaCalera 
Daokou Twante Daokou 
Hirosaki Hirosaki 
TagbilaranCity TagbilaranCity 
CerroAzul Kambove Mabopane 
Wenchi Hangu Wenchi 
Johnston Rhondda Sobue Johnston Turek Kairouan 
Baramula Fuxin Baramula Sorada 
Acireale Ontinyent Butuan Acireale 
Winnipeg Vaniyambadi SantanadoLivramento 
ChalcodeDiazCovarrub ChalcodeDiazCovarrub 
BlueIsland BlueIsland MadinatHamad MineralnyeVody Kotka Pezinok 
Bourgoin Morwa 
EastLongmeadow Mocoa Gowurdak EastLongmeadow Wangon 
Kushtia SenaMadureira 
Geiro CapimGrosso Ortaca 
Zhaodong Zhaodong 
Akcaabat Akcaabat Acarau 
Mauban Escada 
WestIslip WestIslip 
Djelfa Rivas 
SouthSaintPaul Ibirataia SouthSaintPaul SenadorPompeu Angleton 
Kemise Kemise Shurugwi 
Aracuai Aracuai 
