Kaimganj Fagaras Pilibhit Irvine Pilibhit Norristown Brecht Tsirang MontecatiniTerme Tocache Fandriana Korolev Yucheng Tsukawaki Karasuyama Albi Gobo Racine PinhalNovo MilpaAlta Anahuac Novopokrovskaya GobernadorGalvez Narangba Dankov Leixlip Mesa EncarnaciondeDiaz Mesa Leixlip Kaimganj 
24
Fagaras Fagaras 
Pilibhit Pilibhit 
Irvine Irvine 
Brecht Brecht 
Tsirang Tsirang 
MontecatiniTerme MontecatiniTerme 
Tocache Tocache 
Fandriana Fandriana 
Korolev Korolev 
Yucheng Yucheng Isakogorka 
Tsukawaki Tsukawaki 
Karasuyama Karasuyama 
Albi Albi 
Gobo Gobo 
Racine Racine 
PinhalNovo PinhalNovo 
MilpaAlta MilpaAlta 
Anahuac Anahuac 
Novopokrovskaya Novopokrovskaya 
GobernadorGalvez GobernadorGalvez 
Narangba Narangba 
Dankov Dankov 
Leixlip Leixlip 
EncarnaciondeDiaz EncarnaciondeDiaz 
