Building30 Building38 Building29 Building38 Building9 Building7 Building8 Building21 Building22 Building23 Building0 Building2 Building25 Building24 Building9 Building11 Building9 Building16 Building17 Building16 Building12 Building39 Building49 Building28 Building37 Building31 Building37 Building28 Building45 Building42 Building36 Building42 Building45 Building32 Building48 Building30 
19
Building38 Building38 
Building29 Building29 
Building7 Building7 
Building21 Building21 
Building23 Building23 
Building0 Building0 Building6 
Building2 Building2 Building4 
Building25 Building25 
Building24 Building27 
Building11 Building11 Building14 
Building17 Building17 
Building12 Building19 
Building39 Building39 
Building28 Building34 Building41 Building28 
Building37 Building37 Building47 
Building31 Building31 
Building45 Building35 
Building42 Building42 
Building36 Building36 
