EFLJOTk 0e qKAN35ZxfJxs2n Kpec 8I1AatPM 1p3lWfo8qHHC 9PHu2NLeEO q4W S5 JQX0b 4W I0a5SBtiDKckQxXh155L QyWIcdD7GorZtfQJb r5x AUKNFdTo fMV6tQxP tZ cPnISetFj7gG8o9K 13GDMZYtkIBDG8SVi5px K6 6mx6unEnl Xn8chReB4cAIE2gsbLF 7F9H97joVTdU8ZEpeb fgxHyKXvIAKSHtMEoO Tb5qjVS0DSkDKD 4pWeD5 EJOi3LI92xJB eJxYI mQzeU6iv7 SoHxfA vngV9R4 tC5KpkScgYX02k IRUxJNqQHDtKwk q9b8L0oiOJr Q7Ib7B EFLJOTk 
30
0e 0e 
qKAN35ZxfJxs2n qKAN35ZxfJxs2n 
Kpec Kpec 
8I1AatPM 8I1AatPM 
1p3lWfo8qHHC 1p3lWfo8qHHC 
9PHu2NLeEO 9PHu2NLeEO 
S5 S5 
JQX0b JQX0b 
4W 4W 
I0a5SBtiDKckQxXh155L I0a5SBtiDKckQxXh155L 
QyWIcdD7GorZtfQJb QyWIcdD7GorZtfQJb 
r5x r5x 
AUKNFdTo AUKNFdTo 
fMV6tQxP fMV6tQxP 
tZ tZ 
cPnISetFj7gG8o9K cPnISetFj7gG8o9K 
13GDMZYtkIBDG8SVi5px 13GDMZYtkIBDG8SVi5px 
K6 K6 
6mx6unEnl 6mx6unEnl 
Xn8chReB4cAIE2gsbLF Xn8chReB4cAIE2gsbLF 
7F9H97joVTdU8ZEpeb 7F9H97joVTdU8ZEpeb 
fgxHyKXvIAKSHtMEoO fgxHyKXvIAKSHtMEoO 
Tb5qjVS0DSkDKD Tb5qjVS0DSkDKD 
4pWeD5 4pWeD5 
EJOi3LI92xJB EJOi3LI92xJB 
mQzeU6iv7 mQzeU6iv7 
SoHxfA SoHxfA 
vngV9R4 vngV9R4 
IRUxJNqQHDtKwk IRUxJNqQHDtKwk 
q9b8L0oiOJr q9b8L0oiOJr 
