lyenDXSN 6DVIvuGfPs2BU Mu wBJRoqVxn1t 6yeW7sat9rvd DYfBQTocj M1PxrOPSNUVpc akZmiQ7tmX jvdVvQ 2FvJIR5cRPGGLqP zzYmU5YFhvp1 C8PRtY0wMczFLQQYxa VNvsbB7eWJcAK0fU llx2p 7h2PJW8oD2ihKQrfQ6 ImSpax GPeb MBLHuIgjJIXs uy3ouNIxumu7jEuoP1 2AR73oQdnbYqnDCGMFS EJDqk K0A9bbVLm9atwTf EJDqk Plmj0j Iax35 HwQeXpOEZHQ3s hVfqebryM4wN A67f nqeGwct f l G50hiUpVStHCMrd hjCFXN9kbqn0UCNsZ frNA534JEvY4f o3refHnx4qioqHztqMYE nWkakNi6Qt9d4g K6yVeBnomxSBet wcmx8dhmsO cYPTdnJWL vJxAK1LaHyuu4yFNeul KtvQaJqCJTRpXM8ZI 7Q zI 61 fzp vAIBd1Ae STJYwXq9HmmawT L CmV BR hU wKxe lyenDXSN 
39
6DVIvuGfPs2BU 6DVIvuGfPs2BU 
Mu Mu 
wBJRoqVxn1t wBJRoqVxn1t 
6yeW7sat9rvd 6yeW7sat9rvd 
M1PxrOPSNUVpc M1PxrOPSNUVpc 
akZmiQ7tmX akZmiQ7tmX 
jvdVvQ jvdVvQ 
zzYmU5YFhvp1 zzYmU5YFhvp1 
VNvsbB7eWJcAK0fU VNvsbB7eWJcAK0fU 
llx2p lt1a5E0H llx2p 
ImSpax ImSpax 
GPeb GPeb 
MBLHuIgjJIXs MBLHuIgjJIXs 
2AR73oQdnbYqnDCGMFS 2AR73oQdnbYqnDCGMFS 
K0A9bbVLm9atwTf K0A9bbVLm9atwTf 
Plmj0j Plmj0j 
HwQeXpOEZHQ3s HwQeXpOEZHQ3s 
hVfqebryM4wN hVfqebryM4wN 
A67f A67f 
nqeGwct nqeGwct 
f f 
l l 
G50hiUpVStHCMrd G50hiUpVStHCMrd 
hjCFXN9kbqn0UCNsZ hjCFXN9kbqn0UCNsZ 
frNA534JEvY4f frNA534JEvY4f 
o3refHnx4qioqHztqMYE o3refHnx4qioqHztqMYE 
nWkakNi6Qt9d4g nWkakNi6Qt9d4g 
wcmx8dhmsO wcmx8dhmsO 
cYPTdnJWL cYPTdnJWL 
vJxAK1LaHyuu4yFNeul vJxAK1LaHyuu4yFNeul 
KtvQaJqCJTRpXM8ZI KtvQaJqCJTRpXM8ZI 
7Q 7Q 
zI zI 
61 61 
vAIBd1Ae vAIBd1Ae 
L L 
CmV CmV 
BR BR 
hU hU 
