6a5e7697411b4a5f9bee 9413e484b07844a0b2a5 c83df3fc7ad7453da3a8 6e67d80aec8b4fc0a0f4 9413e484b07844a0b2a5 68b5e6aea12140d2bb26 9413e484b07844a0b2a5 6a5e7697411b4a5f9bee 6c8fdc64a38545c8997a 65b7af53d28f4262bf8f 9a007b07478f49ea8ad1 2ce2b2e6256542928a0d 53a42035b7034adda5bf b7139900039b4c2ca736 d231535a16d747168db6 ce0b9987a99a4073beab 67c1f44676a24551afe9 ce0b9987a99a4073beab ccd6cde772ea4eb0939d ab30581bda5a4746a1ab 7c1bf490928b4ce8968f b5755c64ca7a4efd9c08 f451d0f96c4e44e5a7a2 cfd801acdfd6452696dd 863d51b71d174e18a8b2 e9189c39d6f9459fb82b 950cb52e3a1446d9af98 4d6e33ce0fc84c6ea69d 365700b51db445e3a31a 5a90ec8096c2423fb598 9cd5696571884089ac0e 98304b605d624d9bbb4f 33067b0a316045d2baa2 95119be28c194159a1ee 33067b0a316045d2baa2 0b24d415cd09478386e1 d8981e847a1946839e08 0b24d415cd09478386e1 e42a313b3fc84870ab92 b0d847fc7911439a9eb5 bb70a9f783b44f29aa76 7a06c0a05152448791da bb70a9f783b44f29aa76 b0d847fc7911439a9eb5 e42a313b3fc84870ab92 72c52cfc431e4b0b82bd a517a99fa3bb48a69b2a bbb11a04c8a343348a26 6c5164d75c654b6e9e3b cc5f406e2dcd46bebe75 36411ecb5b7b4ec3a8e2 c90bb10fa78f4befb07c 046ea34f2b9e444f969d 3b86319574304aac82c1 19b9175266ef4103a93d 7d82ff1b75504dd99230 728908ec3cef4db29934 7d82ff1b75504dd99230 94e0719061a446db8f0d 12424155e29a4ad09224 d8c441caf295405aaf52 587de4c09b3b4117bf1b 0f061ec7b93e40a5b96a 6a5e7697411b4a5f9bee 
36
c83df3fc7ad7453da3a8 f4f0866d5e97488aa802 e73af41069ed4943a52c 87ecc0a3a59f407c9b3d 
6e67d80aec8b4fc0a0f4 6e67d80aec8b4fc0a0f4 
68b5e6aea12140d2bb26 68b5e6aea12140d2bb26 
65b7af53d28f4262bf8f e0d6bb0c69d74ec5a7c2 
9a007b07478f49ea8ad1 9a007b07478f49ea8ad1 
2ce2b2e6256542928a0d dcee8e551d34480d82e2 008aafd1b0ec4150aacc 
d231535a16d747168db6 268fc1cec41445e9ae4c 
ce0b9987a99a4073beab ce0b9987a99a4073beab 
67c1f44676a24551afe9 4aadb3216b4343adbebd 
b5755c64ca7a4efd9c08 e3697cd0e4bb4631b60b 
f451d0f96c4e44e5a7a2 ced33625aef44e049e40 a72944b166b948ed8afb f451d0f96c4e44e5a7a2 
cfd801acdfd6452696dd 4da00804134d4fc9a85c 
863d51b71d174e18a8b2 863d51b71d174e18a8b2 
e9189c39d6f9459fb82b e9189c39d6f9459fb82b 
950cb52e3a1446d9af98 4fd54063e8fe4e6591e3 950cb52e3a1446d9af98 
4d6e33ce0fc84c6ea69d 113cbb314b8c423e99ac 
365700b51db445e3a31a 365700b51db445e3a31a 
5a90ec8096c2423fb598 5a90ec8096c2423fb598 
98304b605d624d9bbb4f 00ab75eeae43479b93a1 
95119be28c194159a1ee 95119be28c194159a1ee a5e69939e9704f81a60e f911fa4d522a4357aa0b 
0b24d415cd09478386e1 bc0a76f3195549949d49 
d8981e847a1946839e08 a1480b86aa6b4e8ab46b ac82fe0455c04a6fbc21 d8981e847a1946839e08 
e42a313b3fc84870ab92 ebbbcdcdb3554877aeb0 5c8da1e70e304c18a2e4 
bb70a9f783b44f29aa76 4e25f87635bb4843b59f 
7a06c0a05152448791da 7a06c0a05152448791da 
72c52cfc431e4b0b82bd ab6a4a3d324a4e118998 
bbb11a04c8a343348a26 bbb11a04c8a343348a26 
6c5164d75c654b6e9e3b 6c5164d75c654b6e9e3b 
cc5f406e2dcd46bebe75 cc5f406e2dcd46bebe75 
36411ecb5b7b4ec3a8e2 3f86be020a0e43e4b1ff 
c90bb10fa78f4befb07c 6ea877c3766c4669a150 
3b86319574304aac82c1 3b86319574304aac82c1 1733e0b32fcb468e9db5 
728908ec3cef4db29934 728908ec3cef4db29934 
94e0719061a446db8f0d e0cb3963860e4d049310 
12424155e29a4ad09224 5042f23712404074ac94 12424155e29a4ad09224 
d8c441caf295405aaf52 c1b06ccaa4874b00a961 d8c441caf295405aaf52 
