0 97 0 15 42 81 72 1 14 33 9 90 89 90 30 54 30 86 94 86 87 91 87 44 82 68 84 58 46 99 46 37 41 95 41 62 35 77 11 25 53 69 75 31 29 51 50 93 16 27 71 8 32 39 88 39 43 12 36 83 60 6 40 78 67 65 21 0 
49
97 97 
15 15 56 
81 81 
72 72 
14 14 
33 33 
9 9 
90 90 
89 89 
54 54 
94 94 
87 87 
91 91 
44 44 
82 82 
68 68 
84 84 
58 58 
46 46 
99 99 
37 37 
95 95 
62 62 
35 35 
77 77 
25 25 
53 53 
69 69 
75 75 
31 31 
29 29 
51 51 
50 50 
93 93 
16 16 
71 71 
8 8 
32 32 
39 39 
88 88 
43 43 
12 12 
36 36 
83 83 
6 6 
40 40 
67 67 
65 65 
21 21 
