0 97 86 84 102 3 103 83 0 88 6 126 62 5 125 65 119 60 1 56 148 10 183 96 105 76 196 93 1 109 78 110 72 114 67 3 85 71 151 52 113 68 132 57 0 146 53 159 51 0 121 66 172 35 1 166 43 0 187 42 116 64 3 182 32 163 41 174 40 0 100 81 6 169 39 168 25 185 24 195 14 104 77 1 107 22 0 134 59 3 115 70 2 160 55 2 173 38 175 37 1 190 21 176 30 191 20 48 162 8 144 58 171 26 19 188 23 1 0 
100
0 0 
97 97 
86 86 
84 84 
102 102 
3 3 
103 103 
83 83 
88 88 
6 6 
126 126 
62 62 
5 5 
125 125 
65 65 
119 119 
60 60 
56 56 
148 148 
10 10 
183 183 
96 96 
105 105 
76 76 
196 196 
93 93 
109 109 
78 78 
110 110 
72 72 
114 114 
67 67 
85 85 
71 71 
151 151 
52 52 
113 113 
68 68 
132 132 
57 57 
146 146 
53 53 
159 159 
51 51 
121 121 
66 66 
172 172 
35 35 
166 166 
43 43 
187 187 
42 42 
116 116 
64 64 
182 182 
32 32 
163 163 
41 41 
174 174 
40 40 
100 100 
81 81 
169 169 
39 39 
168 168 
25 25 
185 185 
24 24 
195 195 
14 14 
104 104 
77 77 
107 107 
22 22 
134 134 
59 59 
115 115 
70 70 
160 160 
55 55 
173 173 
38 38 
175 175 
37 37 
190 190 
21 21 
176 176 
30 30 
191 191 
20 20 
48 48 
162 162 
8 8 
144 144 
58 58 
171 171 
26 26 
19 19 
188 188 
23 23 
