2 37 87 2 69 33 49 73 93 45 53 95 23 25 6 11 79 21 15 3 99 78 89 97 19 35 93 41 7 19 59 39 59 57 9 51 85 20 31 1 84 43 47 77 83 13 77 71 63 91 81 55 5 64 65 75 67 29 17 61 27 61 56 2 
50
37 37 
87 87 
69 69 
33 33 
49 49 
73 73 
93 93 
45 45 
53 53 
95 95 
23 23 
25 25 
11 11 
79 79 
21 21 
15 15 
3 3 
99 99 
89 89 
97 97 
19 19 
35 35 
41 41 
7 7 
59 59 
39 39 
57 57 
9 9 
51 51 
85 85 
31 31 
1 1 
43 43 
47 47 
77 77 
83 83 
13 13 
71 71 
63 63 
91 91 
81 81 
55 55 
5 5 
65 65 
75 75 
67 67 
29 29 
17 17 
61 61 
27 27 
