2 9 169 140 91 181 67 34 38 117 82 191 85 43 41 164 197 164 83 21 79 111 103 61 163 8 173 25 185 159 154 155 5 47 5 155 154 133 137 89 104 13 147 1 149 144 193 177 4 127 4 72 81 74 143 142 37 166 121 45 189 66 93 31 11 49 179 40 65 77 119 153 148 23 113 69 97 33 55 19 7 99 7 196 171 196 71 196 95 15 95 39 10 196 183 115 110 175 87 124 165 178 109 59 36 63 75 57 27 131 27 199 17 2 
83
9 9 
169 169 
91 91 
181 181 
67 67 
117 117 
191 191 
85 85 
43 43 
41 41 
197 197 
83 83 
21 21 157 167 
79 79 
111 111 
103 103 145 
61 61 
163 163 
173 173 
25 25 
185 3 185 
159 159 
154 129 
155 155 
5 5 
47 47 107 
133 133 
137 137 
89 89 
13 13 
147 147 
1 1 51 
149 149 
193 193 
177 177 
127 127 
72 125 
81 81 
143 143 
37 37 
121 53 121 
45 45 
189 189 
93 93 
31 31 
11 11 139 
49 49 73 
179 179 
65 65 
77 77 187 
119 119 
153 153 
23 23 
113 113 195 
69 69 
97 97 135 
33 33 101 
55 55 
19 19 
7 7 151 
99 99 
171 171 
71 71 
95 95 
15 15 
39 39 
10 105 
183 183 
115 115 
175 175 
87 87 
124 123 
165 165 
109 109 
59 59 
36 141 
63 35 63 
75 75 
57 57 
27 27 
131 29 131 161 
199 199 
17 17 
