S 2M 2Ba 2Bb 2Ba 2Bf 2M S 1M 1Ba 1Bb 1Ba 1Bf 1M S 2M 2Fa 2Fe 2Fa 2M 2Ea 2Ec 2Ea 2Ed 2Ek 2Ed 2Ea 2Ee 2Ea 2M S 1M 1Fa 1Fe 1Fa 1M 1Ea 1Ec 1Ea 1Ed 1Ek 1Ed 1Ea 1Ee 1Ea 1M S 2M 2Aa 2Ab 2Af 2Ag 2Af 2M S 1M 1Af 1Ag 1Af 1Ab 1Aa 1M S 2M 2Ca 2Cb 2Cc 2Cb 2Ca 2M 2Da 2M S 1M 1Ca 1Cb 1Cc 1Cb 1Ca 1M 1Da 1M S 
26
2Bb 2Bb 
2Bf 2Bf 2Bi 2Bj 
1Bb 1Bb 
1Bf 1Bf 1Bi 1Bj 
2Fe 2Fe 
2Ec 2Eh 2Ei 
2Ek 2Ek 
2Ee 2Ee 
1Fe 1Fe 
1Ec 1Eh 1Ei 
1Ek 1Ek 
1Ee 1Ee 
2Aa 2Aa 
2Ab 2Ab 2Ac 2Ad 2Ae 
2Ag 2Ag 2Ah 2Ai 2Aj 
1Ag 1Ag 1Ah 1Ai 1Aj 
1Ab 1Ab 1Ac 1Ad 1Ae 
1Aa 1Aa 
2Ca 2Ca 
2Cb 2Cb 
2Cc 2Cc 2Cd 
2Da 2Dd 2De 
1Ca 1Ca 
1Cb 1Cb 
1Cc 1Cc 1Cd 
1Da 1Dd 1De 
