S 3M 3Ba 3Bb 3Ba 3Bf 3M S 2M 2Ba 2Bb 2Ba 2Bf 2M S 4M 4Ba 4Bb 4Ba 4Bf 4M S 1M 1Ba 1Bb 1Ba 1Bf 1M S 3M 3Ca 3Cb 3Cc 3Cb 3Ca 3M 3Af 3Ag 3Af 3Ab 3Aa 3M S 2M 2Fa 2Fe 2Fa 2M 2Ea 2Ec 2Ea 2Ed 2Ek 2Ed 2Ea 2Ee 2Ea 2M S 4M 4Fa 4Fe 4Fa 4M 4Ea 4Ec 4Ea 4Ed 4Ek 4Ed 4Ea 4Ee 4Ea 4M S 2M 2Ca 2Cb 2Cc 2Cb 2Ca 2M S 4M 4Af 4Ag 4Af 4Ab 4Aa 4M S 1M 1Ca 1Cb 1Cc 1Cb 1Ca 1M S 3M 3Ea 3Ec 3Ea 3Ed 3Ek 3Ed 3Ea 3Ee 3Ea 3M S 1M 1Fa 1Fe 1Fa 1M 1Af 1Ag 1Af 1Ab 1Aa 1M S 3M 3Fa 3Fe 3Fa 3M 3Da 3M S 2M 2Aa 2Ab 2Af 2Ag 2Af 2M 2Da 2M S 4M 4Ca 4Cb 4Cc 4Cb 4Ca 4M 4Da 4M S 1M 1Ea 1Ec 1Ea 1Ed 1Ek 1Ed 1Ea 1Ee 1Ea 1M 1Da 1M S 
52
3Bb 3Bb 
3Bf 3Bf 3Bi 3Bj 
2Bb 2Bb 
2Bf 2Bf 2Bi 2Bj 
4Bb 4Bb 
4Bf 4Bf 4Bi 4Bj 
1Bb 1Bb 
1Bf 1Bf 1Bi 1Bj 
3Ca 3Ca 
3Cb 3Cb 
3Cc 3Cc 3Cd 
3Ag 3Ag 3Ah 3Ai 3Aj 
3Ab 3Ab 3Ac 3Ad 3Ae 
3Aa 3Aa 
2Fe 2Fe 
2Ec 2Eh 2Ei 
2Ek 2Ek 
2Ee 2Ee 
4Fe 4Fe 
4Ec 4Eh 4Ei 
4Ek 4Ek 
4Ee 4Ee 
2Ca 2Ca 
2Cb 2Cb 
2Cc 2Cc 2Cd 
4Ag 4Ag 4Ah 4Ai 4Aj 
4Ab 4Ab 4Ac 4Ad 4Ae 
4Aa 4Aa 
1Ca 1Ca 
1Cb 1Cb 
1Cc 1Cc 1Cd 
3Ec 3Eh 3Ei 
3Ek 3Ek 
3Ee 3Ee 
1Fe 1Fe 
1Ag 1Ag 1Ah 1Ai 1Aj 
1Ab 1Ab 1Ac 1Ad 1Ae 
1Aa 1Aa 
3Fe 3Fe 
3Da 3Dd 3De 
2Aa 2Aa 
2Ab 2Ab 2Ac 2Ad 2Ae 
2Ag 2Ag 2Ah 2Ai 2Aj 
2Da 2Dd 2De 
4Ca 4Ca 
4Cb 4Cb 
4Cc 4Cc 4Cd 
4Da 4Dd 4De 
1Ec 1Eh 1Ei 
1Ek 1Ek 
1Ee 1Ee 
1Da 1Dd 1De 
