0 1 6 11 16 17 18 16 11 15 11 6 9 6 11 16 20 19 16 11 6 1 4 1 3 1 6 11 16 22 23 21 25 21 26 27 28 26 32 33 31 36 41 46 52 53 51 57 58 56 61 67 68 66 72 73 71 76 81 86 91 93 92 91 95 94 91 86 88 86 89 86 81 76 78 76 79 80 76 81 82 83 81 84 81 76 71 72 66 70 66 67 61 65 64 61 63 62 61 56 57 51 54 51 52 46 50 46 48 47 46 41 45 44 41 42 43 41 36 40 39 36 38 36 31 34 31 36 41 46 49 0 
50
17 17 
18 18 
15 15 
9 9 
20 20 
19 19 
4 4 
3 3 
23 23 
25 25 
27 27 
28 28 
33 33 
53 53 
57 57 
58 58 
67 67 
68 68 
72 72 
73 73 
93 93 
92 92 
95 95 
94 94 
88 88 
89 89 
78 78 
79 79 
80 80 
82 82 
83 83 
84 84 
70 70 
65 65 
64 64 
63 63 
62 62 
54 54 
50 50 
48 48 
47 47 
45 45 
44 44 
42 42 
43 43 
40 40 
39 39 
38 38 
34 34 
49 49 
