0 198 197 196 191 192 186 181 176 171 166 167 161 162 156 151 146 141 136 131 126 127 121 116 111 112 106 101 105 101 103 101 96 91 92 86 87 81 76 71 66 61 56 57 51 46 41 42 36 37 31 32 26 21 16 11 6 1 0 
50
191 193 195 
192 192 
186 189 187 
181 183 184 185 
176 180 179 
171 173 
166 169 170 
161 164 165 
162 163 162 
156 159 
151 155 152 153 
146 149 
141 144 143 145 142 
136 137 139 140 138 
131 135 
126 130 129 
127 127 128 
121 122 
116 118 
111 114 113 
112 112 
106 109 107 108 
105 105 104 
103 103 102 
96 100 99 98 97 
91 95 94 
92 93 
86 90 
87 87 
81 83 84 82 
76 78 79 80 
71 73 72 75 74 
66 70 68 
61 63 65 64 62 
56 60 59 
57 58 
51 53 52 
46 48 47 
41 44 
42 42 
36 39 
37 38 
31 35 34 
32 33 32 
26 30 27 29 
21 24 22 25 
16 17 19 
11 14 13 12 
6 7 
1 3 
