BY5DUgv6 UQ4QaUHy Af1jBIly 2mQchaeu B0wYReom 6GJHoNdy 8e8OWOIi sR6JAufL 2og9s1wD xULc5Xg4 1aJdK4y9 K3J88UDV 6nj6dyOK UfRMeyI7 mXjWiYol o1w8sSXK vVYZOPt6 kkvcm3Qd c9Hgvc9w q1vN3eei FPDwKJIj Ym8LPSnY 8KVhuJvd OpfVa1HT 0zB29H2A R4zDiMu3 ucMA0iSv Y93BYexY yYTqCbSD 7CrB3pCm tDh0gTYH xTHVuNZl yqX5KOVJ KuVHgP1J Pi99fmGL KJQpAqYk FSF4Na2U w3Radp7c ayFODfwg S9dNuWxm rGjz0gOd AMieum8U GVK6CciB NL9qZEp0 iT0t8noc HXMHfRTC 9IHe97Yy mjMe14fC 7IV7YjRX JMul31yq WlxPulQd 8ni5D4t7 g5YhtPSt rZiSDNtK aPSEsY2w E85AysUp Rv8rDvqp 1cr6aFpX PagRRYIg nKZTEeUl YLp2gziD 8tOszPqV YLp2gziD nKZTEeUl PagRRYIg hc6YxxqG UQ4QaUHy BY5DUgv6 
45
BY5DUgv6 QeSUIsQ1 
UQ4QaUHy H2BV5cDz 
Af1jBIly Af1jBIly 
2mQchaeu 2mQchaeu 
B0wYReom B0wYReom 
8e8OWOIi 8e8OWOIi 
sR6JAufL sR6JAufL 
xULc5Xg4 xULc5Xg4 
1aJdK4y9 1aJdK4y9 
K3J88UDV K3J88UDV 
6nj6dyOK 6nj6dyOK 
UfRMeyI7 gbolqDJc UfRMeyI7 
mXjWiYol mXjWiYol 
o1w8sSXK o1w8sSXK 
c9Hgvc9w c9Hgvc9w 
q1vN3eei q1vN3eei 
FPDwKJIj FPDwKJIj 
OpfVa1HT OpfVa1HT 
0zB29H2A 0zB29H2A 
R4zDiMu3 R4zDiMu3 
ucMA0iSv ucMA0iSv 
tDh0gTYH tDh0gTYH 
xTHVuNZl xTHVuNZl 
yqX5KOVJ yqX5KOVJ 
ayFODfwg ayFODfwg 
S9dNuWxm S9dNuWxm 
rGjz0gOd rGjz0gOd 
AMieum8U AMieum8U 
NL9qZEp0 NL9qZEp0 
iT0t8noc iT0t8noc UmgiH1K9 
9IHe97Yy 9IHe97Yy 
mjMe14fC HEJxX3gA 
7IV7YjRX 7IV7YjRX 
JMul31yq JMul31yq 
WlxPulQd WlxPulQd 
8ni5D4t7 8ni5D4t7 
g5YhtPSt g5YhtPSt 
rZiSDNtK rZiSDNtK 
aPSEsY2w aPSEsY2w 
Rv8rDvqp Rv8rDvqp 
1cr6aFpX 1cr6aFpX 
PagRRYIg PagRRYIg 
nKZTEeUl nKZTEeUl 
8tOszPqV 8tOszPqV CrvusN6e lvlSObqb 
hc6YxxqG gd207oOq hc6YxxqG 
