ZtfcEeD9 lwKMUcFL lWuh5cH8 uEOMgmS6 7VEdC8Bn KZzTlcqA KbQF6Z1I VgwgAKMz FqE4GP0Y Wznv2rRv tKnzhLx5 pDb2VAD0 SqpsWXRw NvpMZWSs yptfWPBC aDGqWHym 4FNIiWtX Fj27Gybu WOQy49Fo TNblhkGK bKTzHQn4 uEOMgmS6 lWuh5cH8 lwKMUcFL ZtfcEeD9 6MPulFAv nFqouQp3 rbWYBihd NBKhkccj oqraQ3aF yWlzbESz CIF8DWXL BkhTgoaJ W7b2i2pG PMzcqvQL IdGLl1to WvzZeqnS O5yBujnu WvzZeqnS 04vrMVdi Q6NMHx0B MeetuZNx FgxkC8N1 ZCQYXo7t 8avKqSxh eHAI1Emd miUcr0K7 4pgwpiHi CxnbNU8s eJJL3lWa YWqBlkAs 43ehQX6O zvH4AKmS gmal2HHS kMauNR5Y wZJN4OBT EAWv9kfQ mlHu9OVg aWGQETjI gKOyNQPh aWGQETjI mlHu9OVg ZS8CQaI7 lqKnzPvP RjDUex61 IZjIq9He xzWL2Pp8 B65DnegI iF2sCG7R h4MzKYRp aACN5TTZ EB4WBsTV ca785uLx mrK2EXuk ZmF2u9Cy WOCLylig iJuLSUhp tCAdUY4B JfDq1Cs2 m9MRh7a0 91Uq51QB 7czjmzr9 n7cwD1GE SG64DwCC NSdaWdL7 SG64DwCC 6hjWynHN wusYsf5E U7cZo0h2 wusYsf5E 6hjWynHN DA7bDRCs xZQyzblz MwmVLu2P FGbFUcoj poaWnZDO 80BwLCcj kTn5Wdms 80BwLCcj poaWnZDO FGbFUcoj P0hOEoLv svPb07cv y7NjqOqM CBKWpDQv gX4kBNm4 JqKGA9ul AmaYXBsi NpH6Hpsr jKNn1ZQ1 WPOgjVLu bJ22zvWV yRH0nOtz 7P5zi9hu Tb8W969R xkCjqYXa 1gtWVzKV nDVKj516 bUsapUoo aSd01nMZ 3L2NkWiR zpLQ0R0G RleTQaHw oECxPSEB dB8nWjnw eF0ueRyu qtXV58SN VqqukjeY ntaFp6yn 1FIjcsO2 uYGlfCi2 sFR9mcaG eFJgi8X6 8Rfeklr1 J2tz5Jy2 LvdUl8D5 d5gzYuse 97y3ut3B RGBDWX4o 8LVjFaQv ijk5cHsH 1dr1nBQ7 EJI0xPm2 sAdwIwgI OEs82oEQ NgGjr3Ik qnVestAH PLFYaVF6 FdbcCrtB GZiGmLq9 fa3ra0T7 Ah46Ofm8 SUGv8yIU REvLgkhf X4DALK1Z Rd2M5nw8 CczWZLd1 tHTE6eug n7VUygaC eFJgi8X6 8Rfeklr1 J2tz5Jy2 9OV097CE hBRDGWam VDai7XkI mSd4Nw6v 9FVeC0va ciNFdHxl b850DFfF u2ZI4Bp6 KcGXxWyr 0MyIUMFM n0riP8Jl w0QWGw2L xI4hMIxA v654W2Kr O5yBujnu WvzZeqnS IdGLl1to PMzcqvQL W7b2i2pG BkhTgoaJ CIF8DWXL yWlzbESz oqraQ3aF NBKhkccj rbWYBihd nFqouQp3 6MPulFAv ZtfcEeD9 
89
ZtfcEeD9 ZtfcEeD9 
lWuh5cH8 lWuh5cH8 
KZzTlcqA KZzTlcqA 
VgwgAKMz VgwgAKMz 
FqE4GP0Y FqE4GP0Y 
Wznv2rRv Wznv2rRv 
yptfWPBC yptfWPBC HTyyntxa 
aDGqWHym aDGqWHym 
Fj27Gybu Fj27Gybu 
TNblhkGK TNblhkGK 
nFqouQp3 nFqouQp3 
rbWYBihd rbWYBihd 
CIF8DWXL CIF8DWXL 
W7b2i2pG W7b2i2pG 
PMzcqvQL PMzcqvQL 
IdGLl1to IdGLl1to 
O5yBujnu O5yBujnu 
04vrMVdi 04vrMVdi 
8avKqSxh 8avKqSxh 
miUcr0K7 miUcr0K7 
CxnbNU8s CxnbNU8s 
YWqBlkAs YWqBlkAs 
43ehQX6O 43ehQX6O 
zvH4AKmS zvH4AKmS 
kMauNR5Y kMauNR5Y 
wZJN4OBT wZJN4OBT 
EAWv9kfQ EAWv9kfQ 
mlHu9OVg mlHu9OVg 
aWGQETjI aWGQETjI 
gKOyNQPh BOlNhFGU gKOyNQPh o4xf7nVd 62Mn9lau 
ZS8CQaI7 ZS8CQaI7 
lqKnzPvP lqKnzPvP 
RjDUex61 RjDUex61 
xzWL2Pp8 xzWL2Pp8 
B65DnegI B65DnegI 
EB4WBsTV EB4WBsTV 
ca785uLx ca785uLx 
mrK2EXuk mrK2EXuk 
WOCLylig WOCLylig 
tCAdUY4B tCAdUY4B 
JfDq1Cs2 JfDq1Cs2 
91Uq51QB 91Uq51QB 
SG64DwCC SG64DwCC 
NSdaWdL7 dzvtjag1 Q7hUKAHQ NSdaWdL7 
wusYsf5E wusYsf5E 
U7cZo0h2 U7cZo0h2 
FGbFUcoj FGbFUcoj 
poaWnZDO poaWnZDO 
kTn5Wdms xRPgtW5C kTn5Wdms 
svPb07cv svPb07cv 
y7NjqOqM y7NjqOqM 
CBKWpDQv CBKWpDQv 
gX4kBNm4 gX4kBNm4 
AmaYXBsi AmaYXBsi 
NpH6Hpsr NpH6Hpsr 
jKNn1ZQ1 jKNn1ZQ1 
bJ22zvWV bJ22zvWV 
yRH0nOtz yRH0nOtz 
7P5zi9hu 7P5zi9hu 
Tb8W969R Tb8W969R 
xkCjqYXa CGddIqkC 
1gtWVzKV 1gtWVzKV 
aSd01nMZ aSd01nMZ 
zpLQ0R0G zpLQ0R0G 
RleTQaHw RleTQaHw 
eF0ueRyu eF0ueRyu 
ntaFp6yn ntaFp6yn 
sFR9mcaG sFR9mcaG 
eFJgi8X6 eFJgi8X6 
8Rfeklr1 8Rfeklr1 
J2tz5Jy2 J2tz5Jy2 
LvdUl8D5 LvdUl8D5 
d5gzYuse d5gzYuse 
8LVjFaQv 8LVjFaQv 
ijk5cHsH ijk5cHsH 
1dr1nBQ7 1dr1nBQ7 
qnVestAH qnVestAH 
PLFYaVF6 PLFYaVF6 
FdbcCrtB FdbcCrtB 
fa3ra0T7 fa3ra0T7 
X4DALK1Z X4DALK1Z 
Rd2M5nw8 OJgw7XgR Rd2M5nw8 
n7VUygaC 2KepLMXB 3MYamZSb 
9OV097CE uMuBYvMK 
hBRDGWam Pz0LLMil hBRDGWam 
mSd4Nw6v 7Xy44hse mSd4Nw6v 
ciNFdHxl ciNFdHxl 
0MyIUMFM 0MyIUMFM 
w0QWGw2L w0QWGw2L 
