74 31 7 15 47 5 1 60 0 22 9 57 43 35 59 13 37 18 26 56 14 30 192 62 3 4 21 38 41 64 23 28 39 12 11 36 40 142 33 55 148 24 61 53 44 16 8 42 20 6 49 19 46 29 51 17 2 50 65 52 48 54 34 32 25 10 27 165 74 
63
31 31 
7 7 
15 15 
47 47 
5 5 
1 1 
60 60 
0 0 
22 22 
9 9 
57 57 
43 43 45 
35 35 
59 59 
13 13 
37 37 
18 18 
26 26 
56 56 
14 14 
30 30 
62 62 
3 3 
4 4 
21 21 
38 38 
41 41 
64 64 
23 23 
28 28 
39 39 
12 12 
11 11 
36 36 
40 40 
33 33 
55 55 58 
24 24 
61 61 63 
53 53 
44 44 
16 16 
8 8 
42 42 
20 20 
6 6 
49 49 
19 19 
46 46 
29 29 
51 51 
17 17 
2 2 
50 50 
65 65 
52 52 
48 48 
54 54 
34 34 
32 32 
25 25 
10 10 
27 27 
