93 71 20 169 124 172 101 105 13 155 131 115 132 67 132 57 86 68 79 61 95 2 73 161 137 49 175 81 141 125 171 41 22 56 122 140 64 170 53 177 136 87 43 165 143 174 143 77 113 75 102 27 74 129 131 38 131 36 109 1 119 86 111 84 128 116 82 151 52 163 63 51 45 72 110 91 40 91 47 154 19 26 147 176 121 176 90 34 56 170 108 39 16 76 4 24 107 98 126 65 126 14 99 11 66 117 168 70 146 46 80 94 18 138 18 62 93 
89
20 20 
169 169 
124 124 
172 172 
101 101 
105 105 
155 155 
131 131 
115 115 
67 67 
57 57 
86 86 
79 79 
61 61 
95 95 
2 2 
73 73 
161 161 
137 137 
49 49 
81 81 
141 141 
125 125 
171 171 
56 56 
122 122 
140 140 
64 64 
170 170 
53 53 
177 177 
136 136 
87 87 
43 43 
165 165 
143 143 
174 174 
77 77 
75 75 130 
102 102 
27 27 
74 74 
129 129 
38 38 
36 36 
109 109 
1 1 
119 119 
111 111 
84 84 
116 116 
82 82 
151 151 
52 52 
163 163 
63 63 
51 51 
72 72 
110 110 
91 91 
40 40 
47 47 
154 154 
19 19 
26 26 
147 147 
176 176 
121 121 
90 90 
34 34 
108 108 
39 39 
76 76 
4 4 
24 24 
98 98 
65 65 
14 14 
99 99 
66 66 
117 117 
168 168 
70 70 
146 146 
46 46 
80 80 
18 18 157 
138 138 
62 62 
