Dannemora Fire Goshen Frankfort Delmar Herricks Flower Hancock Freeville Delhi Olcott Fishkill Galeville Delevan Glenwood Ghent Freeport Herkimer Fayetteville Harbor Fredonia Gowanda Franklinville Norwich Forest Fishers Haviland Franklin Norwood Florida Deer Granville Fairport Geneva Fairport Fulton Gardiner Falconer Gasport Oceanside Fair Oceanside Freeport Fonda Fleischmanns Hamburg Dannemora 
33
Fire Earlville Fire 
Goshen Firthcliffe 
Frankfort Flanders Frankfort 
Delmar Delmar Germantown 
Herricks Deposit 
Flower Flower 
Freeville Farnham Freeville 
Delhi Delhi Dunkirk Frewsburg 
Fishkill Davis Fishkill 
Galeville Galeville 
Delevan Dansville Delevan 
Ghent Depauville Ghent 
Freeport Freeport 
Fayetteville Fayetteville 
Fredonia Fredonia 
Franklinville Franklinville 
Norwich Fabius 
Forest Forest 
Fishers Deferiet Fishers 
Franklin Franklin 
Florida Farmingville Florida 
Deer Deer Delanson 
Granville Forestville 
Fairport Fairport 
Geneva Depew Fairview Geneva 
Fulton Dexter Fairmount Fulton 
Gardiner Friendship Gardiner 
Falconer Falconer 
Gasport Gasport 
Fair Fair 
Fonda Fonda 
Fleischmanns Fleischmanns 
Hamburg DeRuyter 
