Acton Carlsbad Alpaugh Carlsbad Bellflower Bolinas Angwin Atascadero Antioch Carson Bloomington Carson Bishop Brea Avery Capitola Bradley Arnold Bradley Cromberg Calexico Cromberg Cupertino Columbia Fortuna Avenal Fortuna Diablo Artesia Diablo Brentwood Calabasas Beaumont Copperopolis Bakersfield Burney Fellows Byron Biggs Brawley Alhambra Clayton Arcata Corning Cambria Almanor Esparto Alamo Ferndale Columbia Alpine Fontana Castroville August Cotati Boron Coronado Belmont Brisbane Anaheim Dunsmuir Calimesa Davis Boronda Buttonwillow Bystrom Anaheim Calistoga Belvedere Arcadia Belmont Cambria Cayucos Arvin Bishop Carson Antioch Bluewater Cerritos Anderson Caribou Eureka Concow Carrick Alameda Berkeley Armona Encinitas Carlsbad Acton 
65
Carlsbad Carlsbad 
Alpaugh Alpaugh Calipatria 
Bellflower Bellflower 
Bolinas Bolinas 
Angwin Albany Angwin Bayview 
Atascadero Atascadero Bonsall 
Antioch Antioch 
Carson Carson 
Bloomington Bloomington Ceres 
Bishop Bishop 
Brea Azusa Brea 
Avery Avery 
Capitola Barstow Capitola 
Bradley Bradley Caruthers 
Arnold Arnold Campbell 
Calexico Alturas Atherton Blairsden Calexico 
Cupertino Auberry Carmichael 
Columbia Carpinteria 
Fortuna Calwa 
Avenal Avenal 
Artesia Artesia 
Brentwood Arbuckle Biola Brentwood 
Calabasas Amesti Calabasas 
Beaumont Beaumont Benicia 
Copperopolis Altadena 
Bakersfield Bakersfield 
Burney Burney 
Fellows Bradbury 
Byron Atwater Byron 
Biggs Biggs 
Brawley Brawley 
Alhambra Alhambra Ashland Belden Burlingame 
Clayton Adelanto 
Arcata Arcata 
Cambria Cambria 
Almanor Almanor 
Esparto Blythe Cabazon 
Alamo Alamo Avalon Banning 
Alpine Alpine 
Castroville Castroville 
August August 
Cotati Bodfish 
Boron Boron 
Belmont Belmont 
Brisbane Brisbane 
Anaheim Anaheim 
Calimesa Calimesa 
Davis Aromas Bootjack 
Boronda Beckwourth Boronda 
Buttonwillow Bowles Buttonwillow 
Bystrom Bystrom 
Calistoga Calistoga 
Belvedere Belvedere Bonita 
Arcadia Arcadia Burbank Camarillo 
Cayucos Cayucos 
Arvin Arvin 
Bluewater Bluewater Cartago 
Cerritos Aptos Bell Broadmoor Cerritos 
Anderson Anderson 
Caribou Caribou 
Carrick Carrick 
Alameda Alameda 
Berkeley Auburn Berkeley 
Armona Armona 
Encinitas Canyondam 
