Acadia Tortugas Gunnison Glacier Brycecanyon Canyonlands Clark Badlands Shenandoah Haleakala Indiana Channel Cuyahoga Congaree Everglades Katmai Denali Yosemite Bend Voyageurs Smoky Lassen Isle Teton Isle Guadalupe Sequoia Arches Sequoia Guadalupe Acadia Biscayne Acadia Capitol Acadia 
21
Tortugas Tortugas 
Gunnison Gunnison Basin 
Glacier Gateway Glacier 
Brycecanyon Brycecanyon 
Canyonlands Canyonlands 
Badlands Badlands Crater 
Haleakala Haleakala 
Indiana Indiana 
Channel Channel 
Cuyahoga Cuyahoga 
Congaree Caverns Congaree 
Everglades Everglades 
Denali Denali 
Bend Bend 
Smoky Smoky 
Isle Isle 
Teton Teton 
Guadalupe Guadalupe 
Arches Arches 
Biscayne Biscayne 
Capitol Capitol 
