h0 h1 h51 h55 h9 h11 h59 h94 h63 h81 h48 h35 h47 h46 h45 h46 h36 h18 h20 h97 h27 h28 h37 h98 h46 h45 h84 h66 h26 h67 h0 h42 h68 h44 h23 h69 h71 h32 h72 h38 h86 h99 h29 h85 h66 h26 h67 h0 
30
h1 h1 h3 h4 h5 h6 h7 h8 
h55 h14 
h9 h9 h10 h13 
h11 h11 
h59 h12 h15 h16 
h94 h22 h41 
h63 h17 
h48 h48 
h35 h35 
h47 h47 
h46 h46 
h45 h25 h45 
h36 h36 
h18 h18 h49 h50 
h20 h20 
h27 h27 
h28 h28 h39 h40 
h37 h37 
h98 h19 
h26 h26 
h67 h2 h21 
h42 h42 
h68 h43 
h44 h44 
h23 h23 h33 
h32 h32 h34 
h72 h30 h31 
h38 h38 
h29 h29 
h85 h24 
