6 195 188 181 174 167 160 153 146 139 132 125 118 116 118 111 104 97 90 83 76 69 62 55 48 41 34 27 20 13 6 5 2 5 6 4 1 4 6 
31
6 6 
195 194 189 190 
188 182 184 186 
181 179 177 181 
174 174 172 169 
167 165 166 161 
160 155 160 154 
153 150 148 149 
146 140 145 142 
139 136 134 133 
132 128 129 126 
125 124 120 122 
118 115 
116 116 112 
111 110 106 105 
104 101 100 103 
97 96 91 94 
90 90 87 88 
83 83 77 80 
76 76 74 75 
69 64 69 65 
62 61 60 62 
55 50 51 53 
48 44 43 47 
41 38 41 39 
34 31 30 32 
27 27 25 22 
20 19 17 18 
13 10 12 11 
2 2 
1 1 
