0 20 12 3 33 43 52 63 82 80 84 105 114 111 151 172 192 174 175 155 186 167 178 147 138 149 45 36 47 66 77 17 0 
31
20 20 30 31 40 
12 11 12 22 
3 3 4 13 
33 24 33 
43 43 
52 51 52 62 
63 54 63 64 73 
82 82 91 92 
80 80 90 
84 75 84 85 94 
105 95 105 107 115 126 
114 104 114 123 124 
111 111 112 
151 132 150 151 161 
172 162 171 172 173 180 
192 192 193 
174 174 184 
175 175 185 
155 135 143 155 156 
186 186 196 
167 157 158 167 
178 168 178 188 
147 137 147 
138 119 138 148 
149 139 149 159 
45 35 45 55 
36 26 36 46 
47 47 57 58 
66 56 66 76 
77 77 87 89 
17 6 8 15 17 19 27 28 
