Loc1 Loc16 Loc42 Loc172 Loc48 Loc17 Loc10 Loc192 Loc88 Loc46 Loc199 Loc14 Loc187 Loc62 Loc45 Loc147 Loc178 Loc96 Loc186 Loc132 Loc158 Loc44 Loc198 Loc160 Loc56 Loc70 Loc23 Loc193 Loc47 Loc190 Loc134 Loc5 Loc121 Loc91 Loc194 Loc111 Loc22 Loc101 Loc146 Loc126 Loc74 Loc179 Loc39 Loc1 
43
Loc1 Loc30 Loc100 
Loc16 Loc16 
Loc42 Loc13 Loc71 
Loc172 Loc172 
Loc48 Loc9 Loc144 Loc154 
Loc17 Loc17 Loc57 
Loc10 Loc67 Loc107 Loc137 Loc143 
Loc192 Loc103 Loc192 
Loc88 Loc7 Loc18 Loc38 
Loc46 Loc46 
Loc199 Loc76 Loc99 
Loc14 Loc14 
Loc187 Loc182 
Loc62 Loc62 
Loc45 Loc170 
Loc147 Loc147 
Loc178 Loc27 
Loc96 Loc96 
Loc186 Loc122 Loc129 
Loc132 Loc132 
Loc158 Loc20 Loc50 Loc85 Loc140 Loc149 Loc171 Loc197 
Loc44 Loc44 
Loc198 Loc167 
Loc160 Loc160 
Loc56 Loc19 Loc110 Loc177 Loc180 Loc188 Loc195 
Loc70 Loc32 Loc65 Loc124 
Loc23 Loc23 Loc95 
Loc193 Loc0 Loc51 Loc109 
Loc47 Loc31 Loc61 Loc83 Loc163 Loc168 Loc176 
Loc190 Loc190 
Loc134 Loc106 
Loc5 Loc5 Loc54 
Loc121 Loc15 Loc37 Loc189 
Loc91 Loc91 Loc128 
Loc194 Loc94 
Loc111 Loc75 Loc111 
Loc22 Loc3 Loc8 Loc53 Loc153 Loc183 
Loc101 Loc60 Loc101 Loc159 
Loc146 Loc6 Loc25 Loc33 Loc97 Loc145 Loc175 
Loc126 Loc11 Loc118 Loc133 Loc141 
Loc74 Loc74 Loc151 Loc59 Loc123 
Loc179 Loc52 Loc77 
Loc39 Loc39 
