pace king guarantee due seize understand figure understand paper deposit circulation output autonomy glasses tool dialogue prison solve tolerate forge vegetarian forge winner forge vegetarian linger dough enhance legislation sign romantic straighten quality headline mature brake chair mystery enter mystery paper deposit honor feature interactive throne imposter fortune page lake rob tablet swear other excuse thumb enhance likely dialogue guarantee buffet exclusive dip joint demand cigarette tablet shy nationalist shy title shy injury audience respect financial voice pace 
47
king king 
guarantee guarantee 
seize seize 
figure figure 
paper paper 
circulation circulation 
output output 
autonomy autonomy 
glasses glasses 
tool tool 
prison prison 
tolerate tolerate 
vegetarian vegetarian 
winner winner 
linger linger 
dough dough 
enhance enhance 
legislation legislation 
sign sign 
quality quality 
headline headline 
brake brake 
mystery mystery 
enter enter 
honor honor 
throne throne 
imposter imposter 
page page 
lake lake 
rob rob 
tablet tablet 
swear swear 
other other 
thumb thumb 
likely likely 
buffet buffet 
exclusive class exclusive 
dip dip 
demand pain demand 
cigarette cigarette 
shy shy 
nationalist nationalist 
title sunrise title 
injury injury 
respect bitter 
financial financial 
voice voice 
