pace other pace respect pace market country single joint output joint single country throne boom confrontation development native blonde science begin greeting class joystick guarantee attraction guarantee joystick swop nationalist swop liver swop pier bleed curriculum chew offset chew drawer compromise view dive view profound coast lifestyle election interactive notebook fortune financial fortune atmosphere rent sunrise electronics exclusive excuse teacher ex beg control enemy control beg ex teacher hospitality terms deter note tablet imposter extort widen error home flag injury demand feature quiet speaker pace 
55
pace pace 
other comfortable other quadruple likely 
respect respect chair 
market market exile 
country triple knot country 
output output 
throne structure throne 
boom autonomy boom 
confrontation confrontation forge 
development exempt development skeleton 
native mature native 
blonde virgin assignment shiver ignore pipe 
begin begin 
greeting dough decisive greeting 
joystick bowel 
guarantee viable guarantee 
attraction coffin railcar attraction rage 
swop swop 
nationalist acceptance scheme page 
liver liver tool 
pier pig straighten 
bleed environment smile headline interface 
curriculum curriculum 
offset offset 
drawer drawer 
dive coincide dive 
profound injection profound 
coast coast swear 
lifestyle cotton lifestyle 
election buffet election 
interactive interactive 
notebook pardon 
financial mercy financial 
atmosphere atmosphere 
rent rent 
sunrise audience 
electronics electronics 
exclusive exclusive dip 
excuse excuse 
teacher teacher 
control control 
enemy stress spoil candle illusion ask enemy 
terms thumb 
deter identity deter physics 
note note 
tablet tablet 
imposter imposter 
widen widen driver 
error error 
home home 
flag flag 
injury injury 
demand rob 
feature feature 
speaker due 
