9iIwk jASvw oqPYQ jASvw 9iIwk h2rea 0mah3 ChXAd 0mah3 rrNj1 Esl6u fS0W8 k64Ok BnAjj k64Ok fS0W8 p9vQm fS0W8 k64Ok ZgtaX JgjFI iCgvV ZgtaX Vake4 ZgtaX pXCjI k6V9L vrNke 5ioW1 bXinH XZKtP 5ioW1 YH6mk Y7IDR 4a0W8 Y7IDR YH6mk AgYPL WJNpN 5VT1H 1uRw3 q0lus jT5CK q0lus 1uRw3 y89SK Ri2t4 jAwQw knY3U vE0Pj WGJpQ aHGHb RhUVQ QVYVG 7G74f QVYVG LZomt Ew56P SgDk6 Ew56P jYfXn MA43U ZzWHp Mj2eQ 1xmtC 9iIwk 
37
9iIwk 5R5Xa 9iIwk 
jASvw jASvw 
oqPYQ 0GdkR oqPYQ 
h2rea h2rea 
ChXAd 1eRkH ChXAd 
fS0W8 fS0W8 
BnAjj BnAjj 
p9vQm p9vQm 
ZgtaX veOJ7 ZgtaX 
JgjFI JgjFI 
iCgvV iCgvV 
Vake4 Vake4 
pXCjI pXCjI 
5ioW1 5ioW1 
bXinH bXinH 
XZKtP XZKtP dw7aX Be0ab 
YH6mk YH6mk 
Y7IDR Y7IDR 
4a0W8 4a0W8 
AgYPL AgYPL tnjfN 
5VT1H 5VT1H 
1uRw3 1uRw3 1pxZM 
jT5CK jT5CK 5BDPJ 
y89SK y89SK 
Ri2t4 Ri2t4 
jAwQw jAwQw 
vE0Pj vE0Pj 
WGJpQ WGJpQ 
aHGHb kmzhT aHGHb 
RhUVQ RhUVQ 
7G74f 7G74f 
LZomt LZomt 
SgDk6 SgDk6 
jYfXn jYfXn 
ZzWHp iEXNY ZzWHp 
Mj2eQ Mj2eQ 
1xmtC qkJ6b XYzcU 1xmtC 
