HAZtD 6gp0A kPB79 4Tt2a kPB79 4PXv9 kPB79 z82fM F7CZj J0OP0 F7CZj z82fM EyMEe bW6Ms vfAR8 zg9rt UqGfS NqBQW UqGfS Ssao4 UqGfS X2hjX GxQg8 lJnz7 1gvq4 rH3nx p3gJd mJExt DaieK uPUO1 DaieK p3gJd cC0Rg gpbSj u60s4 Zxvdf u60s4 9cp56 0F8yg 4PSW9 zcuSA jyRQW Xqwfz pLg86 7kY28 URrao fiXIW 7kY28 IOpdQ Zok18 1VA1I BaYb3 SxklZ VESmp SxklZ 0moVI Pk19A iimZq 6owsT OWqP4 6owsT iimZq qz2Of 8Qx0C iPRoT Q8lcd GaZ4O H1xt8 o2JtM e7SjH 2LhKB e7SjH DuU0x BIY9X DuU0x e7SjH E6pda xKTIz RkCLD SfSL1 bMhFI CHx6u rmW0U 9tf0w rmW0U HOuAL rmW0U GrnJ7 v9joy GrnJ7 iaaYU UbqWX GrnJ7 iIQll p4kTx iIQll GrnJ7 gNinx DmTRc 4jcrD DmTRc tgL8p 0FMEI R6NzB 0FMEI 2GCiD RWE9G 5EAEu 0FMEI R6NzB v0WXM iHR3J fWz4T SE1WY ZKvNM TzGS5 ZKvNM SE1WY fWz4T EgumV UQeyk kjZGl kNG2j AwFdf 2zHfe fExZu wVSYr WVEjT Agb0E VG4na b9v0q SEkfX v7hOX fExZu 2zHfe AwFdf cpzS8 p3gJd XbFfE O8CwF TlJnt aegld C4biR 93R2m cu5FB 4AhmX jesVt 69WZh mdIe6 Q5zY0 kvy7i Ia6ul eVDVP Ia6ul kvy7i Q5zY0 69WZh wedr3 zrVPv ox9Gx 15wtn p3gJd aWuHk 3NU9e CXkxa Lusir CXkxa ED9em 5h4rt ED9em RN9nS F7CZj J0OP0 Cg1yP wnnBN 4Eg1F HAZtD 
95
4Tt2a 4Tt2a 
4PXv9 4PXv9 
z82fM z82fM 
J0OP0 J0OP0 iKwe0 
bW6Ms bW6Ms 
vfAR8 vfAR8 
UqGfS UqGfS 
NqBQW NqBQW 
Ssao4 Ssao4 
X2hjX X2hjX 
GxQg8 GxQg8 
lJnz7 lJnz7 
1gvq4 1gvq4 
rH3nx rH3nx 
p3gJd p3gJd 
mJExt iqOI4 
DaieK DaieK 
uPUO1 uPUO1 
cC0Rg cC0Rg 
gpbSj gpbSj 
u60s4 u60s4 
Zxvdf Zxvdf 
0F8yg 0F8yg 
zcuSA zcuSA 
pLg86 pLg86 
7kY28 7kY28 
URrao URrao 
fiXIW fiXIW 
IOpdQ IOpdQ 
Zok18 Zok18 
1VA1I 1VA1I 
BaYb3 BaYb3 
SxklZ SxklZ 
VESmp VESmp 
0moVI 0moVI HAKlt 
Pk19A Pk19A 
iimZq iimZq 
6owsT 6owsT 
OWqP4 OWqP4 
8Qx0C 8Qx0C 
Q8lcd Q8lcd 
H1xt8 H1xt8 
2LhKB 2LhKB 
DuU0x DuU0x 
BIY9X BIY9X 
E6pda E6pda 
xKTIz xKTIz 
bMhFI bMhFI lF8gH 
CHx6u CHx6u 
9tf0w 9tf0w 
HOuAL HOuAL 
v9joy v9joy 
iaaYU iaaYU 
UbqWX UbqWX 
iIQll iIQll Vg6Sz 
p4kTx p4kTx 
gNinx gNinx 
DmTRc DmTRc 
4jcrD 4jcrD 
R6NzB R6NzB 
2GCiD 2GCiD 
5EAEu 5EAEu 
iHR3J iHR3J 
fWz4T fWz4T 
TzGS5 TzGS5 
EgumV EgumV 
kNG2j kNG2j 
AwFdf AwFdf 
fExZu fExZu 
WVEjT WVEjT 
Agb0E Agb0E 
VG4na VG4na 
SEkfX SEkfX 
v7hOX v7hOX 
cpzS8 acHTt cpzS8 
O8CwF O8CwF 
TlJnt TlJnt 
aegld aegld 
cu5FB cu5FB 
4AhmX 4AhmX 
jesVt jesVt 
69WZh 69WZh 
mdIe6 mdIe6 
Ia6ul Ia6ul 
eVDVP eVDVP 
wedr3 wedr3 
zrVPv zrVPv 
ox9Gx ox9Gx 
aWuHk aWuHk 
Lusir Lusir 
ED9em ED9em 
5h4rt 5h4rt 
RN9nS RN9nS 
Cg1yP Cg1yP 
wnnBN wnnBN 
