1 199 116 12 130 12 147 95 42 129 182 3 159 110 11 103 119 31 92 64 3 140 84 23 99 194 86 49 138 13 156 163 7 162 56 90 137 46 22 176 51 7 186 42 157 83 26 88 89 18 96 185 115 36 7 93 58 13 161 128 91 1 174 14 175 71 57 12 23 127 132 15 13 152 60 3 53 13 98 158 78 82 190 12 108 15 193 101 66 1 142 26 121 105 52 1 136 115 153 43 1 
78
199 199 
116 116 
12 12 
130 130 
147 147 
95 95 
42 42 
129 129 
182 182 
3 3 
159 159 
110 110 
103 103 
119 119 
31 31 
92 92 
64 64 
140 140 
84 84 
23 23 
99 99 
194 194 
86 86 
49 49 
138 138 
13 13 
156 156 
163 163 
7 7 
162 162 
56 56 
90 90 
137 137 
46 46 
176 176 
51 51 
186 186 
157 157 
83 83 
26 26 
88 88 
89 89 
18 18 
96 96 
185 185 
115 115 
36 36 
93 93 
58 58 
161 161 
128 128 
91 91 
174 174 
14 14 
175 175 
71 71 
57 57 
127 127 
132 132 
15 15 
152 152 
60 60 
53 53 
98 98 
78 78 
82 82 
190 190 
108 108 
193 193 
101 101 
66 66 
142 142 
121 121 
105 105 
52 52 
136 136 
153 153 
43 43 
