location1 location2 location3 location2 location130 location129 location126 location123 location124 location31 location34 location148 location78 location63 location62 location142 location62 location61 location58 location55 location56 location53 location54 location160 location157 location156 location68 location69 location70 location73 location43 location42 location45 location48 location51 location19 location20 location17 location16 location116 location113 location114 location111 location108 location105 location102 location103 location100 location101 location1 location180 location179 location176 location173 location170 location171 location87 location86 location89 location92 location95 location98 location101 location1 
53
location1 location1 
location2 location5 
location3 location3 location9 location11 location27 location29 
location130 location127 location131 location133 
location129 location129 location135 
location126 location125 
location123 location123 
location124 location121 
location31 location31 
location34 location7 location33 location35 location37 
location148 location145 location147 location149 location151 
location78 location75 location77 location79 location81 
location63 location63 
location62 location59 location65 
location142 location139 location141 location143 
location61 location61 
location58 location57 
location55 location55 location83 
location53 location53 
location160 location159 location161 location163 
location157 location157 
location156 location153 location155 
location68 location25 location67 location71 
location69 location69 
location73 location73 
location43 location43 
location42 location39 location41 
location45 location45 location47 
location48 location49 
location51 location51 location177 
location19 location19 
location20 location21 location23 location137 
location17 location17 
location16 location13 location15 
location116 location115 location117 location119 
location113 location113 
location111 location111 
location108 location107 location109 
location105 location105 
location102 location99 
location103 location103 
location100 location97 
location101 location101 
location179 location179 
location176 location175 
location173 location173 
location170 location167 location169 
location171 location165 location171 
location87 location87 
location86 location85 
location89 location89 
location92 location91 location93 
location95 location95 
