Abbey Ruth Tara Ayanna Marisol Shannon Dana Sophia Maeve Alexia Helen Kiera Yoselin Lana Beatrice Vivian Lisa Kristina Haven Eden Karma Avni Nora Liberty Jamiya Carlee Rebecca Tanya Angel Presley Isabella Lilia Kayley Lillie Mckinley Mira Jordin Matilda Alia Rayna Kimberly Harley Riley Camilla Abbey 
40
Ruth Ruth 
Tara Tara 
Ayanna Ayanna 
Marisol Marisol 
Shannon Shannon 
Dana Dana 
Sophia Sophia 
Maeve Maeve 
Alexia Alexia 
Helen Helen 
Kiera Kiera 
Yoselin Yoselin 
Lana Lana 
Beatrice Beatrice 
Vivian Vivian 
Lisa Lisa 
Kristina Kristina 
Haven Haven 
Eden Eden 
Karma Karma 
Avni Avni 
Nora Nora 
Liberty Liberty 
Jamiya Jamiya 
Carlee Carlee 
Rebecca Rebecca 
Tanya Tanya 
Presley Presley 
Isabella Isabella 
Lilia Lilia 
Kayley Kayley 
Lillie Lillie 
Mckinley Mckinley 
Mira Mira 
Jordin Jordin 
Matilda Matilda 
Rayna Rayna 
Kimberly Kimberly 
Harley Harley 
Riley Riley 
