Abbey Leila Haven Kristina Alia Jillian Aniya Amaris Carlie Neveah Kaydence Baylee Ariel June Elianna Denisse Myah Alivia Abbey 
18
Abbey Abbey Arielle Aryana Ashley Aubree Camilla Carly Jasmin Kiley Kristin Lainey Lindsay Lucille Matilda Nia Zion 
Leila Chasity Dayami Emma Ingrid Jazmyn Kenzie Lacey Leila Madilynn Sharon Shyanne Zaria 
Haven Carlee Haven Iyana Jimena Juliette Kayden Kira Laylah Mckayla Noelle Taniyah 
Kristina Bryanna Carleigh Kiana Kristina Rylee 
Alia Alia Gillian Mira Riley 
Jillian Alexia Claire Jade Jamiya Jillian Lilia Melina Parker 
Aniya Aniya Ciara Diana 
Amaris Alexus Keyla Maggie 
Carlie Brooklyn Carlie Christine Imani Kimberly 
Neveah Emilie Natalee Neveah Sophie 
Kaydence Dana Kaydence Sophia Tara 
Baylee Baylee Jaden Janiya Mckinley Zara 
Ariel Ariel Kaley Mireya 
June Lilyana 
Elianna Elianna 
Denisse Denisse Mya 
Myah Avni Myah 
Alivia Alivia 
