Ilesa Foshan Calauan Polohy Uran Rafaela Jagna Barras Milagro MitryMory Marburg Krymsk Liberia Milledgeville Jashpurnagar Perth Ventimiglia Bensheim Batu Hermsdorf Resplendor Belper Puducherry Valday Ilesa 
24
Ilesa Ilesa 
Foshan Foshan Sirsi 
Calauan Sillanwali Valletta Calauan Shagamu Rhosllanerchrugog Itacoatiara Onex Tharu 
Polohy Bavly Polohy WaltonontheNaze 
Uran Azrou Landshut Mouscron Uran 
Rafaela Sorsogon Alfenas 
Jagna Jagna 
Barras Sceaux Yingkou PortVila 
Milagro Milagro Alexandria 
MitryMory Claremont Bogovinje MitryMory Lodwar Ponta Copperas Dahlem 
Marburg Palm Mexborough Lille Marburg 
Krymsk Ada Palafrugell Tiruppuvanam American GernikaLumo 
Liberia Stuttgart Aurora Bobigny Bon Paredes 
Milledgeville Milledgeville Stupino Tupelo Memmingen Puerto 
Jashpurnagar Magomeni Jashpurnagar 
Perth Talipparamba Tyoply Perth UlanUde Tak Shaowu Davis Toledo Niort Great Brzeg Clermont Villaquilambre 
Ventimiglia Sishui Malden Ventimiglia Barracas Viewpark DehiwalaMount 
Bensheim Aklera Brunswick Bensheim Campobasso Gariadhar Ramla An Bang PointeClaire Oulmes Kyzylorda 
Batu Aleshtar 
Hermsdorf Oberhausen Rutland Hermsdorf 
Resplendor Resplendor 
Belper New Chacabuco Zaozhuang Skalica Guli Meizhou Jiangyan LonsleSaunier 
Puducherry Puducherry 
Valday Tupiza Valday 
