Lesnoy GatesNorth Visitacion Glogovac Andijon Yangambi Zgorzelec Brentwood Hueytown Dharmapuri Gisborne Meerut Beveren Kundla Beveren Stade Ishim Visitacion Rutherglen Sungurlu Winsford Sun Hueytown Franceville Gisborne Artur Portogruaro Hudiksvall Blackpool Malaut Pingyi Hueytown Lesnoy 
25
Lesnoy Lesnoy 
GatesNorth GatesNorth 
Visitacion Visitacion 
Glogovac Glogovac 
Yangambi Yangambi 
Zgorzelec Zgorzelec 
Brentwood Brentwood 
Hueytown Hueytown 
Dharmapuri Dharmapuri 
Gisborne Gisborne 
Meerut Meerut 
Kundla Kundla 
Stade Stade 
Ishim Ishim 
Rutherglen Rutherglen 
Sungurlu Sungurlu 
Winsford Winsford 
Sun Sun 
Franceville Franceville 
Artur Artur 
Portogruaro Portogruaro 
Hudiksvall Hudiksvall 
Blackpool Blackpool 
Malaut Malaut 
Pingyi Pingyi 
