108 69 7 51 170 49 91 16 91 78 178 34 131 140 131 23 85 68 95 50 110 77 157 107 38 116 1 149 54 170 30 102 97 37 53 90 57 71 82 56 189 73 193 11 197 92 196 84 99 182 148 117 24 114 142 159 100 191 181 28 113 5 26 127 45 81 174 19 174 188 35 14 81 64 12 21 66 44 13 32 36 67 69 108 
67
69 69 
7 7 
51 101 
170 170 
49 49 
78 78 146 
178 130 
34 48 34 
140 83 140 43 
23 129 23 
85 85 
68 68 
95 95 
50 150 179 
110 110 75 
77 77 
157 157 15 
107 107 133 
38 190 31 38 
116 109 
1 1 
54 54 
30 121 
97 151 128 
37 37 143 
53 53 
57 57 96 
71 71 
82 82 
56 56 
189 186 177 
73 134 73 
193 39 
11 11 
197 137 197 
92 65 92 
84 84 
99 99 
182 182 
148 148 
117 117 
24 24 
114 114 
142 142 
159 176 
100 100 
191 118 
181 181 187 167 
28 28 
113 184 136 
5 5 
26 26 
45 45 
81 81 
174 174 
19 19 
188 188 153 144 
35 35 
14 14 
64 64 
21 63 126 
66 66 
44 44 
13 13 79 138 
32 46 32 
36 36 
67 67 61 17 120 
