create appear feign deck feign creation maze linear childish company childish contract battery concern car top scrap cancel hide merit hide absorption tin transmission mind colon mechanism line accessible ballot bracket breakin pride bracket pastel crew farewell pupil direct perception nationalism community magnitude perception basketball celebration prove steward predict think minimize adult exotic direct belief dose bring create 
47
appear appear 
feign feign 
deck deck 
creation creation 
maze maze 
linear linear 
childish childish 
company company 
contract contract 
battery battery 
concern concern 
top top skip 
scrap scrap 
cancel cancel 
hide hide 
merit merit 
absorption absorption 
tin tin 
transmission transmission 
colon colon 
mechanism mechanism 
line line 
accessible accessible 
ballot ballot 
bracket bracket 
breakin breakin 
pride pride 
pastel pastel 
crew crew 
farewell farewell 
pupil pupil 
direct direct 
perception perception 
nationalism nationalism 
community community 
magnitude fuss magnitude 
basketball basketball 
celebration celebration 
prove prove 
steward steward 
predict predict suffer 
think think 
minimize minimize 
adult adult 
exotic exotic 
belief belief 
dose dose 
