pride domestic accessible bring offensive pastel childish integrated linear minimize community desk concern bracket battery crew thank farewell think different appear vote pupil suffer colon adult magnetic merit snap contract seller ballot breakin mechanism present berry valid deck perception tin hide lobby gift rabbit pride 
43
pride pride 
domestic top domestic 
accessible predict accessible 
bring basketball bring 
offensive fortune offensive 
pastel pastel huge whole 
childish childish 
integrated mosaic integrated celebration 
linear salmon knit linear 
minimize minimize fuss 
community community east 
desk dialect desk 
concern concern 
bracket glide bracket 
battery battery 
crew car crew cancel 
thank thank equinox dedicate maze 
farewell farewell absorption 
think think dilemma 
appear prove homosexual appear 
vote vote company transaction 
pupil makeup partnership pupil shelter 
suffer suffer 
colon work colon traction 
adult adult 
magnetic transmission feign nationalism magnetic 
merit dose merit direct 
snap trance leash snap 
contract belief deter exotic craftsman contract 
seller seller skip steward 
ballot ballot thread 
breakin breakin 
mechanism mechanism tribe 
present present inhibition formation 
berry scrap berry 
valid valid 
deck deck 
perception perception 
tin tin 
hide magnitude create loud hide denial 
lobby lobby dramatic wrong 
gift mind gift line 
rabbit rabbit creation 
