steward adult exotic basketball top minimize pastel concern hide company perception creation appear creation battery ballot crew think deck belief scrap linear community childish steward 
22
adult adult farewell 
exotic exotic 
basketball basketball 
top top 
minimize minimize 
pastel pastel 
concern concern 
hide hide 
company company 
perception perception 
creation creation 
appear appear 
battery battery 
ballot ballot 
crew crew 
think think tin 
deck deck 
belief belief skip 
scrap scrap 
linear linear 
community community 
childish childish 
