location4 location57 location74 location165 location80 location116 location29 location33 location64 location152 location99 location2 location128 location143 location120 location31 location16 location39 location0 location181 location190 location156 location24 location71 location84 location37 location23 location60 location55 location125 location155 location127 location4 
32
location4 location20 
location57 location163 location57 location92 location40 
location74 location21 location74 location107 
location165 location140 location165 
location80 location80 location183 
location116 location116 location193 location54 location119 
location29 location129 location29 
location33 location49 location33 location14 
location64 location133 location64 location5 location144 
location152 location157 location152 
location99 location99 location51 location189 
location2 location108 location160 location2 
location128 location128 location136 
location143 location143 location168 
location120 location43 location170 location15 location120 location70 
location31 location31 location101 location110 location148 location25 
location16 location16 location68 location102 location177 
location39 location192 
location0 location0 location100 location132 
location181 location11 location181 location135 location115 location146 
location190 location186 location190 location41 location124 
location156 location56 location156 location185 location62 
location24 location18 location191 location24 
location71 location71 location169 location1 
location84 location171 location84 
location37 location83 location72 location37 
location23 location6 location23 location113 location141 location159 
location60 location48 location60 
location55 location55 location93 location63 location19 location158 
location125 location117 location147 location125 
location155 location155 location122 location188 
location127 location50 location96 location127 
