3a 23a 57a 64a 4a 73a 5a 1a 43a 59a 41a 32a 101a 58a 25a 35a 24a 21a 87a 24a 35a 25a 78a 34a 13a 31a 2a 10a 7a 16a 42a 20a 90a 69a 77a 63a 0a 51a 53a 72a 83a 6a 49a 92a 96a 37a 72a 51a 0a 59a 95a 3a 
36
23a 23a 
57a 28a 57a 
64a 64a 
4a 4a 
73a 47a 56a 73a 
5a 5a 93a 
1a 71a 62a 1a 
43a 43a 
59a 48a 
41a 41a 
32a 32a 
101a 65a 30a 
58a 58a 67a 
25a 60a 39a 25a 
35a 44a 35a 
21a 88a 21a 
87a 87a 15a 
78a 14a 
34a 34a 
31a 99a 31a 
7a 38a 7a 
16a 16a 
42a 42a 
90a 52a 66a 
77a 77a 
63a 22a 
0a 0a 
51a 51a 
53a 9a 80a 53a 
72a 72a 
83a 61a 40a 83a 
6a 6a 
49a 49a 98a 
92a 92a 75a 
96a 79a 29a 96a 
37a 37a 84a 
