loc0 loc120 loc192 loc15 loc72 loc132 loc150 loc82 loc186 loc88 loc168 loc147 loc136 loc117 loc116 loc27 loc98 loc135 loc128 loc144 loc48 loc90 loc182 loc162 loc198 loc174 loc109 loc0 
27
loc0 loc0 loc12 
loc120 loc66 loc108 loc120 loc156 
loc192 loc14 loc18 loc52 loc80 loc100 loc122 loc172 loc178 loc192 
loc15 loc96 loc112 loc184 
loc72 loc54 loc64 loc72 loc94 loc140 loc142 
loc132 loc2 loc38 loc62 loc68 loc74 loc124 loc132 loc196 
loc150 loc36 loc102 loc146 loc150 
loc82 loc22 loc82 
loc186 loc26 loc34 loc78 loc186 
loc88 loc42 loc84 loc88 loc138 loc152 
loc168 loc40 loc70 loc76 loc110 loc118 loc130 loc168 
loc147 loc8 loc166 loc176 loc188 
loc136 loc136 
loc117 loc86 loc154 loc158 loc194 
loc116 loc116 
loc27 loc16 loc58 loc92 
loc98 loc98 
loc135 loc28 loc60 loc126 
loc128 loc128 
loc144 loc4 loc20 loc32 loc144 
loc48 loc10 loc48 loc50 loc106 loc148 
loc90 loc90 loc104 loc134 loc170 
loc182 loc6 loc164 loc182 
loc162 loc30 loc162 loc180 
loc198 loc44 loc198 
loc174 loc56 loc160 loc174 loc190 
loc109 loc24 loc46 loc114 
