0 5 10 5 11 16 21 20 25 30 35 41 46 52 57 63 64 69 74 78 83 87 92 91 90 85 91 96 97 98 99 94 89 84 78 73 67 66 61 65 70 65 60 55 50 45 46 47 43 48 49 44 38 37 33 34 39 34 29 24 18 13 7 2 3 8 3 2 6 1 0 
49
0 0 
5 5 
10 10 
11 11 
16 17 16 
21 21 
20 20 
30 30 
35 35 
41 41 
46 46 
52 52 
57 57 
63 63 
64 64 
69 69 
83 83 
92 92 
91 91 
90 90 
85 85 
96 96 
99 99 
94 94 
89 89 
66 66 
61 61 
65 65 
70 70 
55 55 
45 45 
47 47 
43 43 
48 48 
49 49 
44 44 
38 38 
37 37 
34 34 
39 39 
29 29 
24 24 
18 18 
13 13 
7 7 
2 2 
3 3 
8 8 
6 6 
