0 10 21 31 42 32 33 43 53 63 72 71 70 61 51 42 32 23 13 14 15 6 7 8 18 29 28 37 47 56 67 76 86 96 107 116 115 114 104 103 102 101 110 120 121 122 131 142 141 150 161 171 172 173 164 154 145 146 155 166 176 187 177 178 168 158 149 138 128 117 108 98 89 78 68 57 47 36 26 15 5 4 3 2 1 0 
61
10 20 
21 22 21 
31 31 
42 42 
33 33 45 24 
43 43 
53 53 64 
63 73 
72 82 83 72 
71 71 81 
70 80 70 
61 61 
51 51 
23 12 
15 15 16 
7 17 
8 9 8 
18 18 
29 29 39 
37 48 37 
67 77 67 
76 76 87 
86 86 95 
96 96 
107 107 
116 127 116 
115 125 105 
114 114 133 
104 94 104 
103 103 
102 111 102 
101 101 
120 130 120 
122 122 132 123 
142 152 151 
141 140 
150 160 150 
161 161 
171 181 182 
172 183 
173 184 
164 164 153 165 
154 154 
146 146 147 
155 155 
166 166 175 167 
176 186 176 
187 196 188 198 187 
178 178 189 199 
158 158 
149 139 149 
138 129 
128 118 
108 108 
98 99 98 
89 89 
68 68 
26 26 
5 5 
4 4 
2 2 
