0 95 20 8 52 33 14 61 41 54 75 65 69 94 96 91 55 59 92 25 49 3 26 78 16 21 46 71 81 82 93 76 80 35 47 83 18 42 40 90 5 73 98 29 24 19 63 62 72 51 36 84 27 2 53 89 13 70 74 38 12 56 67 37 64 45 4 97 88 48 11 9 86 87 44 50 60 68 22 6 34 58 15 39 17 31 57 10 30 23 28 43 7 32 1 99 66 85 77 79 0 
100
0 0 
95 95 
20 20 
8 8 
52 52 
33 33 
14 14 
61 61 
41 41 
54 54 
75 75 
65 65 
69 69 
94 94 
96 96 
91 91 
55 55 
59 59 
92 92 
25 25 
49 49 
3 3 
26 26 
78 78 
16 16 
21 21 
46 46 
71 71 
81 81 
82 82 
93 93 
76 76 
80 80 
35 35 
47 47 
83 83 
18 18 
42 42 
40 40 
90 90 
5 5 
73 73 
98 98 
29 29 
24 24 
19 19 
63 63 
62 62 
72 72 
51 51 
36 36 
84 84 
27 27 
2 2 
53 53 
89 89 
13 13 
70 70 
74 74 
38 38 
12 12 
56 56 
67 67 
37 37 
64 64 
45 45 
4 4 
97 97 
88 88 
48 48 
11 11 
9 9 
86 86 
87 87 
44 44 
50 50 
60 60 
68 68 
22 22 
6 6 
34 34 
58 58 
15 15 
39 39 
17 17 
31 31 
57 57 
10 10 
30 30 
23 23 
28 28 
43 43 
7 7 
32 32 
1 1 
99 99 
66 66 
85 85 
77 77 
79 79 
