CH BD AY BD DV AV AU AM BZ AN AL BN DQ BN CS BL CS BC CU DM CL BH DF BP CJ CV BW DI CB DB CY CM BG CF CW DU DO DR CA BU DS DG DS DC AT DL BI DP BV CP BF CU AX BS AF AJ BR CE AZ CQ DU CD CZ DD BY DN AP CV CH 
49
BD BD 
AY AY 
DV DV 
AV AV 
AU AU 
AM AM 
BZ BZ 
AN AN 
AL AL 
BN BN 
DQ DQ 
CS CS 
BL BL 
BC BC 
CU CU 
DM DM 
CL CL 
DF DF 
BP BP 
CV CV 
DI DI 
CB CB 
DB DB 
BG BG 
CF CF 
CW CW 
DU DU 
DO DO 
CA CA 
BU BU 
DG DG 
DC DC 
AT AT 
DL DL 
BI BI 
DP DP 
BV BV 
CP CP 
BF BF 
BS BS 
AF AF 
AJ CN AJ 
AZ AZ 
CQ CQ 
CD CD 
CZ CZ 
DD DD 
BY BY 
AP AP 
