BU HF CA CO AX EH FB CT DL DV DH FN EN AY FB DE FW DE FY DE CK BN CR BA DS GT CV CA CY BE HJ BE GM AT GX HH DQ DP AT HA ET EY DR AS EF HP HM BZ ER CB GK EQ AR AB CZ DI GA FG BT DU ES FR DD GP EO FU FL BQ CX EQ AR CQ DT FC DZ DM DK GE FT EL DA DJ BG GY CW HI HG HI BW DU FF DU GH FS EC AP BE EV BF BY AQ DE GO DX CI CS AD GO EG CD FD BH BM BH FI GS FI BK AE CE GN EW FO EK GQ HO CM AT FP AF BC AV AN BZ FF BU 
99
BU BU 
HF HF 
CA CA 
CO CO 
AX AX 
EH EH 
FB FB 
CT CT 
DL DL 
DV DV 
FN FN 
EN EN 
AY AY 
DE DE 
FW FW 
FY FY 
CK CK 
BN BN 
CR CR 
BA BA 
DS DS 
GT GT 
CV CV 
CY CY 
BE BE 
HJ HJ 
GM GM 
AT AT 
HH HH 
DQ DQ 
DP DP 
HA HA 
ET ET 
EY EY 
DR DR 
HP HP 
HM HM 
BZ BZ 
ER ER 
GK GK 
EQ EQ 
AR AR 
CZ CZ 
DI DI 
GA GA 
FG FG 
DU DU 
ES ES 
FR FR 
DD DD 
GP GP 
EO EO 
FU FU 
FL FL 
BQ BQ 
CX CX 
CQ CQ 
DT DT 
DZ DZ 
DM DM 
DK DK 
GE GE 
EL EL 
DJ DJ 
BG BG 
GY GY 
CW CW 
HG HG 
BW BW 
FF FF 
GH GH 
FS FS 
EC EC 
AP AP 
EV EV 
BF BF 
BY BY 
AQ AQ 
GO GO 
DX DX 
CI CI 
CS CS 
EG HC EG 
CD CD 
FD FD 
BH BH 
BM BM 
FI FI 
GS GS 
BK BK 
AE AE 
GN GN 
EK EK 
GQ GQ 
CM CM 
FP FP 
AF AF 
AV AV 
AN AN 
