Qatar DemofChina Egypt Haiti America Qatar SierraLeone Albania Nicaragua Andorra France Netherlands SanMarino Singapore Kyrgyzstan Malta Guyana VaticanCity Lebanon Serbia Tunisia Sweden Mongolia Estonia UAE Gabon Liberia Danzig RussianFederation Kosovo CostaRica Angola Tanzania Morocco Mali Kyrgyzstan Tuvalu CzechRepublic Uzbekistan UnitedKingdom Armenia Mozambique Belarus Qatar Belgium Montenegro Qatar Georgia Senegal Qatar SaintLucia Peru GuineaBissau Burundi Tajikistan Macedonia Qatar Australia Qatar 
50
DemofChina DemofChina 
Egypt Egypt 
Haiti Haiti 
America America 
SierraLeone SierraLeone 
Albania Albania 
Nicaragua Nicaragua 
Andorra Andorra 
France France 
Netherlands Netherlands 
SanMarino SanMarino 
Singapore Singapore 
Kyrgyzstan Kyrgyzstan 
Malta Malta 
Guyana Guyana 
VaticanCity VaticanCity 
Lebanon Lebanon 
Tunisia Tunisia 
Sweden Sweden 
Mongolia Mongolia 
Estonia Estonia 
UAE UAE 
Gabon Gabon 
Liberia Liberia 
Danzig Danzig 
RussianFederation RussianFederation 
Kosovo Kosovo 
CostaRica CostaRica 
Angola Angola 
Tanzania Tanzania 
Morocco Morocco 
Mali Mali 
Tuvalu Tuvalu 
CzechRepublic CzechRepublic 
Uzbekistan Uzbekistan 
UnitedKingdom UnitedKingdom 
Armenia Armenia 
Mozambique Mozambique 
Belarus Belarus 
Belgium Belgium 
Montenegro Montenegro 
Georgia Georgia 
Senegal Senegal 
SaintLucia SaintLucia 
Peru Peru 
GuineaBissau GuineaBissau 
Burundi Burundi 
Tajikistan Tajikistan 
Macedonia Macedonia 
Australia Australia 
