Albania SaintKitts EquatorGuinea Ethiopia SolomonIslands Guatemala Tunisia Grenada Paraguay Lesotho Israel Bhutan Kosovo Vanuatu Newfoundland BosHerzegovina Maldives Netherlands Laos Dominica Latvia Mongolia Peru Paraguay Thailand PapuaNewGuinea Albania Suriname Eritrea Nepal Gabon Pakistan Algeria Niger Paraguay Portugal IvoryCoast Vanuatu Cuba Djibouti Danzig Yemen Venezuela Belarus Chile Brazil Rwanda Vanuatu CentralAfricanRep SierraLeone Seychelles Cyprus Lithuania Bulgaria Rome NorthKorea Albania Poland Bahamas Togo UAE Greece SriLanka Venezuela Switzerland Panama Serbia SaoTomPrincipe Argentina Germany Tanzania Mauritania Albania Andorra RussianFederation Paraguay Kazakhstan Liechtenstein Comoros Australia Uruguay Mauritius Hungary Norway Paraguay TheGambia CapeVerde Vietnam Philippines Fiji NewZealand Romania Paraguay Jamaica Qatar Malaysia Finland Paraguay Italy VaticanCity Mali Estonia Slovenia MountAthos SaudiArabia Burma Ethiopia Cambodia Kiribati Ukraine Burkina UnitedKingdom SaintLucia America Qatar Luxembourg Japan France Malawi Albania 
100
SaintKitts SaintKitts 
EquatorGuinea EquatorGuinea 
Ethiopia Ethiopia 
SolomonIslands SolomonIslands 
Guatemala Guatemala 
Tunisia Tunisia 
Grenada Grenada 
Paraguay Paraguay 
Lesotho Lesotho 
Israel Israel 
Bhutan Bhutan 
Kosovo Kosovo 
Vanuatu Vanuatu 
Newfoundland Newfoundland 
BosHerzegovina BosHerzegovina 
Maldives Maldives 
Laos Laos 
Dominica Dominica 
Latvia Latvia 
Mongolia Mongolia 
Peru Peru 
Thailand Thailand 
PapuaNewGuinea PapuaNewGuinea 
Suriname Suriname 
Eritrea Eritrea 
Nepal Nepal 
Gabon Gabon 
Pakistan Pakistan 
Algeria Algeria 
Niger Niger 
Portugal Portugal 
IvoryCoast IvoryCoast 
Cuba Cuba 
Djibouti Djibouti 
Danzig Danzig 
Yemen Yemen 
Venezuela Venezuela 
Belarus Belarus 
Chile Chile 
Brazil Brazil 
Rwanda Rwanda 
CentralAfricanRep CentralAfricanRep 
SierraLeone SierraLeone 
Seychelles Seychelles 
Cyprus Cyprus 
Lithuania Lithuania 
Bulgaria Bulgaria 
Rome Rome 
NorthKorea NorthKorea 
Poland Poland 
Bahamas Bahamas 
Togo Togo 
UAE UAE 
Greece Greece 
SriLanka SriLanka 
Switzerland Switzerland 
Panama Panama 
Serbia Serbia 
SaoTomPrincipe SaoTomPrincipe 
Argentina Argentina 
Germany Germany 
Tanzania Tanzania 
Mauritania Mauritania 
Andorra Andorra 
RussianFederation RussianFederation 
Kazakhstan Kazakhstan 
Liechtenstein Liechtenstein 
Comoros Comoros 
Australia Australia 
Mauritius Mauritius 
Hungary Hungary 
Norway Norway 
TheGambia TheGambia 
CapeVerde CapeVerde 
Philippines Philippines 
Fiji Fiji 
NewZealand NewZealand 
Romania Romania 
Jamaica Jamaica 
Qatar Qatar 
Malaysia Malaysia 
Finland Finland 
Italy Italy 
VaticanCity VaticanCity 
Mali Mali 
Estonia Estonia 
Slovenia Slovenia 
MountAthos MountAthos 
SaudiArabia SaudiArabia 
Burma Burma 
Cambodia Cambodia 
Kiribati Kiribati 
Ukraine Ukraine 
Burkina Burkina 
UnitedKingdom UnitedKingdom 
SaintLucia SaintLucia 
America America 
Luxembourg Luxembourg 
Japan Japan 
France France 
