Nepal Tanzania Palau Vietnam UAE Estonia NewZealand Slovakia Tajikistan Suriname MarshallIslands TheGambia VaticanCity SaintLucia Serbia SouthAfrica Kuwait Botswana Fiji Vietnam Niger Mauritius Panama Afghanistan Vietnam Belarus Azerbaijan Argentina Liechtenstein SriLanka Georgia Nepal 
25
Tanzania Tanzania 
Palau Palau 
Vietnam Vietnam 
UAE UAE 
Estonia Estonia 
NewZealand NewZealand 
Slovakia Slovakia 
Tajikistan Tajikistan 
Suriname Suriname 
MarshallIslands MarshallIslands 
VaticanCity VaticanCity 
SaintLucia SaintLucia 
Serbia Serbia 
Kuwait Kuwait 
Botswana Botswana 
Fiji Fiji 
Niger Niger 
Mauritius Mauritius 
Panama Panama 
Afghanistan Afghanistan 
Belarus Belarus 
Azerbaijan Azerbaijan 
Argentina Argentina 
Liechtenstein Liechtenstein 
Georgia Georgia 
