Zo0umr3KFWOZJQPm M9il2j2XBWeGdURv LjKfvPnu1IVb9d8E qKKAwpkuJY9E8dpl R43sDxzHzrO5kncN FzSHaHADmN7Zbhbr gqX9V4QU6KrO7JGI LUoJ0iRCc71uZfNX Uw31N0oW965MP4qr YHVvi99ucaU9tYgf nkKMB647tDItOdTX 2v7uFoKD90sPVOTA ngcwhTcmwXuonGlk quCqGzaCZ5rVk9Gn U5CEflgpFptgqHUL TbM88DujEo9BSxqT 6La4alyyQSzgrmmj 0rKC7Chib5iDGjTC SLuZYQ4lYwLMQuMp pKGVzMiXVo3v1oQu fg0WyZdFGAAZWRqK PDtM7hU3L1QjW9eR uRc2j178KRm3sVAY Dg4uIWuVD7Xd3FfI EotYPttMvJbBfyaO 2yhNJ9fcTz8hRVDj CvZWFxoaMZYhwHYj drsNw5E8nXGgcxxE HqZKcXPbTIsIN6eT drsNw5E8nXGgcxxE 2hsCdf5s2NPqItPy kWAnmn2xV4T8moWO jVrty3u6KGOjBg80 Gypke7sesv6WDuj9 jVrty3u6KGOjBg80 5TjXpBJuIWCWGZis 8pFqGmxaOhvFeBf4 5TjXpBJuIWCWGZis LI7uFZ34s97AeNpk fBCH5yXHMW5jQJjk eRAtRmExinGYKjYs uuhviI1p7F0sChqp 1bDI0W7o3Pb2zYhB xlWntBwCLfHgHam8 qQzEeIfIOpoI9qKk tZ46uZudk7AfSXt1 9L0zlmq9jRh6nd1I qeVT6FbNKHRizFU8 J5iqQt6wukvg6KLY 9pH9xdreYrmVM1JI WVwd9ExLXa3zphJn RnvIh4TOetAfG82E ziJdi0Y4mj4TIJZ9 bpy0VAq3GZuO2R8U HAZt9xslXTTIQrh6 OMjRZA0G6vbBxKd5 rvadWwbDVrEOdUmt 9L0zlmq9jRh6nd1I tZ46uZudk7AfSXt1 ZsdU4FLz0FoJAHOC KHBd51v9Lk79JoNu ZsdU4FLz0FoJAHOC e9DWnoEu0mxMb9VK xlWntBwCLfHgHam8 asqla05DvWvndrgH K5TJWlCDC2GiIJEC asqla05DvWvndrgH QSabhET5tNnXgX60 9dVIdmIqrww8IL0A z6aHWvfWV1YcOU3s LI7uFZ34s97AeNpk 5TjXpBJuIWCWGZis W4POX5YqpnnI3x1U Byr8ftz6Pn4uac3K LdwRPFzBNqStC5X8 1yeDQmwUGYi8LEVC 0Pfip4BXzoRzyFv2 3PEg9lFbqEimkqjc 3SYpu8y7n2lFaEgA PmJZCdR41rbLgXgi pKGVzMiXVo3v1oQu EuY7nNg1nWHDnCBx 0BNdm9hpaqd4q3Tx SLuZYQ4lYwLMQuMp 6La4alyyQSzgrmmj U5CEflgpFptgqHUL AvHIDL41dbfeNksW YHVvi99ucaU9tYgf MxcmtGZ6qJUnGaxB gqX9V4QU6KrO7JGI yILnNjtdKS6kD3NP uN0YmlR4YKMmyTVh 1r13Qnmq9ixI97Qj 6Gt5ffOE5tOJA8A7 8vLm5GS8pptr9y8t kmMzOIvorXbmvHXw pi9Gjwqb8nw39ALT Of6XUqufA1wxpnuj TEBcdk0AQd6dKevH LjKfvPnu1IVb9d8E M9il2j2XBWeGdURv Zo0umr3KFWOZJQPm 
50
fg0WyZdFGAAZWRqK fg0WyZdFGAAZWRqK 
PDtM7hU3L1QjW9eR PDtM7hU3L1QjW9eR 
uRc2j178KRm3sVAY uRc2j178KRm3sVAY 
Dg4uIWuVD7Xd3FfI Dg4uIWuVD7Xd3FfI 
EotYPttMvJbBfyaO EotYPttMvJbBfyaO 
2yhNJ9fcTz8hRVDj 2yhNJ9fcTz8hRVDj 
CvZWFxoaMZYhwHYj CvZWFxoaMZYhwHYj 
drsNw5E8nXGgcxxE drsNw5E8nXGgcxxE 
HqZKcXPbTIsIN6eT HqZKcXPbTIsIN6eT 
2hsCdf5s2NPqItPy 2hsCdf5s2NPqItPy 
kWAnmn2xV4T8moWO kWAnmn2xV4T8moWO 
jVrty3u6KGOjBg80 jVrty3u6KGOjBg80 
Gypke7sesv6WDuj9 Gypke7sesv6WDuj9 
5TjXpBJuIWCWGZis 5TjXpBJuIWCWGZis 
8pFqGmxaOhvFeBf4 8pFqGmxaOhvFeBf4 
LI7uFZ34s97AeNpk LI7uFZ34s97AeNpk 
fBCH5yXHMW5jQJjk fBCH5yXHMW5jQJjk 
eRAtRmExinGYKjYs eRAtRmExinGYKjYs 
uuhviI1p7F0sChqp uuhviI1p7F0sChqp 
1bDI0W7o3Pb2zYhB 1bDI0W7o3Pb2zYhB 
xlWntBwCLfHgHam8 xlWntBwCLfHgHam8 
qQzEeIfIOpoI9qKk qQzEeIfIOpoI9qKk 
tZ46uZudk7AfSXt1 tZ46uZudk7AfSXt1 
9L0zlmq9jRh6nd1I 9L0zlmq9jRh6nd1I 
qeVT6FbNKHRizFU8 qeVT6FbNKHRizFU8 
J5iqQt6wukvg6KLY J5iqQt6wukvg6KLY 
9pH9xdreYrmVM1JI 9pH9xdreYrmVM1JI 
WVwd9ExLXa3zphJn WVwd9ExLXa3zphJn 
RnvIh4TOetAfG82E RnvIh4TOetAfG82E 
ziJdi0Y4mj4TIJZ9 ziJdi0Y4mj4TIJZ9 
bpy0VAq3GZuO2R8U bpy0VAq3GZuO2R8U 
HAZt9xslXTTIQrh6 HAZt9xslXTTIQrh6 
OMjRZA0G6vbBxKd5 OMjRZA0G6vbBxKd5 
rvadWwbDVrEOdUmt rvadWwbDVrEOdUmt 
ZsdU4FLz0FoJAHOC ZsdU4FLz0FoJAHOC 
KHBd51v9Lk79JoNu KHBd51v9Lk79JoNu 
e9DWnoEu0mxMb9VK e9DWnoEu0mxMb9VK 
asqla05DvWvndrgH asqla05DvWvndrgH 
K5TJWlCDC2GiIJEC K5TJWlCDC2GiIJEC 
QSabhET5tNnXgX60 QSabhET5tNnXgX60 
9dVIdmIqrww8IL0A 9dVIdmIqrww8IL0A 
z6aHWvfWV1YcOU3s z6aHWvfWV1YcOU3s 
W4POX5YqpnnI3x1U W4POX5YqpnnI3x1U 
Byr8ftz6Pn4uac3K Byr8ftz6Pn4uac3K 
LdwRPFzBNqStC5X8 LdwRPFzBNqStC5X8 
1yeDQmwUGYi8LEVC 1yeDQmwUGYi8LEVC 
0Pfip4BXzoRzyFv2 0Pfip4BXzoRzyFv2 
3PEg9lFbqEimkqjc 3PEg9lFbqEimkqjc 
3SYpu8y7n2lFaEgA 3SYpu8y7n2lFaEgA 
PmJZCdR41rbLgXgi PmJZCdR41rbLgXgi 
