l0 h3 h83 h1 h0 h92 h58 h60 h54 h55 h66 l59 h94 h57 h20 h53 h4 h18 h88 l76 h13 l76 h87 l63 h9 l18 h37 h40 l72 h16 h15 h80 h29 l14 l35 h23 l35 h71 h51 l17 h79 h98 l39 h31 l15 h30 l15 h31 h49 l17 h90 h39 l47 h81 l0 
45
h3 h2 h3 h74 h91 
h83 h83 h89 
h1 h1 
h0 h0 
h92 h24 h46 h47 h92 
h58 h6 h58 h84 
h60 h60 h61 h82 
h54 h54 h67 h96 
h55 h55 
h66 h11 h66 h72 
l59 h38 
h94 h21 h56 h94 
h57 h57 h93 
h20 h10 h20 
h53 h52 h53 
h4 h4 h5 
h18 h18 
h88 h19 h42 h64 h65 h86 h88 h99 
h13 h12 h13 h97 
h87 h87 
l63 h41 
h9 h9 h95 
l18 h36 
h37 h37 
h40 h8 h40 
l72 h26 h27 h62 h63 
h16 h16 h43 h85 
h15 h15 
h80 h17 h28 h50 h80 
h29 h7 h29 h76 
l35 h70 
h23 h22 h23 h77 
h71 h14 h71 
h51 h44 h45 h51 
l17 h34 h35 
h79 h32 h33 h79 
h98 h98 
h31 h31 h69 h78 
l15 h68 
h30 h30 
h49 h48 h49 
h90 h90 
h39 h39 
l47 h73 h75 
h81 h25 h59 h81 
