vBhpoFdJZxyttIlfaf7D XX8iZd9Mw56dkKCstFAC qkrT0EYt8AHuefFD25g1 XWHR07Y6kfSBbEuD62PN rkMvLqMMN5Aq3onq5XeZ d6xeP6xeDJ3O2jY8D4pB vLwJebpyApE3MPksc9OW RpMJGAvULIBCQ0RI369s zs7X4IJgeJEM8iqAbvF3 XBxLd5K0m0Gtk5fTL45q WN0Nl06Zx9w6LYUHMZam R6ZzYYWqarkWldqbKDab 8Le4AI986fwHZXPoOMK1 nB1RHSnvjX4nG0Tch5En MiPSEwVMn3bbGh4tbRTf 4ilNvg3IkxoJuvkwqYsS 7PoxePhwnlLvMilKVpER RRlYwTFLYqL48JIMSAmC W1jWYYdH0atiKtbaVDRT oFNlFPub6zLirsQwo0fu fp9JaV5iTp8QxXwwkR68 uUumBfQJDh6S0d06Kb78 535WuquKiicRqEyzCI3d 17OoKHzumyPaqfjSSc7S 6PPTzNGrNxrgfdvm8cwZ jTdja1e2hUhydiExPlJM cs6LkMYfySGYUzb8VLcc n2Cqtp5v2DuwGX7LhuzE JEGgKJfdY8owvwdYhKMk NAqhSs9OpS9XtIaJtTCD J00g7hlLLSWTXvTYK9v2 2LthmnS3Cdd5FBfY5GQ9 R7crXexksQ4TN5zY2ck3 WwLzOfqcc3FIzub2jh8R 9B0w6Ahn3NsugfNn6veD rMd1TXBMCuFfO59jF1Tq wHEcyeduhdH7p3Lr1PtC ohy3S5QXymEhh63dMBQE fHfopcx4v3MKBN0TMn7s InZnvPu8h9zAoLCNj2in XYk0VV4ujV55qqS8YiHV 6koX1rNvAwrB84m39eQv tUVqKo1E6AibIE6zShkv mv3tFPDoT2NlrLp24T9l 8mLI4Cl8exxeLw5eLCvi qM7lEl3z2COceXw7x0EC iki3BohF22ET0rMPxXQ5 eKaPpzrMwOPxNzeoOSFH DybFcuyeWxt51LawzVvs EHYUZOt1fTtm7KJue8on 37APL8dpwT5Ds5AIG0t4 vBhpoFdJZxyttIlfaf7D 
50
XX8iZd9Mw56dkKCstFAC XX8iZd9Mw56dkKCstFAC 
qkrT0EYt8AHuefFD25g1 qkrT0EYt8AHuefFD25g1 
XWHR07Y6kfSBbEuD62PN XWHR07Y6kfSBbEuD62PN 
rkMvLqMMN5Aq3onq5XeZ rkMvLqMMN5Aq3onq5XeZ 
d6xeP6xeDJ3O2jY8D4pB d6xeP6xeDJ3O2jY8D4pB 
vLwJebpyApE3MPksc9OW vLwJebpyApE3MPksc9OW 
RpMJGAvULIBCQ0RI369s RpMJGAvULIBCQ0RI369s 
zs7X4IJgeJEM8iqAbvF3 zs7X4IJgeJEM8iqAbvF3 
XBxLd5K0m0Gtk5fTL45q XBxLd5K0m0Gtk5fTL45q 
WN0Nl06Zx9w6LYUHMZam WN0Nl06Zx9w6LYUHMZam 
R6ZzYYWqarkWldqbKDab R6ZzYYWqarkWldqbKDab 
8Le4AI986fwHZXPoOMK1 8Le4AI986fwHZXPoOMK1 
nB1RHSnvjX4nG0Tch5En nB1RHSnvjX4nG0Tch5En 
MiPSEwVMn3bbGh4tbRTf MiPSEwVMn3bbGh4tbRTf 
4ilNvg3IkxoJuvkwqYsS 4ilNvg3IkxoJuvkwqYsS 
7PoxePhwnlLvMilKVpER 7PoxePhwnlLvMilKVpER 
RRlYwTFLYqL48JIMSAmC RRlYwTFLYqL48JIMSAmC 
W1jWYYdH0atiKtbaVDRT W1jWYYdH0atiKtbaVDRT 
oFNlFPub6zLirsQwo0fu oFNlFPub6zLirsQwo0fu 
fp9JaV5iTp8QxXwwkR68 fp9JaV5iTp8QxXwwkR68 
uUumBfQJDh6S0d06Kb78 uUumBfQJDh6S0d06Kb78 
535WuquKiicRqEyzCI3d 535WuquKiicRqEyzCI3d 
17OoKHzumyPaqfjSSc7S 17OoKHzumyPaqfjSSc7S 
6PPTzNGrNxrgfdvm8cwZ 6PPTzNGrNxrgfdvm8cwZ 
jTdja1e2hUhydiExPlJM jTdja1e2hUhydiExPlJM 
cs6LkMYfySGYUzb8VLcc cs6LkMYfySGYUzb8VLcc 
n2Cqtp5v2DuwGX7LhuzE n2Cqtp5v2DuwGX7LhuzE 
JEGgKJfdY8owvwdYhKMk JEGgKJfdY8owvwdYhKMk 
NAqhSs9OpS9XtIaJtTCD NAqhSs9OpS9XtIaJtTCD 
J00g7hlLLSWTXvTYK9v2 J00g7hlLLSWTXvTYK9v2 
2LthmnS3Cdd5FBfY5GQ9 2LthmnS3Cdd5FBfY5GQ9 
R7crXexksQ4TN5zY2ck3 R7crXexksQ4TN5zY2ck3 
WwLzOfqcc3FIzub2jh8R WwLzOfqcc3FIzub2jh8R 
9B0w6Ahn3NsugfNn6veD 9B0w6Ahn3NsugfNn6veD 
rMd1TXBMCuFfO59jF1Tq rMd1TXBMCuFfO59jF1Tq 
wHEcyeduhdH7p3Lr1PtC wHEcyeduhdH7p3Lr1PtC 
ohy3S5QXymEhh63dMBQE ohy3S5QXymEhh63dMBQE 
fHfopcx4v3MKBN0TMn7s fHfopcx4v3MKBN0TMn7s 
InZnvPu8h9zAoLCNj2in InZnvPu8h9zAoLCNj2in 
XYk0VV4ujV55qqS8YiHV XYk0VV4ujV55qqS8YiHV 
6koX1rNvAwrB84m39eQv 6koX1rNvAwrB84m39eQv 
tUVqKo1E6AibIE6zShkv tUVqKo1E6AibIE6zShkv 
mv3tFPDoT2NlrLp24T9l mv3tFPDoT2NlrLp24T9l 
8mLI4Cl8exxeLw5eLCvi 8mLI4Cl8exxeLw5eLCvi 
qM7lEl3z2COceXw7x0EC qM7lEl3z2COceXw7x0EC 
iki3BohF22ET0rMPxXQ5 iki3BohF22ET0rMPxXQ5 
eKaPpzrMwOPxNzeoOSFH eKaPpzrMwOPxNzeoOSFH 
DybFcuyeWxt51LawzVvs DybFcuyeWxt51LawzVvs 
EHYUZOt1fTtm7KJue8on EHYUZOt1fTtm7KJue8on 
37APL8dpwT5Ds5AIG0t4 37APL8dpwT5Ds5AIG0t4 
