Mf966TmCJF9l0PTKetVd dOWv4G57nxm9UArCvQlq aU4DeG46NC8vRU6N0ahg NtZncVsU7O40k1BXousH aH2XDl7CjGFhEP3bbYjH Ad4iMaOuAofXNjJzNKWl TBEGhhvsdStRJh2Eqkyf PLyQF48YPXs4LxxIxWHM BcvYB1mubFuRTbgMUsXg czjPVxJvSz9DoMc0Y7Vv BCVfaQnOCgLubJ23r8nF wtlCpdxHbUUmSY7DnD2u JfzkldRR1w0Y52KBg47D CLNCAWQgYnzuvt7RChAf BLgd9OLqnPIJY5LCIxDK HKK5Jm9eHd0V7gvBWuw9 b2icxuMf1zEyF7ImMEzE 4CVQrsejmjPmVL7elf2w 1aGCWVuyE8DRxIV204ZW TmdW4dU59umpgT9XX8G3 JfWSVxbK8iOEPzK7FV9x OyOgefgJfgx6VwEfudZn mGfIqoDGGajPXw9RvY8S WZxeHszJ2ShfYgJs53YV Xucw5TdPOzp0SQGWHjkE Crbc9OlCoJ9dTIJXXsjb ul7ierPjffkmvfh4Ylme ZPAxEbVjKWTr0cDqLbA0 R87rV3jFUvYuE0RN4Z4a N7mkTpLI9Mgh0txBOflw km12BN3CByUGmRV2tX7b acwLCbshqBQuYbTzAPRI GfTqQpqjWivAFXbCN2BL QZIvvAQe1weWyQjLrGi1 GzkbHop7cJv0CvjQalTE trOoQ3enuOI8GUJqwAMC flliQzyn5hSC8yLOMyYJ rzYdrZxXnbXlOjFVWVaR Yw0z9L8p6xIk7hgYCgVd byF5FvS6RJUrgCsP3o6T Hpniux0SkkA6CliHWNDc p6bp9pYgtaGo4Q50DQAM eA2uctxdjBuXDZUrmUHy JWE9kJZ3fUSBbRtkVScl 1crXui4lUlMG7IuTFiXo CxdADQl1Lh5mGQMAravk lrLgTYF7nIsDkEYlxuHz S0PhmGw8tyUPzxvRSE5R 2bMCdMiNzTpm8a2kNe9G kVdbGuYm0jD2q8vsLFHY bLojQFXmB5k6r0zKTWYe 4mdSIFCsq2HySOzm2H4M VqBuOSJBVqxMG4rldwQn 3Yod5nNtIcKNmTtNQ3xH cAkwFDH7tSQkP40ewGcD CHHJQHxp9VQGraviPBS2 AjMqEYKq0eELwsiEhQNE sSdPSXUotKahf03SRnBn KCy3uvDFe4h3kwRgxFiX 7ArLVA3N0doHBQAlCDtl a6uUA0TEdnZwD1b73O9r VaRx19QfIOvUT5pZyulj 0O3lDJvzYSiuZNzHimQX OGxA8YvD4WfIxOfmtWm4 jAzyDyaN1mD5Ei1RjCiO Y5ZKsuPbCDUQp5LjPNey Ic20PkDM6xxefUTvJEIQ ydEppVwK15UN0USyP00U IwnN6xRahpjWnxZTYR2F 7c4FoaFf1TJetsLZUEok pxBA1Tii62WPeRWcccVp wyZ3Q4gHyaxpdYdezyjU pxBA1Tii62WPeRWcccVp NvfSRypj4POoHWC3jDz3 WQlZty1AKP9gLfjz0EYW u4VGAkqq00Jhej3knMJI 4mRiy2s23Ljl4N4CqEav 1wZce3qjltyIzzlL1Zfw UvtGaTsTes8Gs4gE8ya3 jZUUy27kZ3z2uIv0PGPy SQhK0n9L9aixdJxvdeKd e2usEAoRX2qu6mneHOxg HhITLZSwERe6osGRUBXt VI6bhpg8nr2U3bjLEpMD QMmklR1fA1rnjMsU1WMc KKiBHd9DTQAd6AZYxlK3 W1IcDWCQWwTCriXsjtm4 zDq8bGYKiSYw3c53IWfw ZDA7k1XMUYTsnmCfuUtR wNmo9den9k6ySqzO7o0M kGhQ3uDjcFA7MLP7UF4W TkZ4LHIfwKap48xdp8m2 fsCdklolnC3ndvzFtyM3 YrtjNlKZcZnAXu7owFPA 56ePYTmTGzdOHfvnLEPd tH0lbMmdJDVlC4Pr7uAb Mf966TmCJF9l0PTKetVd 
93
dOWv4G57nxm9UArCvQlq dOWv4G57nxm9UArCvQlq 
aU4DeG46NC8vRU6N0ahg aU4DeG46NC8vRU6N0ahg 
NtZncVsU7O40k1BXousH NtZncVsU7O40k1BXousH 
aH2XDl7CjGFhEP3bbYjH aH2XDl7CjGFhEP3bbYjH 
Ad4iMaOuAofXNjJzNKWl Ad4iMaOuAofXNjJzNKWl 
TBEGhhvsdStRJh2Eqkyf TBEGhhvsdStRJh2Eqkyf 
PLyQF48YPXs4LxxIxWHM PLyQF48YPXs4LxxIxWHM 
BcvYB1mubFuRTbgMUsXg RrBlUMzlEzdRa5S1pyiF BcvYB1mubFuRTbgMUsXg 
czjPVxJvSz9DoMc0Y7Vv czjPVxJvSz9DoMc0Y7Vv 
BCVfaQnOCgLubJ23r8nF BCVfaQnOCgLubJ23r8nF 
wtlCpdxHbUUmSY7DnD2u wtlCpdxHbUUmSY7DnD2u 
JfzkldRR1w0Y52KBg47D JfzkldRR1w0Y52KBg47D 
CLNCAWQgYnzuvt7RChAf CLNCAWQgYnzuvt7RChAf 
BLgd9OLqnPIJY5LCIxDK BLgd9OLqnPIJY5LCIxDK 
HKK5Jm9eHd0V7gvBWuw9 HKK5Jm9eHd0V7gvBWuw9 
b2icxuMf1zEyF7ImMEzE b2icxuMf1zEyF7ImMEzE 
4CVQrsejmjPmVL7elf2w 4CVQrsejmjPmVL7elf2w 
1aGCWVuyE8DRxIV204ZW 1aGCWVuyE8DRxIV204ZW 
TmdW4dU59umpgT9XX8G3 TmdW4dU59umpgT9XX8G3 
JfWSVxbK8iOEPzK7FV9x JfWSVxbK8iOEPzK7FV9x 
OyOgefgJfgx6VwEfudZn OyOgefgJfgx6VwEfudZn 
mGfIqoDGGajPXw9RvY8S mGfIqoDGGajPXw9RvY8S 
WZxeHszJ2ShfYgJs53YV WZxeHszJ2ShfYgJs53YV 
Xucw5TdPOzp0SQGWHjkE Xucw5TdPOzp0SQGWHjkE 
Crbc9OlCoJ9dTIJXXsjb Crbc9OlCoJ9dTIJXXsjb 
ul7ierPjffkmvfh4Ylme ul7ierPjffkmvfh4Ylme 
ZPAxEbVjKWTr0cDqLbA0 ZPAxEbVjKWTr0cDqLbA0 
R87rV3jFUvYuE0RN4Z4a R87rV3jFUvYuE0RN4Z4a 
N7mkTpLI9Mgh0txBOflw N7mkTpLI9Mgh0txBOflw 
km12BN3CByUGmRV2tX7b km12BN3CByUGmRV2tX7b 
acwLCbshqBQuYbTzAPRI acwLCbshqBQuYbTzAPRI 
GfTqQpqjWivAFXbCN2BL GfTqQpqjWivAFXbCN2BL 
QZIvvAQe1weWyQjLrGi1 QZIvvAQe1weWyQjLrGi1 
GzkbHop7cJv0CvjQalTE GzkbHop7cJv0CvjQalTE 
trOoQ3enuOI8GUJqwAMC trOoQ3enuOI8GUJqwAMC 
flliQzyn5hSC8yLOMyYJ flliQzyn5hSC8yLOMyYJ 
rzYdrZxXnbXlOjFVWVaR rzYdrZxXnbXlOjFVWVaR 
Yw0z9L8p6xIk7hgYCgVd Yw0z9L8p6xIk7hgYCgVd 
byF5FvS6RJUrgCsP3o6T byF5FvS6RJUrgCsP3o6T 
Hpniux0SkkA6CliHWNDc Hpniux0SkkA6CliHWNDc 
p6bp9pYgtaGo4Q50DQAM p6bp9pYgtaGo4Q50DQAM 
eA2uctxdjBuXDZUrmUHy eA2uctxdjBuXDZUrmUHy 
JWE9kJZ3fUSBbRtkVScl JWE9kJZ3fUSBbRtkVScl 
1crXui4lUlMG7IuTFiXo 1crXui4lUlMG7IuTFiXo 
CxdADQl1Lh5mGQMAravk CxdADQl1Lh5mGQMAravk 
lrLgTYF7nIsDkEYlxuHz lrLgTYF7nIsDkEYlxuHz 
S0PhmGw8tyUPzxvRSE5R S0PhmGw8tyUPzxvRSE5R 
2bMCdMiNzTpm8a2kNe9G 2bMCdMiNzTpm8a2kNe9G 
kVdbGuYm0jD2q8vsLFHY kVdbGuYm0jD2q8vsLFHY 
bLojQFXmB5k6r0zKTWYe iRg3oRlKsAtLuOm5tUrC bLojQFXmB5k6r0zKTWYe 
4mdSIFCsq2HySOzm2H4M 4mdSIFCsq2HySOzm2H4M 
VqBuOSJBVqxMG4rldwQn VqBuOSJBVqxMG4rldwQn 
3Yod5nNtIcKNmTtNQ3xH 3Yod5nNtIcKNmTtNQ3xH 
cAkwFDH7tSQkP40ewGcD cAkwFDH7tSQkP40ewGcD 
CHHJQHxp9VQGraviPBS2 CHHJQHxp9VQGraviPBS2 
AjMqEYKq0eELwsiEhQNE Q4jkxyPtGKis0eXik3Gg AjMqEYKq0eELwsiEhQNE 
sSdPSXUotKahf03SRnBn sSdPSXUotKahf03SRnBn 
KCy3uvDFe4h3kwRgxFiX KCy3uvDFe4h3kwRgxFiX 
7ArLVA3N0doHBQAlCDtl 7ArLVA3N0doHBQAlCDtl 
a6uUA0TEdnZwD1b73O9r a6uUA0TEdnZwD1b73O9r 
VaRx19QfIOvUT5pZyulj VaRx19QfIOvUT5pZyulj 
0O3lDJvzYSiuZNzHimQX 0O3lDJvzYSiuZNzHimQX 
OGxA8YvD4WfIxOfmtWm4 OGxA8YvD4WfIxOfmtWm4 
jAzyDyaN1mD5Ei1RjCiO jAzyDyaN1mD5Ei1RjCiO 
Y5ZKsuPbCDUQp5LjPNey Y5ZKsuPbCDUQp5LjPNey 5ebtvAsyAh8vEmm1Z3wm 
Ic20PkDM6xxefUTvJEIQ Ic20PkDM6xxefUTvJEIQ 
ydEppVwK15UN0USyP00U ydEppVwK15UN0USyP00U 
IwnN6xRahpjWnxZTYR2F IwnN6xRahpjWnxZTYR2F 
7c4FoaFf1TJetsLZUEok 7c4FoaFf1TJetsLZUEok XfWllIgv9lA6ZwGuKvLt 
pxBA1Tii62WPeRWcccVp pxBA1Tii62WPeRWcccVp 
wyZ3Q4gHyaxpdYdezyjU wyZ3Q4gHyaxpdYdezyjU 
NvfSRypj4POoHWC3jDz3 NvfSRypj4POoHWC3jDz3 
WQlZty1AKP9gLfjz0EYW WQlZty1AKP9gLfjz0EYW 
u4VGAkqq00Jhej3knMJI u4VGAkqq00Jhej3knMJI 
4mRiy2s23Ljl4N4CqEav 4mRiy2s23Ljl4N4CqEav 
1wZce3qjltyIzzlL1Zfw 1wZce3qjltyIzzlL1Zfw 
UvtGaTsTes8Gs4gE8ya3 UvtGaTsTes8Gs4gE8ya3 
jZUUy27kZ3z2uIv0PGPy jZUUy27kZ3z2uIv0PGPy 
SQhK0n9L9aixdJxvdeKd SQhK0n9L9aixdJxvdeKd 
e2usEAoRX2qu6mneHOxg e2usEAoRX2qu6mneHOxg 
HhITLZSwERe6osGRUBXt HhITLZSwERe6osGRUBXt 
QMmklR1fA1rnjMsU1WMc QMmklR1fA1rnjMsU1WMc 
KKiBHd9DTQAd6AZYxlK3 KKiBHd9DTQAd6AZYxlK3 
W1IcDWCQWwTCriXsjtm4 y3cL4LyhfEAlU1Jj1Xj6 W1IcDWCQWwTCriXsjtm4 
zDq8bGYKiSYw3c53IWfw zDq8bGYKiSYw3c53IWfw 
ZDA7k1XMUYTsnmCfuUtR ZDA7k1XMUYTsnmCfuUtR 
wNmo9den9k6ySqzO7o0M wNmo9den9k6ySqzO7o0M 
kGhQ3uDjcFA7MLP7UF4W kGhQ3uDjcFA7MLP7UF4W 
TkZ4LHIfwKap48xdp8m2 TkZ4LHIfwKap48xdp8m2 
fsCdklolnC3ndvzFtyM3 bBJ5TDHtVrSIxXmQJ63J fsCdklolnC3ndvzFtyM3 
YrtjNlKZcZnAXu7owFPA YrtjNlKZcZnAXu7owFPA 
56ePYTmTGzdOHfvnLEPd 56ePYTmTGzdOHfvnLEPd 
tH0lbMmdJDVlC4Pr7uAb tH0lbMmdJDVlC4Pr7uAb 
