L0 L73 L102 L137 L68 L158 L139 L165 L124 L168 L64 L12 L8 L182 L54 L4 L3 L30 L39 L178 L91 L26 L191 L199 L65 L111 L113 L111 L176 L192 L55 L145 L77 L62 L125 L29 L49 L48 L1 L46 L74 L109 L142 L143 L130 L106 L98 L159 L0 
46
L0 L33 L116 L53 
L73 L73 
L102 L96 L102 
L68 L141 L68 L110 
L158 L47 L157 
L139 L94 L139 
L165 L147 L164 L10 L165 
L124 L75 L123 
L168 L81 L95 L168 
L64 L7 L64 L59 L104 
L12 L80 L12 
L8 L24 L8 
L182 L57 L41 
L54 L54 
L4 L31 
L3 L160 L3 L27 
L30 L30 L152 
L39 L39 L153 L135 L38 L138 
L178 L132 L178 
L91 L196 
L26 L23 L26 L82 
L191 L119 L84 L188 
L199 L199 L52 
L65 L144 L65 
L111 L146 
L113 L107 L113 
L176 L176 
L192 L192 L127 L112 L69 
L55 L118 L55 
L145 L18 L145 L194 
L77 L177 L60 L77 L20 
L62 L61 L62 
L125 L163 L58 L125 
L29 L29 L97 
L49 L50 L49 
L48 L14 L48 
L1 L1 
L46 L197 L46 
L74 L74 
L109 L109 
L142 L142 L175 L2 
L143 L143 
L130 L130 
L106 L106 
L98 L98 L149 L121 
L159 L13 
