point0 point49 point50 point48 point44 point42 point7 point9 point8 point22 point64 point65 point77 point66 point68 point78 point61 point59 point27 point54 point85 point0 
18
point50 point50 
point48 point48 
point44 point44 point45 
point42 point12 point42 point47 
point7 point6 point7 point19 
point9 point4 point5 point9 point35 
point8 point8 
point22 point14 point22 
point64 point64 
point65 point65 point71 
point77 point76 point77 
point68 point68 point70 point72 
point78 point75 
point61 point60 point61 point93 
point59 point53 point55 point58 
point27 point24 point25 point26 point27 point28 
point54 point56 
point85 point84 point85 point92 
