point0 point52 point50 point11 point63 point68 point67 point110 point111 point113 point111 point101 point102 point107 point148 point144 point162 point163 point175 point177 point152 point116 point113 point76 point83 point80 point119 point84 point121 point127 point123 point127 point121 point132 point135 point139 point137 point179 point141 point185 point131 point89 point39 point37 point33 point25 point30 point35 point29 point16 point32 point20 point0 
40
point0 point54 point69 
point52 point52 point56 
point50 point49 point51 point55 
point11 point1 point5 point10 point11 
point68 point72 
point67 point67 point109 
point110 point110 point112 
point111 point111 
point113 point113 
point102 point102 point108 
point107 point100 point103 
point148 point148 point151 
point144 point144 point153 point157 
point162 point158 point162 
point163 point155 point160 point163 
point175 point172 
point177 point177 
point152 point149 point152 
point116 point115 
point76 point73 point75 point76 point78 point79 point86 point94 
point83 point83 point120 
point119 point119 point122 
point127 point126 
point123 point123 point124 
point132 point132 point138 
point135 point135 
point139 point134 point139 
point179 point179 point183 
point141 point180 
point185 point184 point185 point187 
point131 point131 
point89 point85 point87 point89 point91 
point39 point39 point40 point42 point43 
point37 point38 point41 
point33 point27 point31 point33 point34 
point30 point30 
point29 point29 
point16 point3 point16 
point32 point17 
point20 point6 point13 point15 point18 point21 
