55 21 106 48 33 59 137 15 122 179 62 42 40 109 155 8 44 67 114 116 32 150 27 164 30 113 6 85 75 86 26 174 66 140 10 184 182 20 149 17 14 11 177 16 189 117 12 84 173 55 
43
21 61 115 
106 63 106 158 
48 91 48 
33 33 186 83 
59 159 119 152 59 
137 111 137 
15 15 135 13 
122 122 
179 179 
62 146 62 181 
42 42 
40 40 97 
109 74 175 109 
155 148 54 
8 172 53 8 
44 9 
67 76 67 
114 114 
116 134 116 
32 32 
150 49 41 150 
27 170 27 105 160 
164 126 
30 30 
113 29 113 
85 90 56 85 
86 188 86 80 
26 26 
66 88 43 66 
140 140 58 166 
10 133 163 
184 184 78 107 153 77 
182 101 182 57 
20 151 131 20 
149 149 185 171 
17 17 
14 81 118 36 168 
11 11 
177 45 162 177 
16 16 
189 189 71 
12 12 
173 173 
