x182 x11 x182 x119 x45 x127 x49 x72 x125 x86 x155 x177 x112 x71 x20 x166 x2 x42 x144 x179 x9 x136 x101 x18 x92 x53 x64 x143 x158 x76 x21 x113 x141 x138 x30 x50 x10 x165 x38 x106 x120 x156 x137 x191 x31 x191 x66 x77 x14 x186 x59 x117 x82 x182 
48
x182 x182 
x11 x11 
x119 x151 x119 x23 
x45 x45 x189 
x127 x79 x8 x127 x56 x27 x58 x98 
x49 x49 x55 
x72 x147 x72 x104 
x125 x153 x125 
x86 x86 x3 x87 
x155 x155 x198 x102 
x177 x192 x177 x25 x116 
x112 x118 
x71 x71 x107 x139 x61 x46 x184 
x20 x20 x7 
x166 x166 
x2 x2 
x42 x42 
x144 x84 x194 
x179 x179 
x9 x128 x146 x19 x95 
x136 x136 
x101 x159 x99 x100 
x18 x18 
x92 x92 x83 
x53 x53 
x64 x88 x48 x64 x4 
x143 x143 
x76 x114 x76 
x21 x21 x172 x17 x164 
x113 x113 
x141 x43 x141 
x138 x138 x26 
x30 x30 
x50 x74 x50 
x10 x10 
x165 x163 
x38 x109 x185 
x106 x15 x106 
x156 x156 
x137 x137 
x191 x133 
x31 x6 x161 x80 x31 
x66 x66 
x77 x77 
x14 x69 x14 x94 
x186 x186 
x59 x59 x183 x32 
x82 x82 
