Building99 Building98 Building15 Building20 Building21 Building27 Building24 Building25 Building24 Building23 Building32 Building38 Building29 Building31 Building29 Building38 Building32 Building23 Building27 Building21 Building4 Building9 Building2 Building9 Building3 Building14 Building11 Building12 Building20 Building22 Building92 Building96 Building45 Building55 Building76 Building77 Building78 Building77 Building76 Building55 Building45 Building47 Building73 Building47 Building67 Building19 Building22 Building20 Building21 Building16 Building18 Building15 Building98 Building99 
20
Building20 Building20 
Building21 Building21 
Building27 Building28 
Building25 Building25 
Building23 Building26 Building23 
Building29 Building41 Building39 Building33 
Building31 Building42 
Building9 Building9 
Building2 Building6 Building0 Building8 Building7 Building5 
Building12 Building12 
Building92 Building92 
Building96 Building97 Building94 Building91 Building96 Building83 Building93 Building85 Building88 Building82 
Building45 Building69 Building53 
Building55 Building62 Building55 Building74 Building68 Building57 
Building76 Building76 
Building77 Building81 
Building47 Building47 Building66 Building49 
Building67 Building67 Building61 Building52 Building43 Building50 Building51 Building63 Building44 Building71 
Building16 Building16 
Building18 Building18 
