Building65 Building66 Building99 Building4 Building55 Building4 Building6 Building20 Building68 Building67 Building70 Building94 Building93 Building94 Building70 Building13 Building39 Building42 Building50 Building48 Building47 Building63 Building62 Building59 Building7 Building4 Building99 Building12 Building88 Building90 Building89 Building90 Building88 Building12 Building23 Building27 Building20 Building30 Building83 Building66 Building44 Building36 Building44 Building66 Building65 
24
Building66 Building64 
Building99 Building99 
Building4 Building4 
Building55 Building54 Building55 Building51 
Building20 Building24 Building32 Building20 
Building68 Building80 
Building70 Building71 Building82 Building76 Building79 Building73 Building81 
Building94 Building96 Building94 Building97 
Building93 Building92 
Building13 Building16 Building13 Building11 
Building39 Building37 Building45 
Building42 Building42 Building35 Building41 
Building63 Building58 Building61 Building57 
Building59 Building59 
Building7 Building8 Building1 Building3 
Building12 Building31 Building15 Building10 Building25 
Building88 Building88 
Building90 Building84 Building91 
Building23 Building22 
Building27 Building27 
Building30 Building30 
Building83 Building83 
Building44 Building44 Building33 
Building36 Building36 Building46 
